00:01:38 : Command: Winters: TEAM UP ANYONE?
00:04:40 : Command: MICRÓBIO CANCEROSO: P Q P
00:07:18 : Direct: Segato: 167.114.206.54:7000  
00:08:16 : Direct: Segato: 167.114.206.54:7000  
00:20:35 : Command: Daniel: Como q faz pra beber agua da fonte?
00:21:55 : Command: sombravp: fala
00:22:02 : Command: sombravp: escuto
00:22:25 : Command: doente: cala a boca
00:22:29 : Command: [SOC] PitBull: XIU
00:22:34 : Command: [SOC] PitBull: silencio porra
00:24:10 : Command: Winters: ANYONE WANNA TEAM UP?
00:25:33 : Command: Winter: nao
00:26:19 : Command: Winters: SHHHH
00:26:26 : Command: sombravp: SIM
00:26:29 : Command: [SOC] PitBull: porra, cala a boca vvei
00:26:38 : Command: Winter: mds meu sozia
00:26:52 : Command: Arthur: o personagemd e vcs ficam voando? de vez emq uando
00:27:00 : Command: Winter: n
00:27:09 : Command: DougBaster: reloga q para esse bug
00:27:20 : Command: DougBaster: comigo acontece isso as vezes
00:27:50 : Command: COBRA-MEGAMAN: ;;.
00:28:07 : Command: COBRA-MEGAMAN: como coloca o machado na mao?
00:28:36 : Command: COBRA-MEGAMAN: serio.. me ajudem ai
00:28:45 : Command: DougBaster: fala
00:28:55 : Command: COBRA-MEGAMAN: machado.. como eu coloco na mao
00:29:06 : Command: DougBaster: ele ta com municão
00:29:11 : Command: COBRA-MEGAMAN: ta nas costas.. mas nao saca ele
00:29:11 : Command: DougBaster: ops
00:29:16 : Command: [AGG]Ethan: why dont you spawn at the coast
00:29:21 : Command: COBRA-MEGAMAN: ta q eu puxei ele tinha 999999
00:29:24 : Command: [AGG]Ethan: is spawning fucked up?
00:29:27 : Command: DougBaster: cara vai nas confuguração do teu jogo e muda pra arma 3
00:29:37 : Command: DougBaster: deve tar como arma 3 apex
00:30:01 : Command: COBRA-MEGAMAN: sem apex nao usa?
00:30:20 : Command: DougBaster: usa so arma 3
00:30:35 : Command: DougBaster: com o apex n aparece nada no scroll
00:30:36 : Command: COBRA-MEGAMAN: ta entao como eu saco ele?
00:31:31 : Command: DougBaster: sai do server vai nas confuração do arma vai ta arma 3 apex muda pra arma 3 pronto
00:32:32 : Command: COBRA-MEGAMAN: ;vlw
00:32:56 : Command: DougBaster: funcionou ??
00:33:03 : Command: DougBaster: capaz se precisar to ae
00:34:55 : Command: DougBaster: as portas da base estao funcionando corretamente ??
00:39:29 : Command: Lucas: double click botao esquerdo do mouse
00:39:56 : Command: Zatto: como eu equipo a pistola?
00:40:25 : Command: Victor: ADM ON ?
00:40:48 : Command: -[T]aTaichan-|BR|: respeita os demais jogadores , para de fala nessa merda
00:40:54 : Command: Lucas: mano meu boneco fica respirando forte e a tela tremendo, tomei hit de zombie, alguem manja 
00:41:41 : Command: U.u: PAINKILLERS...
00:42:04 : Command: Zatto: como eu equipo a pistola?
00:42:48 : Command: Lucas: ç
00:42:56 : Command: Lucas: ç
00:43:03 : Command: Lucas: aperta ç
00:43:51 : Command: Lucas: pra que serve celular e camera ?
00:46:56 : Command: sombravp: ONDE VC TA REAL?
00:47:09 : Command: Lucas: aeroporto peguei até sniper
00:47:10 : Command: Achilles: ta foda é de player kkk
00:47:18 : Command: DougBaster: ta em kamenca
00:47:43 : Command: Achilles: quem ta perdido ai ?? abre mapa e clica na rodinha no canto superior direito
00:47:50 : Command: Achilles: vai mostrar onde vc ta
00:48:58 : Command: Lucas: triangula posição no mapa, com marcação shitft+leftclick
00:50:50 : Command: sombravp: JUNINHO NAO QUIS MATA VC E ARRUMO ARMA E TAU EM KKK
00:51:32 : Command: Achilles: n da n
00:51:33 : Command: Arthur: como conserta perna?
00:51:43 : Command: Achilles: morphina
00:51:52 : Command: Achilles: complicado achar ... se mata ai kk
00:52:11 : Command: Arthur: dahsduahdusadas ai e foda to cheio de coisa
00:57:44 : Command: sombravp: NUNCA CONFIE dexei cara vivo arrumo pisto e volto pa me mata kkkk
01:02:10 : Command: Victor: alguem sabe o ts do serv
01:02:25 : Command: Achilles: creio q nem tenha
01:02:36 : Command: Victor: aff
01:02:44 : Command: Victor: tem 
01:02:47 : Command: Victor: ADM ?
01:03:03 : Command: Achilles: provavelmente n online agora
01:03:21 : Command: Achilles: deu problema 
01:03:28 : Command: Achilles: ou algo assim
01:03:36 : Command: Victor: é pq eu emprestei minha conta p meu amigo, e estou em outra steam
01:03:42 : Command: Victor: ai quando ele loga nos 2 somos kikados
01:04:04 : Command: Achilles: vcs estao usando a msm conta 
01:04:09 : Command: Achilles: ou n
01:07:30 : Group: Cabronw: ooo
01:19:12 : Command: sombravp: alguem da parti ai rsrsr
01:47:51 : Command: PeppaPig: FAZ O URRO !
01:56:12 : Command: CaipiraBR: como rasga a roupa pra fazer bandagem ?
01:56:21 : Command: PeppaPig: NAO TEM COMO !
01:56:32 : Command: CaipiraBR: eeita, valeu
01:57:23 : Command: Guille: como troca a arma, da primaria para pistola?
01:57:35 : Command: Arthur: ç
01:57:37 : Command: CaipiraBR: ç
01:57:41 : Command: Guille: obg!!!
02:33:52 : Command: Winters: HEY RANGER
02:34:03 : Command: [RANGER]Gen Ex D. Recker: hey
02:34:07 : Command: [RANGER]Gen Ex D. Recker: hello
02:34:22 : Command: Winters: I ADDED YOU MY GROUP AGAIN
02:35:39 : Group: Winters: IM IN GVOZDNO.. THERES A HELICOPTER HERE BUT DMAGED
02:36:21 : Group: [RANGER]Gen Ex D. Recker: its not good
02:36:27 : Group: [RANGER]Gen Ex D. Recker: lets go to mission
02:36:35 : Group: Winters: WHICH ONE?
02:36:38 : Group: [RANGER]Gen Ex D. Recker: hospital attack
02:36:59 : Group: Winters: OK
02:37:10 : Group: Winters: ITS 3.6KM FROM ME
02:37:24 : Group: [RANGER]Gen Ex D. Recker: 4 from me
02:49:04 : Group: [RANGER]Gen Ex D. Recker: close of mission?
02:49:19 : Group: Winters: 2.3KM
02:49:25 : Group: [RANGER]Gen Ex D. Recker: wtf
02:49:28 : Group: [RANGER]Gen Ex D. Recker: me too
02:49:39 : Group: Winters: LOL
02:50:02 : Group: Winters: I HEAR GUN FIRE ALREADY
02:50:18 : Group: [RANGER]Gen Ex D. Recker: i dont can hear
02:50:50 : Group: Winters: THINK IT WHERE I CAME FROM
02:51:00 : Group: Winters: A HELI WAS LANDING
02:51:11 : Group: [RANGER]Gen Ex D. Recker: really
02:51:19 : Group: [RANGER]Gen Ex D. Recker: u can take the pilot
02:51:41 : Group: Winters: THEY SAW ME AND TOOK OFF
02:51:56 : Group: Winters: SOMEONE ELSE IS FIGHTING THEM NOW
02:51:59 : Group: [RANGER]Gen Ex D. Recker: hum
02:52:22 : Group: [RANGER]Gen Ex D. Recker: stay close 
02:52:30 : Group: [RANGER]Gen Ex D. Recker: may b you can take the heli
02:52:47 : Group: Winters: IM FAR AWAY NOW
02:52:53 : Group: Winters: ONLY HAVE SHOT GUN
02:52:54 : Group: [RANGER]Gen Ex D. Recker: ohh 
02:53:00 : Group: [RANGER]Gen Ex D. Recker: ok
02:53:32 : Group: [RANGER]Gen Ex D. Recker: you can mark you position on the map?
02:53:43 : Group: [RANGER]Gen Ex D. Recker: your*
02:54:15 : Group: Winters: CHECK MAP
02:54:29 : Group: [RANGER]Gen Ex D. Recker: nothing
02:54:49 : Group: Winters: NOW
02:54:53 : Group: Winters: ?
02:55:08 : Group: [RANGER]Gen Ex D. Recker: no, dont work
02:55:24 : Group: Winters: EAST OF HOSPITAL MISSION WHERE CASTLE RUINS ARE
02:55:33 : Group: Winters: BLACK MOUNTAIN
02:55:48 : Group: [RANGER]Gen Ex D. Recker: .ok
02:55:56 : Group: Winters: GROUP HERE?
02:55:56 : Group: [RANGER]Gen Ex D. Recker: i am going to city
02:56:00 : Group: Winters: OK
02:56:32 : Group: [RANGER]Gen Ex D. Recker: 1click
02:59:58 : Group: Winters: IM 800M FROM THE CITY
03:00:14 : Group: [RANGER]Gen Ex D. Recker: ok
03:00:23 : Group: [RANGER]Gen Ex D. Recker: im insi
03:01:12 : Group: [RANGER]Gen Ex D. Recker: inside the tower*
03:01:23 : Group: Winters: K
03:01:34 : Group: [RANGER]Gen Ex D. Recker: fuck zombies
03:01:58 : Group: Winters: I HAVE A NICE SCOPE.. SCHMIDT AND BENDER
03:02:08 : Group: [RANGER]Gen Ex D. Recker: i ha
03:02:33 : Group: [RANGER]Gen Ex D. Recker: i have one to
03:02:53 : Group: Winters: NICE
03:03:14 : Group: [RANGER]Gen Ex D. Recker: jesus
03:03:29 : Group: [RANGER]Gen Ex D. Recker: this zombies
03:03:54 : Group: Winters: YA THEY'RE CRAZY
03:04:02 : Group: Winters: REMEMBER TO CROUCH WHEN RUNNING
03:04:16 : Group: [RANGER]Gen Ex D. Recker: yeah, but they see me
03:06:04 : Group: Winters: SPEAK ENGLISH SLIPPY?
03:06:29 : Group: Winters: HE'S GONE
03:06:45 : Group: Winters: WHAT TOWER YOU IN?
03:06:53 : Group: [RANGER]Gen Ex D. Recker: the main
03:07:03 : Group: [RANGER]Gen Ex D. Recker: green tower
03:07:09 : Group: Winters: OH OK
03:07:58 : Group: [RANGER]Gen Ex D. Recker: i cant see your tag
03:08:12 : Group: Winters: ME EITHER
03:08:22 : Group: [RANGER]Gen Ex D. Recker: on top 
03:08:44 : Group: [RANGER]Gen Ex D. Recker: dont shoot
03:09:04 : Group: Winters: I WONT LOL
03:09:10 : Group: Winters: IM IN THE CITY STILL
03:10:16 : Group: [RANGER]Gen Ex D. Recker: bad guy here
03:10:43 : Group: [RANGER]Gen Ex D. Recker: i got
03:10:44 : Group: Winters: OK
03:10:49 : Group: [RANGER]Gen Ex D. Recker: i kill him
03:11:17 : Group: Winters: GOOD JOB
03:12:53 : Command: DougBaster: alguem sabe onde acha arame mais facil
03:14:14 : Command: [RANGER]Gen Ex D. Recker: winters?
03:14:53 : Command: Winters: HEY WHAT HAPPENED?
03:15:00 : Command: [RANGER]Gen Ex D. Recker: invite group
03:15:21 : Command: Winters: DID YOU DIE?
03:15:52 : Group: [RANGER]Gen Ex D. Recker: you inside the mogilevka?
03:16:32 : Command: Winters: NO IM THE CITY ARRANGING MY WEAPONS
03:16:49 : Group: Winters: WHERE ARE YOU?
03:16:56 : Group: [RANGER]Gen Ex D. Recker: mongilevka
03:17:37 : Group: [RANGER]Gen Ex D. Recker: close of hospital attack
03:17:54 : Group: Winters: OH SIT, IM AT THE OTHER HOSPITAL MISSION.. NEAR AIRFIELD
03:18:05 : Group: [RANGER]Gen Ex D. Recker: wtf
03:18:21 : Group: [RANGER]Gen Ex D. Recker: have only one hospital attack
03:18:37 : Group: Winters: NO, NE AIRFIELD HOSPITAL AS WELL
03:19:01 : Group: [RANGER]Gen Ex D. Recker: ohh god
03:19:10 : Group: [RANGER]Gen Ex D. Recker: true
03:19:10 : Group: Winters: LOL..
03:19:15 : Group: [RANGER]Gen Ex D. Recker: damm it
03:20:13 : Group: [RANGER]Gen Ex D. Recker: your mission is hard
03:20:21 : Group: [RANGER]Gen Ex D. Recker: my mission is easy
03:20:29 : Group: Winters: YA, I DIDNT SEE THE OTHER ONE
03:22:10 : Group: Winters: I WILL COME TO YOU
03:22:23 : Group: [RANGER]Gen Ex D. Recker: kkk ok
03:27:25 : Group: Winters: NICE
03:27:56 : Group: [RANGER]Gen Ex D. Recker: god
03:28:03 : Group: [RANGER]Gen Ex D. Recker: have a mg static
03:28:23 : Group: Winters: GEEZ
03:28:33 : Group: Winters: LOTS OF PLAYERS THERE?
03:28:38 : Group: [RANGER]Gen Ex D. Recker: down
03:30:35 : Group: Winters: YOU KILLING EVERYONE LOL
03:30:41 : Group: [RANGER]Gen Ex D. Recker: hahah
03:30:50 : Group: [RANGER]Gen Ex D. Recker: but ammo out
03:31:03 : Group: Winters: AHHH SHIT
03:31:28 : Group: [RANGER]Gen Ex D. Recker: wtf
03:31:29 : Group: [RANGER]Gen Ex D. Recker: car
03:31:47 : Group: Winters: DONT SEE MANY
03:33:00 : Group: [RANGER]Gen Ex D. Recker: prowley armed
03:33:52 : Group: Winters: I HAVE SPARE, LOW AMMO THOUGH
03:39:39 : Command: Winters: YOU DIED?
03:40:26 : Group: [RANGER]Gen Ex D. Recker: 3clicks
03:40:32 : Group: Winters: YOU OK?
03:40:37 : Group: [RANGER]Gen Ex D. Recker: yes
03:40:41 : Group: [RANGER]Gen Ex D. Recker: 3km
03:40:45 : Group: Winters: 4 CLICKS FOR ME
03:40:47 : Group: [RANGER]Gen Ex D. Recker: from mission
03:41:20 : Group: Winters: IM IN GORKA
03:41:46 : Group: [RANGER]Gen Ex D. Recker: im spaw in elektro
03:41:55 : Group: [RANGER]Gen Ex D. Recker: xD
03:42:32 : Group: [RANGER]Gen Ex D. Recker: we can take a armed car
03:42:38 : Group: [RANGER]Gen Ex D. Recker: in this mission
03:42:56 : Group: Winters: NICE
03:43:04 : Command: DougBaster: cara alguem me explica crio 1 pier da ajeito dps de uns seguntos vem outro pier o negocio fica 1 x
03:43:09 : Command: GuuzRA: pq nn tem Sombra man? ta no Alta e nn aparece Sombra nenhuma :/
03:43:12 : Group: Winters: WILL AHEV TO FIGHT EVERYONE AS WELL
03:43:38 : Command: wonderwice: da bratan ya tebya ponyal
03:43:48 : Group: [RANGER]Gen Ex D. Recker: y
03:46:16 : Group: [RANGER]Gen Ex D. Recker: you know zig zag?
03:46:36 : Group: Winters: NO. HE WANTS TO JOIN?
03:46:44 : Group: [RANGER]Gen Ex D. Recker: hahaha
03:46:51 : Group: [RANGER]Gen Ex D. Recker: no people
03:47:03 : Group: [RANGER]Gen Ex D. Recker: run in "zig zag"
03:47:12 : Group: Winters: OH YEAH AHAH
03:47:25 : Group: [RANGER]Gen Ex D. Recker: hahah
03:47:46 : Group: [RANGER]Gen Ex D. Recker: us speak "zig zag" too?
03:48:09 : Group: Winters: LOL
03:48:38 : Group: [RANGER]Gen Ex D. Recker: 1click
03:49:42 : Group: Winters: WAS USING TOILET
03:49:56 : Group: [RANGER]Gen Ex D. Recker: ahah
03:50:36 : Group: Winters: 3.5 CLICK
03:50:45 : Group: [RANGER]Gen Ex D. Recker: bad guys here
03:50:48 : Group: Winters: RUNNING NOW
03:50:59 : Group: Winters: WE KILL THEM ALL
03:51:07 : Group: [RANGER]Gen Ex D. Recker: yeah
03:51:10 : Group: [RANGER]Gen Ex D. Recker: i nelieve
03:51:19 : Group: [RANGER]Gen Ex D. Recker: believe*
03:52:28 : Group: Winters: I FOUND A CAR
03:52:33 : Group: [RANGER]Gen Ex D. Recker: nice
03:52:36 : Group: [RANGER]Gen Ex D. Recker: hes good?
03:53:13 : Group: Winters: GOOD.. FULL FUEL AS WELL
03:53:24 : Group: [RANGER]Gen Ex D. Recker: nice man
03:53:35 : Group: Winters: MIGHT BE SAME CAR YOU SAW
03:57:45 : Group: Winters: CAR IS STUCK
03:58:01 : Group: [RANGER]Gen Ex D. Recker: ......
03:58:20 : Group: [RANGER]Gen Ex D. Recker: stuck not good
03:58:21 : Group: Winters: STUCK IN GROUND
03:58:29 : Group: [RANGER]Gen Ex D. Recker: ohh
03:58:47 : Group: Winters: 2 CLICK OUT
03:59:01 : Group: [RANGER]Gen Ex D. Recker: ok
03:59:19 : Group: [RANGER]Gen Ex D. Recker: i need bacup
03:59:26 : Group: [RANGER]Gen Ex D. Recker: backup*
04:02:40 : Group: Winters: I HEAR SHOTS NOW
04:11:14 : Group: Winters: I SEE YOU NOW
04:15:21 : Group: Winters: LOUR HIM TOWRDS ME
04:57:59 : Command: zema: русские есть?
05:52:32 : Command: zema: русские есть?
05:52:46 : Command: Slippy: net
06:30:50 : Group: Mr SweeT: не знаешь как в общий чат писать?
06:32:46 : Command: Winters: ANYONE WANNA TEAM UP?
06:33:26 : Command: Phil: I just started so I'm down for it
06:34:02 : Command: Winters: AWESOME MAN, i ALREADY INVITED YOU TO GROUP. PRESS 'U'
06:34:21 : Group: Phil: sup
06:34:25 : Group: Winters: HEY MATE,
06:34:43 : Group: Phil: how does one use items like eating and using a bandage, I died because i couldn't figure out how to use a damn bandage
06:34:50 : Group: Winters: WHERE YOU LOACTED?
06:34:58 : Group: Phil: near Bere
06:35:13 : Group: Winters: OH.. DOUBLE CLICK ITEM
06:35:30 : Group: Winters: SOMETIMES HAVE TO TRY A FEW TIMES
06:35:42 : Group: Phil: wow...I'm gonna go just...jump off a building now lol
06:35:53 : Group: Winters: LOL
06:36:49 : Group: Phil: that's a ways from me, I'll start walking
06:36:53 : Group: Winters: YOU'RE NEAR BERENZINO?
06:37:14 : Group: Phil: yeah
06:37:54 : Group: Winters: THERE'S A MISSION AT BERENZINO
06:38:02 : Group: Phil: I can hear a group doing it
06:38:08 : Group: Phil: something tells me they won't take kindly to me
06:38:38 : Group: Winters: YEAH 'ILL MOVE TOWARDS YOU AND UPDATE MY POS VIA TEAM COMMAND :0
06:39:23 : Group: Winters: YOU NEED ANY GEAR?
06:39:43 : Group: Phil: I have nothing right now, so I'm just looting
06:40:31 : Group: Winters: I HAVE A SPARE PRIMARY AND SIDEARM
06:40:56 : Group: Phil: I got a sidearm and bag
06:41:46 : Group: Phil: aaaand I just killed Lara Croft
06:42:04 : Group: Winters: LOL.. I JUST ONE OF THOSE ZEDS NOW
06:49:17 : Group: Phil: think I'm good now, I think I looted one of the players dead bodies
06:49:30 : Group: Winters: NICE
06:49:47 : Group: Phil: full ghillie, sniper rifle, ammo, food, med supplies
06:50:06 : Group: Winters: OH DUDE, NICE, WAS PROB A DEAD AI
06:50:35 : Group: Winters: IVE GOT A RANGE FINDER TOO SO ILL BE YOUR SPOTTER
06:50:51 : Group: Phil: cool, he had one too, I'm otw
06:52:40 : Group: Winters: I CAN HEAR GUN CLATTER FROM THE OTHER MISSION
06:53:09 : Group: Phil: resend coords, I'll place a marker
06:53:46 : Group: Winters: SHOULD SEE MARKER NOW
06:54:28 : Group: Phil: I do, maneuvering slowly, they were leaving and I saw the truck stop in a building so I'm being kind of careful
06:54:59 : Group: Winters: K. MAYBE I CAN FLANK
06:55:04 : Group: Winters: HOW MANY GUYS?
06:55:11 : Group: Phil: don't know
06:57:02 : Group: Winters: I JUST HIT POLANA
06:58:29 : Group: Phil: should be in the clear now
06:58:37 : Group: Collaps: 94.45.138.19:9299
06:58:43 : Group: Collaps: тцтд
06:58:49 : Group: Collaps: тцтд
06:58:56 : Group: Winters: I DONT HAVE A MIC, BTW. JUST MOVED HOUSE AND ITS PACKED AWAY
06:59:13 : Group: Phil: I know the feels, my cat ate my cable
06:59:46 : Group: Winters: DAMN CATS LOL
07:00:00 : Group: Phil: right
07:00:51 : Group: Phil: I forgot this scope has  a rangefinder on it
07:01:00 : Group: Winters: OH NICE
07:01:22 : Group: Winters: I GOT A SUPPRESSED G36 OFF A DEAD AI
07:01:30 : Group: Phil: nice
07:03:19 : Group: Winters: DAMN GOT ZOMBIE RAGE ON ME
07:03:31 : Group: Phil: I'm moving
07:03:59 : Group: Phil: I hear a lot of gunfire
07:04:04 : Group: Winters: YEAH GUN FIGHT
07:04:36 : Group: Phil: I see you
07:04:52 : Group: Winters: STAY THERE IN COVER
07:06:17 : Group: Winters: HEY MAN..
07:06:22 : Group: Phil: sup
07:06:38 : Group: Phil: I got an acog or dms if you want it
07:06:44 : Group: Winters: THAT GHILLIE IS REALLY CAMO DUDE
07:06:58 : Group: Phil: yeah, lot more than in Arma 2
07:07:40 : Group: Winters: THIS GUN HAS BUILT IN SIGHT
07:08:02 : Group: Phil: ok, I only have scope attachments from Bere, no suppressors
07:08:08 : Group: Winters: LETS GO CAUSE SOME TROUBLE
07:08:16 : Group: Phil: sounds good, where to
07:08:35 : Group: Winters: TOWARDS THE GUNFIRE.. FROM A DISTANCE THO
07:09:20 : Group: Winters: WHATS THE MAX RANGE OF YOUR GUN?
07:09:36 : Group: Winters: GUN + SCOPE I MEAN
07:09:49 : Group: Phil: zeroing out to 1k
07:09:58 : Group: Winters: THAT'LL DO HER
07:10:16 : Group: Phil: with NV, and orange tinted thermal lol
07:10:36 : Group: Winters: OH YEAH
07:10:43 : Group: Winters: LET FIND A LINE OF SIGHT
07:11:09 : Group: Phil: bere is clear btw, that's where I came from
07:12:05 : Group: Winters: SEE A DEAD BODY
07:12:22 : Group: Phil: yeah, it's one of the mission AI, we can go down and probably loot up the bodies
07:12:23 : Group: Winters: ANYTHING ON THERMAL?
07:12:30 : Group: Phil: see if they left anything in the cache
07:12:36 : Group: Winters: DONT WANNA GET AMBUSHED
07:12:47 : Group: Phil: I got nothing
07:13:07 : Group: Winters: LETS MOVE BASE OF HILL TREE LINE
07:13:08 : Group: Phil: you low on blood?
07:13:22 : Group: Winters: NOPE.. GOT A BLOOD BAG THOUGH :)
07:13:34 : Group: Phil: ok, I just had the option to transfuse so I wasn't sure
07:13:55 : Group: Winters: MAYBE I HAVE LOST BLOOD?
07:14:07 : Group: Phil: idk, if it's still green I wouldn't worry
07:14:22 : Group: Winters: YEAH FULL GREEN
07:14:30 : Group: Phil: fair enough
07:14:44 : Group: Winters: HANG ON WHICH ONE IS BLOOD LEFT OR RIGHT ICON?
07:14:48 : Group: Phil: left
07:14:55 : Group: Winters: YEAH ALL GREEN
07:16:05 : Group: Winters: ONLY 5 OTHER PLAYERS ON NOW
07:16:43 : Group: Phil: and it's only two groups of two besides us, the other group was at least trhee
07:16:57 : Group: Winters: YA
07:18:33 : Group: Winters: TOWER CLEAR
07:18:33 : Group: Phil: cache is near the green watchtower
07:18:48 : Group: Phil: if it hasn't despawned there was a lynx Sniper rifle there
07:18:52 : Group: Phil: but no ammo
07:19:00 : Group: Winters: DAMN.. NICE
07:19:17 : Group: Winters: THE BODIES ARWE GREAT LOOT
07:19:34 : Group: Winters: YOU WANNA OVERWATCH ME?
07:19:46 : Group: Winters: INCASE OF AMBUSH
07:20:07 : Group: Phil: it'll be hard from here, I'll do it from tower where I can use support
07:20:28 : Group: Winters: K LETS MOVE W/ 50 M SPREAD
07:20:50 : Group: Phil: zombies left
07:21:44 : Group: Winters: GETTING DARKER.. NICE ADVANTAGE
07:21:51 : Group: Phil: got dark fast too
07:23:55 : Group: Winters: CASHE NEAR ME
07:24:12 : Group: Phil: I saw nothing up there
07:24:22 : Group: Winters: WORRIED ABOUT CORNWER BUILDING
07:25:19 : Group: Winters: CHECKING UPSTIRS
07:26:35 : Group: Phil: some heavy calibers, but only one or two ammo for them
07:27:10 : Group: Phil: nice, ghillie
07:29:49 : Group: Phil: some extra .408s here
07:30:37 : Group: Winters: THERES 2X LYNX ROUNDS IN THERE
07:31:48 : Group: Phil: what weapon did you end up taking?
07:33:09 : Group: Winters: RESTART SOON
07:33:25 : Group: Winters: HEAR THAT?
07:33:57 : Group: Winters: LETS GO
07:33:59 : Group: Phil: yeah, was an explosion I think
07:34:26 : Group: Winters: PLAYER
07:35:10 : Group: Phil: dropped the zombie looks like
07:35:54 : Group: Winters: TREELINE
07:36:04 : Group: Winters: COMING BACK ON AFTER RESTART?
07:36:09 : Group: Phil: probably
07:36:14 : Group: Winters: SWEET
07:36:29 : Group: Winters: WE'RE LOOKING GOOD
07:36:48 : Group: Phil: that mission getting cleared was really fortunate
07:45:29 : Group: Phil: why did it have to reset day lol
07:45:57 : Group: Winters: YEAH RIGHT
07:46:10 : Group: Winters: SORRY EATING AT SAME TIME
07:46:14 : Group: Phil: all good
07:47:06 : Group: Winters: WHATS UR STEAM NAME?
07:47:14 : Group: Phil: shaol3381
07:47:46 : Group: Phil: accepted
07:47:58 : Group: Winters: SWEET
07:48:05 : Group: Winters: PLAN?
07:48:15 : Group: Phil: idk lol
07:48:38 : Group: Phil: are there shops on this mod at all? if not I'm about to drop some items
07:49:01 : Group: Winters: DONT THINK YOU CAN BUY / TRADE YET
07:49:12 : Group: Phil: mmm ok
07:49:23 : Group: Phil: what scope do you have?
07:49:48 : Group: Winters: AMS
07:50:05 : Group: Phil: ok, I have a LRPS if you want it
07:50:05 : Group: Winters: PERFECT FOR TJHIS WEAPON
07:50:24 : Group: Winters: NAH SCHMIDT N BENDER SCOPER
07:50:52 : Group: Winters: I WANNA SNIPE SOME FOOLS
07:51:29 : Group: Winters: YOU GOT ANY MORPHINES?
07:51:31 : Group: Phil: hmmm, could head to a mission site then
07:51:33 : Group: Phil: and yeah
07:51:41 : Group: Winters: GOOD FOR BROKEN LEGS
07:51:47 : Group: Winters: I GOT 3
07:52:06 : Group: Phil: oh, I just put two more in your pack lol
07:52:13 : Group: Phil: I have two still
07:52:38 : Group: Winters: DAMN LOST MY G36 SUPPRESSOR ON RESTART
07:52:53 : Group: Phil: that's weird
07:53:13 : Group: Phil: but restarts seem to be unpredictable, I got a .45 magazine back
07:54:10 : Group: Phil: looks like one group of two and one of three, could ambush a mission I guess
07:54:25 : Group: Winters: YEAH LETS
07:54:36 : Group: Winters: CLOSEST ONE
07:54:37 : Group: Phil: maybe they'll have a vehicle for us to use afterwards lol
07:54:57 : Group: Winters: OH YEAH
07:55:19 : Group: Winters: HANG ON NEW MISSION CLOSER
07:55:24 : Group: Winters: NORTH
07:55:27 : Group: Phil: 3.7k west southwest
07:55:45 : Group: Phil: 3.5k north
07:55:52 : Group: Phil: you're choice
07:56:06 : Group: Winters: NORTH EASY MISION
07:56:19 : Group: Phil: north it is
07:57:28 : Group: Winters: I GOT SOME WEIRD SHADOWS COMING OFF ME
07:57:38 : Group: Phil: same
07:58:27 : Group: Winters: YOU KNOW HOW TO AUTO RUN?
07:58:33 : Group: Phil: no clue
07:58:51 : Group: Winters: PRESS HOME KEY.. IT WILL TELL YOU WHICH KEY TO BIND
07:59:10 : Group: Winters: .. OR USE?
07:59:24 : Group: Phil: insert for me
07:59:30 : Group: Winters: ILL SCOUT AHEAD
07:59:37 : Group: Winters: ME TOO
07:59:46 : Group: Winters: HANDY FOR LONG DISTANCE
07:59:57 : Group: Phil: looks like someone is finishing the other mission
08:00:21 : Group: Phil: down to one
08:00:39 : Group: Phil: just got finished
08:00:49 : Group: Winters: WHAT TO DO?
08:00:59 : Group: Phil: lol no time to go back now
08:01:28 : Group: Winters: PUSH ON HTEN
08:01:41 : Group: Winters: CHOPPER
08:01:44 : Group: Phil: chopper
08:02:52 : Group: Winters: WHERE YOU FROM?
08:02:57 : Group: Phil: cali
08:03:10 : Group: Winters: NICE. IM FROM AUSTRALIA
08:03:23 : Group: Phil: ah down under?
08:03:29 : Group: Winters: YAH
08:04:14 : Group: Phil: never had the pleasure of going, but I have met some from the armed forces during some cross training, really fun cool guys
08:04:27 : Group: Winters: AWESOME MAN,
08:04:45 : Group: Winters: GREAT MILITARY CULTURE HERE TOO
08:05:20 : Group: Winters: ZED FRONT
08:05:46 : Group: Winters: THAT SNAP WAS LOUD AS SHIT
08:06:00 : Group: Phil: right...with a suppressor
08:06:04 : Group: Winters: DAMN GOT A WARNING FOR SWEARING
08:06:13 : Group: Phil: need a smaller caliber I think
08:06:23 : Group: Winters: .45?
08:06:30 : Group: Phil: yeah
08:07:01 : Group: Winters: I GOTTA M1911 CLIP.. YOU NEED IT?
08:07:30 : Group: Phil: if it is specifically 1911, no
08:07:41 : Group: Winters: YEAH IT IS
08:07:52 : Group: Winters: CANT SEE MY MARKER
08:07:52 : Group: Phil: I don't think it works with the four-5
08:08:00 : Group: Winters: YEAH IT DOESNT
08:08:17 : Group: Winters: THIS TOWN I THINK
08:08:35 : Group: Phil: it is, I have a personal marker set
08:08:42 : Group: Phil: 728m northwest
08:09:09 : Group: Winters: YEAH CENTRE IS AWAY FROM TWON
08:09:58 : Group: Winters: I SEE A VIC AT THE AO
08:10:22 : Group: Winters: YOUR SHOT
08:10:24 : Group: Winters: ?
08:10:26 : Group: Phil: yeah
08:10:46 : Group: Winters: ONLY 4 UNITS TO CONTEND
08:11:00 : Group: Phil: freaking zombies lol
08:11:21 : Group: Phil: trying to loop around for a clear view
08:12:00 : Group: Winters: COPY.. KEEP AN EYE FOR OTHER PLAYERS.. THEY MIGHT BE SETTING THEIR SIGHTS THIS WAY NOW
08:12:31 : Group: Phil: got it
08:15:39 : Group: Winters: CLEAR LINE OF SIGHT ON OBJECTIVE.. NO EYES ON FOOT UNITS THO
08:16:11 : Group: Phil: I got eyes on all four
08:16:23 : Group: Winters: DMAN.. NICE FLANK
08:16:41 : Group: Winters: EYES ON ONE
08:17:22 : Group: Winters: MOVING TARGETS THOUGH
08:18:51 : Group: Phil: clear view on all with bipods, engage or wait
08:19:13 : Group: Winters: WAIT FOR ME TO GET SET
08:19:24 : Group: Winters: MOVING...
08:19:29 : Group: Phil: ok
08:20:53 : Group: Phil: the treeline you're heading to will put you real close
08:21:16 : Group: Winters: TOO CLOSE LOL
08:21:37 : Group: Winters: AI ARE CRACK SHOTS
08:24:04 : Group: Winters: AKING FIRE
08:25:22 : Group: Phil: fucking zombies
08:25:29 : Group: Phil: screw the warning
08:25:33 : Group: Winters: YEAH ON ME TOO
08:25:42 : Group: Winters:  IDROPPED 2.. HOW MANY YOU?
08:25:48 : Group: Phil: two
08:25:54 : Group: Phil: or so I thought
08:26:00 : Group: Winters: LETS MOVE QUICK
08:26:24 : Group: Phil: there we go
08:26:39 : Group: Winters: PLAYER SHOT AT ME
08:26:49 : Group: Phil: you sure it was a player and not an ai?
08:27:02 : Group: Winters: ALL AI DOWN THO RIGHT?
08:27:12 : Group: Phil: yes, all ai gone
08:27:44 : Group: Winters: THINK IT WAS A PLAYER SOUNDED CLOSE TO ME
08:28:07 : Group: Phil: thought it was one of the ai's, he was looking in your direction
08:28:20 : Group: Winters: OH THERE WAS STILL ONE UP?
08:28:23 : Group: Phil: hold on
08:28:37 : Group: Phil: behind you
08:28:52 : Group: Phil: saw something on thermals
08:28:54 : Group: Phil: got him
08:29:04 : Group: Winters: YEAH BIG SNAP OVER ME
08:29:09 : Group: Phil: was a police zombie
08:29:13 : Group: Winters: THNX.. HE DEAD?
08:29:19 : Group: Phil: yup
08:29:25 : Command: gordao: admin on ?
08:29:39 : Command: Winters: DUNNO MAN
08:29:43 : Command: Winters: WHY?
08:30:17 : Group: Winters: IM  MOVING O OBJECTIVE.. COVER ME BRO
08:30:22 : Command: gordao: FUCK 
08:30:27 : Group: Phil: on overwatch
08:31:07 : Group: Phil: zombie
08:31:56 : Group: Winters: NOT MUCH.. THERES A LYNX 3X ROUNDS
08:32:03 : Group: Winters: *MAGS
08:32:15 : Group: Phil: bleh, I'm gonna check bodies for sidearms, I'm out
08:33:01 : Group: Phil: that you
08:33:24 : Group: Phil: taking fire
08:33:40 : Group: Winters: ME TOO
08:33:47 : Group: Phil: not accurate but..
08:33:58 : Group: Winters: I FKN KNEW IT
08:34:21 : Group: Winters: 300M WEST I THINK
08:34:24 : Group: Winters: FROM ME
08:34:32 : Group: Winters: HIGH CALIB
08:34:44 : Group: Phil: he's moving back
08:34:53 : Group: Winters: COPY
08:34:59 : Group: Winters: YOUR SHOTS JUST THEN?
08:35:09 : Group: Phil: yeah
08:36:33 : Group: Winters: BEARING?
08:36:36 : Group: Winters: FROM YOU
08:36:44 : Group: Phil: was 237
08:37:31 : Group: Winters: HE GO BACK DEFILADE?
08:37:52 : Group: Phil: I saw him retreat back over hill, may be going for a flank but idk
08:38:22 : Group: Phil: got him with thermals, nothing since I shot him
08:38:41 : Group: Winters: YOU HIT HIM?
08:38:54 : Group: Winters: THAT YOU?
08:39:01 : Group: Phil: yeah
08:39:03 : Group: Phil: z's
08:39:40 : Group: Phil: cleared of walkers
08:39:56 : Group: Winters: NICE
08:40:22 : Command: gordao: admin on 
08:40:26 : Command: gordao: ?
08:40:31 : Group: Phil: i see him
08:40:35 : Command: Winters: NOT SURE
08:41:12 : Command: gordao: somethings i put in my bag and logout desappear
08:41:15 : Command: gordao: how a dup
08:41:21 : Group: Phil: you get him
08:41:27 : Group: Winters: NO EYES
08:41:51 : Group: Phil: got a sniper, he's bleeding
08:42:09 : Group: Winters: KILLING Z FOR YOU'
08:42:18 : Group: Phil: ok, think he was shooting me too
08:43:09 : Group: Winters: BEARING
08:43:26 : Group: Phil: 172
08:43:56 : Group: Phil: lost him
08:43:59 : Group: Winters: LOW OR HIGH?
08:44:07 : Group: Phil: bush, edge of treeline
08:44:17 : Group: Winters: BOTTOM OF HILL?
08:44:31 : Group: Phil: near it yes, close to truck
08:44:42 : Group: Phil: but he moved
08:44:45 : Group: Winters: SHIT THEY MIGHT BE FLANKING NOW
08:44:55 : Group: Winters: DANG WARNING
08:45:12 : Group: Phil: flanking towards you if they are
08:45:15 : Group: Phil: one is dead
08:45:17 : Group: Phil: the sniper got him
08:45:24 : Group: Phil: that's when I hit him for bleed
08:46:34 : Group: Phil: flanking towards me
08:46:37 : Group: Phil: bled him again
08:46:52 : Group: Winters: BEARING TOWRADS YOU?
08:47:01 : Group: Phil: 267
08:48:16 : Group: Phil: one near 150
08:48:59 : Group: Phil: took a shot at me
08:49:02 : Group: Phil: misseed
08:53:02 : Group: Phil: still alive?
08:53:04 : Group: Winters: DAMN BRO
08:53:06 : Group: Phil: there's at least two
08:53:09 : Group: Winters: YEAH..
08:53:16 : Group: Winters: SAW HIM TOO LATE
08:53:36 : Group: Phil: did you get him though
08:53:47 : Group: Winters: NOPE
08:53:59 : Group: Phil: I'm gonna try to figure out where I am
08:54:01 : Group: Winters: BACKING AWAY AND FLANKING
08:54:15 : Group: Winters: HIT THE CIRCLE ON TOPRIGHT OF MAP
08:54:38 : Group: Phil: wooow, all the way to the west
08:55:18 : Group: Phil: I should just let a zombie kill me
08:55:35 : Group: Phil: I should have taken the bigger cal gun
08:55:48 : Group: Phil: both times I shot him he would have died
08:55:53 : Group: Winters: YEAH GOOD THOUGHT FOR NEXT TIME
08:56:49 : Group: Phil: right? well I'm gonna hop off, was a good start, I'll catch you next time, gonna see if my CTI server is up, play a round then bed
08:57:06 : Group: Winters: CTI SERVER.. WHATS THAT?
08:57:15 : Group: Phil: capture the island
08:57:34 : Group: Phil: uses old Arma 2 maps as well, its a warfare type game
08:57:37 : Group: Winters: COOL MAN.. HAD FUN.. SEEYA NEXT TIME
08:57:41 : Group: Phil: yup
08:59:43 : Command: gordao: porrr@@@
08:59:46 : Command: gordao: finalmente
08:59:53 : Command: gordao: 5 hrs procurando pra achar a serra
09:20:08 : Side: [RAN] FORTEX: como troca p pistola aki, help
09:20:50 : Command: [SOC] VetGet: troca no Ç
09:26:26 : Command: [RAN] RAFAEL: ae e foda
09:26:33 : Command: [RAN] RAFAEL: /.\
09:26:40 : Command: gordao: qm veio pra cima foi voces
09:26:43 : Command: gordao: falo mesmo
09:26:44 : Command: gordao: kkkk
09:27:02 : Command: [RAN] FORTEX: nao sei troca de arma
09:27:02 : Command: [RAN] RAFAEL: tomou 3 tiro de leen fild
09:27:08 : Command: [RAN] RAFAEL: e nao morreu
09:27:12 : Command: [RAN] FORTEX: como troca
09:27:18 : Command: gordao: cecidilha
09:27:19 : Command: PeppaPig: ç
09:27:19 : Command: [RAN] RAFAEL: me deu 1 tiro cai direto
09:27:25 : Command: [RAN] FORTEX: obg
09:27:31 : Command: gordao: sua lee enfield ta full ammo vei
09:27:36 : Command: gordao: voce me deu tiro de pistola
09:27:39 : Command: [RAN] RAFAEL: meio estranho essa  parada
09:27:40 : Command: gordao: ta com pouca ammo
09:27:42 : Command: PeppaPig: alguem ta conseguindo empunhar o machado ?
09:28:06 : Command: [RAN] RAFAEL: vc ta e doido foi de len fild e acabei as balas
09:28:14 : Command: [RAN] RAFAEL: 3 pegaram em vc
09:28:20 : Command: gordao: eu s[o ouvi 1 tiro
09:28:32 : Command: [RAN] RAFAEL: ta certo so 1 gastei 10 bala
09:29:03 : Command: [RAN] RAFAEL: conta essa pra outro 2000 h de arma
09:29:09 : Command: gordao: kkk
09:29:10 : Command: gordao: ta
09:29:13 : Command: gordao: to de hack
09:30:23 : Command: DScaRIOca: onde pega agua fácil?
09:30:24 : Command: gordao: bom, nao teria problema em deixar os items pra voces mais pela hostilidade dei um hide body basico, agnte se tromba por ai
09:35:43 : Command: PeppaPig: cariocaoutlaw !!!
10:20:08 : Command: gordao: admin on ?
10:20:15 : Command: gordao: bugei debaixo de uma construçao
10:20:27 : Command: b: No Weapons on this server or cars?
10:20:36 : Command: Steven Kondor: there ar
10:20:50 : Command: Steven Kondor: we had 3 littlebirds yesterday
10:20:55 : Command: b: I search and search...
10:21:30 : Command: b: Kannste auch deutsch?^^
10:22:12 : Command: gordao: .
10:22:33 : Command: CapNascimento: vendo nokia tijolao
10:23:39 : Command: b: Run...run.....run...no cars. no helis...no weapons
10:29:21 : Command: b: fuck zou
10:33:18 : Command: [SOC] VetGet: n vai restarta n ?
10:33:25 : Command: gordao: mais alguns minutos
10:55:39 : Command: gordao: ae koe
10:55:44 : Command: gordao: to ficando putu ja
10:56:04 : Command: Mr.Abou: DA O CU Q PASSA
10:56:06 : Command: gordao: toda vez que o sv reinicia os item na minha tenda some os attachments
10:56:17 : Command: [GHOST]Mad Max: Fala galera, baixei agora, como coloco arma na mão?
10:56:34 : Command: Gabriel: cara nao pode nem abastecer o heli que ja leva tiro pqp
10:58:27 : Command: Gabriel: essa galera em krasnostav ae
10:58:30 : Command: Gabriel: kkk
11:01:14 : Command: Gabriel: tem como destruir o barraco dos outros nesse mod?
11:01:23 : Command: Mr.Abou: bazuka
11:01:45 : Command: gordao: como pega scrap metal 
11:03:05 : Command: gordao: se eu bater em qualquer coisa metalica no chao sai scrap metal ?
11:03:12 : Command: Mr.Abou: testa
11:04:44 : Command: gordao: parece que sim
11:04:58 : Command: gordao: ultima coisa, sleeping bag nao marca respawn neh ?
11:08:51 : Command: Gabriel: nao pode trancar veiculo neh? ou tem como
11:22:58 : Command: [GHOST]Mad Max: Como alterno minha arma pra pistola?
11:23:15 : Command: Simao: H
11:23:29 : Command: Lucas: ç
11:23:42 : Command: [GHOST]Mad Max: Obrigado
11:36:01 : Command: valdim: nossa mano, ta muito bugado
11:36:41 : Command: valdim: olha isso
11:36:44 : Command: valdim: hacker fdp
11:37:00 : Command: Lucas: HACKER KKKKK
11:37:09 : Command: gordao: ???
11:37:46 : Command: valdim: tem um hacker de heli explodindo tudo
11:37:54 : Command: Lucas: ou
11:37:59 : Command: Lucas: ele ta de heli
11:38:04 : Command: Lucas: paoskpsa
11:38:05 : Command: gordao: ta, mais aonde ta o hack ?
11:38:11 : Command: gordao: e se o heli tiver missel ?
11:38:17 : Command: Lucas: entao
11:38:25 : Command: valdim: sim mas explodir justo a casa q eu tava dentro?
11:38:30 : Command: valdim: numa cidade inteira?
11:38:39 : Command: gordao: kkkk ai nao sei
11:38:39 : Command: =VBR= CAP.TIAGO: pessoal
11:38:43 : Command: Lucas: sabia q ele tmb tem olhos assim como vc
11:38:44 : Command: Odin: heli armado aqui ainda nao vi, tem?
11:38:46 : Command: Lucas:  e pode te ver
11:38:52 : Command: =VBR= CAP.TIAGO: alguem sabe como me localizo nesse mod
11:39:02 : Command: gordao: tiago
11:39:06 : Command: =VBR= CAP.TIAGO: as cidades nao condizem
11:39:07 : Command: Lucas: vai marcando no mapa 
11:39:11 : Command: gordao: marca as cidades e ve a distancia que ela ta de voce
11:39:13 : Command: Lucas: onde vc acha q ta
11:39:16 : Command: gordao: ai vai aproximando a marca;ao
11:39:39 : Command: Odin: se colocaram heli armado isso aqui vai virar exile
11:39:48 : Command: valdim: pois ta, deixa acontecer c vcs
11:40:52 : Command: gordao: ae
11:41:01 : Command: =VBR= CAP.TIAGO: gordao
11:41:04 : Command: gordao: ta aparecendo a opcao de pack tent fora da minha casa
11:41:05 : Command: gordao: koe
11:41:08 : Command: =VBR= CAP.TIAGO: esse mod salva os plaer
11:41:17 : Command: =VBR= CAP.TIAGO: player*
11:41:31 : Command: gordao: ainda ta meio bugado, se depositar um item antes do restart tem uma chance de perde as fitas
11:41:45 : Command: =VBR= CAP.TIAGO: ah blz
11:41:51 : Command: =VBR= CAP.TIAGO: eu vou deslogar
11:41:58 : Command: gordao: depositei uma vss com 6 pente que pegei de um cara na cagad@ e sumiu junto com uns 20 item bem importante
11:42:14 : Command: =VBR= CAP.TIAGO: putz
11:42:22 : Command: =VBR= CAP.TIAGO: passa tua steam ae gordao
11:42:40 : Command: gordao: KingPlayzin
11:50:38 : Group: Artur: МУШКЕТЕР
11:50:40 : Group: Artur: В ТС ЗАЙДИ
11:59:59 : Group: Mushketer: я стелял случайно
12:00:11 : Group: KRN: зайди в тс
12:00:22 : Group: Mushketer: нахуй там шумно и кикают)
12:03:17 : Command: valdim: autorun melhor função ja inventada <3
12:03:35 : Command: gordao: qual o botao ? fiquei procurando ontem e nao achei
12:03:47 : Command: valdim: insert
12:03:58 : Command: valdim: aperta home q tu ve os comando tudo
12:04:15 : Command: gordao: vlw, mais nao tem sensaca1 melhor do que construir uma base e saber que tu ta seguro, muito bom
12:04:30 : Command: valdim: nunca se ta seguro
12:04:36 : Command: GustavoShot: nao se esqueca q ta num server full br
12:04:40 : Command: gordao: melhor que deixar os items numa tenta no meio de uma floresta
12:04:46 : Command: gordao: tenda /
12:05:05 : Command: gordao: da pra derrubar a base com machado ou tiro ?
12:05:12 : Command: valdim: os cara conseguem fazer em um mod o que o dayz sa nunca conseguiu
12:05:22 : Command: gordao: vdd
12:05:24 : Command: GustavoShot: o hospital da pra derrubar com machado, base n sei
12:05:31 : Command: gordao: caramba kkkk
12:06:09 : Command: valdim: construiu a base so?
12:06:32 : Command: gordao: foi
12:06:37 : Command: gordao: com o gerador
12:07:00 : Command: Ov3rdOsE: como se faz barraca ? e qualquer um pode meche na minha barraca ou so eu ?
12:07:01 : Command: valdim: aq tem um monte de item inutil kk
12:07:15 : Command: gordao: eu acho que barraca soh achando
12:07:49 : Command: Ov3rdOsE: mais se eu colocar qualquer um pode mecher?
12:07:55 : Command: gordao: ss
12:08:29 : Command: Ov3rdOsE: a blz ea base qualquer um pode entrar tbm ou tem como botar senha?
12:08:42 : Command: gordao: nao
12:08:44 : Command: gordao: qualquer um meche
12:09:03 : Command: Ov3rdOsE: vishi entao nem adianta faer base
12:09:08 : Group: Artur: МУШКЕТЕР
12:09:11 : Command: gordao: claro que adianta
12:09:15 : Group: KRN: заходи в тс
12:09:15 : Command: gordao: coloca a barraca dentro dela
12:09:20 : Command: gordao: ai ngm entra pra meche
12:09:40 : Command: Ov3rdOsE: a tende dai ngm pode abri so pode entrar isso ?
12:09:46 : Command: valdim: cara p mim fazer base é so p guardar item
12:09:54 : Command: valdim: kica esse russo fdp
12:09:57 : Command: gordao: mais [e msm
12:09:57 : Command: LcZ: revaz, c ta usando o voice no command
12:10:01 : Command: GustavoShot: wtf
12:10:20 : Command: gordao: mother russia my penS@
12:10:40 : Command: valdim: satã 2 é meu ovo russos fdps
12:10:55 : Group: Mushketer: реваз тебя сбили или разбился?
12:11:01 : Group: Artur: c,bkb
12:11:03 : Group: Artur: сбили
12:11:06 : Group: Artur: боты
12:11:19 : Group: Mushketer: хомяк стоял на моей метке
12:11:34 : Group: Artur: возьми
12:11:52 : Group: Mushketer: не буду
12:12:11 : Group: BETEP: хорош как девачка вести
12:12:59 : Group: Mushketer: ты о чём?
12:13:06 : Group: Artur: он нам
12:13:37 : Command: valdim: kitbag é maior q a german?
12:14:00 : Command: Thiago: any one near krasnotav?
12:15:09 : Command: [GHOST]Mad Max: Achei um notebook num celeiro ao lado de uma ovelha lol
12:15:27 : Command: Thiago: any one in krasnostav?
12:15:31 : Command: valdim: serve p poha nenhuma
12:15:41 : Command: GustavoShot: serve pra fazer gps
12:16:03 : Command: valdim: o smartphone tbm?
12:16:17 : Command: Ov3rdOsE: aonde fica a base militar ?
12:16:29 : Command: Thiago: anyone in krasnostav?
12:16:30 : Command: GustavoShot: smart n sei
12:17:35 : Group: Artur: мушкетер
12:17:37 : Group: Artur: го к нам
12:17:40 : Command: Thiago: I do have broken legs and I need help... Im in krasnostav, somebody can help me?
12:17:40 : Group: Artur: тут бой
12:18:00 : Group: Mushketer: на аэро?
12:18:07 : Group: Artur: +
12:18:14 : Command: valdim: num vai da nao
12:18:44 : Command: Thiago: bronken leg in krasnostav, anyone can help?
12:19:03 : Command: valdim: no
12:19:26 : Command: GustavoShot: se eu tivesse morfina ate ia 
12:19:30 : Command: valdim: nobody will help u
12:19:47 : Command: valdim: pelo menos matar ele 
12:20:00 : Command: GustavoShot: kkkk
12:20:29 : Command: valdim: parece q esse mapa ta maior
12:20:32 : Command: Thiago: i guess I'll have to crawl
12:21:02 : Command: Thiago: i've heard a shot
12:21:21 : Command: valdim: server br speak in br modafoca
12:23:06 : Command: [GHOST]Mad Max: Tem carro nessa porra não?
12:23:19 : Command: LcZ: tem
12:23:20 : Command: GustavoShot: tem
12:23:30 : Command: valdim: tem umas caminhonet vagabunda
12:23:36 : Command: [GHOST]Mad Max: é bem dificil então né
12:23:38 : Command: LcZ: tem sedan tb
12:23:48 : Command: [GHOST]Mad Max: 1 hora rodando atrás
12:23:55 : Command: GustavoShot: achei um caminhao ontem e 2 heli
12:24:02 : Command: GustavoShot: nao eh tao dificil achar
12:24:07 : Group: Artur: мушшкетер зайди в ТС!
12:24:08 : Command: [GHOST]Mad Max: sortudo
12:24:19 : Command: GustavoShot: eh so nao estar procurando q acha
12:24:28 : Command: valdim: to procurando arma
12:24:32 : Command: valdim: so acho shotgun
12:25:06 : Command: [GHOST]Mad Max: so acho ovelha
12:25:10 : Command: Thiago: i've heard someone near where i'm in krasnostav and more shots
12:25:25 : Command: valdim: eu vou p krasnotav so p matar esse cara
12:25:50 : Command: Leonardo: kkkkk
12:25:54 : Command: [GHOST]Mad Max: Se tiver de carro me leva que eu ajudo
12:25:58 : Command: Thiago: im inside a white house with blue doors on the edge of the city
12:26:13 : Command: DDarck: eu achei uma G36 rsrs 
12:26:24 : Command: GustavoShot: pra quem ta com a perna quebrada ctz q ele ta torcendo pra matarem kkk
12:26:33 : Command: LcZ: eu tb... num cara que matei kkkkk
12:26:48 : Command: valdim: po mano sou nem bandido , mas na hora q os cara me veem atiram
12:27:06 : Command: DDarck: sera que ele ta machucado mesmo 
12:27:13 : Command: Leonardo: alguem em cherno?
12:27:24 : Command: LcZ: indo pra la
12:27:27 : Command: Thiago: hey theres someone in krasnostav, please help
12:27:38 : Command: LcZ: stfu 
12:27:50 : Command: DDarck: so acho mochila 
12:28:21 : Command: valdim: era massa era qndo o dayz foi lançado
12:28:27 : Command: valdim: era todo mundo amigo
12:28:30 : Command: Thiago: x030y111
12:28:30 : Command: gordao: caramba
12:28:35 : Command: LcZ: pois é
12:28:43 : Command: Leonardo: época boa
12:28:47 : Command: gordao: minha energia caiu quando eu tava colocando a tenda sumiu os itens meus tudo que merd
12:28:49 : Command: valdim: sim sim 
12:28:53 : Command: gordao: agora só tenho as coisas do corpo
12:28:56 : Command: valdim: heuaheuaheua 
12:29:10 : Command: Thiago: white house with blue doors
12:29:11 : Command: gordao: me fudi de verde e amarelo
12:29:18 : Command: valdim: vei o mod ainda ta em beta... tem hora q eu sou kicado e volto sem item
12:29:31 : Command: valdim: o proprio logan ja sofreu com esse bug tbm klllkkkkkkkkk
12:29:37 : Command: gordao: eu vi
12:29:43 : Command: gordao: pow mais eu perdi tudo ;/
12:29:57 : Command: [GHOST]Mad Max: alguem pelo litoral pra fazer parceria?
12:30:01 : Command: gordao: tem alguma forma de armazenar item sem ser a barraca ?
12:30:09 : Command: gordao: da pra desmonta por fora da base, mó mancada
12:30:21 : Command: valdim: oras
12:30:24 : Command: valdim: realismo
12:30:30 : Command: gordao: super
12:31:08 : Command: gordao: da pra usar as racks ?
12:31:40 : Group: Artur: МУШКЕТЕР
12:31:44 : Group: Artur: ПАКЕТ КРОВИ ЕСТЬ?
12:33:18 : Command: Thiago: i think I'll fall unconscious
12:34:45 : Command: [GHOST]Mad Max: Pow, se quebrar a perna 2 vezes ela desquebra
12:34:51 : Command: gordao: lol kkk
12:34:52 : Command: [GHOST]Mad Max: kkkkk
12:35:11 : Side: Yori: vlw 
12:35:15 : Command: LcZ: eu to com algum osso quebrado faz 10 anos, ta fazendo diferenca nao
12:35:19 : Command: gordao: qual a magica pra falar no side 
12:35:28 : Command: valdim: qual a magica p falar no side?
12:35:37 : Command: LcZ: aperta , ou .
12:35:48 : Command: gordao: quando cai de um predrio tb, fiquei na botinha pra morrer com perna quebrada mais nao mudou nada no andar
12:36:05 : Command: LcZ: ta com o simbolo do osso e tudo, mas to suavao
12:36:07 : Command: gordao: o chat do side [e bloqueado aqui, s[o o voice funfa
12:36:28 : Command: LcZ: pdc
12:36:32 : Command: LcZ: nao era antes
12:36:36 : Command: =VBR= CAP.TIAGO: gordao
12:36:40 : Command: gordao: eu vi aqui
12:36:42 : Command: =VBR= CAP.TIAGO: aceita cv steam ai
12:36:48 : Command: valdim: pra mim do mesmo jeito
12:36:56 : Command: [GHOST]Mad Max: Eu cai e ele ficou manco, ai cai denovo e ele desmancou
12:37:25 : Command: gordao: aceitei tiago
12:38:20 : Group: Mushketer: в диспечерку у яйца тип забежал
12:40:00 : Command: [GHOST]Mad Max: Como para de tremer e ficar ofegante?
12:40:09 : Command: [GHOST]Mad Max: Painkillers?
12:40:23 : Command: LcZ: isso
12:40:36 : Command: [GHOST]Mad Max: blz, vou procurar uns
12:40:56 : Command: DDarck: alguem matou o coitado 
12:41:15 : Command: [GHOST]Mad Max: n, ele disse que tava inconciente
12:41:38 : Command: DDarck: como faz para pegar machado?
12:41:55 : Command: gordao: eu uso o ctrl direito mais cecidilha
12:42:03 : Command: [GHOST]Mad Max: ctrl direito + cedilha
12:42:14 : Command: DDarck: vlw
12:42:51 : Command: [GHOST]Mad Max: Fica de noite aqui?
12:42:55 : Command: valdim: so uma duvida
12:43:01 : Command: valdim: é um clan que ta no aeroporto?
12:47:38 : Command: valdim: morri mas levei um
12:48:21 : Command: Thiago: hey you in krasnostav
12:48:33 : Command: Thiago: im on a hoof
12:48:35 : Command: Thiago: help
12:48:39 : Command: GustavoShot: esse cara ainda ta la 
12:48:50 : Command: [GHOST]Mad Max: kkkkkkk cara chato
12:49:09 : Command: Thiago: i heard you walking
12:49:37 : Command: Thiago: shots, please you help me
12:49:37 : Command: gordao: kd o mano que troco tiro cmg aqui em polana ?
12:49:52 : Command: [GHOST]Mad Max: isso ai e br hue, nao me engana esse Thiago
12:50:01 : Command: GustavoShot: s
12:50:07 : Command: Thiago: im on the hoof of a house
12:50:11 : Command: Nathan: to longe dai gordao
12:50:19 : Command: gordao: roof pai
12:50:35 : Command: gordao: chega nois
12:50:51 : Command: GustavoShot: e ai rapaz corredor
12:51:10 : Command: GustavoShot: de gorka
12:51:27 : Command: gordao: eee nathan eh tu 
12:51:32 : Command: gordao: vo da um chega ai em gorka
12:51:48 : Command: gordao: toda vez que fui ai encontrei uns cara
12:52:23 : Command: GustavoShot: tem um correndo aqui
12:52:35 : Command: gordao: se pegar ele da um study ai
12:52:40 : Command: DDarck: which coordinated its
12:53:02 : Command: Thiago: mine?
12:53:11 : Command: DDarck: yes
12:53:34 : Command: Thiago: x30y111
12:54:21 : Command: Thiago: there are a 3rd floor house
12:55:08 : Command: GustavoShot: buguei wtf
12:55:39 : Command: Thiago: where are you
12:55:47 : Command: Thiago: close? cant hear you
13:06:08 : Command: DDarck: so missao op 
13:06:18 : Command: GustavoShot: fui bular to bugado agr
13:06:22 : Command: GustavoShot: pular*
13:07:23 : Command: [GHOST]Mad Max: Que  merda, dei uma machadada no vidro do hospital pra ver se quebrava e explodiu tudo, susto da porra aqui.. kkkkkkkkkkkk
13:07:48 : Command: GustavoShot: de certa forma quebrou msm
13:08:09 : Command: [GHOST]Mad Max: kkkk eu queria mais sutilieza
13:09:57 : Command: DDarck: rsrs morri mas levei um 
13:10:55 : Command: GustavoShot: pulo bugadasso, tive q relogar 3 vezes pra parar de flutuar
13:14:50 : Command: DDarck: base flutuante rsrs
13:15:21 : Group: gordao: ai
13:15:50 : Group: =VBR= CAP.TIAGO: podecre valeu mesmo
13:16:10 : Group: gordao: suave
13:16:16 : Group: gordao: esquece a missao, é a mais dificil
13:16:18 : Group: gordao: vem pra ca
13:16:56 : Group: =VBR= CAP.TIAGO: eu to lutiando
13:17:06 : Group: =VBR= CAP.TIAGO: a onde tu esta?
13:19:06 : Group: gordao: ow mano parece que to escutando alguem anda na volta da minha base
13:26:04 : Group: gordao: blza
13:26:22 : Group: =VBR= CAP.TIAGO: to a 1,3km
13:26:24 : Group: =VBR= CAP.TIAGO: de polana
13:26:33 : Group: gordao: blza, deixa no autorun e vem pro meu nome
13:26:45 : Group: =VBR= CAP.TIAGO: tu quer que eu va pra polana ou ateh voce?
13:26:55 : Group: gordao: vai pro polana, eu vou pra la agora
13:27:04 : Group: =VBR= CAP.TIAGO: blz
13:29:05 : Group: gordao: avisa quando tu chegar
13:29:10 : Group: gordao: to a uns 400 metros da cidade
13:29:23 : Group: =VBR= CAP.TIAGO: to te vendo
13:29:27 : Group: =VBR= CAP.TIAGO: espera ai
13:30:02 : Group: gordao: ai
13:30:06 : Group: gordao: nao foi do teu clan ue matei uns cara
13:30:21 : Group: =VBR= CAP.TIAGO: nao sei se eles jogam
13:30:38 : Group: gordao: escuro demais
13:31:28 : Group: gordao: nao to vendo nada
13:31:41 : Group: =VBR= CAP.TIAGO: aumenta a gama
13:31:51 : Group: gordao: nao adianta quase nada
13:31:59 : Group: gordao: se tiver uns chemlight acende ai
13:32:02 : Group: =VBR= CAP.TIAGO: eu to vendo tudo
13:32:05 : Group: =VBR= CAP.TIAGO: kk
13:32:15 : Group: Regular: ts слетел
13:32:21 : Group: =VBR= CAP.TIAGO: colete aqu
13:32:22 : Group: Regular: включай von
13:33:28 : Group: =VBR= CAP.TIAGO: eu tenho uns pentes aqui
13:33:31 : Group: =VBR= CAP.TIAGO: qual sua pistola?
13:33:35 : Group: gordao: g17
13:33:39 : Group: =VBR= CAP.TIAGO: eu tenho
13:33:46 : Group: gordao: tem chemlight ai nao ?
13:34:03 : Group: =VBR= CAP.TIAGO: que iusso?
13:34:06 : Group: =VBR= CAP.TIAGO: isso*
13:34:15 : Group: gordao: uns bastaozinho de luz
13:34:29 : Group: =VBR= CAP.TIAGO: nao peguei
13:36:06 : Command: [CROW] Major-Ash: opa
13:36:15 : Group: gordao: que breu
13:36:24 : Command: Artur: AERO captured GROUPING AFF
13:36:25 : Command: Artur: AERO captured GROUPING AFF
13:36:26 : Command: Artur: AERO captured GROUPING AFF
13:36:27 : Command: Artur: AERO captured GROUPING AFF
13:36:28 : Command: Artur: AERO captured GROUPING AFF
13:36:29 : Command: Artur: AERO captured GROUPING AFF
13:36:46 : Direct: Artur: AERO captured GROUPING AFF
13:37:14 : Command: Artur: AERO captured GROUPING AFF
13:37:15 : Command: Artur: AERO captured GROUPING AFF
13:37:16 : Command: Artur: AERO captured GROUPING AFF
13:37:17 : Command: Artur: AERO captured GROUPING AFF
13:37:18 : Command: Artur: AERO captured GROUPING AFF
13:37:37 : Group: BETEP: ..fffffffff
13:38:02 : Command: Dobryy Korol: артур чмо
13:38:05 : Group: gordao: .a casa onde eu to aqui
13:38:17 : Group: gordao: que falei pra tu, da uns spawn legal de enfield e xm1014
13:38:33 : Group: =VBR= CAP.TIAGO: a sim
13:39:09 : Group: gordao: ae
13:39:11 : Group: gordao: tem abridor de latas ?
13:39:14 : Group: =VBR= CAP.TIAGO: sim
13:39:22 : Group: =VBR= CAP.TIAGO: peguei de um zumbi haha
13:39:23 : Group: gordao: empresta ai
13:40:13 : Group: =VBR= CAP.TIAGO: para que serve as cameras?
13:40:23 : Group: gordao: .fazer rangefinder
13:40:39 : Group: gordao: uma especie de binoculo que mostra a distancia das coisas
13:42:08 : Group: gordao: esses bonezinhos que os zombies usam é bom
13:42:14 : Group: gordao: da nv 2 de proteçao
13:42:36 : Group: =VBR= CAP.TIAGO: peguei de um zumbi um de policial
13:42:54 : Group: gordao: te um lugar perto da minha base que spawna 1 zombie com colote e capacete
13:42:57 : Group: gordao: se mata ele da pra pegar
13:46:34 : Group: gordao: vai la na csa arabe
13:46:37 : Group: gordao: que falei
13:46:41 : Group: gordao: na parte debaixo
13:46:46 : Group: gordao: aqui ó
13:46:50 : Group: gordao: ja achei lee enfiled
13:47:00 : Group: =VBR= CAP.TIAGO: vou na outra
13:47:05 : Group: gordao: ss
13:47:28 : Command: Klinsmann: Yugin !
13:47:37 : Group: =VBR= CAP.TIAGO: tem 12 aqui
13:47:45 : Group: gordao: ae quero passar na minha casa antes de irmos la na verd
13:47:51 : Group: gordao: pra guardar os pregos que pegei
13:48:29 : Command: TarjaBlack: ta sumindo itens do inventario
13:48:40 : Group: gordao: vamo pra la ?
13:48:43 : Group: gordao: pra minha base ?
13:49:13 : Group: =VBR= CAP.TIAGO: peguei 2 pente de g17
13:49:15 : Group: =VBR= CAP.TIAGO: pra ti
13:49:16 : Group: gordao: ow
13:49:17 : Group: gordao: missoa
13:49:19 : Group: gordao: aqui perto
13:49:21 : Group: gordao: 1 bot
13:49:23 : Group: gordao: vamo la
13:49:44 : Group: gordao: 2,4km
13:49:46 : Group: gordao: vamos la
13:49:59 : Group: =VBR= CAP.TIAGO: deixa eu comer
13:50:01 : Group: gordao: entra aqui
13:50:03 : Group: =VBR= CAP.TIAGO: pega os penhtes
13:50:16 : Group: gordao: qr o abridor 
13:50:39 : Group: =VBR= CAP.TIAGO: ta contigo
13:50:50 : Group: gordao: pega na minha mochila
13:51:32 : Group: gordao: poxa
13:51:35 : Group: =VBR= CAP.TIAGO: nao quer a 12?]
13:51:37 : Group: gordao: queria guardar os pregos
13:51:39 : Group: gordao: nao
13:51:46 : Group: gordao: pega as balas dela
13:51:51 : Group: gordao: vamos na missao 
13:52:51 : Group: gordao: vai sem arma
13:54:01 : Group: gordao: 1.7 km
13:54:19 : Group: gordao: se conseguirmos fazer sem morrer pra outro jogador quando voltarmos vamos construir uma casinha pra tu
13:54:24 : Group: gordao: perto da minha
13:54:43 : Group: =VBR= CAP.TIAGO: blz
13:55:04 : Group: =VBR= CAP.TIAGO: como coloca no autoru
13:55:08 : Group: gordao: gorka a nossa direita
13:55:13 : Group: gordao: aperta insert
13:55:25 : Group: gordao: perto do delete, end
13:55:44 : Command: DDarck: aff voltei sem mapa rsrs
13:55:57 : Group: gordao: 960m
13:56:13 : Group: gordao: voce quer esperar
13:56:18 : Group: gordao: alguem fazer
13:56:25 : Group: gordao: e dai pegamos o car a
13:56:33 : Group: gordao: ou quer fazer nois ?
13:56:38 : Group: =VBR= CAP.TIAGO: como tu achar ,elhor
13:56:47 : Group: gordao: acho melhor nos fazermos
13:56:55 : Group: gordao: ser bem rapido e ir embora rapido
13:57:11 : Group: gordao: 500m
13:57:23 : Group: gordao: ja tao razendo
13:57:27 : Group: gordao: mao atira
13:57:29 : Group: gordao: nao atira
13:57:40 : Group: gordao: vamos até la
13:58:25 : Group: gordao: ta aqui na frente
13:58:57 : Group: =VBR= CAP.TIAGO: mas nao morreu nenhum bort
13:59:02 : Group: gordao: ss
13:59:14 : Group: Regular: yt vjue d nc pfqnb
13:59:21 : Group: Regular: не могу в тс зайти
13:59:31 : Group: gordao: e pra ter 8
13:59:53 : Group: gordao: tao atraz da casa
14:00:02 : Group: =VBR= CAP.TIAGO: vai ser foda
14:00:13 : Group: =VBR= CAP.TIAGO: temos que nos aproximar
14:00:24 : Group: gordao: vamos esperar
14:01:07 : Command: Guust: pvp aonde?
14:01:37 : Command: [SOC] VetGet: como repara carro ?
14:01:54 : Group: gordao: sipa eu consigo matar eles
14:02:02 : Group: gordao: mais deve ter cuzao camperando aqui já
14:02:10 : Group: =VBR= CAP.TIAGO: certamente
14:02:22 : Group: gordao: tem muniçao pra minha arma ?
14:02:33 : Group: gordao: se tiver 1 pente a mais eu faço
14:02:36 : Group: =VBR= CAP.TIAGO: qual?
14:02:45 : Group: gordao: .303
14:02:53 : Group: gordao: lee enfield
14:03:10 : Group: =VBR= CAP.TIAGO: botei no chao
14:03:17 : Group: =VBR= CAP.TIAGO: nao sei quantas balas tem
14:03:27 : Group: gordao: tem alguem na floresta de cima
14:03:30 : Group: gordao: fica aqui
14:03:36 : Group: gordao: mataram 1 bot
14:03:58 : Group: gordao: ae
14:04:03 : Group: gordao: esses bots tem armas boas
14:04:07 : Group: =VBR= CAP.TIAGO: sim
14:04:09 : Group: =VBR= CAP.TIAGO: ak
14:04:13 : Group: gordao: quer esperar eles rapar a missao e pegar o que sobrar dos bots ?
14:04:21 : Group: gordao: melhor que arriscar morrer
14:04:22 : Group: =VBR= CAP.TIAGO: por mim
14:04:37 : Group: gordao: vem aqui pra traz
14:04:47 : Group: gordao: onde voce ta da pra ver dali de cima
14:05:20 : Group: =VBR= CAP.TIAGO: mas esses caras sao ruins
14:05:27 : Group: gordao: ss
14:05:29 : Group: =VBR= CAP.TIAGO: ja era para ter feito a missao
14:05:30 : Group: gordao: kd os bots ?
14:05:38 : Group: =VBR= CAP.TIAGO: mataram 2 bots
14:05:42 : Group: =VBR= CAP.TIAGO: na nossa frente
14:05:49 : Group: gordao: to procurando na floresta mais nao to vendo o cara nao
14:05:53 : Group: gordao: deve ter morrido pra eles
14:06:00 : Group: =VBR= CAP.TIAGO: eu tabem nao
14:06:16 : Group: gordao: vo mija
14:06:18 : Group: gordao: rapida1
14:06:22 : Group: =VBR= CAP.TIAGO: blz
14:07:01 : Group: gordao: voltei
14:07:17 : Group: gordao: to achando que os caras morreram
14:07:22 : Group: =VBR= CAP.TIAGO: tambem
14:07:34 : Group: gordao: opa
14:07:41 : Group: gordao: morreu nada
14:07:49 : Group: =VBR= CAP.TIAGO: o cara ta perto
14:07:57 : Group: gordao: ta na floresta da  frente
14:08:06 : Group: =VBR= CAP.TIAGO: sim
14:08:10 : Group: =VBR= CAP.TIAGO: tem bot de guile :D
14:08:23 : Group: gordao: tem que ficar ligeiro pra ver se nao tem nego nessa floresta aqui
14:08:28 : Group: gordao: que estamos
14:08:47 : Command: Guust: pvp aonde?
14:09:00 : Group: gordao: ja aconteceu de eu ficar morgando do lado de um cara e só perceber quando ele atirou nos bots
14:09:10 : Group: gordao: tipo, eu numa arvore ele na arvore do lado
14:09:21 : Group: =VBR= CAP.TIAGO: haahha[
14:09:42 : Group: =VBR= CAP.TIAGO: eita
14:09:44 : Group: =VBR= CAP.TIAGO: hahaha
14:09:47 : Group: gordao: e nao mato nem 1
14:09:51 : Group: gordao: cara ba1 do kct
14:09:59 : Group: =VBR= CAP.TIAGO: kkk
14:10:06 : Group: gordao: rapidao vo pega o bang la no fogo
14:10:11 : Group: gordao: 2 minutinhos fica de olho
14:10:42 : Group: =VBR= CAP.TIAGO: e se nos for para a outra floresta mais alta ali
14:10:46 : Group: =VBR= CAP.TIAGO: na nossa esquerda
14:10:50 : Group: =VBR= CAP.TIAGO: por baixo
14:11:37 : Group: =VBR= CAP.TIAGO: os bots esta atirando para nossa esquerda
14:12:13 : Group: gordao: chegei
14:12:21 : Group: gordao: porra o car anao fez 1
14:12:21 : Group: =VBR= CAP.TIAGO: hahaha
14:12:35 : Group: gordao: aja paciencia
14:12:36 : Group: =VBR= CAP.TIAGO: os bots estao atirando para nossa esquerda
14:12:51 : Group: =VBR= CAP.TIAGO: eu  pensei em ir para a floresta da esquerda por baixo
14:12:55 : Group: =VBR= CAP.TIAGO: essa mais alta ali
14:12:58 : Group: gordao: nao consigo ver eles direito, tem que ver onde eles tao rushando e mirando
14:13:12 : Group: gordao: é mt perto dos bots
14:13:17 : Group: gordao: eles iao te pegar
14:13:33 : Group: =VBR= CAP.TIAGO: ol cara la
14:13:51 : Group: =VBR= CAP.TIAGO: deitado do lado da casa
14:13:52 : Group: gordao: nao to vendo
14:13:56 : Group: =VBR= CAP.TIAGO: pegando o loot do bot morot
14:14:07 : Group: gordao: marca no mapa em grupo pra min
14:15:08 : Group: gordao: pode crer
14:15:11 : Group: gordao: eu vi os tiros pegando ali
14:15:20 : Group: =VBR= CAP.TIAGO: acho que era esse karobott
14:15:24 : Group: =VBR= CAP.TIAGO: sera que nao
14:15:41 : Group: gordao: um monte de tiro bateu ali no chao
14:15:49 : Command: =VBR= CAP.TIAGO: poois eh
14:15:55 : Group: =VBR= CAP.TIAGO: pois eh
14:16:13 : Group: =VBR= CAP.TIAGO: tem 2 zumbi la haha
14:16:24 : Group: gordao: nao vejo
14:16:26 : Group: gordao: agrados ?
14:16:31 : Group: =VBR= CAP.TIAGO: nnao
14:17:32 : Group: gordao: quer dar a volta bem ali por traz na direita e subir na floresta de cima 
14:17:32 : Group: =VBR= CAP.TIAGO: do lado
14:17:47 : Group: gordao: estao todos ali na esquerda
14:17:49 : Group: gordao: rusharam no cara
14:17:51 : Group: =VBR= CAP.TIAGO: sim
14:18:01 : Group: gordao: pera
14:18:04 : Group: gordao: tao olhando pra la
14:18:08 : Group: gordao: todos
14:18:15 : Group: =VBR= CAP.TIAGO: sim
14:18:50 : Group: gordao: o sv ta lotado até a boca, deve ter uns 5 caras aqui
14:18:53 : Group: gordao: ngm quer fazer missao
14:19:01 : Group: =VBR= CAP.TIAGO: tem zumbi na deiraita[
14:19:10 : Group: =VBR= CAP.TIAGO: reto aqui
14:19:18 : Group: =VBR= CAP.TIAGO: ta vindo para ca
14:19:23 : Group: gordao: recua um pouco
14:19:36 : Group: gordao: achei
14:19:37 : Group: =VBR= CAP.TIAGO: eu vi ele
14:19:45 : Group: =VBR= CAP.TIAGO: no topo da montanha da frente
14:19:48 : Group: gordao: ss
14:19:50 : Group: gordao: correndo pra direito
14:19:57 : Group: =VBR= CAP.TIAGO: vamos sair daqui
14:20:00 : Group: =VBR= CAP.TIAGO: zumbi ta vindo
14:20:02 : Group: gordao: recua por causa do zombie
14:20:08 : Group: gordao: ele viro
14:20:31 : Group: =VBR= CAP.TIAGO: caralho
14:20:33 : Group: =VBR= CAP.TIAGO: que merda
14:20:39 : Group: =VBR= CAP.TIAGO: os cara nao matam os bot
14:20:45 : Group: gordao: nem os bot mata eles
14:21:01 : Group: gordao: jaja a missao some nois vai ter perdido um tempao aqui
14:21:01 : Group: =VBR= CAP.TIAGO: se nos conseguissimos entrar na casa
14:21:26 : Group: gordao: tem mt zombie na volta
14:21:32 : Group: =VBR= CAP.TIAGO: pois é
14:21:35 : Group: gordao: se tivesse pistola com silenciador
14:21:37 : Group: gordao: eu ia pra la
14:21:46 : Group: =VBR= CAP.TIAGO: to tri a fim de rushar na casa
14:22:03 : Group: gordao: tb to
14:22:07 : Group: gordao: tacar o foda-se
14:22:11 : Group: gordao: o que voce tem de bom ai ?
14:22:12 : Group: =VBR= CAP.TIAGO: sim
14:22:16 : Group: =VBR= CAP.TIAGO: nada
14:22:19 : Group: =VBR= CAP.TIAGO: haha
14:22:22 : Group: gordao: tem algum laptop ?
14:22:27 : Group: gordao: pra fazermos o seu gerador na casa
14:22:40 : Group: =VBR= CAP.TIAGO: camera
14:22:47 : Group: =VBR= CAP.TIAGO: mobilephone
14:22:48 : Group: gordao: pior que nao
14:22:50 : Group: =VBR= CAP.TIAGO: radio
14:22:52 : Group: gordao: precisamos de 1 gerador
14:22:56 : Group: gordao: senao nao da pra construir
14:23:15 : Group: =VBR= CAP.TIAGO: mataram um na nossa frente
14:23:22 : Group: gordao: sss
14:23:25 : Group: gordao: tem mais nego aqui
14:23:30 : Group: gordao: deita maluco
14:23:44 : Group: gordao: ta nas arvores
14:23:49 : Group: gordao: ali na curva da floresta
14:23:52 : Group: gordao: nos pinheiros
14:24:02 : Group: gordao: to vendo o mano
14:24:04 : Group: gordao: aqui na frente
14:24:09 : Group: gordao: deitado
14:24:12 : Group: gordao: na esquerda da casa
14:24:20 : Group: gordao: um szombie policial do lado
14:24:27 : Group: gordao: mato ele
14:24:32 : Group: gordao: agro agro
14:24:36 : Group: gordao: morrue
14:24:40 : Group: gordao: kkkkkkkkkkkkk
14:24:42 : Group: =VBR= CAP.TIAGO: kkkk
14:24:47 : Group: =VBR= CAP.TIAGO: se fudeu
14:24:49 : Group: =VBR= CAP.TIAGO: kkk
14:24:53 : Group: gordao: melhor nao irmos la
14:24:57 : Group: gordao: deixa pra qm pode
14:25:05 : Group: =VBR= CAP.TIAGO: carai tao comendo o cu dele la hahaha[
14:25:12 : Group: gordao: né
14:25:21 : Group: gordao: 1 corpo pra lootiar ja tem
14:25:35 : Group: =VBR= CAP.TIAGO: kakaka
14:25:42 : Group: =VBR= CAP.TIAGO: vamos lotiar soh amanha
14:25:59 : Group: gordao: da pra esperar a missao sumir
14:25:59 : Group: =VBR= CAP.TIAGO: tem 2 corpos de bot la tambem
14:26:03 : Group: gordao: ele parecia ter arma boa
14:26:12 : Group: =VBR= CAP.TIAGO: sim
14:26:25 : Group: gordao: binoculo faz falta agora
14:26:28 : Group: gordao: tem pilha ai ?
14:26:35 : Group: =VBR= CAP.TIAGO: vamos por baixo até a outra floresta?
14:26:43 : Group: =VBR= CAP.TIAGO: nao
14:26:45 : Group: gordao: nossa posicao aqui ta legal
14:26:53 : Group: =VBR= CAP.TIAGO: blz
14:27:01 : Group: gordao: olha, pra fazer um rangefinder
14:27:08 : Group: gordao: vai 1 camera, 2 baterias e um celular
14:27:44 : Group: gordao: que silencio
14:27:57 : Group: =VBR= CAP.TIAGO: sim
14:28:42 : Group: gordao: fica aqui
14:28:47 : Group: gordao: vou rodear a floresta por baixo
14:28:57 : Group: gordao: e ja volto, vou ver se tem neginho deitado aqui envolta
14:29:02 : Group: =VBR= CAP.TIAGO: acho melhgor irmos juntos
14:29:17 : Group: =VBR= CAP.TIAGO: ta certo
14:30:10 : Group: =VBR= CAP.TIAGO: tem bot aqui na minha frente
14:30:22 : Group: gordao: to voltando
14:30:55 : Group: =VBR= CAP.TIAGO: deita viado
14:30:58 : Group: gordao: koe
14:31:04 : Group: gordao: tem uns 3 aqui na frente
14:31:07 : Group: =VBR= CAP.TIAGO: ta vindo
14:31:55 : Group: =VBR= CAP.TIAGO: deita
14:31:57 : Group: =VBR= CAP.TIAGO: hahaha
14:32:03 : Group: gordao: droga só tinha 1 bala no pente que tu me deu
14:32:06 : Group: gordao: quase virei picadinho
14:32:12 : Group: =VBR= CAP.TIAGO: mas eu to aqui
14:32:14 : Group: =VBR= CAP.TIAGO: haha
14:32:21 : Group: gordao: to vendo 2 corpos
14:32:24 : Group: gordao: de players acho
14:32:46 : Group: =VBR= CAP.TIAGO: tap vindop
14:32:49 : Group: gordao: merda
14:32:50 : Group: gordao: vo morre
14:32:54 : Group: gordao: levei
14:33:12 : Group: gordao: tenho que parar o sangramento
14:33:22 : Group: gordao: ta na frente
14:33:24 : Group: gordao: vai pra traz
14:33:38 : Group: gordao: deita
14:33:43 : Group: gordao: vix
14:33:44 : Group: gordao: kkkk
14:33:45 : Group: =VBR= CAP.TIAGO: morri
14:33:49 : Group: =VBR= CAP.TIAGO: levei e morri
14:33:49 : Group: gordao: demaiou nao ?
14:33:59 : Group: =VBR= CAP.TIAGO: ta tudo branco
14:34:04 : Group: gordao: entao nao morreu ainda
14:34:10 : Group: =VBR= CAP.TIAGO: o que acontece
14:34:12 : Group: gordao: o bot ta aqui
14:34:13 : Group: =VBR= CAP.TIAGO: tem que esperar
14:34:16 : Group: gordao: tu ta desmaiado
14:34:19 : Group: gordao: tem que epserar 
14:34:21 : Group: gordao: se ngm matar
14:34:26 : Group: gordao: tu volta
14:34:34 : Group: =VBR= CAP.TIAGO: ta na nossa frente
14:34:36 : Group: gordao: bot passou aqui do lado
14:34:40 : Group: =VBR= CAP.TIAGO: sim
14:34:42 : Group: gordao: se eu levanta ele me mata
14:34:51 : Group: gordao: tem que torcer pra nao morrer pro sangramento
14:34:53 : Group: =VBR= CAP.TIAGO: fica de boa
14:35:08 : Group: gordao: u volto
14:35:11 : Group: gordao: tu*
14:35:14 : Group: gordao: mata o bot ai
14:35:19 : Group: gordao: ou corre pra baixo
14:35:24 : Group: gordao: pra se curar
14:35:31 : Group: gordao: eu nem to mais sangrando
14:35:34 : Group: gordao: voltei
14:35:40 : Group: gordao: desce
14:35:41 : Group: gordao: desce
14:35:53 : Group: gordao: vem pra baixo
14:35:54 : Group: gordao: logo
14:36:00 : Group: gordao: agora morri
14:36:57 : Group: gordao: droga
14:37:05 : Group: =VBR= CAP.TIAGO: matei eles aqui
14:37:15 : Group: gordao: pera
14:37:16 : Group: gordao: tem 1 vivo
14:37:20 : Group: gordao: to a 4 km
14:37:25 : Group: gordao: da pra me esperar ?
14:37:31 : Group: gordao: vai um pouco pra baixo e se heala
14:38:11 : Group: gordao: morri de bobeira
14:38:16 : Group: gordao: o terreno me fez agaixar
14:38:26 : Group: gordao: ai foi so levantar q morri
14:39:29 : Group: gordao: voce fez ?:
14:39:34 : Group: =VBR= CAP.TIAGO: nao
14:39:38 : Group: gordao: merda
14:39:44 : Group: gordao: pega a lee enfield no meu corpo
14:39:50 : Group: gordao: e fica de olho na crate
14:39:56 : Group: gordao: to a 3km
14:40:01 : Group: gordao: 6 minutos
14:40:09 : Group: =VBR= CAP.TIAGO: to de navid
14:40:12 : Group: gordao: suave
14:41:07 : Group: gordao: to vendo teu nome
14:41:34 : Group: gordao: ae
14:41:38 : Group: gordao: tu tem skype ?
14:41:40 : Group: gordao: tive uma ideia
14:42:29 : Group: =VBR= CAP.TIAGO: to de molho nas caixas
14:42:36 : Group: gordao: kk, susa
14:42:45 : Group: gordao: da pra conversamos comigo usando o skype do celular
14:42:58 : Group: gordao: ai nao perde tempo no chat
14:43:05 : Group: =VBR= CAP.TIAGO: ja vou sair viado
14:43:10 : Group: gordao: lpe
14:43:13 : Group: gordao: koe 
14:43:14 : Group: =VBR= CAP.TIAGO: soh to guradando pra ti aqui
14:43:25 : Group: gordao: sai que horas ?
14:43:29 : Group: =VBR= CAP.TIAGO: ai depois a noite jogamos
14:43:35 : Group: =VBR= CAP.TIAGO: mais uns 15 minutos to saiundo
14:43:44 : Group: gordao: pdpa mais eu vou dormir cedo hoje
14:43:48 : Group: gordao: amanha acordo as 5
14:43:51 : Group: =VBR= CAP.TIAGO: umas 15 horas to pulando hoje
14:43:55 : Group: =VBR= CAP.TIAGO: eu tambem
14:43:59 : Group: =VBR= CAP.TIAGO: mas jogamos amanha
14:44:04 : Group: gordao: pdcre
14:44:08 : Group: gordao: entro la pras 13
14:44:23 : Group: =VBR= CAP.TIAGO: o cara saiu da casa e deixou as caixas
14:44:28 : Group: gordao: oxe
14:44:36 : Group: =VBR= CAP.TIAGO: acho que ele ta na floresta camperando
14:44:40 : Group: gordao: acho que vai marcar elas
14:44:43 : Group: gordao: ss
14:44:59 : Group: gordao: 1000m
14:45:41 : Group: =VBR= CAP.TIAGO: ele ta esperando o amigo acoradarn do desmaio
14:45:47 : Command: Achilles: para !
14:45:59 : Group: gordao: vai arriscar ir pra caixa ou vai sair mesmo 
14:46:01 : Group: gordao: quando eu chegar ai
14:46:12 : Command: Deniels: что за нахуй
14:46:12 : Group: gordao: nossa, os pipoco
14:46:19 : Group: gordao: tu ?
14:46:20 : Group: =VBR= CAP.TIAGO: matei
14:46:23 : Group: gordao: boooa
14:46:33 : Group: gordao: to aqui embaixo, 500m
14:47:19 : Group: =VBR= CAP.TIAGO: entreou nego na casa
14:47:21 : Group: =VBR= CAP.TIAGO: pelado
14:47:59 : Group: gordao: qr q eu rusho 
14:48:14 : Group: =VBR= CAP.TIAGO: matei
14:48:58 : Group: gordao: aqui
14:49:00 : Group: gordao: um gerador
14:49:01 : Group: gordao: mano
14:49:02 : Group: gordao: pra tu
14:51:57 : Group: =VBR= CAP.TIAGO: morreu?
14:52:03 : Group: gordao: sim
14:52:10 : Group: =VBR= CAP.TIAGO: viu da onde?
14:52:10 : Group: gordao: no corpo do cara que tava cheio de zombie
14:52:15 : Group: gordao: do ladinho
14:52:18 : Group: gordao: ta bem perto de tu
14:52:21 : Group: gordao: cuidado
14:52:38 : Group: gordao: to a 6km vo me matar
14:52:57 : Group: =VBR= CAP.TIAGO: nao sei se eu nao matei
14:53:08 : Group: gordao: vix
14:53:10 : Group: gordao: corre dai
14:53:12 : Group: gordao: com o gerador
14:53:14 : Group: gordao: pega os pregos tb
14:53:21 : Group: gordao: e ja eesloga
14:53:31 : Group: gordao: que eu vou ai e jaja saio tb pra fazer li;ao
15:01:31 : Command: BolsaDelicia: /
15:01:37 : Command: BolsaDelicia: .
15:02:06 : Command: [CAES]Jean: algum clan recrutando?
15:05:48 : Command: [CAES]Jean: alguma unidade recrutando?
15:08:09 : Command: Mr.Abou: CARALHO
15:08:13 : Group: Mr.Abou: DERRUBEI O HOSPITAL
15:08:18 : Command: gordao: buceta
15:08:37 : Command: Achilles: likao
15:08:46 : Command: gordao: larikao
15:09:01 : Command: [CAES]Jean: alguma unidade recrutando?
15:09:15 : Command: Mr.Abou: CARALHO, DERRUBEI O HOSPITAL COM UM MACHADO KKKKKKKKKKKKKKKK
15:09:16 : Command: Mr.Abou: E MORRI
15:09:21 : Command: Achilles: burrao
15:09:33 : Command: Mr.Abou: como eu ia saber q ele ia cair
15:09:34 : Command: Achilles: tem q sair de perto
15:09:38 : Command: Mr.Abou: queria quebrar o vidro
15:09:43 : Command: Mr.Abou: eu tava de machado
15:09:43 : Command: Achilles: ta bugado kkk
15:09:54 : Command: Mr.Abou: rachei kkkkkkkkkkkkkkkk
15:10:00 : Command: Mr.Abou: a morte mais ridicula
15:10:49 : Command: BolsaDelicia: como pega o machado 
15:11:10 : Command: Achilles: gira scroll do mouse
15:11:25 : Command: BolsaDelicia: valeu
15:11:28 : Command: BolsaDelicia: mas n deu
15:11:40 : Command: Achilles: n aparece '' hatchet '' ?
15:11:44 : Command: BolsaDelicia: n
15:11:50 : Command: Achilles: tenta ç
15:11:51 : Command: BolsaDelicia: nao apaerece nada
15:11:54 : Command: Marquess: ctrl direito + Ç
15:12:15 : Command: BolsaDelicia: deu
15:12:18 : Command: BolsaDelicia: valeu
15:12:20 : Command: Achilles: ae !
15:12:30 : Command: Achilles: agr pode matar os pelados
15:12:33 : Command: BolsaDelicia: sim
15:12:41 : Command: LokoPla4y: como que pega o machado??
15:12:50 : Command: Achilles: krl kkk cabo de falar ai 
15:13:08 : Command: Marquess: ctrl direito + Ç 
15:13:23 : Command: LokoPla4y: kkkkkkkkk foii mal
15:13:24 : Command: BolsaDelicia: BORA TS
15:13:32 : Command: LokoPla4y: tava nas config carai kkkkkkkk
15:13:46 : Command: Achilles: kkkkk relaxa
15:13:48 : Command: Marquess: rlx kkk
15:13:58 : Command: Achilles: n me imita ! paz
15:14:10 : Command: Marquess: oxe 
15:14:23 : Command: YUGIHN: IIIII TRETA
15:14:30 : Command: BolsaDelicia: COITADO DO MAGRELINHO
15:14:46 : Command: Achilles: kkkkk
15:14:48 : Command: Marquess: rsrsrsrs
15:14:48 : Command: Achilles: s2
15:15:29 : Command: Achilles: sozin ta chaaaatoo
15:15:38 : Command: BolsaDelicia: BORA TS
15:15:41 : Command: YUGIHN: coitado tinha 2 caras fazendo uma missao fui la sem nada so um uma 12 metei os 2 e sai full loot
15:15:43 : Command: BolsaDelicia: MANDO GRUPO
15:15:44 : Command: Marquess: pois é bora faze dupla de dois
15:15:45 : Command: LokoPla4y: passa o ts ai
15:15:47 : Command: Marquess: ?
15:15:59 : Command: BolsaDelicia: OK
15:16:02 : Command: BolsaDelicia: ACHEI AK
15:16:25 : Command: BolsaDelicia: lols.ts3pro.com
15:16:25 : Command: Mr.Abou: lecal
15:16:26 : Command: LokoPla4y: ta osso achar as armas kakkk
15:16:26 : Command: BolsaDelicia: SALA 3
15:16:33 : Command: BolsaDelicia: NADA
15:16:47 : Command: BolsaDelicia: ACHEI AK ,CZ,LEE
15:16:59 : Command: LokoPla4y: entrei puxa la
15:17:35 : Command: BolsaDelicia: ENTRA SALA 3
15:17:49 : Command: BolsaDelicia: N TENHO PERMISSAO
15:20:38 : Command: Gabriel: como q repara veiculo eu ja tenho o motor
15:21:03 : Command: Achilles: hrs nesse mod e n achei 1 fucking carro kkk
15:22:55 : Command: Gabriel: como repara veiculo alguem sabe?
15:23:16 : Command: Ace 22: nao sei mano
15:28:16 : Command: Gabriel: o boneco acorda quando a tela fica embacada ou alguem precisa te ajudar?
15:28:31 : Command: gordao: se voce tiver desmaiado e sangrando tem chance de morrer
15:28:33 : Command: GuuzRA: depende
15:28:36 : Command: gordao: ou parar o sangramento e tu levanta
15:28:39 : Command: gordao: dai tem que epserar
15:28:43 : Command: Ace 22: alguem sabe me explicar o que significa os icones?
15:28:44 : Command: GuuzRA: ss
15:28:55 : Command: gordao: quais icones ?
15:28:57 : Command: GuuzRA: pode morrer ou pode levantar de novo
15:29:02 : Command: gordao: sim
15:29:03 : Command: Ace 22: verdes do lado direito
15:29:07 : Command: Ace 22: na tela
15:29:08 : Command: GuuzRA: depende da Gravidade que vce ta
15:29:08 : Command: Gabriel: tem uma mao sangrando do lado
15:29:13 : Command: spAnnii: tem osm msm lugar de loot que o SA?
15:29:15 : Command: gordao: certo
15:29:35 : Command: gordao: os 2 primeiros sao o quao visivel voce esta e quanto barulho voce ta fazendo
15:29:37 : Command: Gabriel: murri
15:29:38 : Command: Gabriel: kkk
15:29:40 : Command: Gabriel: gg
15:29:50 : Command: gordao: e o carinha com a arma la embaixo eh se voce esta em combate
15:30:27 : Command: Ace 22: mas isso só vale pros zumbis ... certo?
15:30:32 : Command: gordao: sim
15:30:38 : Command: gordao: se nao me engano tb se aplica a bot
15:30:41 : Command: Ace 22: vlw brother
15:30:46 : Command: gordao: mais eles vem de muito mais longe que os zombies
15:30:59 : Command: gordao: eh nosis
15:31:39 : Command: Gabriel: morri mas levei um e dexei outro na merda
15:31:41 : Command: Gabriel: *-*
15:32:06 : Command: gordao: olco
15:32:10 : Command: gordao: uma parte da minha casa sumiu
15:33:26 : Command: Ace 22: como consumo rango e bebida?
15:33:56 : Command: gordao: ae
15:34:00 : Command: gordao: como eu pulo nos muros
15:34:05 : Command: gordao: das construcoes
15:34:26 : Command: Gabriel: q zumbi atrevido
15:34:30 : Command: Gabriel: abriu a porta
15:34:58 : Command: Ace 22: celular?
15:35:03 : Command: Ace 22: pra que isso?
15:43:32 : Command: Achilles: mais de 40 cabeças e eu n acho 1 kkk
15:43:47 : Command: gordao: e so ir onde tem loot militar
15:43:50 : Command: gordao: que acha facim facim
15:43:51 : Command: Ace 22: como consome comida
15:43:59 : Command: Achilles: ja fui mts vzs kkk
15:44:02 : Command: Gabriel: krasnostav tem um bando de cone
15:44:05 : Command: Achilles: to me matando
15:44:16 : Command: Ace 22: nao vem pra krasnostav nao ... eu to aqui
15:44:18 : Command: gordao: aqui na torre verde perdo de polana tem uns caras
15:44:19 : Command: Achilles: cara ... eu tava em krasno agr
15:44:34 : Command: Achilles: limpei kranoz agorinha
15:44:38 : Command: Achilles: me matei
15:44:44 : Command: Achilles: to em elektro
15:45:10 : Command: gordao: o que acontece se nao fizer manuten;ao na base ?
15:45:15 : Command: Gabriel: se vc acabou de limpar krasnotaav agora vc eh surdo lol
15:45:26 : Command: Achilles: limpei agorinha
15:45:30 : Command: Achilles: mas me matei
15:45:38 : Command: Achilles: n da pra ficar em dois lugares ao msm tempo
15:45:40 : Command: Achilles: paz
15:46:41 : Command: gordao: caramba explodiram um orca aqui na torre verde perto de polana
15:46:46 : Command: gordao: parabains aos envolvidos
15:48:01 : Command: [CAES]Jean: alguem sabe pra que serve o laptop?
15:48:15 : Command: spAnnii: craft
15:48:27 : Command: gordao: pra fazer gps e gerador pra construir base
16:07:43 : Command: Flonki: .
16:08:03 : Command: Flonki: how can i craft a rangefinder? got all the stuff for it
16:15:53 : Group: LokoPla4y: /suicid
16:16:03 : Command: Gabriel: kkk quem foi o infeliz q se matou com a granada na torre?
16:16:04 : Group: LokoPla4y: /suicied
16:16:14 : Command: gordao: ouvi de longe essa
16:16:42 : Command: Gabriel: o cara foi jogar granada em mim, quando desci pra ver tava ele jogado no chao 
16:16:57 : Command: gordao: aconteceu a uns 5 mins ja ne ?
16:17:03 : Command: Gabriel: s
16:17:09 : Command: gordao: kkk ouvi
16:17:37 : Command: Camilo: fui eu q joguei
16:17:42 : Command: Camilo: mas eu nao morri
16:18:40 : Command: ArMy iShoterXD: aonde está bom para lotiar ?
16:18:47 : Command: gordao: nas casas
16:22:04 : Command: gordao: qualquer coisa explosiva derruba construçao de player ?:
16:22:26 : Command: ArMy iShoterXD: pelo que eu vi ainda n da para destroir 
16:22:38 : Command: gordao: tinha um cara falando sobre usar rpg
16:22:43 : Command: Sniper Z : para que serve o laptop?
16:22:57 : Command: gordao: pra fazer gerador pra construir base e gps
16:23:14 : Command: Sniper Z : vlew
16:24:13 : Command: Sniper Z : ei vc estao tendo problema pra troca de arma 1 primaria pra 2?
16:24:28 : Command: Sniper Z : pois eu nao estou conseguindo mudar
16:24:29 : Command: Segato: N
16:27:08 : Command: Gabriel: kkkk
17:16:12 : Command: Vini: zumbio bugado d+ pqp
17:16:22 : Command: gordao: nao sei onde
17:16:33 : Command: Vini: bate a 10 metros de distancia
17:16:41 : Command: gordao: entao tu ta lagado
17:16:52 : Command: Vini: to nada
17:16:58 : Command: Vini: zumbi do arma 2
17:17:02 : Command: Vini: eh assim mesmo
17:17:17 : Command: gordao: mais parecem zombies do dayz, um pouco modificados
17:17:36 : Command: gordao: sao otimos, bom, comigo ainda nao bugaram
17:34:47 : Command: gordao: nem pra me ataca desmaiado o zombi presta ./
18:03:47 : Group: LokoPla4y: suiciede
18:04:26 : Group: LokoPla4y: suicide
18:04:42 : Group: BolsaDelicia: ;.,ç~
18:08:57 : Command: Vini: alguem sabe me dizer se preciso de gerador pra conseguir craftar pelo inventario?
18:14:01 : Command: Vini: tenho 4 wood pile e nao consigo fazer wood board sendo que tenho serra... grrrrrrrrrrrrrrrrrrrr
18:19:57 : Command: Lucas: tem ninguem pra baixo aq no mapa n? cherno, balota, eletro
18:20:08 : Command: Vini: eu
18:24:29 : Side: Tonhao: como config  para subir muro
18:28:55 : Command: Vini: po
18:29:01 : Command: Vini: alguem quer um helicoptero:?
18:29:08 : Command: Vini: nao tenho o apex ;~~ nao consigo entrar
18:29:44 : Command: Dimak: Я смотрю тут и с Экстремо набежали)
18:30:45 : Command: Tonhao: como configurar para pular muro alguem pode me ajudar
18:31:02 : Command: Pedro: wsc
18:31:06 : Command: Pedro: esc
18:31:14 : Command: YUGIHN: APERTA ESC VAI DO LADO KEYS E CONFIGURA
18:31:29 : Command: Tonhao: qual e o comado
18:31:56 : Command: YUGIHN: configura uma tecla qualquer eu uso o T
18:32:12 : Command: Vini: vcs nao querem helicoptero:?
18:34:11 : Command: Vini: so to andando de vagar, alguem sabe como tirar?
18:34:34 : Command: gordao: tenta apertar ctrl 2 vezes
18:34:51 : Command: Vini: continua =/
18:34:57 : Command: gordao: entao sei na1
18:35:11 : Command: Vini: vlw
18:35:13 : Command: Vini: gordao
18:35:19 : Command: gordao: funfo ?
18:35:23 : Command: Vini: tem um heli aqui na factory perto de brezino
18:35:53 : Command: Vini: nao tenho o apex nao consigo entrar nele =/
18:36:09 : Command: gordao: um taurus ?
18:36:33 : Command: Vini: nao sei
18:36:38 : Command: Vini: acho q sim, aquele que reboca
18:37:24 : Command: Vini: pegaram
18:37:31 : Command: Vini: to escutando barulho dele
18:37:43 : Command: gordao: essas dlc eh mt caro
18:37:49 : Command: Vini: sim
18:38:04 : Command: gordao: só o kart é acessivel e ainda sim eu nao tenho
18:38:15 : Command: Vini: eu comprei do kart e heli
18:39:27 : Command: gordao: só jogasso na promoçao de halloween da steam
18:40:14 : Command: gordao: to mais é mais facil tu falar no chat
18:40:37 : Command: Dimak: shut up
18:40:43 : Command: gordao: usa o chat nao viadu
18:40:52 : Command: Vini: da ban
18:40:56 : Command: Pedro: velho pf n usa voip aki
18:42:11 : Command: gordao: vix
18:42:16 : Command: gordao: só de olha torto minha net ja cai
18:46:04 : Side: Ian Ladeia: como faz grupo??
18:46:12 : Command: gordao: u
18:46:31 : Command: BolsaDelicia: aperta u
18:46:37 : Side: [RAN] FORTEX: U
18:47:21 : Command: gordao: alguem tem uma mira legal de sniper pra doar nao ?: ;/
18:47:32 : Command: gordao: um lprl
18:47:36 : Command: gordao: de leviz
18:48:43 : Command: gordao: ae mulecada qm quer pvp vem na torre 5 perto de polana 
18:48:54 : Command: gordao: que eu pego voces aqui haha
18:50:30 : Command: gordao: ngm ?
18:50:43 : Command: gordao: to achando que esses cara curte casinha
18:51:05 : Command: lHaji: descobriu o chat hoje amigao?
18:51:12 : Command: gordao: who want some pvp come to tower 5 near polana
18:51:24 : Command: gordao: te devo alguma coisa agora que nao posso falar o que quiser no chat ?
18:51:37 : Command: gordao: ou quanto quiser ?
18:54:32 : Direct: Forcer: kill me
18:54:37 : Direct: Forcer: cmon
18:54:43 : Direct: Forcer: kill
18:54:45 : Direct: Forcer: kill
18:56:50 : Group: BETEP: папи тапор нужен??
18:56:59 : Group: Pupi: u men9a est
18:57:02 : Group: Pupi: sebe beri
18:57:08 : Group: BETEP: ато у меня 2 
18:57:19 : Group: Mushketer: mne takie ne nujni
18:59:45 : Group: Pupi: nugen metal
19:00:14 : Direct: Forcer: kill
19:00:15 : Group: Pupi: нарубите дрова
19:00:33 : Group: BETEP: стекло нужно???
19:00:38 : Group: Mushketer: нет
19:00:39 : Group: BETEP: ок
19:00:39 : Group: Pupi: нет
19:04:45 : Command: gordao: corre berg
19:05:16 : Direct: Forcer: me again
19:05:20 : Direct: Forcer: do it
19:05:22 : Direct: Forcer: )
19:05:51 : Direct: Forcer: just kill me
19:06:20 : Direct: Forcer: cmon
19:06:40 : Group: BETEP: дрова каму???
19:36:11 : Side: Ian Ladeia: onde e o melhor lugar pra pegar loot
19:36:22 : Command: Vini: vish.. ta meio ruim de loot
19:36:28 : Command: gordao: depende do loot que voce quer
19:36:31 : Command: Vini: mas no aeroporto la de cima na esquerda creio que eh o melhor
19:36:57 : Command: Almeida: MANO  pq eu fico flutuando quando encosto em algo?
19:37:13 : Command: Ian Ladeia: lot nesse serve e horrivel
19:37:18 : Command: gordao: sao borboletas no estogo
19:37:41 : Command: Almeida: tem outros servers?
19:37:47 : Command: gordao: nao
19:37:53 : Command: Almeida: achei só esse
19:38:03 : Command: gordao: porra qr loot facil num apocalipse zombie eh foda em
19:38:24 : Command: Vini: eu ja to a 2 horas fazendo loot
19:38:25 : Command: Vini: ta foda
19:38:27 : Command: gordao: com 50 outros jogadores lootiando no sv
19:38:31 : Command: DougBaster: falta quanto pro restart
19:38:32 : Command: Vini: nao achei notebook ainda
19:38:36 : Command: gordao: eu to a 3 dias e to pobre
19:39:07 : Command: Lavasque: alguem ja construiu base?
19:39:11 : Command: gordao: eu
19:39:12 : Command: Lavasque: funciona?
19:39:15 : Command: gordao: ss
19:39:16 : Command: Vini: to tentando.. falta so o latptop
19:39:16 : Command: gordao: mt bem
19:39:21 : Command: Lavasque: legal
19:39:41 : Command: Almeida: nesse mod tem mercado estilo epoch?
19:39:45 : Command: gordao: nao
19:39:52 : Command: Lavasque: nem safes neh?
19:40:05 : Command: gordao: Apocalipse zombie amigoes.
19:40:07 : Command: gordao: nao tem regalias
19:40:22 : Command: Almeida: porra boneco fica flutuando
19:40:32 : Command: gordao: borboletas no estomago
19:40:33 : Command: Almeida: como desbuga
19:40:36 : Command: gordao: toma lacto purma
19:40:54 : Command: Lavasque: sim....pra mim tendo missoes e bases ta otimo
19:41:00 : Command: Almeida: mano please
19:41:03 : Command: Almeida: como desbuga 
19:41:05 : Command: Lavasque: e nao tendo veiculos apeloes
19:41:09 : Command: Almeida: porra se ficar assim eh ridiculo
19:41:31 : Command: Almeida: carai to voando q merda
19:41:31 : Command: gordao: reloga fiao
19:41:40 : Command: gordao: pode ser sua net no dsync
19:41:53 : Command: gordao: loss
19:42:21 : Command: Lavasque: gordao, vc chegou construir alguma casa pronta?
19:42:24 : Command: Vini: eita porra.. deram zoom no mussum
19:42:26 : Command: gordao: nao
19:42:30 : Command: Vini: tudo escuro
19:42:33 : Command: Lavasque: achei mto foda as coisas q pode construir
19:42:47 : Command: Vini: da pra trancar porta gordao?
19:43:01 : Command: gordao: mais perto de vybor tem algumas bases assim, bem altas com construcoes prontas no topo
19:43:04 : Command: gordao: sim vini
19:43:11 : Command: Vini: como?
19:43:19 : Command: gordao: so construir
19:43:19 : Command: Lavasque: q foda
19:43:24 : Command: gordao: que ja tem a opcao
19:43:28 : Command: Vini: hmm
19:44:13 : Command: gordao: jaja reinicia e volta de dia
19:44:28 : Command: Vini: po.. ontem encontrei 2 laptops juntos e morri =
19:44:44 : Command: gordao: eu dei sorte com um que achei
19:44:49 : Command: gordao: deu pra construir o gerador
19:45:10 : Command: gordao: eu to eh na procura de pregos
19:45:17 : Command: Vini: e eu de arame
19:45:27 : Command: gordao: pra que ?
19:45:30 : Command: Vini: toolbox
19:45:37 : Command: gordao: nao precisa pra construir base
19:45:40 : Command: Vini: achei um carro todo fudido quero arrumar
19:45:44 : Command: gordao: ata
19:45:54 : Command: gordao: tb achei um
19:45:56 : Command: gordao: azulzinho
19:46:18 : Command: Ponchik: restart time?
19:46:24 : Command: gordao: some mins
19:46:34 : Command: Ponchik: more 5 min?
19:46:37 : Command: Ponchik: ok
19:46:38 : Command: gordao: near
19:47:42 : Command: gordao: vo saindo volto depois do restart falow
19:48:08 : Command: Lavasque: valeu...flws
19:48:11 : Command: gordao: em alguns
19:57:33 : Command: Junior: killme
20:01:49 : Command: Almeida: quem ta aqui no aero é br?
20:02:43 : Command: Almeida: algum br ta no aero
20:02:49 : Command: Almeida: q queria fazer parceria
20:07:53 : Command: DougBaster: troco 1 laptop por 2 arame
20:08:01 : Command: Almeida: coe
20:08:05 : Command: Almeida: como eu sei q to sangrando?
20:08:41 : Command: Almeida: ?
20:09:03 : Command: Almeida: algum br pra jogar junto
20:09:17 : Command: lHaji: fica piscando no hud cara 
20:09:27 : Command: Almeida: ata
20:09:34 : Command: Almeida: po tem um cara querendo me matar aqui no aero
20:09:37 : Command: Almeida: deve ser gringo
20:11:15 : Command: Almeida: como configuro a tecla de mudar arma
20:11:17 : Command: Almeida: como muda?
20:11:31 : Command: FreakBrazil: scroll cara.
20:11:34 : Command: FreakBrazil: ou tenta ç
20:12:01 : Command: Almeida: ah sim
20:12:03 : Command: Almeida: brigadao cara
20:18:01 : Command: Almeida: quem eh ihaji
20:19:25 : Command: PETRUS: YUGHIN\
20:19:27 : Command: PETRUS: CAHMA
20:19:30 : Command: PETRUS: CHAMA
20:19:56 : Command: YUGIHN: aceita ai
20:19:59 : Command: YUGIHN: e vem ts
20:20:30 : Command: PETRUS: .
20:20:40 : Group: PETRUS: passa ts
20:20:51 : Group: YUGIHN: 158.69.122.54:9994  
20:22:06 : Group: PETRUS: passa dnv
20:22:15 : Group: YUGIHN: 158.69.122.54:9994  \
20:22:18 : Group: YUGIHN: 158.69.122.54:9994  
20:24:24 : Group: YUGIHN: 158.69.122.54:9994  
20:25:41 : Group: YUGIHN: ???
20:25:52 : Group: PETRUS: os kra tao nascendo sem ropa
20:27:25 : Command: shazam: como arruma perna quebrada
20:34:24 : Group: YUGIHN: s
20:34:27 : Group: YUGIHN: entra ts
20:34:30 : Group: Leonardo: /kilme
