00:00:05 : Command: Brunolopesoc: cade vc agora pode vim min mata
00:00:38 : Group: rafaimpisa: voltei
00:01:00 : Group: rafaimpisa: tamo perto sim ton
00:01:52 : Group: rafaimpisa: jose com ta a sua sede
00:04:52 : Group: rafaimpisa: jose como ta a sua sede??????
00:06:01 : Command: Uedson: para de falar ae viado
00:06:03 : Command: berkut: Ç
00:06:19 : Command: DolanDolant: don't speak in world voip plz
00:06:28 : Command: berkut: try ç
00:06:39 : Command: doente: alguem quer se juntar ai?
00:06:47 : Command: DolanDolant: eu
00:06:52 : Command: Brunolopesoc: EU
00:07:13 : Command: Brunolopesoc: NA ONDE 
00:07:19 : Command: doente: add na steam ai: crackudo
00:07:25 : Command: doente: hkkkkkk
00:07:41 : Group: rafaimpisa: podiamos comeaçar base ja q o jose tem machado
00:07:59 : Command: Brunolopesoc: tem um monte la
00:08:26 : Command: doente: a fto eh do champignon
00:08:39 : Command: VBR :-) ' Azazel: tem ts esse server?
00:08:48 : Group: rafaimpisa: nao intendi
00:08:50 : Command: doente: passa o de vcs tbm
00:09:05 : Group: rafaimpisa: vamos fazer la onde o ton morreu
00:09:46 : Command: Victor Huffer: Mue deus, quero me matar mas esses zumbis nao acertam um unico hit kkk
00:09:50 : Command: DolanDolant: adc na steam ai Tiu-Dolan é a foto da D.Va do ovewatch
00:10:30 : Command: Brunolopesoc: brunosouza
00:10:37 : Command: Brunolopesoc: tem foto de um jato
00:11:06 : Command: doente: brunosouza?
00:11:18 : Command: DolanDolant: adc eu ai
00:11:21 : Group: rafaimpisa: ton consegue explicar onde morreu mano
00:11:31 : Command: doente: to preocurando
00:11:50 : Command: Brunolopesoc: AFFF
00:11:57 : Direct: [SOC] PitBull: vamos concentrar em matar ele
00:12:03 : Direct: [SOC] PitBull: depois a gnt se resolve
00:12:06 : Command: Brunolopesoc: como e foto sua  la
00:12:11 : Command: doente: achei o bruno
00:12:14 : Command: Brunolopesoc: chegou 
00:12:15 : Command: Jon: .
00:12:20 : Command: doente: agr falta vc dolan
00:12:30 : Command: DolanDolant: Tiu-Dolan
00:13:01 : Command: doente: ae carai achei
00:13:11 : Command: juninho McCoy: OLHA AI ADC EU TMB
00:13:23 : Command: juninho McCoy: PRA JOGAR EM GRUPO 
00:13:29 : Command: Polizzo: DONT USE VOIP
00:13:29 : Command: doente: passa sua steam
00:13:39 : Command: juninho McCoy: JUNINHOIGOR
00:13:54 : Command: juninho McCoy: TEM O HOMER NA FOTO
00:14:51 : Command: [RANGER]Gen Ex D. Recker: cade as missoes ?
00:15:12 : Group: rafaimpisa: foi mais perdo da floresta ou no campo abertp
00:15:22 : Command: berkut: ÇÇÇ
00:15:26 : Command: [RANGER]Gen Ex D. Recker: 1,2,3
00:15:44 : Command: berkut: press ÇÇÇÇ 
00:15:47 : Command: Matt Mason: Put the gun in your pack that you dont want to use
00:15:47 : Command: berkut: prick
00:16:01 : Command: juninho McCoy: TA ACEITO SO MANDA CONVITE
00:16:47 : Group: rafaimpisa: entao sumiu jose vamos fz\er aqui atras do castelo
00:17:14 : Group: rafaimpisa: nao acho q ja era
00:19:06 : Group: rafaimpisa: ja to provicendiando mano
00:19:29 : Group: rafaimpisa: eu to em um quarto sepado
00:19:39 : Group: rafaimpisa: vou fazer igual o outro fora da casa
00:19:59 : Group: rafaimpisa: liga o ar
00:20:27 : Group: rafaimpisa: espera vo matar os zumbis e ver
00:22:45 : Group: R-Senra: per a ae
00:23:58 : Command: [RANGER]Gen Ex D. Recker: o que fazer quando quebra a perna?
00:24:30 : Group: R-Senra: patroa telefone
00:25:26 : Command: ZelokoBR: adm tp aqui
00:26:22 : Group: R-Senra: patroa
00:26:25 : Group: R-Senra: telefone
00:28:32 : Command: Lucas: arrumem o dedicado la
00:28:35 : Command: Lucas: quero jogar
00:29:48 : Command: Vingador_MG: puta lag
00:36:04 : Command: Lucas: só eu q to sem mapa?
00:38:05 : Command: Jhon Sinaloa: pq n consigo colocar minha arma primaria na mao? nao aparece opcao
00:38:16 : Command: Lucas: aperta ç
00:38:28 : Command: Vingador_MG: aperta alt + f
00:38:30 : Command: Jhon Sinaloa: meu teclado n tem c
00:38:35 : Command: [RANGER]Gen Ex D. Recker: se quiser q apareça no scroll
00:38:56 : Command: [RANGER]Gen Ex D. Recker: tira a opção de 1,2,3 do jogo
00:39:01 : Command: Lucas: como faz pra aparecer no scroll?
00:39:07 : Command: [RANGER]Gen Ex D. Recker: nas configuraçoes
00:39:17 : Command: Lucas: nos keyboards la?
00:39:17 : Command: [RANGER]Gen Ex D. Recker: controles
00:39:28 : Command: [RANGER]Gen Ex D. Recker: armas
00:39:38 : Command: ZelokoBR: adm on
00:39:45 : Command: [RANGER]Gen Ex D. Recker: e onde tem trocar para pistola
00:39:50 : Command: [RANGER]Gen Ex D. Recker: primaria e tals
00:39:54 : Command: [RANGER]Gen Ex D. Recker: deixa sem nada
00:39:54 : Command: ZelokoBR: adm 
00:44:44 : Command: Jhon Sinaloa: nao consegui configurar as teclas pra primaria e secundaria
00:44:52 : Command: [RANGER]Gen Ex D. Recker: deixa sem nada
00:44:56 : Command: [RANGER]Gen Ex D. Recker: exclui elas
00:45:04 : Command: [RANGER]Gen Ex D. Recker: tem uma opçao
00:45:11 : Command: [RANGER]Gen Ex D. Recker: .clica na tecla
00:45:16 : Command: [RANGER]Gen Ex D. Recker: e dps em excluir
00:45:31 : Command: Jhon Sinaloa: fecha automatico por causa do ant cheat
00:45:50 : Command: [RANGER]Gen Ex D. Recker: é em controles
00:45:50 : Command: [RANGER]Gen Ex D. Recker: n em jogo
00:45:58 : Command: Jhon Sinaloa: eu sei
00:46:00 : Command: Jhon Sinaloa: pronto
00:46:02 : Command: Jhon Sinaloa: tudo limpo
00:46:10 : Command: Jhon Sinaloa: tu diz os custom controls
00:46:12 : Command: Jhon Sinaloa: ne?
00:46:13 : Command: Uedson: achei um veiculo todo lascado kk
00:46:16 : Command: [RANGER]Gen Ex D. Recker: nao
00:46:22 : Command: [RANGER]Gen Ex D. Recker: em ARMAAS
00:46:28 : Command: [RANGER]Gen Ex D. Recker: ARMAS*
00:47:00 : Command: Jhon Sinaloa: qual tenho q deixar em branco>
00:47:01 : Command: Uedson: o que precisa arruma veiculo
00:47:11 : Command: [RANGER]Gen Ex D. Recker: trocar para pistola
00:47:19 : Command: [RANGER]Gen Ex D. Recker: trocar para primaria
00:47:33 : Command: [RANGER]Gen Ex D. Recker: e trocar para arma secundaria
00:50:13 : Command: o2_: ei vc que acabou de entrar pelo muro do airfild.. sai de camper... eu estou te vendo!
00:50:45 : Command: Lucas: alguem pode me dizer pq caralhas eu n cosigo mudar a merda dos controles pra deletar a keys la 1 2 e 3
00:50:56 : Command: Lucas: fica fechando sozinho
00:51:06 : Side: [CST]TangoDown: faz fora do mod
00:51:09 : Command: [RANGER]Gen Ex D. Recker: sai do jogo entao
00:51:09 : Command: Vingador_MG: joga do jeito que ta,,,,pqp
00:51:24 : Command: [CST]TangoDown: faz fora do server
00:51:26 : Command: [CST]TangoDown: q da
00:51:30 : Command: Lucas: vlw
00:51:30 : Command: [RANGER]Gen Ex D. Recker: isso
00:52:01 : Command: Jhon Sinaloa: ae
00:52:02 : Command: Jhon Sinaloa: foi
00:52:10 : Command: [RANGER]Gen Ex D. Recker: ;)
00:52:13 : Command: Jhon Sinaloa: tira as opcoes e depois entra no game e da alt f
00:52:18 : Command: Jhon Sinaloa: q da pra mudar no scroll
00:52:20 : Command: Jhon Sinaloa: valeu
00:52:56 : Command: FuzileiroBrody: quanto tempo pro restart ?
00:53:08 : Command: [RANGER]Gen Ex D. Recker: 15min
00:53:49 : Group: Jacke: NHAAAAAAAAAA
00:54:01 : Group: Jacke: YAN PRETO FOSCO
00:54:50 : Command: MICHEL: ta um silencio abisurdo em cherno o0
00:55:43 : Command: Uedson: achei um carro mais n sei arrumar o que precisa?
00:56:01 : Command: berkut: olha o que ta quebrado e procura as peças
00:56:02 : Command: Jon: do I lose all my stuff on restart?
00:56:06 : Command: [REAL.S] Chernyy: como faz pro tomar soda?
00:56:08 : Command: o2_: dentro do glapao seu cego
00:56:15 : Command: [REAL.S] Chernyy: pra*
00:56:36 : Command: [RANGER]Gen Ex D. Recker: Jon, no..
00:56:44 : Command: Jon: sweet
00:56:53 : Command: Jon: ty
00:57:00 : Command: [RANGER]Gen Ex D. Recker: :)
00:57:08 : Command: Jon: :D
00:57:15 : Command: Jon: I have liek 500 hours in dayz
00:57:20 : Command: Jon: my first time trying it with arma
00:57:29 : Command: Jon: just killed a geared guy and im stoked haha
00:57:38 : Command: [RANGER]Gen Ex D. Recker: kkkk nice
00:57:48 : Command: [RANGER]Gen Ex D. Recker: i dont play much dayz
00:57:49 : Command: Uedson: tem algum comando da no carro ver o que ta quebrado
00:57:58 : Command: Uedson: ou tecla
00:58:15 : Command: [RANGER]Gen Ex D. Recker: but i have over 1300h in arma
00:58:21 : Command: Jon: dangn ice
00:58:23 : Command: Jon: nice*
00:58:35 : Command: Jon: I mostly play KOTH
00:58:37 : Command: gordao: como coloco o machado na mao
00:58:41 : Command: Jon: bout 500 hours on arma 3
00:59:02 : Command: [RANGER]Gen Ex D. Recker: i have level 50 in KOTH
00:59:17 : Command: gordao: 1200 hrs of arma 2 dayz/ 500 of dayz and 500 of arma 3
00:59:19 : Command: gordao: :)
00:59:33 : Command: [RANGER]Gen Ex D. Recker: i dont play arma 2
00:59:39 : Command: Jon: im level 75
00:59:45 : Command: gordao: the dayz from the arma 2 is the best ever
01:00:00 : Command: Slippy: 23cm cock
01:00:03 : Command: gordao: now, how i put the axe in my hand ?
01:00:39 : Command: [RANGER]Gen Ex D. Recker: limpa os controles nas ARMAS
01:00:47 : Command: gordao: ?
01:00:50 : Command: [RANGER]Gen Ex D. Recker: q vai aparecer no scroll
01:00:50 : Command: gordao: ata
01:00:51 : Command: Jon: why is everyone speaking a foreign language? wtf
01:00:53 : Command: gordao: vo caçar
01:01:11 : Command: Jon: hey recker. how do you change weapons? 1-3 doesnt work for me
01:01:23 : Command: berkut: Ç
01:01:23 : Command: Alex Kuster: mod bem lagadinho de fps em
01:01:24 : Command: Uedson: como assim limpa os controles
01:01:27 : Command: [RANGER]Gen Ex D. Recker: clear the keys in controls
01:01:37 : Command: [RANGER]Gen Ex D. Recker: weapons
01:01:51 : Command: gordao: como eu limpo
01:01:55 : Command: [RANGER]Gen Ex D. Recker: primary, handgun and secundary weapon
01:01:55 : Command: Lucas: mano como q pula muro nessa porra?
01:01:59 : Command: Lucas: eu paerto espaço
01:02:02 : Command: Lucas: mas n vai
01:02:04 : Command: [RANGER]Gen Ex D. Recker: and save
01:02:21 : Command: Uedson: como limpa os controles
01:02:28 : Command: Lucas: como q pula muro?
01:02:36 : Command: Lucas: eu aperto espaço mais n vai
01:02:36 : Command: gordao: só quero fazer um barraco ;/
01:04:11 : Command: Uedson: como assim limpa comandos ? fui em conf resertei mas n aparece nada no scrol do mouse
01:04:33 : Command: Alex Kuster: fps não passa de 30 mano pqp
01:04:52 : Command: Uedson: 65 aqui
01:05:03 : Command: gordao: ae
01:05:07 : Command: gordao: ta bugado o machado ?
01:05:13 : Command: gordao: coloquei ele na mao mais nao bate
01:05:15 : Command: FuzileiroBrody: n
01:05:24 : Command: Jon: how long till the server is back up?
01:14:19 : Side: Uedson: ae como é esse negocio de reserta comando funcionar scrol do mouse?
01:18:30 : Command: Polizzo: ADM ON?
01:26:49 : Command: FuzileiroBrody: adm ?
01:33:41 : Command: Uedson: como coloca o machado na mao :
01:34:19 : Command: CaipiraBR: como comer as coisas ?kkk tbm to com uma pá de duvida aqui
01:34:21 : Command: [RANGER]Gen Ex D. Recker: ç eu acho
01:34:29 : Command: SidBolado: ISSO TUDO
01:34:35 : Group: SidBolado: SADKOKOASDOKASDOK
01:34:39 : Command: [RANGER]Gen Ex D. Recker: comer, da dois cliques
01:34:44 : Command: Uedson: ç so arma machado n vai
01:34:49 : Command: CaipiraBR: aah valeu heheue
01:35:05 : Command: CaipiraBR: achava que era windowns mas n tava funfando
01:35:42 : Command: Uedson: rapaz ninguem diz como coloca o machado na mao
01:35:57 : Command: SidBolado: APERTA ç
01:35:59 : Command: [RANGER]Gen Ex D. Recker: eu uso o scroll
01:36:14 : Command: Uedson: o que vc fez usa scroll:?
01:36:42 : Command: [RANGER]Gen Ex D. Recker: s
01:37:47 : Side: Uedson: em o que vc fez pra muda no scroll do mouse
01:39:24 : Command: Uedson: recker
01:39:29 : Command: [RANGER]Gen Ex D. Recker: oi
01:39:41 : Command: Uedson: o que vc fez pra muda de arma no scroll
01:40:10 : Command: [RANGER]Gen Ex D. Recker: Esc>Controles>ARMAS
01:40:23 : Command: Uedson: e la fez o q
01:40:26 : Command: [RANGER]Gen Ex D. Recker: depois limpa onde ta trocar para arma primaria
01:40:32 : Command: [RANGER]Gen Ex D. Recker: para pistola
01:40:34 : Command: [RANGER]Gen Ex D. Recker: e secundaria
01:40:40 : Command: [RANGER]Gen Ex D. Recker: deixa sem nada
01:50:49 : Command: JIHAN: alguem ai afim de grupo? qualquer coisa add na steam
01:51:33 : Command: Ov3rdOsE: boa noite ,tem como fazer base nesse mod ?
01:51:40 : Command: JIHAN: sim
01:51:51 : Command: Ov3rdOsE: e tem como invadir ?
01:51:55 : Command: JIHAN: aperta ctrl+B
01:52:30 : Command: Ov3rdOsE: show vlw, e tem cmom invadir base aqui ?
01:52:43 : Command: JIHAN: ai ja n sei
01:52:58 : Command: Ov3rdOsE: blz vlw pela atençao ai abç
01:53:16 : Command: JIHAN: nois
01:53:51 : Command: JIHAN: morreu na missao neh recker
01:54:06 : Command: [RANGER]Gen Ex D. Recker: hehe
01:54:10 : Command: [RANGER]Gen Ex D. Recker: yes
01:54:11 : Command: JIHAN: tentei tbm
01:54:15 : Command: JIHAN: ta foda
01:54:21 : Command: [RANGER]Gen Ex D. Recker: tava com lee enfild
01:54:30 : Command: JIHAN: eu com makarov
01:54:34 : Command: [RANGER]Gen Ex D. Recker: n tem como trocar com isso
01:54:39 : Command: JIHAN: kkk
01:54:43 : Command: Uedson: recker
01:54:49 : Command: [RANGER]Gen Ex D. Recker: ?
01:54:57 : Command: Uedson: fiz o que falo agora escolho a arma mas n aparece o machado como opcao
01:55:25 : Command: [RANGER]Gen Ex D. Recker: tiro as tres teclas?
01:55:39 : Command: Uedson: primaria e segundaria qual a outra
01:55:48 : Command: JIHAN: cara eu coloqui arma primaria 6 segundaria 7 e terceira 8, quando eu aperto 8 vai pro machado
01:55:54 : Command: [RANGER]Gen Ex D. Recker: pistola
01:56:36 : Command: Uedson: aqio fica saindo 
01:56:36 : Command: [LM] Nascimento: ADMIN?
01:56:41 : Command: [LM] Nascimento: ADMIN ON?
01:56:45 : Group: DougBaster: ADMIn ta ae
01:56:48 : Command: Uedson: tenho que sair do arma e desativar o mod pra mexe la
01:56:54 : Command: jesse: alguem caiu com u heli aki
01:56:57 : Command: [RANGER]Gen Ex D. Recker: m
01:57:01 : Command: [RANGER]Gen Ex D. Recker: soh do server
01:57:13 : Command: [RANGER]Gen Ex D. Recker: n
01:58:19 : Command: [LM] Nascimento: admin?
01:59:08 : Group: Gabriel: ;
01:59:25 : Command: FuzileiroBrody: porra man server fica kikando td hora
01:59:27 : Command: FuzileiroBrody: affs
02:00:06 : Command: [RANGER]Gen Ex D. Recker: verifica os mods
02:00:17 : Command: [RANGER]Gen Ex D. Recker: pode ter algo corrompido
02:00:31 : Command: Simmy: Any friendly in nw airfield?
02:05:00 : Group: KykoGamer: /killme
02:05:55 : Command: GuuzRA: Salve Kyko o/
02:06:47 : Command: JIHAN: voce que ta perto da missao da uns tiro ai pra chama aten;'ao deles
02:07:16 : Command: GuuzRA: SALLLLVEEEE KYKO
02:10:08 : Command: JIHAN: serio eu to te vendo da uns tiro ai
02:10:33 : Command: JIHAN: boa
02:11:03 : Command: JIHAN: tem um na sua esquerda
02:11:07 : Command: Uedson: ae cortei madeira como tranforma em 
02:11:23 : Command: Uedson: woodboard
02:12:32 : Command: CaipiraBR: vai ter carros nesse mod ?
02:12:36 : Command: Gabriel: ;
02:12:38 : Command: JIHAN: boa
02:12:45 : Command: doente: JA TEM MEU CHAPA
02:12:47 : Command: JIHAN: tem 3 mirando ai
02:12:50 : Command: JIHAN: pera ae
02:13:01 : Command: Uedson: como e que faco wood
02:13:25 : Command: Uedson: como faz woodboard ja tenho madeira precisa de serra?
02:14:07 : Command: Uedson: adm on?:w
02:14:32 : Group: [RANGER]Gen Ex D. Recker: eae
02:14:36 : Group: JIHAN: blza
02:14:41 : Group: JIHAN: eu to na torre
02:14:54 : Group: [RANGER]Gen Ex D. Recker: perto de onde?
02:15:04 : Group: JIHAN: eu to na torre verde
02:15:07 : Group: JIHAN: grande
02:15:11 : Group: [RANGER]Gen Ex D. Recker: ah suave
02:15:15 : Group: JIHAN: na parte de cima
02:15:16 : Group: [RANGER]Gen Ex D. Recker: to em outra missao
02:15:24 : Group: JIHAN: aff
02:15:30 : Group: JIHAN: achei que era voce
02:15:42 : Side: Uedson: algum adm on:
02:17:00 : Group: [RANGER]Gen Ex D. Recker: bots OP
02:17:19 : Group: JIHAN: morreu
02:17:23 : Group: [RANGER]Gen Ex D. Recker: sim
02:23:45 : Group: JIHAN: tomei 1 tiro
02:23:48 : Group: JIHAN: toma no cu
02:23:56 : Group: JIHAN: so ergui a cabe;a
02:24:03 : Group: [RANGER]Gen Ex D. Recker: kkkk
02:24:11 : Group: [RANGER]Gen Ex D. Recker: esses bots sao do mal
02:24:22 : Group: JIHAN: nao era voce entao em berezino
02:24:34 : Group: [RANGER]Gen Ex D. Recker: n
02:24:41 : Group: [RANGER]Gen Ex D. Recker: nasci em elektro agr
02:24:42 : Group: JIHAN: tinha um cara me ajudando la
02:24:52 : Group: JIHAN: eu to indo la de novo
02:25:03 : Group: JIHAN: add ai na steam
02:25:09 : Group: [RANGER]Gen Ex D. Recker: nick?
02:25:12 : Group: JIHAN: pra nois joga 
02:25:26 : Group: JIHAN: steam eh Arnold Esusnega
02:25:29 : Group: JIHAN: kkkkk
02:26:00 : Group: [RANGER]Gen Ex D. Recker: mandei
02:26:09 : Group: JIHAN: blza ja acc
02:26:59 : Group: JIHAN: oloco se eh daqui do parana
02:27:04 : Group: [RANGER]Gen Ex D. Recker: s
02:27:10 : Group: JIHAN: eu so de cwb
02:27:25 : Group: [RANGER]Gen Ex D. Recker: sou d perto de maringa
02:27:30 : Group: JIHAN: pode cre
02:29:58 : Group: [RANGER]Gen Ex D. Recker: ta onde?
02:30:13 : Group: JIHAN: berezino na parte norte
02:30:31 : Group: [RANGER]Gen Ex D. Recker: nasci em elekctro dnvo
02:30:45 : Group: JIHAN: putz
02:35:41 : Command: Uedson: ae quem ja contruiu base
02:39:59 : Group: JIHAN: 12 tiro no bot e nao morre
02:40:06 : Group: [RANGER]Gen Ex D. Recker: colete
02:41:22 : Direct: |[MDA]|iguinho0br: vlw
02:43:35 : Command: Uedson: quem e o dono dessa base em 
02:43:44 : Command: Uedson: stary sobor
02:44:22 : Command: SidBolado: COMO FAZ BASE AKE
02:44:42 : Command: Uedson: n consigo fazer o item la ja cortei madeira e nada
02:47:08 : Group: JIHAN: caralho os bot sao muito sinistro pqp
02:47:29 : Group: [RANGER]Gen Ex D. Recker: pdc
02:47:35 : Group: [RANGER]Gen Ex D. Recker: se liga
02:47:40 : Group: [RANGER]Gen Ex D. Recker: agr vai um pro saco
02:48:26 : Group: [RANGER]Gen Ex D. Recker: =/
02:48:30 : Command: Uedson: quem ae pode da uma forca sobre base
02:48:45 : Group: [RANGER]Gen Ex D. Recker: ou n
02:50:19 : Group: [RANGER]Gen Ex D. Recker: ta na msm missao?
02:50:38 : Group: JIHAN: sim to na parte de cima da torre verde
02:50:47 : Group: JIHAN: falta 13
02:50:47 : Group: [RANGER]Gen Ex D. Recker: agr eu chego ai
02:51:02 : Group: JIHAN: gastei 1 pente pra mata 3
03:00:35 : Group: JIHAN: eh voce no caminhao:
03:00:39 : Group: JIHAN: ?
03:00:40 : Group: [RANGER]Gen Ex D. Recker: nao
03:00:49 : Group: JIHAN: blzas
03:02:44 : Group: [RANGER]Gen Ex D. Recker: booa
03:02:56 : Group: JIHAN: era player:?
03:03:01 : Group: [RANGER]Gen Ex D. Recker: sw
03:03:06 : Group: JIHAN: poha
03:03:43 : Group: JIHAN: acho q nao pq desceu uma unidade da missao
03:03:54 : Group: [RANGER]Gen Ex D. Recker: mas era sim
03:03:57 : Group: JIHAN: tava 13 agora 12
03:04:06 : Group: JIHAN: haha
03:04:15 : Group: [RANGER]Gen Ex D. Recker: khalil alguma coisa]
03:04:23 : Group: [RANGER]Gen Ex D. Recker: entao os bots tem nome
03:04:37 : Group: JIHAN: sim ou eh um bot que tem nome
03:04:42 : Group: JIHAN: pode ser isso
03:05:29 : Group: JIHAN: se vc for vim pra ca avisa
03:05:42 : Group: JIHAN: pq ja te do um toque por onde ir e pega arma
03:05:49 : Group: [RANGER]Gen Ex D. Recker: blz
03:06:26 : Group: JIHAN: eles tao tudo pra cima da colina eles querem ter visao de mim
03:06:37 : Group: JIHAN: a maioria pelo menos
03:06:44 : Group: [RANGER]Gen Ex D. Recker: ta foda chegar ai
03:06:56 : Side: Uedson: kkkkkkkkkkkkkkkkkkkkkkkkkkkkkkkkkkk morri mas levei 2
03:08:00 : Command: Uedson: posso te morrido mas levei 2 no aero
03:13:53 : Group: [RANGER]Gen Ex D. Recker: }
03:18:41 : Group: JIHAN: eh os bot memo
03:18:43 : Group: [RANGER]Gen Ex D. Recker: BOOA
03:20:24 : Command: TOTS: como eu reparo um veiculo galera?\
03:23:40 : Command: TOTS: galera me ajuda, como coloco roda no veiculo
03:27:06 : Group: [RANGER]Gen Ex D. Recker: chegueiiiiii
03:27:45 : Command: TOTS: GALERA ME AJUDEM
03:27:52 : Group: [RANGER]Gen Ex D. Recker: CE TEM AGUA E COMIDA AI???
03:27:55 : Command: TOTS: COMO COLOCA UMA RODA NOVA EM UM VEICULO?
03:28:23 : Command: Ov3rdOsE: PACERE Q TEM Q TER TIPO UM KIT FERRAMENTAS
03:29:20 : Group: JIHAN: se esconde
03:29:39 : Group: JIHAN: caralho
03:29:39 : Command: TOTS: AH, VOU TER Q EXPLODIR O CARRO ENTAO KKK
03:30:01 : Group: [RANGER]Gen Ex D. Recker: caraaaalhooooo
03:30:07 : Group: [RANGER]Gen Ex D. Recker: agua 
03:30:10 : Group: [RANGER]Gen Ex D. Recker: ce tem?
03:30:10 : Group: JIHAN: eles tao indo atras de ti
03:30:20 : Group: JIHAN: nao
03:30:26 : Group: JIHAN: nem comida
03:31:15 : Group: JIHAN: cuidado nao tenta subi que tem bot embaixo
03:31:30 : Group: [RANGER]Gen Ex D. Recker: ta
03:32:01 : Group: [RANGER]Gen Ex D. Recker: meuuu deuus
03:32:37 : Group: [RANGER]Gen Ex D. Recker: god
03:33:24 : Group: JIHAN: caralho
03:33:31 : Group: JIHAN: que sorte
03:33:35 : Group: JIHAN: se abaxa
03:33:37 : Group: [RANGER]Gen Ex D. Recker: pohha
03:33:39 : Group: [RANGER]Gen Ex D. Recker: to vico
03:33:42 : Group: [RANGER]Gen Ex D. Recker: vivo
03:33:45 : Group: [RANGER]Gen Ex D. Recker: iejiejeijeheuehueheu
03:35:00 : Group: JIHAN: caralho viado tomei um hs serpelo
03:35:05 : Group: [RANGER]Gen Ex D. Recker: kkkkk
03:35:17 : Group: JIHAN: caralho
03:35:23 : Group: JIHAN: to a 2 km
03:35:29 : Group: [RANGER]Gen Ex D. Recker: menos mal
03:35:31 : Group: JIHAN: ja chego ai denovo
03:35:41 : Group: JIHAN: tem uns corpo vo pega as arma
03:36:01 : Group: [RANGER]Gen Ex D. Recker: se acha  agua traz
03:36:02 : Group: JIHAN: se viu eu mocado ainda sim eles me acertaram
03:36:11 : Group: JIHAN: fmza
03:39:59 : Command: doente: arrombado
03:44:24 : Group: JIHAN: boa
03:46:34 : Group: [RANGER]Gen Ex D. Recker: fui
03:46:38 : Group: [RANGER]Gen Ex D. Recker: hs
03:46:40 : Group: JIHAN: tem mais gente ai
03:46:44 : Group: JIHAN: putz
03:48:12 : Group: JIHAN: vo tenta pega uma arma e vo vaza
03:48:21 : Group: [RANGER]Gen Ex D. Recker: eh
03:48:24 : Group: JIHAN: cara eles tem que nerfa esses bot na moral
03:48:25 : Group: [RANGER]Gen Ex D. Recker: ja vai reseta msm
03:48:43 : Group: JIHAN: tao muito forte
03:48:56 : Group: JIHAN: e ainda tem que da 8727837 de tiro pra mata
03:49:00 : Group: [RANGER]Gen Ex D. Recker: levei 4 mas soh conto 1
03:49:53 : Group: [RANGER]Gen Ex D. Recker: na torre tem um monte de arma
03:49:59 : Group: [RANGER]Gen Ex D. Recker: na minha mochila
03:50:20 : Group: JIHAN: vo tenta pega
04:00:59 : Group: [RANGER]Gen Ex D. Recker: what?
04:01:34 : Group: JIHAN: tem um cara aqui
04:01:46 : Group: [RANGER]Gen Ex D. Recker: mata
04:03:08 : Group: JIHAN: nao consigo pega teu loot
04:03:11 : Group: JIHAN: pqp
04:03:30 : Group: [RANGER]Gen Ex D. Recker: troca de lugar
04:05:09 : Group: [RANGER]Gen Ex D. Recker: viu o cara?
04:05:43 : Group: JIHAN: matei
04:05:47 : Group: [RANGER]Gen Ex D. Recker: booa
04:06:18 : Group: [RANGER]Gen Ex D. Recker: tem mais
04:06:24 : Group: JIHAN: zumbi
04:06:29 : Group: [RANGER]Gen Ex D. Recker: ha]w
04:08:27 : Group: JIHAN: pega ai antes que de restart
04:14:11 : Command: GuuzRA: impressão minha ou abriram outro server do ViruZ?
04:24:59 : Command: |[MDA]|iguinho0br: é "normal" perder as munição ?
05:00:08 : Command: Rayvenlunatic: does anyone have a jerry can?
06:57:13 : Command: FELIPE: Como eu pego a arma q ta nas costas?
07:25:54 : Command: DScaRIOca: tem como pergar helicoptero?
07:35:14 : Command: Zubumafu Sinaloa: com saco de dormir eu consigo spawnar na base ou não
07:49:13 : Command: gordao: meu machado nao ta batendo
09:52:49 : Command: Winters: anyone wanna team up?
09:58:53 : Side: Acogueiro: bom dia a todos ,como ta essa treta ai gurizada
09:59:17 : Command: gordao: dificil que [e o caramba de achar saw, hammer e ferramentas
09:59:33 : Command: gordao: to procurando a umas 1 hr
09:59:41 : Command: gordao: e meia
10:00:07 : Command: Acogueiro: putis
10:00:36 : Command: Neo: bom dia, onde eu encotro armas kkkkk so consigo pistolas kkkkkkk
10:01:10 : Command: Acogueiro: aeroportos e bases militares
10:01:19 : Command: Neo: valeu
10:02:43 : Command: gordao: tem npc aqui? nao né ?
10:02:50 : Command: gordao: digo, trader*
10:03:01 : Command: MoZaYCo: não
10:03:11 : Command: gordao: vlw
10:03:16 : Command: PeppaPig: só os da missão !
10:03:39 : Command: gordao: é que pegei umas vss com 6 muniçoes
10:03:43 : Command: gordao: achei que dava pra comprar
10:03:50 : Command: gordao: 6 pentes*
10:03:58 : Command: PeppaPig: é sobrevivencia JURÉG
10:04:22 : Command: gordao: uhum prof
10:04:36 : Command: PeppaPig: faz o URRO !
10:04:42 : Command: gordao: BIRL
10:04:54 : Command: Neo: pessoal term como mandar grupo aqui ??
10:05:22 : Command: gordao: soh nao mete bala nas costas do amiguinho =)
10:05:23 : Command: Ferrocki: s
10:05:34 : Command: Ferrocki: aperta u
10:05:36 : Command: Neo: como faz ?
10:05:48 : Command: Neo: obrigado
10:12:55 : Command: gordao: .admin?
10:13:35 : Command: MICHEL: e possivel fazer bandagem ?
10:13:43 : Command: PeppaPig: NAO !
10:14:07 : Command: Acogueiro: esses predios e esses zumbis do arma 2 dayz mod fico muito  da hora 
10:14:39 : Command: PeppaPig: JA VIU O GORDAO DO LEFT4DEAD ? E ALARA CROFT ?
10:40:00 : Command: NiceShot: admin?
10:40:36 : Command: NiceShot: se eu trocar tiro com alguem matar o cara e depois desmaiar e ficar aparecendo healing o personagem levanta?
10:40:48 : Command: Lucas: sim
10:40:57 : Command: NiceShot: mas demora mto?
10:41:07 : Command: Lucas: um pouco
10:41:23 : Command: Lucas: e ele pode nem levantar dependendo do quanto vc ta sangrando
10:41:24 : Command: NiceShot: levantei obrigado
10:41:30 : Command: NiceShot: quase morri
10:41:34 : Command: NiceShot: 1 trisco 
10:42:39 : Command: NiceShot: kkkkkkkkkk
10:42:42 : Command: NiceShot: desmaiei de novo
10:42:45 : Command: NiceShot: sozinho
10:42:49 : Command: NiceShot: só que nao to sangrando
10:42:53 : Command: PeppaPig: FOME ?
10:43:09 : Command: Lucas: deve ser pq ta com pouca vida man
10:43:15 : Command: Cannabiis: vlw ae por matar peladin
10:43:15 : Command: Lucas: ou fome ou sede
10:43:18 : Command: Acogueiro: ..,,kkk
10:43:36 : Command: Acogueiro: esse sede do boneco ta errada
10:44:01 : Command: Acogueiro: porra o cara fica toda hora com sede
10:44:39 : Command: PeppaPig: SE BEBER AGUA DO CANTIL PEGADA DO LADO VC FICA TUCINDO !
10:44:57 : Command: PeppaPig: COMO SE ESTIVECE COM CANCER NO PULMAO
10:45:00 : Command: Acogueiro: mais como tu acho cantil kkkkkkkk
10:45:33 : Command: PeppaPig: MISSAO
10:45:37 : Command: NiceShot: tem airplug aqui?
10:45:39 : Command: PeppaPig: E EU DESTRUI UMA BASE !
10:45:45 : Command: PeppaPig: F4
10:45:58 : Command: PeppaPig: QUANDO VC ENTRA EM ALGUM VEICULO ELE COLOCA SOZINHO !
10:46:00 : Command: NiceShot: vlw
10:46:18 : Command: Acogueiro: eu jogo todos os mod tanto do arma 2 ou 3 e nnenhum com sede tao rapido
10:46:53 : Command: PeppaPig: DEVE TA BUGADO !
10:47:08 : Command: PeppaPig: LOGO LOGO DEVE SER ALGUMA CORREÇAO !
10:47:24 : Command: Acogueiro: nmguem morre por ficar 2 horas sem toma agua
10:47:51 : Command: PeppaPig: A MANO É UM JOGO NEH
10:48:12 : Command: Acogueiro: eu sei po 
10:48:16 : Command: PeppaPig: VC VAI QUERER UM JOGO Q VC FICAR 1 DIA NO MAXIMO CORRENDO !
10:48:40 : Command: Acogueiro: nao mais isso ta atrapalhando o jogo
10:49:03 : Command: PeppaPig: DAYZ tbm é assim vc corre e fica com sede !
10:49:15 : Command: Acogueiro: mais nao tanto assim\
10:49:16 : Command: PeppaPig: wastland !
10:49:24 : Group: Leonardo: morri pra escada
10:49:25 : Command: Acogueiro: eu tenho dayz SA
10:49:35 : Command: PeppaPig: me too
10:49:55 : Command: Acogueiro: e la tu toma agua em fonte sem ter que ter garrafa
10:50:07 : Command: Acogueiro: ou em riacho
10:50:18 : Command: PeppaPig: pq aqui nao colocaram essa açao ainda
10:50:34 : Command: PeppaPig: antes do viruz voltar tinha essa opcçao
10:50:43 : Command: Acogueiro: tomara que volte 
10:51:01 : Command: PeppaPig: prefiro q troque o mapa
10:51:24 : Command: PeppaPig: o mapa q estava antes era melhor menos lag!
10:51:39 : Command: Leonardo: qual mapa q tava antes
10:51:49 : Command: Odin: esseker
10:51:51 : Command: Acogueiro:  a eu godto de chernaros 
10:51:58 : Command: Acogueiro: gosto
10:52:07 : Command: PeppaPig: antes do esseker tinha outro mapa
10:52:17 : Command: PeppaPig: chernarus ja basta dayz !
10:52:25 : Command: Leonardo: esseker e daora
10:52:33 : Command: Odin: ta virando quase exile isso aqui
10:52:34 : Group: Acogueiro: puta merda tava falando e morri nao vi nem da onde venho o tiro\
10:52:36 : Command: Leonardo: chernarus ta batido ja
10:52:42 : Command: Tonhao: taviana seria bom
10:53:04 : Command: PeppaPig: só sei q ano q vem vai ter mais 2 dcls pro ARMA
10:53:19 : Command: PeppaPig: 1 vai ser JETS
10:53:27 : Command: PeppaPig: A OUTRA VAI SER UM MAPA NOVO
10:53:49 : Command: Acogueiro: eu tava de papo morri nao vi nem veio o tiro
10:54:41 : Command: Odin: colocoram umas armas muito apelonas no mod aqui 
10:54:47 : Command: PeppaPig: UAISHUASHUASHA
10:54:57 : Command: MoZaYCo: QUAIS?
10:55:00 : Command: PeppaPig: DEPOIS QUANDO VC SAIR DO MOD VAI NO ARSENAL VIRTUAL 
10:55:02 : Command: Acogueiro: morre e do jogo da nada nao
10:55:39 : Command: Odin: mar10, m320, lynks
10:55:59 : Command: PeppaPig: DEPOIS QUANDO VC SAIR DO MOD VAI NO ARSENAL VIRTUAL E VE O ESCUDO BALISTICO COM A PISTOLINHA !!
10:56:09 : Command: PeppaPig: MAR10 SÓ APEX ?
10:56:17 : Command: MoZaYCo: n
10:56:53 : Command: Acogueiro: cara sempre teve arma forte nessemod
10:57:13 : Command: Odin: tem a  mira nigthstalker tbm
10:57:17 : Command: Acogueiro: arma 2 tinha M107  e AS50
10:57:26 : Command: Odin: ta muito apelona tem ate visao de calor elakkk
10:58:30 : Command: Odin: oque devia ter no arma 3 é um dayz origins do arma 2
10:58:39 : Command: Odin: o desolation ta perto disso
10:58:40 : Command: Acogueiro: ai sim 
11:01:50 : Command: Acogueiro: mais na moral esse mod aqui muito bem feito 
11:02:07 : Command: Acogueiro:  e uma coisa ou oltra que tem que mudar
11:02:17 : Command: Odin: ta sim só nao pode virar exile kkk
11:02:27 : Command: gordao: ou epoch
11:02:37 : Command: Acogueiro: como assim
11:03:11 : Command: Mr.Abou: kkkk ta quase 
11:03:31 : Command: gordao: se colocar npc trader pronto, viro epoch
11:03:33 : Command: Pantha: neblina da porra kk
11:03:44 : Command: Odin: base do tamanho do monte everest, veiculos blindaos, e armas muito apelonas afinal é um apocalipse zumbi
11:03:44 : Command: Mr.Abou: vira exile tbm
11:04:17 : Command: gordao: pra mim nao ta facil assim nao odin, to a 2 hrs procurando qualquer ferramenta
11:04:23 : Command: gordao: mais só achei umas 60 facas
11:09:55 : Group: Acogueiro: puta eu to asarado hoje
11:11:41 : Command: Mr.Abou: trocação de tiro em berezino monstra em kkk
11:12:01 : Command: gordao: lee enfield owna
11:13:38 : Direct: Segato: BANANAATOMICA.MOCSPEAK.NET
11:18:13 : Command: gordao: how i craft a rangefinder
11:18:47 : Command: gordao: toda vez que tento craftar o rangefinder aparece que ta faltando uma camera, mesmo eu tendo todos os itens
11:21:30 : Command: Pantha: praque serve o celular
11:44:44 : Command: Ferrocki: QUE TIRO HUEHEUHEUEH
11:49:50 : Command: gordao: quem era o maluco que tava numa floresta no meio do nada camperando ?
11:54:09 : Command: Pantha: como pega o machado n mao ? 
12:36:15 : Group: Ganotch: cara eu tava sem nada e tu me matou
12:39:27 : Command: [SOC] VetGet: CADE AS MISSÃO
12:39:48 : Command: Lucas: alguem em eletro?
12:40:16 : Command: [GHOST]Nesquiki: eletro não sei, agora em vybor tem 2 nego camperando um heli amarelo
12:41:29 : Command: Winters: anyone wanna group up?
13:08:42 : Command: Winters: anyone wanna group?
13:09:02 : Command: [SOC]ZorGui: petrus vem ts
13:09:28 : Command: YUGIHN: petrus ?
13:09:39 : Command: Ganotch: alguem me fala como colocar o  machado na mao
13:09:46 : Command: Ganotch: para poder usar
13:09:47 : Command: NiceShot: ç
13:09:51 : Command: Eazy-E: alguem me da clan ae
13:10:01 : Command: Ganotch: so troca para as 2 armas que tenho
13:10:51 : Group: PETRUS: ???
13:11:58 : Command: NiceShot: vai restartar daqui a quantos minutos?
13:12:08 : Command: YUGIHN: 10
13:17:04 : Command: [SOC] Petrus: alguem
13:17:05 : Command: [SOC] Petrus: ???
13:17:14 : Command: Whisner: opa
13:17:23 : Command: [SOC] Petrus: PITBULL
13:17:23 : Command: Achilles: fala cmg bb
13:17:34 : Command: [SOC] Petrus: CHAMA AE
13:17:43 : Command: Winters: wanna team up fap?
13:22:11 : Command: [SOC] Petrus: PITBUL ACEITA
13:22:24 : Command: [SOC] Petrus: ZORGUI TBM
13:22:51 : Group: [SOC] PitBull: vem ts cara
13:22:53 : Group: [SOC] Petrus: VC TAO EM Q TS
13:22:55 : Group: [SOC] Petrus: ???/
13:23:02 : Group: [SOC] Petrus: SOBREVIVENTES?
13:23:10 : Group: [SOC] Petrus: JA TO LA MAS N ACHO A SALA
13:23:21 : Group: [SOC] PitBull: desce
13:23:27 : Group: [SOC] PitBull: sala SOC
13:23:30 : Group: [SOC] VetGet: Scavangers of Cherno a sala
13:31:44 : Command: [SOC] Petrus: kkkk
13:32:01 : Command: Winters: anyone wanna team up?
13:32:23 : Command: YUGIHN: galera esse lance de fla do chat ta dando banimento
13:43:18 : Group: [CAES]Jean: /respawn
13:52:30 : Command: ZelokoBR: COMO VEJO A DISTANCIA QUE POSSO CONSTRUI
13:53:15 : Command: [SEAL] Ra s: nao tem limite masi vc tem que pegar mais mum gerador
13:54:50 : Command: ZelokoBR: E MUITA ITEM PRA  MENTE TALOCO PODERIA SER UM POCO MENOS NE
13:55:22 : Command: [SEAL] Ra s: vc ta ccahndo mt kkkkkkkkkkkk
13:55:33 : Command: [SEAL] Ra s: eu tenho 4 bases espalhadas no mapa
13:57:58 : Command: ZelokoBR: VAI TOMA BAN LIXO
13:58:17 : Command: ROBSON BARROS: QUE ISSO ?
13:58:41 : Command: Hauptfach: abre o vote kick ai
13:59:09 : Command: Bozo Sinaloa: KICKA NA JIBOIA DO NEGAO AKI
13:59:27 : Command: ROBSON BARROS: COMO VOTA PRA KICKAR
13:59:30 : Command: ROBSON BARROS: ???
13:59:41 : Command: jesse: entra na lista de players
13:59:48 : Command: jesse: e vai no nome dele
13:59:50 : Command: Hauptfach: aperta M, vai em PLAYERS, seleciona o cara, e clica em votar para expulsar
14:00:11 : Command: Lucas: qual era o nick dele ?
14:00:55 : Command: Lucas: como que troca de arma aqui, pra principal / secundaria ?
14:00:58 : Command: [SOC]ZorGui: no use voip Global chat plz.
14:01:30 : Command: UchidaBR: roda do mouse
14:01:57 : Command: Lucas: ta indo n :/
14:02:11 : Command: UchidaBR: entao vc n tem
14:02:23 : Command: ROBSON BARROS: Galera meu boneco n esta subindo nas casas no espaco
14:02:34 : Command: ROBSON BARROS: Alguem sabe como configuro ?
14:02:44 : Command: YUGIHN: aperta C
14:03:21 : Command: ROBSON BARROS: nada
14:03:22 : Command: YUGIHN: O OTROCA C AQUI no meu teclado nao ta saindo
14:04:09 : Command: ROBSON BARROS: nao funfou aqui
14:04:40 : Command: YUGIHN: aquele c com rabinho 
14:05:05 : Command: ROBSON BARROS: ai muda de arma doido
14:05:16 : Command: YUGIHN: nao e isso que vc que ?
14:05:18 : Command: ROBSON BARROS: O boneco n ta pulando
14:05:23 : Command: NEGAN: como muda rma ?
14:05:27 : Command: ROBSON BARROS: Escalando casa
14:05:39 : Command: Antonio: é no Ç
14:05:53 : Command: Antonio: Para mudar de arma é no Ç
14:05:59 : Command: ROBSON BARROS: Ç muda arma aqui
14:07:02 : Command: YUGIHN: robson aperta esc vai keys da 2 clics e configura uma tecla
14:07:15 : Command: ROBSON BARROS: qual ?
14:07:19 : Command: NEGAN: alguem sabe pq sou kikado atoa toda hr ?
14:07:29 : Command: N.Martinez: pq vc é o negan cara
14:07:31 : Command: YUGIHN: a que vc acha melhor eu uso o T
14:07:35 : Command: N.Martinez: tu mato o gleen carai
14:07:42 : Command: NEGAN: ja pedi desculpas
14:07:51 : Command: N.Martinez: *_
14:08:12 : Command: NEGAN: mas pq toda hr sou kikado de 5 em 5 minutos
14:08:15 : Command: ROBSON BARROS: qual nome da configuracao pr eu por no t ?
14:08:27 : Command: ROBSON BARROS: Negan deve ser seu ping
14:08:35 : Command: NEGAN: sera ?
14:08:36 : Command: YUGIHN: e so coloca T e pronto 
14:08:37 : Group: [SOC] Petrus: PERA
14:08:49 : Command: ROBSON BARROS: Eu coloco oq no T ?
14:08:55 : Command: YUGIHN: T
14:08:56 : Command: ROBSON BARROS: Qual configuracao ?
14:10:04 : Group: [SOC] Petrus: sabara pera viado
14:10:12 : Command: YUGIHN: aceita grupo ai robson
14:10:20 : Group: [SOC] Petrus: buga ela
14:10:30 : Group: [SOC] Petrus: achei arame
14:10:32 : Command: Gabriel: sera q ngm quer jogar junto n? euuhehue
14:11:04 : Group: [SOC] Petrus: so eu
14:11:15 : Command: NEGAN: alguem ja encontrou minha lucile por ae?
14:11:15 : Command: Lucas: celular tem alguma função ?
14:12:04 : Group: [SOC] Petrus: quem tem cantil
14:12:16 : Group: [SOC] Petrus: sabara pera
14:12:19 : Group: [SOC] Petrus: bora la ve
14:12:25 : Group: [SOC] Petrus: o castelo sabara
14:14:08 : Group: [SOC] Petrus: PQP
14:14:14 : Group: [SOC] Petrus: D BOA
14:14:17 : Group: [SOC] Petrus: VO MORRE
14:14:21 : Group: [SOC] Petrus: OU N
14:14:23 : Group: [SOC] Petrus: DEXA
14:14:29 : Group: [SOC] Petrus: JA VO LEVANTA
14:14:51 : Group: [SOC] Petrus: PASSA EM VC
14:15:08 : Group: [SOC] Petrus: oi
14:15:16 : Group: [SOC] Petrus: acho q vo levanta
14:15:18 : Group: [SOC] Petrus: pera
14:21:43 : Group: [SOC] Petrus: KD TODOS?
14:22:12 : Group: [SOC] Petrus: fala ae
14:22:15 : Group: [SOC] Petrus: n
14:22:22 : Command: Pedro: alguem pra jogar junto 
14:22:29 : Command: Gabriel: quem gostaria de jogar junto? ou algum clãn que recrute ? c:
14:22:47 : Command: Pedro: bora gabriel ?
14:23:09 : Command: Gabriel: qual sua idade? :v
14:23:11 : Command: GustavoShot: opa, se alguem quiser jogar junto tamo ai
14:23:20 : Command: Pedro: 18
14:23:34 : Command: Gabriel: tem ts?
14:23:40 : Command: Pedro: nop
14:23:49 : Command: -ES-cliente: sai do grobal
14:23:50 : Command: Gabriel: cog, usa direct comunication
14:23:57 : Command: [HP]-=-xAngelZ-=-: PARA DE FALAR NO GLOBAL PORFAVOR
14:24:32 : Command: [HP]-=-xAngelZ-=-: SAI DO GLOBAL
14:24:34 : Command: [HP]-=-xAngelZ-=-: SEU ANIMAL
14:24:49 : Command: [HP]-=-xAngelZ-=-: O ARROMBADO
14:26:53 : Command: Mauricio: ?
14:29:50 : Command: VBR :-) ' Azazel: kkkkk
14:30:18 : Command: [HP]-=-xAngelZ-=-: pqp
14:30:21 : Command: [HP]-=-xAngelZ-=-: medo do krl
14:33:13 : Command: Lucas: LUL
14:34:48 : Command: Pedro: .crl eu bati na janela do hopital com um machado e o hospital caiu em cima de min wtf
14:35:00 : Command: VBR :-) ' Azazel: kkkkkkkkkkkkkkkkkkk
14:35:04 : Command: Lucas: eu vi kkkkkkkkkkkkk
14:35:27 : Command: Lucas: ce ta forte em
14:35:35 : Command: Pedro: bilrrrrrrrrrr
14:36:06 : Command: VBR :-) ' Azazel: estou cercado kkk
14:36:23 : Command: Lucas: e eu nao encontro player
14:48:48 : Command: [HP]-=-xAngelZ-=-: n tem como me matar n ?
14:50:36 : Command: [HP]-=-xAngelZ-=-: quebrei a perna como cura ?
14:52:45 : Command: [HP]-=-xAngelZ-=-: a nao pq
14:53:00 : Command: [HP]-=-xAngelZ-=-: eu caio de 2m quebro a perna caiu de 10 a perna volta ao normal
14:53:51 : Command: Cannabiis: como troca de arma? kkk
14:53:57 : Command: Lucas: ç
14:53:57 : Command: [HP]-=-xAngelZ-=-: ç
14:54:04 : Command: Cannabiis: obrigado!
14:54:20 : Command: TarjaBlack: como puxa o machado, no ; ja tentei e nao [e...
14:54:29 : Command: Henrique: tem como mudar5wessa confdiguração?
14:54:32 : Command: TarjaBlack: e como escala construcao... nao eh no V
14:59:07 : Command: Pedro: qual [e o melhor lugar pra achar mira
14:59:20 : Command: VBR :-) ' Azazel: boa pergunta kk
15:08:23 : Command: TarjaBlack: cara, meu boneco tah bugando.. ele fica toda hora como se estivesse caindo, fica flutuando
15:08:49 : Command: YUGIHN: desloga e loga dnovo
15:09:38 : Command: Rocketz: como arruma a perna?
15:09:47 : Command: YUGIHN: morfina 
15:10:02 : Command: Rocketz: ela arruma com o tempo ou n
15:10:14 : Command: YUGIHN: nao 
15:10:46 : Group: Winters: hey buddy
15:10:57 : Group: [RANGER]Gen Ex D. Recker: hello
15:11:57 : Group: Winters: im towards the mission
15:12:30 : Group: [RANGER]Gen Ex D. Recker: u can see bad guus?
15:12:42 : Group: Winters: there are other players
15:14:02 : Command: Henrique: tem algum lugar que eu possa vender e comprar itens?
15:14:14 : Command: Santos: kkkk
15:21:08 : Group: Winters: flanking to you
15:21:33 : Group: [RANGER]Gen Ex D. Recker: ok
15:21:45 : Group: Winters: english?
15:22:19 : Group: [RANGER]Gen Ex D. Recker: i speak , but not much
15:22:42 : Group: Winters: sounds good to me
15:23:08 : Command: N.Martinez: Fui subir uma parede o personagem fliko e acabei queeeeeeeeeeeebrando a perna hashaushas
15:23:36 : Command: TarjaBlack: como sobe parede
15:24:14 : Group: Winters: one near me
15:24:40 : Group: [RANGER]Gen Ex D. Recker: ok
15:26:11 : Group: Winters: 5.56?
15:26:15 : Group: [RANGER]Gen Ex D. Recker: yes
15:26:43 : Group: [RANGER]Gen Ex D. Recker: its so close, but i cant see
15:27:26 : Group: [RANGER]Gen Ex D. Recker: lol
15:27:30 : Command: Cannabiis: pra fazer grupo, tem que  ter radio?
15:27:44 : Command: Cannabiis: ou nao da?
15:27:57 : Command: [CAES]Jean: aperta U
15:28:09 : Command: YUGIHN: aperta U e clica em cima do nome que vc que invita
15:28:16 : Command: Cannabiis: valeu mano
15:28:21 : Command: Cannabiis: e só mais uma duvida
15:28:28 : Command: Cannabiis: como sobe em telhado?
15:32:40 : Command: doente: j
15:33:30 : Group: [RANGER]Gen Ex D. Recker: wait one, i nedd change my controls
15:33:33 : Group: Winters: tower i think
15:35:22 : Group: [RANGER]Gen Ex D. Recker: ok, lets check yhe tower
15:35:38 : Group: Winters: hold up theres a few others around
15:36:02 : Group: [RANGER]Gen Ex D. Recker: much?
15:36:44 : Side: Acogueiro: agora o  cara sai sem mapa e sem ropa  
15:39:37 : Group: Winters: above me maybe i hear shots
15:39:59 : Group: [RANGER]Gen Ex D. Recker: above? really?
15:40:36 : Group: [RANGER]Gen Ex D. Recker: i see one
15:40:44 : Group: [RANGER]Gen Ex D. Recker: in the top of hill
15:41:22 : Group: [RANGER]Gen Ex D. Recker: another on my way
15:41:46 : Command: Unknow: como eu subo em telhado?
15:42:04 : Command: TarjaBlack: perguntei o mesmo, ngm respondeu
15:42:17 : Command: Cannabiis: também.
15:42:23 : Command: Ov3rdOsE: tbm queria saber como escala mais ngm fala
15:42:35 : Command: TarjaBlack: quem sabe nao diz...
15:43:25 : Group: [RANGER]Gen Ex D. Recker: in the house
15:43:44 : Command: Santos: aperta esc..do lado direito tem opçao keys...da dois clicks e acha climb/.....escolhe a tecla
15:44:24 : Command: TarjaBlack: vou tentar... vlw
15:49:41 : Command: ZelokoBR: TEM COMO DA RESPAW NA BASE
15:50:14 : Command: TarjaBlack: nem sabia q tinha base
17:04:59 : Command: Taffarel: qual tecla que caminha mais devagar?
17:05:47 : Command: [R|A]LucasRocha: segura W depois aperta S
17:06:17 : Command: Vini: so queria achar um serrote
17:06:20 : Command: Taffarel: ta funfando nao man
17:09:40 : Command: Vini: alguem ja fez woodboard?
17:09:46 : Command: Vini: nao acho serrote em lugar nenhum
17:10:03 : Command: YUGIHN: PROCURA NOS CELEIROS QUE VC ACHA 
17:10:26 : Command: Vini: vlw
17:13:16 : Command: FuzileiroBrody: aff man mo bugado
17:13:21 : Command: FuzileiroBrody: bagui kika td hora
17:15:28 : Group: Nathan: .,,
17:15:40 : Direct: Nathan: mata aqui mano
17:15:52 : Direct: Nathan: vlw
17:26:51 : Command: FuzileiroBrody: algum adm ai ?
17:29:13 : Command: FuzileiroBrody: pqp man tomo kick toda hora
17:29:22 : Command: FuzileiroBrody: e meus mod ta td certo 
17:29:27 : Command: FuzileiroBrody: desisito
17:29:49 : Command: YUGIHN: parece que eles tao mexendo nisso aew
17:30:07 : Command: FuzileiroBrody: tomara 
17:30:10 : Command: FuzileiroBrody: pq ta foda
17:32:01 : Command: Vini: po.. alguem me eplica como faz woodboard? ja tentei de tudo auhuhauha
17:32:17 : Command: [R|A]LucasRocha: Com madeira
17:32:29 : Command: Vini: sim, tenho madeira e serra..
17:32:36 : Command: Vini: mas clico em tudo e nada acontece
17:32:53 : Command: [R|A]LucasRocha: vc quer fazer oq? 
17:33:03 : Command: Vini: a wood board.. pra conseguir fazer o resto
17:33:06 : Command: YUGIHN: ctrl+b
17:33:09 : Command: [SEAL] Ra s: VC PRECISA DE WOOD PIE
17:33:28 : Command: FuzileiroBrody: ultima tentativa
17:33:50 : Command: BlackSTATION: galera
17:33:55 : Command: BlackSTATION: como troca de arma ?
17:33:56 : Command: Vini: ctrl+b to ligado.. mas nao sei fazer a wood board auhayauhuhauh
17:33:57 : Command: Guust: ta osso achar arma em pqp
17:34:05 : Command: Vini: cedilha troca de arma
17:34:47 : Command: [R|A]LucasRocha: vini vai no inventario vai ter la um lugar pra tu crafta
17:35:58 : Command: ArMy iShoterXD: tem mais bases militares ou so aeroportos ?
17:35:59 : Direct: MEGA: oi
17:36:11 : Command: YUGIHN: tem algumas bases
17:36:46 : Command: Ninja: como faz pra subir os muro
17:36:51 : Command: Ninja: tipo parkur
17:37:02 : Command: Taffarel: tem alguem solo ai precisando de amiguino? :c
17:37:03 : Command: YUGIHN: tem que configura a tecla
17:37:15 : Command: Ninja: como assim configura
17:37:42 : Command: [R|A]LucasRocha: aperta esq e vai ter no a opção do lado direito pra configura a tecla
17:37:44 : Command: YUGIHN: aperta esc vai do la keys e configura
17:38:00 : Command: Vini: porrrra que trabalho pra craftar auhuhauhauha
17:38:10 : Command: Vini: mas entendi agora finalmente
17:38:18 : Command: [R|A]LucasRocha: :)
17:39:31 : Command: FELIPE: Como faz bandagem?
17:39:38 : Command: [R|A]LucasRocha: nao faz
17:41:20 : Command: Achilles: br zuando gringo n tem preço kkkkk
17:41:28 : Command: EVANDRO: uahsuhasuas
17:41:40 : Command: [E.A.E] - Jodson_Sniper: kkkkkkkkkkkkkk
17:42:06 : Command: [SEAL] Ra s: PARA DE FLA BANDO DE QUARTA FEIRA
17:42:44 : Command: Achilles: tanto chat pra tu falar
17:43:47 : Command: ArMy iShoterXD: achei um lugar bugado...
17:43:47 : Command: Achilles: solo together ! kkkk
17:43:52 : Command: YUGIHN: fala no global ta dando ban...
17:44:06 : Command: EVANDRO: ta todo mundo solo mas vai confiar no br
17:44:24 : Command: Achilles: sou mo gente boa ""
17:45:15 : Command: ArMy iShoterXD: mds achei um bug q fico flutuando e nao saio do lugar 
17:45:45 : Command: Vini: achei um lugar que fica flutando e tem um bug que nao sai de mim
17:53:59 : Command: Igor: 31.220.107.102:9998
17:54:36 : Command: Igor: 31.220.107.102:9998
17:54:58 : Command: Achilles: tecla U
17:55:44 : Command: Vini: sim
17:57:00 : Command: Achilles: ta falando no side amigo
17:57:04 : Command: Achilles: fala no direct
17:57:15 : Command: FELIPE: Como poe o machado na mao?
17:57:24 : Command: Achilles: scroll do mouse
17:57:28 : Command: Achilles: seleciona machado
17:57:38 : Command: FELIPE: n é
17:57:52 : Command: Achilles: sempre foi assim mano 
17:57:59 : Command: Vini: H
17:58:11 : Command: [R|A]LucasRocha: Felipe se tem q equipa primeiro
17:58:24 : Command: FELIPE: ja ta equipado
17:58:33 : Command: FELIPE: em cima da arma principal
17:58:39 : Command: [R|A]LucasRocha: isso
17:58:53 : Command: Vini: afff
17:58:59 : Command: Vini: zumbi longe pra caralho me fudeu
17:59:02 : Command: ArMy iShoterXD: comendo se cura ou tenho que procurar algo ?
17:59:06 : Command: FELIPE: mas n consigo pegar ele na mao
17:59:22 : Command: [R|A]LucasRocha: roda o scroll do mause
17:59:24 : Command: YUGIHN: comendo se cura
17:59:26 : Command: [R|A]LucasRocha: normal
17:59:33 : Command: ArMy iShoterXD: troca as configuração nos controle deve estar em arma3 apex coloca em arma 3
17:59:44 : Command: FELIPE: n sei pq aqui n ta funcionando isso
17:59:57 : Command: [R|A]LucasRocha: faz oque o amigo ishoter falo 
18:00:35 : Command: Vini: legal... quando ia começar a craftar.. zumbi me bugou =)
18:00:39 : Command: ArMy iShoterXD: felipe, vai configurações, controles, e presets e muda para arma 3, deve de estar em arma 3 apex 
18:01:02 : Command: FELIPE: ja ta
18:01:22 : Command: [R|A]LucasRocha: ta no arma 3 apex?
18:01:30 : Command: FELIPE: ss
18:01:31 : Command: ArMy iShoterXD: os controles sim 
18:01:43 : Command: [R|A]LucasRocha: entao tira felipe coloca so o arma 3
18:03:09 : Command: FELIPE: poxa testei todos
18:03:13 : Command: FELIPE: n ta indo
18:03:32 : Command: ArMy iShoterXD: coloca em arma 3 e da ok 
18:03:34 : Command: [R|A]LucasRocha: mas ai pra fazer efeito acha q tu tem q sair e volta
18:04:06 : Command: ArMy iShoterXD: eu acabei de fazer aqui no jogo e funcionou 
18:07:02 : Command: [HTS] HcK: alguem sabe quem é o administrador desse servidor e se tem algum TS/DISCORD para atendimento?
18:07:52 : Command: [R|A]LucasRocha: tem sim la na pagina 
18:08:18 : Command: Twu0ff: ;
18:08:18 : Command: Twu0ff: ]~
18:09:29 : Command: [R|A]LucasRocha: tira oque?
18:11:50 : Command: -[Sow]-Mr*Crazy: alguem pra jogar de parceria?? skype , ts??
18:13:22 : Command: -[Sow]-Mr*Crazy: manda ai
18:15:30 : Command: Andrade: coloca as configuis iguais do arma 3
18:15:37 : Command: Andrade: mas tem q ta deslogado
18:58:24 : Side: Santo Cristo: insert
18:59:12 : Command: Freak: aperta home que aparece todos os comandos
19:00:30 : Command: SniperKill: escreve mano
19:00:42 : Command: TarjaBlack: na moral
19:00:48 : Group: PETRUS: james falo comigo?
19:01:07 : Group: Tyler James: aposto que não
19:01:32 : Command: Freak: pra q serve o smartphone?
19:01:44 : Command: [R|A]LucasRocha: CRAFTA
19:02:04 : Command: Freak: vlw
19:02:18 : Command: o2_: como eu faço toniquete?
19:03:03 : Command: PETRUS: FREAK
19:03:04 : Command: PETRUS: ?
19:03:08 : Command: Freak: ?
19:03:19 : Command: PETRUS: ENTRA TS AE
19:03:38 : Command: Freak: qual
19:03:47 : Command: PETRUS: sobreviventes
19:04:17 : Command: PETRUS: nas ultimas salas
19:04:31 : Command: o2_: quebrei minha perna como eu resolvo  ajuda ai
19:04:37 : Command: PETRUS: morfina
19:04:52 : Command: o2_: puutz entao eu to mt fufu
19:05:01 : Command: PETRUS: kkkkkkkkk pse
19:05:02 : Command: Skyzer: caramba q fps baixo
19:05:17 : Command: zoi: qual q pula telhado
19:05:23 : Command: PETRUS: t
19:05:26 : Command: PETRUS: t
19:05:37 : Command: zoi: valeu
19:05:42 : Command: PETRUS: :]
19:06:14 : Group: TaTaRiN: сломаю ебучку
19:07:46 : Command: Freak: petrus
19:07:59 : Command: Freak: PETRUS?
19:10:28 : Command: Freak: PETRUS
19:10:41 : Command: o2_: tem como eu me matar?
19:11:19 : Group: SniperKill: escreve /killm* e no final
19:11:54 : Command: spAnnii: tem como criar uma caixa para guarda itens?
19:12:05 : Command: spAnnii: ou so barracas??
19:12:27 : Command: gordao: onde acha facil serra ? quero criar uma base mais procurei por 2hrs e meia de manha e nao achei
19:12:31 : Command: gordao: nem serra nem martelo
19:17:09 : Group: PETRUS: MALONE
19:17:11 : Group: PETRUS: TA TS
19:17:19 : Group: Malone: e ae PEGTRUS
19:17:47 : Group: Malone: tão aonde?
19:17:53 : Group: PETRUS: entra ts
19:17:56 : Group: PETRUS: :]
19:18:26 : Group: Malone: vish,muié ta vendo netflix kkkkkk som alto,
19:19:18 : Command: BrOrleans: qual menu de craft?
19:19:35 : Command: YUGI-HN: ctrl+b
19:20:15 : Command: PETRUS: yughin
19:20:21 : Command: PETRUS: YUGHIN
19:21:23 : Command: PETRUS: YUGH-IN
19:21:31 : Command: PETRUS: YUGH-IN
19:22:47 : Command: YUGI-HN: fala comigo
19:27:53 : Command: PETRUS: JA TE ENVIEI
19:28:02 : Command: [R|A]LucasRocha: ja to em grupo
19:28:13 : Command: PETRUS: POSSO ENTRAR NO SEU?
19:28:25 : Group: TaTaRiN: /suicide
19:28:30 : Group: TaTaRiN: /suicide
19:28:34 : Command: PETRUS: manda ae
19:29:14 : Side: ZegaLondrina: arrasta ts rocha
19:30:36 : Group: YUGI-HN: invita robson barros
19:30:36 : Group: PETRUS: eae doido
19:30:46 : Group: PETRUS: ok
19:31:27 : Command: FuzileiroBrody: mds ainda nao arrumaram esse ngc de ficar kikando
19:31:29 : Command: FuzileiroBrody: ta foda
19:31:54 : Command: Hazard: fps ainda ta ruim?
19:31:56 : Group: YUGI-HN: invita ai ele entro agora
19:32:18 : Group: PETRUS: TEM TS?
19:32:26 : Group: PETRUS: CHAMA ELE AE
19:32:28 : Group: PETRUS: PORRA
19:34:10 : Group: PETRUS: AE
19:34:16 : Group: PETRUS: N TINHA VISTO
19:34:22 : Group: PETRUS: ONDE VCS ENTAO
19:34:23 : Group: PETRUS: ?
19:34:40 : Group: YUGI-HN: indo pra cherno
19:34:55 : Group: PETRUS: vem brezino
19:36:33 : Command: Rodolfo: cmo faz para trocar de amra
19:36:43 : Command: gordao: ;
19:36:49 : Command: gordao: cecidilha
19:36:51 : Command: Uedson: ~ç
19:36:57 : Command: Rodolfo: valeuu
19:39:54 : Group: PETRUS: barros kd o yughin
19:40:29 : Group: YUGI-HN: voltei net caiu aqui
19:40:35 : Group: PETRUS: kkkkk
19:41:23 : Group: PETRUS: ta ts yughin?:
19:41:40 : Group: TaTaRiN: /suicide
19:41:54 : Group: YUGI-HN: tenho sim 
19:42:26 : Group: PETRUS: posso te passar um ts?
19:42:54 : Group: YUGI-HN: passa aew
19:43:13 : Group: PETRUS: ;ts3.sobrevivente.com
19:43:17 : Group: PETRUS: ts3.sobrevivente.com
19:45:29 : Command: spAnnii: onde posso consegui uma tenda facil?
19:48:26 : Group: PETRUS: yughin
19:48:30 : Group: PETRUS: entro no ts
19:48:31 : Group: YUGI-HN: oi
19:48:32 : Group: PETRUS: ??
19:48:35 : Group: YUGI-HN: nao 
19:48:48 : Group: YUGI-HN: vo entra ja ja 
19:48:53 : Group: PETRUS: ok
19:52:07 : Group: YUGI-HN: PETRUS 
19:52:09 : Group: PETRUS: ?
19:52:11 : Group: PETRUS: ts3.sobrevivente.com
19:52:12 : Group: YUGI-HN: ENTRA AQUI 158.69.122.54:9994
19:52:20 : Group: PETRUS: ta
19:53:38 : Command: FuzileiroBrody: aff man
19:53:43 : Group: PETRUS: passa dnv
19:53:44 : Command: FuzileiroBrody: kikando toda hora
19:53:48 : Command: FuzileiroBrody: q porra essa
19:53:53 : Command: FuzileiroBrody: ngc bugado
19:53:54 : Group: YUGI-HN: 158.69.122.54:9994
19:53:57 : Command: FuzileiroBrody: a.a
19:54:05 : Group: YUGI-HN: 158.69.122.54:9994
19:54:14 : Group: YUGI-HN: 158.69.122.54:9994
19:54:20 : Command: gordao: pelo amor nao aguento mais ja vai fazer 3 hrs que to caçando serra e martelo e nada
19:54:30 : Command: gordao: onde fica essas drogas ? qual construçao
19:54:43 : Command: Mongol: /suicide
19:54:45 : Command: Mongol: /suicide
20:03:09 : Command: Guust: aonde tem pvp?
20:03:18 : Command: gordao: só procurar
20:03:24 : Command: gordao: da tiro pra cima
20:03:26 : Command: ROBSON BARROS: Balotaaaaaaaa
20:03:36 : Command: [SOC] PitBull: cara... mas como tem nego chato... pergunta por qqr coisa
20:03:38 : Command: [SOC] PitBull: orra
20:03:41 : Command: Guust: pvp balota ouvi tiros
20:03:49 : Command: [SOC] PitBull: geração nuttela do cão viu
20:03:57 : Command: Rec.Rocha: elektro
20:04:19 : Group: ZegaLondrina: pitbull
20:05:15 : Command: Guust: balota vazia
20:08:46 : Command: Lucas: tem neblina no game ?
20:08:52 : Command: Lucas: ou bugou aqui ?
20:11:20 : Command: BlackSTATION: galera
20:11:23 : Command: BlackSTATION: morri
20:11:43 : Command: BlackSTATION: ou nao
20:11:52 : Command: KlismaNHarD: tem como respawnar no grupo?!
20:12:24 : Command: MrZetron: Bacana o mod, parabens!
20:12:34 : Group: Ferrocki: .;
20:12:44 : Command: Ferrocki: oi gatos
20:19:15 : Command: FuzileiroBrody: tnc
20:19:22 : Command: FuzileiroBrody: toma hora tomo kick nessa bosta
20:19:24 : Command: FuzileiroBrody: a.a
20:22:14 : Command: FuzileiroBrody: adm on ?
20:22:19 : Command: MrZetron: Como troca de arma primaria para secundaria?
20:22:23 : Command: Lucas: ç
20:22:44 : Command: MrZetron: Poh, valeu mano, obrigado!
20:23:37 : Group: PETRUS: /
20:23:50 : Command: MrZetron: Alguem sabe me informar, como funciona a construção de bases, ou nao existe?
20:23:55 : Group: PETRUS: /KILL
20:26:29 : Group: [SEAL] Ra s: bandege
20:26:32 : Group: [SEAL] Ra s: travecooooooooooooooo
20:26:35 : Group: [SEAL] Ra s: socorooooooooooooooo
20:26:40 : Direct: ^Madrax.cK: ;
20:26:52 : Command: Rodolfo: QUE SUSTO
20:27:04 : Group: [SEAL] Ra s: me ajuda travecoooooooooooooooooooooooo
20:27:07 : Command: MrZetron: normal aqui...
20:29:18 : Command: SGT_PATO: .as/.,/.asd,
20:29:31 : Command: FuzileiroBrody: ta foda
20:29:41 : Command: FuzileiroBrody: server kikando td hora
20:29:43 : Command: FuzileiroBrody: pqp
20:31:59 : Group: Hazard: expludi o heli KKK so muito burro
20:35:03 : Command: FuzileiroBrody: toma no cu
20:35:06 : Command: FuzileiroBrody: server lixo a.a
20:35:19 : Command: Mateuus: BETA
20:35:34 : Command: Habibi Mustafa: Mlk doente '-'
20:35:44 : Command: FuzileiroBrody: Sim ^^
20:35:57 : Group: Karlos: /sucide
20:53:28 : Command: Lucas: como vejo minha posição ? ou nao tem como ?
20:54:02 : Command: MrZetron: triangula que fica mais facil, marca no mapa e olha, ate se aproximar...
20:54:37 : Command: Unknow: Como faço para subir em telhado ou em algo?
21:01:33 : Command: Lucas: pra que serve a lanterna , como liga ela 
21:02:07 : Command: MrZetron: acho que soh habilita qnd esta noite
21:03:08 : Command: Hazard: favor pessoa que tentou me matar, termine o trabalho ainda nao morri to deitado no chao feito idiota 
21:05:23 : Command: ZelokoBR:  c pora so cinder blok e matal ja mantem a base quem sabe
21:06:23 : Command: PETRUS: pitbull
21:06:27 : Command: PETRUS: PITBULL
21:06:32 : Command: PETRUS: MOZAYCO
21:06:38 : Command: PETRUS: MOZAYCO
21:06:43 : Command: PETRUS: MOZAYCO
21:06:47 : Command: PETRUS: MANDA GRUPO
21:06:49 : Command: MoZaYCo: ?
21:07:14 : Command: PETRUS: MANDA
21:07:26 : Command: [SOC] PitBull: vem ts petrus
21:07:40 : Command: ZelokoBR: ui iiiiiiiiiiiiiiiiiiiii
21:08:04 : Command: ZelokoBR: mulher jogano ai
21:08:37 : Command: BolsaDelicia: como pego o machado
21:09:24 : Command: BolsaDelicia: COMO PEGA O MACHADO
21:09:54 : Command: Hazard: krl viado vi jesus duas vezes e voltei
21:10:09 : Command: BolsaDelicia: COMO PEGA O MACHADO
21:10:12 : Command: BolsaDelicia: E USO ELE
21:10:15 : Command: BolsaDelicia: BOTAO
21:11:00 : Command: BolsaDelicia: .
21:11:10 : Group: MoZaYCo: TS3.SOBREVIVENTE.COM
21:11:40 : Command: ZelokoBR: ..so cueca neste joga
21:12:25 : Command: FDs-Henrique: TEM ALGUMA FUNÇÃO O LAPTOP E SMARPHONE NESSE MOD?
21:12:55 : Command: DougBaster: O lap serve pra vc fazer gerador ou seja fazer base
21:13:08 : Command: FDs-Henrique: e o smartphone?
21:13:20 : Command: DougBaster: o telefone é pra fazer ranger finder se n me engano
21:13:44 : Command: FDs-Henrique: vlw man
21:14:08 : Command: DougBaster: capz
21:14:42 : Command: DougBaster: so da pra fazer base se vc tiver gerador so pra avisa
21:15:46 : Group: Gabriel: a
21:15:47 : Command: Hazard: o mano da outra torre mata os bot nao eu
21:16:12 : Command: |WLK|Chris Kyle: ola
21:16:31 : Command: |WLK|Chris Kyle: alguem ai quer grupo?
21:18:43 : Command: FDs-Henrique: sera que por aqui tambem da pra reportar bug ou os desenvolvedores nao acompanha o serve sera
21:18:56 : Command: MrZetron: de quem eh o carro abandonado em STAROYE? Ta cheio de loot dentro, kkkkk
21:22:24 : Command: Victor Huffer: wtf vei
21:24:19 : Command: Victor Huffer: aqui o spawn [e unico ?
21:24:28 : Command: DougBaster: n
21:24:28 : Command: Victor Huffer: ja dei 4 spawns e foram todos na mesma area
21:24:41 : Command: DougBaster: é aleatorio
21:24:47 : Command: DougBaster: as veses buga msm
21:25:01 : Command: DougBaster: dae so nasce la em cima lapatico e cia
21:25:03 : Command: Hazard: falta 2 so
21:28:25 : Command: Hazard: smoke safadenho
21:30:47 : Command: FDs-Henrique: cade os caras pra troca tiro?
21:31:40 : Command: Hazard: vai vim iu nao
21:31:47 : Command: Hazard: kkkk
21:32:23 : Command: ZegaLondrina: ae major, seu noob
21:33:09 : Command: ZegaLondrina: o major, noob
21:33:35 : Command: [HTS] HcK: major pediu para avisar que ta no load ainda rsrs
21:33:51 : Command: Major: oi quem é?
21:34:24 : Command: |WLK|Chris Kyle: oi
21:35:38 : Side: S.W.A.T: fala ai povo pega leve ai q nao mato vcs so zonbi
21:38:10 : Command: Daniel: algum adm ?
21:39:15 : Command: Daniel: tem um amigo meu q ta logando ai ele anda um pouco e é kikado
21:41:10 : Command: FDs-Henrique: serve precisa da um reboot pq ta um lag dapqp
21:42:15 : Command: Victor Huffer: como uso bandagem 
21:42:17 : Command: Victor Huffer: ?
21:42:31 : Command: JIHAN: 2 clicks
21:42:39 : Command: TarjaBlack: abre o inventario... clica duas vezes e clica em aplicar
21:44:31 : Command: BASSA: TA BUGADO PRA TROCA DE ARMA ?
21:44:38 : Command: JIHAN: ;
21:44:46 : Command: JIHAN: cecedilha
21:44:54 : Command: DougBaster: vc trocou suas configuracoes pra arma 3
21:45:00 : Command: BASSA: VLW
21:47:19 : Direct: S.W.A.T: vem troxa
21:47:32 : Direct: S.W.A.T: ja me deu 2 tiro
21:47:34 : Command: [HTS] HcK: quem foi os 2 que tomo bala na torre de vybor rsrs
21:48:15 : Command: TarjaBlack: se são dois, é quem "foram"
21:48:25 : Command: JIHAN: lol
21:54:05 : Command: Lucas: como cura osso quebrado ?
21:54:15 : Command: DougBaster: morfina
21:55:00 : Command: Edson Nascimento: como faz para parar de tossir que nem um condenado ?
21:55:13 : Command: FDs-Henrique: toma xarope
21:55:14 : Side: Santo Cristo: anti biotico
21:55:24 : Command: DougBaster: antibiotico
21:55:28 : Command: Edson Nascimento: blz, vlw S2
21:55:28 : Command: TarjaBlack: deve ser antibiotico
21:55:34 : Command: Lucas: problema é achar isso
21:55:38 : Command: FDs-Henrique: tenho 2 aqui rs
21:57:53 : Command: Mongol: /suicide
21:57:58 : Command: Mongol: /suicide
21:58:02 : Command: Mongol: /suicicde
21:58:08 : Command: Mongol: /suicide
21:59:37 : Command: ZegaLondrina: ae bob lee
22:00:18 : Side: ZegaLondrina: ae bob lee
22:01:12 : Command: Bob Lee Swagger: eae
22:02:42 : Command: Bob Lee Swagger: fla zega
22:06:03 : Command: Lucas: morri mas nao contou a morte .-.
22:15:10 : Command: Lucas: para relatar bug, com quem converso ?
22:18:59 : Direct: COGSabara: NAO ATIRA NAO
22:19:10 : Direct: COGSabara: SOU DA PAZPOXA
22:33:06 : Command: jesse: cheater no server
22:34:11 : Command: jesse: quem roubo nosso heli
22:34:21 : Command: jesse: emcima da base
22:34:27 : Command: jesse: xiter fudido
22:35:44 : Command: JIHAN: po ate hj nao sei como pula muro
22:35:52 : Command: JIHAN: qual botao eh rapaziada:
22:36:03 : Command: jesse: cheio de cheater essa porra
22:36:31 : Command: Zubumafu Sinaloa: lol pq
22:36:36 : Command: Zubumafu Sinaloa: n encontrei nenhum até agr
22:36:57 : Command: jesse: o cara deu tp la emcima da nossa base e levou o heli embora
22:38:38 : Side: Santo Cristo: eai kiko conseguiu um tempo do trampo pra grava ums videos
22:48:57 : Command: jesse: cheater ladrao de heli
22:48:59 : Command: DougBaster: tem alguma forma de conseguir arame sem ser achando ??
22:49:11 : Command: jesse: n
22:49:19 : Command: jesse: adm?
22:49:27 : Command: valdim: fui kicado perdi meu loot =(
22:49:45 : Command: DougBaster: vlw bha seria da hora de desse pra bater com machado nos cercado de metal e dropa arame
22:49:47 : Command: jesse: um cheater roubo o heli da minha base na caruda
22:51:23 : Command: jesse: cheater cuzão
22:52:07 : Command: Dieguez: quem é o xiter?
22:52:20 : Command: jesse: o cara q roubo meu heli
22:52:29 : Command: jesse: la de cima da minha base
22:52:36 : Command: jesse: de tp la e levo embora
22:52:58 : Command: Dieguez: mas agora?
22:53:07 : Command: jesse: s
22:53:14 : Command: jesse: tava aki na base
22:53:14 : Command: Dieguez: tuviu?
22:53:17 : Command: jesse: s
22:53:25 : Command: jesse: eu tava na minbha base
22:53:32 : Command: Dieguez: n foi explosao por causade algum bug?
22:53:34 : Command: jesse: só escutei o heli ligando
22:53:47 : Command: jesse: e ele vazando
22:54:07 : Command: jesse: n tem adm nesse server dai fica dificil
22:54:27 : Command: Dieguez: engole o choro entao filhao
22:54:36 : Command: Dieguez: agradece q tem casa hahaha
22:54:39 : Command: Santo Cristo: o server esta em beta jesse temque ter calma
22:54:47 : Command: Dieguez: eu to pelado sem arma e rodando o mapa hahaa
22:55:04 : Command: jesse: choro?
22:55:09 : Command: jesse: kkk blz
22:55:09 : Command: DougBaster: o server é aberto pra todos original e pirata ou so original ?
22:55:25 : Command: DougBaster: n sei se a pergunta é idiota por isso pergunto
22:55:57 : Command: jesse: na caruda o cara leva o heli na minha frente no topo da base
22:56:45 : Command: Bozo Sinaloa: ta muleke todo mundo ja sabe agora para de falar disso vai pro inferno mlk chato da desgraça
22:57:05 : Command: valdim: nao era nem pra ter esse chat
22:57:10 : Command: jesse: não quer ver é só muta ae lixao
22:57:37 : Command: Bozo Sinaloa: poem uma helice no cu e sai girando filho da puta
22:57:51 : Command: jesse: no cu daquela sua mãe safada
22:58:02 : Command: jesse: kb um heli enteiro la
22:58:03 : Command: Bozo Sinaloa: sim ta aki dentro de seu hellcate ela
22:58:04 : Command: Santo Cristo: por gentileza pessoal manera os palavroes no chat
22:58:37 : Command: jesse: blz
22:58:46 : Command: jesse: ja sei quem é o cheater
23:02:21 : Command: jesse: cheater lixo
23:03:03 : Command: Bozo Sinaloa: maluco nao sabe fazer base e chama os outros de cheater
23:03:05 : Command: Bozo Sinaloa: aiai
23:03:36 : Command: jesse: entao fala ae como vc foi para no topo da minha base ?? seu merdinha
23:03:50 : Command: Bozo Sinaloa: outro heli
23:03:53 : Command: Bozo Sinaloa: duente
23:04:09 : Command: jesse: kkkkk não tinha nenhum heli aqui
23:04:14 : Command: jesse: bosal
23:04:22 : Command: Bozo Sinaloa: meu amigo me largo de paraquedas seu autista
23:04:51 : Command: jesse: aaa entendi o heli do seu amigo é silenciado
23:04:54 : Command: Santo Cristo: nao tem paraquena abilitado ainda
23:04:57 : Command: jesse: kkk retardado
23:05:12 : Command: JIHAN: vish se entrego
23:05:21 : Command: jesse: n sabe nem menti 
23:05:29 : Command: Zubumafu Sinaloa: alguem em cherno poderia me matar aq, tomei 1 tiro sa porra ta desmaiado ja faz 10 minutos
23:05:35 : Command: Santo Cristo: jesse qual s nome da sua steam
23:05:46 : Command: Bozo Sinaloa: cara eu to ai desdo meio dia  fazendo missao que tinha ai na frente dai eu desloguei voltei agora e tinha um heli ai peguei e sai vazado
23:06:10 : Command: jesse: é jesse
23:06:14 : Command: jesse: a msm coisa
23:06:32 : Command: Eduardo: Santo cristo mito
23:06:55 : Command: Eduardo: Me mata
23:10:10 : Command: jesse: sem fala q minhas arma sumiram então 
23:10:44 : Command: valdim: what the fox say?
23:20:02 : Direct: MICRÓBIO CANCEROSO: me mata filho da puta
23:20:04 : Direct: MICRÓBIO CANCEROSO: porra
23:25:14 : Command: hlcpa: auguem em berezino?
23:29:13 : Command: [SEAL]  Wallace Martins: OI?
23:29:19 : Command: [SEAL]  Wallace Martins: ALGUEM AI?
23:29:29 : Command: valdim: eae
23:29:35 : Command: [CST]TangoDown: s2
23:29:38 : Command: [CST]TangoDown: clan seal
23:29:42 : Command: [SEAL]  Wallace Martins: ALGUEM AI???
23:29:59 : Command: doente: BENES
23:29:59 : Command: valdim: nao
23:30:34 : Command: [SEAL]  Wallace Martins: LIVE DO TRAVECO DA MEIA NOITE
23:31:10 : Command: [SEAL]  Wallace Martins: LIVE DO TRAVECO DA MEIA NOITE
23:31:15 : Command: [SEAL]  Wallace Martins: DA LIKE AEW GALERA
23:31:23 : Command: [SEAL]  Wallace Martins: VC TBM LOGANZ
23:31:28 : Command: =VBR= CAP.TIAGO: alguem sabe como troco de arma na numeracao?
23:31:28 : Command: [SEAL]  Wallace Martins: DA UMA MORAL
23:31:30 : Command: [SEAL]  Wallace Martins: KKKKK
23:31:37 : Command: =VBR= CAP.TIAGO: nao consigo
23:31:46 : Command: Azevedo: vai a merda, traveco!
23:32:01 : Command: [AGG]Ethan: wtf is this
23:32:09 : Command: doente: capeta de jogo
23:32:10 : Command: [SEAL]  Wallace Martins: live do traveco da meia noite
23:32:19 : Command: [SEAL]  Wallace Martins: DA LIKE AEW GALERA
23:32:25 : Command: JIHAN: la vem os mendigo de like
23:32:26 : Command: [SEAL]  Wallace Martins: LOGAN Z 
23:32:27 : Group: Azevedo: neeem...
23:32:32 : Command: jesse: FODA-SE
23:33:13 : Command: [SEAL]  Wallace Martins: LIVE DO TRAVECO DA MEIA NOITE
23:33:18 : Direct: [SOC] PitBull: MUITO NOOB
23:33:27 : Direct: [SOC] PitBull: que do
23:33:31 : Direct: [SOC] PitBull: vesgao
23:33:35 : Command: -[T]aTaichan-|BR|: fica queto ae , poluindo o chat
23:33:51 : Command: =VBR= CAP.TIAGO: pessoal
23:33:54 : Command: =VBR= CAP.TIAGO: preciso de ajuda
23:34:42 : Command: Azevedo: é?
23:35:03 : Command: =VBR= CAP.TIAGO: como troco de arma
23:35:13 : Command: Azevedo: ç
23:35:14 : Command: =VBR= CAP.TIAGO: tipo nos westland eh na numeracao
23:35:24 : Command: =VBR= CAP.TIAGO: valeu brother
23:35:30 : Command: Azevedo: ou no scroll do mouse
23:35:49 : Command: valdim: so se mudar as presets do apex
23:35:58 : Command: =VBR= CAP.TIAGO: valeu azevedo
23:36:04 : Command: Azevedo: falou!
23:36:05 : Command: valdim: ban 1/10
23:37:32 : Command: Winters: anyone wanna team up? safety in numbers
23:38:46 : Command: valdim: pra q serve o cell?
23:39:15 : Direct: [SOC] PitBull: HAHAHAHAHAHHAHA
23:39:20 : Direct: [SOC] PitBull: CHOLA
23:40:18 : Command: [SOC] PitBull: NOOBZAO HAHAHAHAH
