11:14:49 : Side: PitBull: fala galera
11:14:53 : Side: PitBull: bom dia!
11:37:52 : Side: Lopreste: sv reseto agora?
11:37:58 : Command: O.P D4V1D: s
11:38:01 : Side: Shakin: nao seii mano
11:38:03 : Side: Lopreste: fps ta alto, hahahah
11:38:05 : Side: Lopreste: ta explicado
11:38:05 : Side: Shakin: blz
11:38:17 : Side: Shakin: david adm?
11:38:32 : Side: Shakin: aki tem veiculo?
11:38:39 : Command: O.P D4V1D: sim tem veiculos
11:38:44 : Side: Hazard: muito maneiro o mod
11:40:18 : Side: Lopreste: acho que a unica coisa que falta arrumar nesse mod
11:40:21 : Side: Lopreste: é colocar as kill
11:40:24 : Side: Lopreste: se vc matou ou nao o cara
11:40:35 : Command: O.P D4V1D: vai ser colocado em breve
11:40:46 : Side: Lopreste: Blzz :DDD
11:40:53 : Command: O.P D4V1D: tem problemas maiores q precisam ser resolvidos o quanto antes pra melhorar o jogo
11:41:05 : Side: Lopreste: Um deles creio que seja o fps ne rsrs
11:41:15 : Command: O.P D4V1D: exato
11:41:19 : Side: Lopreste: eu com um pc bem acima de intermediario estou tendo problemas.
11:41:20 : Side: Hazard: tem zumbi que funciona ja to feliz
11:41:49 : Command: O.P D4V1D: ts3.sobrevivente.com
11:42:27 : Command: O.P D4V1D: daq a alguns minutos eu vou fazer missao hard cor se alguem estiver afim entrar ts
11:42:40 : Side: Shakin: passa ts ae
11:42:46 : Side: PitBull: passa ai
11:42:51 : Command: O.P D4V1D: ts3.sobrevivente.com
11:42:54 : Command: O.P D4V1D: Room 2
11:44:50 : Side: ROBSON BARROS: onde configuro para escalar as casas ?
11:45:09 : Side: ROBSON BARROS: alguem me ajuda aew
11:45:23 : Command: O.P D4V1D: aperta ESC no canto direito inferior da tela
11:45:27 : Command: O.P D4V1D: setting
11:45:43 : Side: ROBSON BARROS: sim 
11:45:49 : Side: ROBSON BARROS: e dps
11:46:12 : Command: ROBSON BARROS: e dps ?
11:46:20 : Command: O.P D4V1D: desculpa e Key
11:46:23 : Command: O.P D4V1D: n setting
11:46:31 : Command: O.P D4V1D: aperta em Key pra configurar
11:47:08 : Command: ROBSON BARROS: key onde fica isso ?
11:47:28 : Command: ROBSON BARROS: controles ?
11:47:44 : Command: O.P D4V1D: aperta ESC e no canto direito inferior da tela vai ter Key e Setting
11:48:21 : Side: Lopreste: pq levei kick
11:48:30 : Command: ROBSON BARROS: e dps vou onde ?
11:49:28 : Command: Hazard: vai em key depois jump/climb
11:49:34 : Side: Slippy: а техника с миссий остаётся?
11:49:42 : Side: Slippy: или после рестарта исчезает
11:49:51 : Side: Lopreste: Eopejfuweinfg pra vc tbm
11:50:09 : Side: Santos: se eu to com ping 200 imagine esses russos ai
11:50:29 : Side: Lopreste: se bobiar eles estao com menos
11:50:32 : Side: ROBSON BARROS: Pessoal qual e o comando para subir nas casas ?
11:50:42 : Side: Santos: pior
11:50:45 : Side: Hazard: cara muito foda pular muro
11:50:51 : Side: Lopreste: aqui [e so aperta o espaco
11:50:58 : Command: O.P D4V1D: o maior ping do serv no momento è 220 e è do TheHunter
11:51:01 : Side: ROBSON BARROS: aqui n ta funfando
11:51:13 : Side: Santos: lol;;;bra sil sil sil
11:51:13 : Side: ROBSON BARROS: eu aperto espaco e muda de arma
11:51:28 : Side: [GHOST]Nesquiki: o seu jogo está programadopara isso
11:51:42 : Side: Hazard: mano vai  em key depois jump/climb clica nele apareceu ... aperta tecla  que vc quer pro comando
11:52:17 : Side: Hazard: conseguiu?
11:53:09 : Side: ROBSON BARROS: como e ?
11:53:52 : Side: Hazard: ainda n consgeuiu?
11:54:20 : Side: ROBSON BARROS: onde configuro ?
11:54:47 : Side: jonathan: tem que desenhar
11:54:51 : Side: Hazard: ESC depois canto DIREITO INFERIOR
11:55:04 : Side: Hazard: la vai ter setting e keys
11:55:14 : Side: Hazard: vai em keys
11:55:32 : Side: Hazard: 2 clicks em keys
11:55:52 : Side: Hazard: 2 clicks e jump climb
11:56:10 : Side: Hazard: depois vc poe a tecla que vc quiser eu pus no B
11:57:08 : Side: ROBSON BARROS: ta foda perdi de pegar um loot bom por causa dessa bosta
11:57:12 : Side: ROBSON BARROS: que n funfa
11:57:17 : Side: ROBSON BARROS: acabei morrendo
11:57:28 : Side: Hazard: vish cara 
11:57:47 : Side: Hazard: vc n ta sabendo por
11:57:52 : Side: Hazard: aqui funciona bem
11:58:13 : Side: ROBSON BARROS: no meu pc em casa funfa mas no notebook n funfa
11:58:50 : Side: ROBSON BARROS: eu ja botei nas configuracoes do arma 3
11:58:54 : Side: ROBSON BARROS: e nada
11:59:33 : Side: Hazard: eu n sei como eu troco de arma
12:00:46 : Direct: sombravp: BLZ
12:01:06 : Side: ROBSON BARROS: algum adm aew pode ajudar
12:05:11 : Side: Leonardo: atira nao viado
12:05:27 : Side: TheHunter: como q abre uma porta trancada?
12:05:34 : Side: TheHunter: porta de casa normal
12:05:52 : Side: Hazard: isso e base de outra pessoa eu acho
12:06:05 : Side: Hazard: tem como por casa normal
12:06:18 : Side: TheHunter: to tentando abrir a porta e ela so gira a macaneta
12:06:19 : Global: sombravp: TEM COMO DA PARTI PRA JOGA?
12:06:42 : Direct: TheHunter: q
12:06:42 : Command: O.P D4V1D: aperte a tecla U para fazer PARTY
12:07:27 : Global: sombravp: ALGUEM TA JOGANDO EM GRUPO AI?
12:07:41 : Direct: TheHunter: eae cara da casa
12:08:03 : Direct: TheHunter: ta ai ainda 
12:08:07 : Direct: TheHunter: ?
12:09:46 : Side: jonathan: ta muito dificil de fazer base
12:10:03 : Side: ROBSON BARROS: pq ?
12:10:06 : Side: ROBSON BARROS: nada ver
12:10:12 : Side: Hazard: [e facil
12:10:31 : Side: Hazard: so arranjar machado serrote
12:10:44 : Side: jonathan: pra achar um laptop e um slaw
12:10:54 : Side: jonathan: tem que fazer o gerador
12:11:04 : Side: Hazard: sim o laptop q n achei
12:11:43 : Side: Hazard: como eu tro pra arma secundaria?
12:11:48 : Side: Hazard: troco
12:12:11 : Side: jonathan: eu mudei as conf. pra arma 3 pq ta em arma apex
12:12:25 : Side: sombravp: ALGUEM TA EM GRUPO AI?
12:12:29 : Side: Hazard: ah blz vou ver
12:13:10 : Side: jonathan: e so ir em conf. controle / resete
12:14:24 : Side: Hazard: vish n consigo mudar o preset
12:14:31 : Side: Hazard: ele fecha sozinho
12:14:35 : Side: jonathan: tem que ser bem rapido
12:14:41 : Side: ROBSON BARROS: kkkk
12:14:48 : Side: ROBSON BARROS: tem que por no do arma 3 ?
12:15:16 : Side: jonathan: e
12:15:26 : Side: ROBSON BARROS: arma 3 normal ou apex ?
12:15:42 : Side: ThiagoD: Pra q serve camera?
12:15:50 : Side: jonathan: eu deixei no arma 3 
12:15:59 : Side: Hazard: mudei pra arma 3 e n deu n ainda n muda de arma
12:16:10 : Side: jonathan: scroll do mause
12:16:23 : Side: sombravp: do heli da carona
12:16:32 : Side: Hazard: to ligado mas n funfo n
12:17:00 : Side: ROBSON BARROS: aqui tb n 
12:17:05 : Side: ROBSON BARROS: n esta subindo em nada
12:17:28 : Side: sombravp: nesse mod axa carrp?
12:17:32 : Side: sombravp: carro
12:17:39 : Side: wiinluxury: sou novo...alguma dica?
12:17:56 : Side: jonathan: nao morra
12:17:59 : Side: Lopreste: carro, heli, bike
12:18:00 : Side: Lopreste: mas é raro
12:18:16 : Side: [GHOST]Nesquiki: spaw é no mesmo local do dayz mod?
12:18:20 : Side: [GHOST]Nesquiki: alguém sabe dizer?
12:19:10 : Side: Hazard: mudei pra arma 2 deu certo
12:19:42 : Side: sombravp: axei uma base e medo de ter uns 3 pião kkkk
12:19:55 : Side: TheHunter: alo maluco do carro vermelho
12:21:52 : Side: KROBOTT: ALGUEM ME EXPLICA COMO FAZ PRA PULAR MURO
12:22:29 : Side: Ten. VetGet: aperta home e cala a boca
12:23:28 : Side: ROBSON BARROS: para reparar pneu do carro como é : estou com o pneu
12:23:29 : Side: KROBOTT: que menina   brava
12:24:47 : Side: Slippy: how can i refuel heli?
12:30:33 : Side: ROBSON BARROS: Oq precisa para reparar pneu de carro ?
12:31:11 : Side: [GHOST]Nesquiki: se for igual ao dayz mod precisa de tollbox
12:31:18 : Side: ROBSON BARROS: Ahh
12:31:26 : Side: [GHOST]Nesquiki: uma maleta de ferramentas
12:31:51 : Side: sombravp: alguem da parti ai kkk
12:33:01 : Side: wiinluxury: MANO TEM UM ZUMBI GIGANTE CORRENDO ATRAS DE MIM
12:33:04 : Side: wiinluxury: SOCORROOOOOOOOOO
12:33:20 : Side: Leonardo: quem ta no aeroporto?
12:34:32 : Side: ROBSON BARROS: Alguem troca toolbox por m249 ?
12:34:35 : Side: ROBSON BARROS: kkkkkkkkk
12:35:02 : Command: O.P D4V1D: ROBSON quantos anos vc tem cara ?
12:35:03 : Side: Ssd-: alguem conseguiu usar o custom control ?
12:36:58 : Side: jonathan: cade os loots
12:37:26 : Side: Ten. VetGet: ta achnaod que é facil é
12:37:32 : Side: Ten. VetGet: loot tem que ser hard
12:38:37 : Side: jonathan: so quero 3 coisas
12:38:44 : Side: [GHOST]Nesquiki: e esse heli em petrovka
12:38:57 : Side: ROBSON BARROS: DEVE SER O ADM PASSEANDO
12:44:36 : Side: ZelokoBR: to bugado to vivo morto deitado logo  e deslogo 
12:44:49 : Side: Leonardo: tem as barracas militares na praia em balota ainda?
12:48:17 : Side: [GHOST]Nesquiki: que treta é essa no aeroporto
13:05:04 : Side: wiinluxury: como eu faco pra trocar de arma?
13:05:19 : Side: Vingador_MG: dscriolo
13:12:13 : Side: wonderwice: how 
13:12:57 : Side: wonderwice: how can i jump?
13:17:37 : Side: wiinluxury: alguem quer fazer dupla ae?
13:17:43 : Side: BolsaDelicia: eu
13:18:57 : Side: wiinluxury: aperta u e aceita eae
13:19:08 : Side: PitBull: meu deus
13:19:14 : Side: PitBull: de quem era esse hely?
13:47:03 : Side: Samuca: E AI CARA
13:47:36 : Side: Pascoarelly: Fala man
13:56:32 : Side: ZelokoBR: gaucho
14:01:50 : Side: Klinsmann: Iae galera beleza ?
14:01:58 : Side: Habibi Mustafa: eae
14:02:11 : Side: Habibi Mustafa: procurando alguem pra joga junto +14 anos =p
14:02:13 : Side: wiinluxury: salve
14:03:32 : Side: wonderwice: where is strider?
14:04:18 : Side: Santos: nigth   :(
14:04:35 : Side: Habibi Mustafa: fica mt escuro :p?
14:04:40 : Side: wiinluxury: se pa nn
14:04:57 : Side: Klinsmann: Fica em cara
14:05:14 : Side: Habibi Mustafa: dahora =333
14:05:25 : Side: Santos: dahora vc vai ver
14:05:25 : Side: wiinluxury: alguem dupla ou grupo
14:05:27 : Side: wiinluxury: ?
14:05:32 : Side: Habibi Mustafa: qtos anos
14:05:32 : Side: rafaimpisa: esse bug de colocar fora do mapa ta fod...
14:05:36 : Side: Habibi Mustafa: ?
14:05:44 : Side: Habibi Mustafa: qtos anos win ?
14:05:50 : Side: wiinluxury: 15 men
14:05:55 : Side: Habibi Mustafa: skyp?
14:06:01 : Side: rafaimpisa: e man
14:06:05 : Side: wiinluxury: vm....msm tag daqui
14:06:27 : Side: Klinsmann: Que bug de fora do mapa cara 
14:06:32 : Side: Klinsmann: ?
14:06:44 : Side: Habibi Mustafa: ja mando la.
14:06:45 : Side: rafaimpisa: o server de joga pra fora do mapa quando reloga 
14:06:55 : Side: Habibi Mustafa: ata
14:06:57 : Side: Habibi Mustafa: tem q se mata =\
14:07:28 : Side: rafaimpisa: mas ate q me deixou perto de onde estava indo
14:07:50 : Side: Habibi Mustafa: aceita ae
14:08:12 : Side: Habibi Mustafa: 1m =|
14:08:14 : Side: wiinluxury: liga ae
14:08:34 : Side: Santos: 1 min aff
14:08:38 : Side: Klinsmann: Restarte Server
14:29:25 : Side: Mongol: Stone where is you girlfriend?
14:34:19 : Side: [AI-Qeada] Rubens: ALGUEM  EM ELETRO ?
14:34:45 : Side: Revoltz Luke: eu
14:34:48 : Side: Revoltz Luke: vai me matar?
14:35:01 : Side: [AI-Qeada] Rubens: NAO MANO SO BR
14:35:08 : Side: [AI-Qeada] Rubens: SO MATO GRINGO
14:35:40 : Side: [AI-Qeada] Rubens: APARECE AI NA IGREJA
14:36:49 : Side: [AI-Qeada] Rubens: TEM ZUMBI INDO ATRAS DE VC
14:37:10 : Side: [AI-Qeada] Rubens: PEGA AKI UMA ARMA PRA VC
14:37:21 : Side: [AI-Qeada] Rubens: MATAR O ZUMBI
14:39:43 : Side: [AI-Qeada] Rubens: PEGA AKI MANO A ARMA NA PARADA DE FERRO
14:39:44 : Side: kawai: boa tarde galera <3
14:40:34 : Side: [AI-Qeada] Rubens: KD O KARA Q TA AKI EM ELETRO
14:41:03 : Side: Revoltz Luke: MANO VC É DO CLÃ MAIS FDP DO ARMA 3 ALTIS LIFE, VC ACHA QUE EU VOU FALAR?
14:41:59 : Side: [AI-Qeada] Rubens: TEM ALGUEM EM ELETRO
14:42:05 : Side: [AI-Qeada] Rubens: ?
14:42:24 : Side: Revoltz Luke: TEMPERATURA VERMELHA É OQ?
14:44:13 : Side: Revoltz Luke: ADMIN ONLINE?
14:51:31 : Side: Mano Brow: ;olha pra baixo o de cheytac
14:55:31 : Side: [RANGER]Gen Ex D. Recker: o hospital cai com uma machadada?
14:59:20 : Command: Enzo: /kilme
14:59:44 : Command: Revoltz Luke: /commands
14:59:47 : Group: Revoltz Luke: /help
15:00:15 : Group: Enzo: /killme
15:00:24 : Group: Enzo: /killme
15:01:22 : Group: Enzo: /killme
15:07:08 : Side: Habib: o veículo spawna inteiro ou tem que arrumar?
15:07:18 : Side: kawai: tem que arruamr
15:07:26 : Side: Habib: hmm... valeu
15:07:51 : Direct: Enzo: vlw
15:10:47 : Side: jonathan: ta drop slaw?
15:14:18 : Side: Mauricio: Alguem afim de jogar junto? comecei tem 2 horas e to me sentindo sozinho e com frio oksapkosa
15:28:21 : Side: Habib: tem como respawnar? meu char bugou em cima de um zoombie
15:28:39 : Side: rds: всем привет
15:28:39 : Side: Mauricio: nao sei nao mano
15:29:07 : Side: kawai: respawnar vai perder tudo
15:29:29 : Side: Habib: não tinha jeito, o zombie acabou me matando
15:29:45 : Side: Mauricio: alguem ta afim de jogar junto ae, tenho ts e tal
15:30:22 : Side: Joao: eu passa ts
15:30:38 : Side: Nathan: eu tambem
15:30:49 : Side: Mauricio: vou passasr
15:31:02 : Side: Mauricio: 172.106.18.148:32177
15:31:06 : Side: Mauricio: entra ai galera
15:31:38 : Side: kawai: é rabadock faliceu
15:31:43 : Side: Mauricio: 172.106.18.148:32177
15:39:47 : Side: Mauricio: cade o outro carinha vai entrar ts nao?
15:41:10 : Side: Joao: puxa la mauricio
15:46:56 : Group: Stone: /suicid
15:47:47 : Group: Mongol:    /  suicide
15:55:37 : Side: [AI-Qeada] Rubens: KD O KARA DO PVP DE AIRTRIP CORREU
15:59:02 : Side: Rec.Rocha: n mata cara zzz
15:59:07 : Direct: Rec.Rocha: af para
15:59:09 : Direct: Rec.Rocha: to aprendendo ainda
15:59:11 : Side: Habibi Mustafa: alguem skyp?
16:00:09 : Command: O.P D4V1D: parece palestino
16:00:18 : Side: Uedson: acho que e arabe
16:00:29 : Side: Habibi Mustafa: quem ta no aero??
16:00:30 : Command: O.P D4V1D: nu com a mao no bolso
16:00:43 : Group: Thiago: ;
16:01:04 : Side: Habibi Mustafa: quem ta no aero
16:01:08 : Side: Habibi Mustafa: tem skyp '-'?
16:01:15 : Side: Habibi Mustafa: encontrei um cara dentro da moita
16:01:16 : Side: Habibi Mustafa: heuheuuehe
16:01:21 : Side: Uedson: muta nas opção 
16:01:25 : Side: Mauricio: eu tenho ts
16:01:30 : Side: Mauricio: alguem QUER ENTRAR NO TS?
16:01:34 : Side: Habibi Mustafa: passa ae
16:01:37 : Side: Mauricio: 172.106.18.148:32177
16:01:38 : Side: Habibi Mustafa: entro 
16:01:55 : Side: Habibi Mustafa: 172.106.18.148:32177
16:02:34 : Side: Habibi Mustafa: entrei
16:02:35 : Side: Mauricio: 172.106.18.148:32177
16:02:40 : Side: Habibi Mustafa: quase
16:02:43 : Side: Mauricio: ENTROU NAO MANO KK
16:02:47 : Side: Habibi Mustafa: paro de responde
16:02:48 : Side: Habibi Mustafa: heuheuheuheuhe
16:02:48 : Side: Uedson: n vou entrar pq to sem micro meti na parede
16:02:54 : Side: Habibi Mustafa: quem nunca
16:02:57 : Side: Habibi Mustafa: iodfjaifadsfouadshfouasfd
16:03:00 : Side: [AI-Qeada] Rubens: o peladinho q ta no aero pode pegar la o loot mano 
16:03:06 : Side: Theuf: como troca do rifle pra pistola??
16:03:12 : Side: Uedson: ç
16:03:12 : Side: [AI-Qeada] Rubens: pensei que era os kara q tinnha me matado
16:03:14 : Side: Habibi Mustafa: agora eu entrei
16:03:19 : Side: Habibi Mustafa: Rubens
16:03:25 : Side: Mauricio: posso pegar? TO DE MUCHILA RUBENS
16:03:33 : Side: Habibi Mustafa: Rubens manda gp '-'?
16:03:33 : Side: [AI-Qeada] Rubens: pode po
16:03:40 : Side: Habibi Mustafa: pra eu e ele?
16:03:43 : Side: Habibi Mustafa: to no aero tbm
16:03:49 : Side: Habibi Mustafa: tipo
16:03:52 : Side: PitBull: rubens, vc nao sabe jogar sem falar nada nao?
16:03:53 : Side: Habibi Mustafa: meio q poderia te mata agr
16:03:55 : Side: Habibi Mustafa: '-'
16:04:18 : Side: Habibi Mustafa: Entrei TS
16:04:20 : Side: Habibi Mustafa: Puxa ae
16:04:51 : Side: Mauricio: rUBENS TA AI
16:05:05 : Side: [AI-Qeada] Rubens: sim
16:05:15 : Side: Habibi Mustafa: eo
16:05:16 : Command: Mauricio: ..
16:05:19 : Command: Habibi Mustafa: ....
16:05:27 : Side: Mauricio: EU NAO ACHEI O CORPO RUBENS 
16:05:43 : Group: Flávio Grego: aff mano eu fico caindo do server
16:05:53 : Side: rds: pidr kikaet
16:06:02 : Side: Uedson: poderia colocar pra mostrar quem mato quem
16:06:07 : Side: [AI-Qeada] Rubens: passa ts ai de novo por favor
16:06:18 : Side: Mauricio: 172.106.18.148:32177
16:06:19 : Side: Habibi Mustafa: 172.106.18.148:32177
16:06:33 : Group: ZelokoBR: 167.114.206.63:2360
16:07:06 : Side: Mauricio: sou eu rubens
16:07:13 : Side: Habibi Mustafa: desespero
16:07:15 : Side: Habibi Mustafa: Iasdjiasdjaisdjaisdjaidjsu9fgais9udfgdsuy
16:07:22 : Side: Habibi Mustafa: rubens
16:07:24 : Side: Habibi Mustafa: tem outro no aero
16:07:28 : Side: Habibi Mustafa: Save Rubens 
16:07:30 : Group: Mauricio: CARALHO MORRI
16:07:47 : Group: ZelokoBR: 167.114.206.63:2360
16:07:51 : Group: ZelokoBR: 167.114.206.63:2360167.114.206.63:2360167.114.206.63:2360
16:08:13 : Side: Uedson: acho nem um velotro pra ir mais rapido
16:10:22 : Side: Theuf: tem como ver quantos ja matou?
16:10:57 : Command: Enzo: /
16:12:22 : Global: Mantas: how do you put  a tyre on a car?
16:12:31 : Global: Guilherme: with the mouse
16:15:36 : Group: TaTaRiN: ./kill
16:15:49 : Group: TaTaRiN: suiside
16:15:57 : Group: Mongol: /  / suicide
16:26:23 : Side: Theuf: galera pra que server o smartphone aqui? kkk
16:27:38 : Side: Uedson: rapaz conf a telca mas o maximo que consigo e pular muro como sobe nas casa?
16:28:11 : Side: jonathan: so homem aranha
16:29:02 : Side: Slippy: э йобанарот
16:29:29 : Side: Theuf: alguem em cherno?
16:29:36 : Side: Uedson: sim
16:29:39 : Side: Habibi Mustafa: eu
16:29:41 : Side: Uedson: você
16:29:46 : Side: PETRUS: S
16:29:48 : Side: PETRUS: EU TO
16:29:55 : Side: Theuf: fiquem de boa que o cherife chegou u.u
16:29:56 : Side: PETRUS: TO NO BOMBERO
16:30:05 : Side: PETRUS: VAI TOMA BALA
16:30:17 : Side: Joao: AIRFIELD TA BOM DE LOOT EM GLR
16:30:53 : Command: O.P D4V1D: tem q ser muito bobao pra cair nesa
16:30:58 : Side: Uedson: alguem ja acho veiculo kk
16:31:07 : Side: PETRUS: EU
16:31:13 : Side: [AI-Qeada] Rubens: eu
16:31:17 : Side: Uedson: acharam o que
16:31:18 : Side: PETRUS: TENHO UMA NAVE
16:31:35 : Side: Uedson: entao volta pro seu planeta et de vagina kk
16:31:45 : Side: PETRUS: KKKKKKKKKKK
16:32:21 : Side: Uedson: quem ja acho helli aqui tem helli ne
16:33:40 : Side: Joao: VEM AERO GLRINHA
16:33:56 : Side: Uedson: ta carente mano?
16:34:20 : Side: Theuf: tomei kick do nada kk
16:34:36 : Side: Slippy: русские есть? возьмите с собой поиграть -_-
16:34:43 : Side: Habibi Mustafa: como abre
16:34:46 : Side: Habibi Mustafa: a lata de refri?
16:34:47 : Side: Habibi Mustafa: comida?
16:34:48 : Side: Slippy: нах иди хач
16:35:13 : Command: O.P D4V1D: plz no speak in global chat
16:35:20 : Side: Habibi Mustafa: como abro
16:35:23 : Side: Habibi Mustafa: lata de comida???
16:35:25 : Side: Slippy: потому
16:35:30 : Side: Theuf: daora tomei kick e minha arma sumiu --'
16:35:32 : Side: Uedson: da 1 tiro
16:35:36 : Side: Uedson: que abre
16:35:39 : Side: Habibi Mustafa: kjjj
16:35:46 : Side: PitBull: coloca no chao
16:35:46 : Side: Slippy: потому что
16:35:50 : Side: PitBull: mira nela
16:35:51 : Side: Slippy: верность моя честь.
16:35:53 : Side: PitBull: e atira
16:36:02 : Side: Slippy: но ты не поймешь
16:36:08 : Side: Uedson: to ate vendo os zumbis vindo
16:36:11 : Side: Uedson: com os tiros kk
16:39:09 : Side: Theuf: cherno em silencio só cheia de camper msm kkk
16:39:38 : Side: PETRUS: cuidado
16:39:40 : Side: PETRUS: kkkkkk
16:39:43 : Side: PETRUS: vo te mata
16:39:45 : Side: Uedson: incluindo vc ne kk
16:39:50 : Side: PETRUS: kkkkkk
16:40:13 : Side: Theuf: eu to andando pela cidade kkk
16:40:17 : Side: Uedson: hum que silencio faz 3 horas to aqui e so tem camper 
16:40:22 : Side: PETRUS: ta pelado
16:40:23 : Side: PETRUS: ?
16:40:42 : Side: Theuf: to com meu chapeu de cherife u.u
16:40:54 : Side: PETRUS: kra to procurando um
16:40:57 : Side: PETRUS: kkkkkkkkkkkk
16:41:02 : Side: PETRUS: vo te mata
16:41:13 : Side: Uedson: quando eu achar um veiculo ficar tao feliz que meu boneco vai infarta
16:41:15 : Group: Joao: VEM AEROOO GLRRR
16:41:25 : Side: Joao: VEM AEROOO GLRR
16:41:34 : Side: Uedson: Joao ta carente kk
16:41:44 : Side: jonathan: queria so uma slaw 
16:41:48 : Side: PETRUS: carente de morrer
16:41:59 : Side: Joao: TOOO KKK
16:42:45 : Side: Uedson: esse mod ta melhor que DAyz kk
16:42:50 : Side: PETRUS: pse
16:43:04 : Side: Theuf: so falta o debug monitorzin ali do lado pra eu ver quantos matei
16:43:30 : Side: Uedson: mas da pra saber quantos vc mato ue
16:43:38 : Side: Theuf: como?
16:43:42 : Side: PETRUS: n da n
16:43:42 : Side: Uedson: conta 
16:43:44 : Side: PETRUS: doido
16:43:51 : Side: Theuf: '
16:43:52 : Side: Uedson: matei 1 depois vem 2
16:43:55 : Side: Uedson: ai 3 ...
16:44:02 : Side: Theuf: ai sua mae de 4
16:44:04 : Side: Theuf: e por ai vai =D
16:44:08 : Side: PETRUS: kkkkkkkkkkkkkkkkkkkkkkkkkkk
16:44:10 : Command: O.P D4V1D: kkkkkk fdp
16:44:13 : Side: Uedson: vc quer que os outros veja quantos vc mato ne
16:44:15 : Side: Theuf: kkkkkk
16:44:36 : Side: Theuf: claro pq ai os nego vai me caçar , e eu vou pegar mais kill =D
16:44:48 : Side: PETRUS: tao ta
16:44:53 : Side: Uedson: caçar? tu algum animal
16:45:04 : Side: Theuf: sua mae me chama de jumento =D
16:45:11 : Side: Uedson: nossa e mesmo
16:45:17 : Side: Uedson: sente aqui e me conte mais sobre isso
16:45:26 : Side: Theuf: dps
16:45:59 : Side: Vinicius: onde tem pvp nesse mod? primeira vez q jogo aqui
16:46:08 : Side: PETRUS: cherno
16:46:08 : Side: Uedson: novy sybor sempre da sorte acha veiculos em serve assim vamos ver se dou dorte 
16:46:14 : Side: Uedson: sobor**
16:46:26 : Side: Vinicius: vlw
16:46:26 : Side: Theuf: cherno teu rabo kkk, ja andei cidade toda e n ouvi um tiro
16:48:04 : Side: Theuf: igreja ta igualzinha ao mod *-*
16:48:24 : Side: Yoshima: que igreja oque rapa? quer rezar agora
16:48:34 : Side: Theuf: claro
16:48:34 : Side: [GHOST]Nesquiki: s[o tem que ajeitar uns bugs para ficar show
16:48:40 : Side: Theuf: nao achei ninguem, tenho que rezar pra achar
16:48:47 : Side: Theuf: nesquiki viado
16:48:58 : Side: [GHOST]Nesquiki: iai homosexual
16:49:02 : Side: Yoshima: unica coisa que tem de rumi desse mod é que vc n pode trocar de arma sem ter que jogar uma no chão
16:49:06 : Side: Uedson: tem umas casa cheia de barro teve um puta temporal
16:49:08 : Side: Yoshima: mas de resto ta massa
16:49:16 : Side: Theuf: ja mudo de clan dnv viado kkk, ou os cara troco nome dnv?
16:49:40 : Side: [GHOST]Nesquiki: aquele clan morreu faz tempo
16:49:48 : Side: Vinicius: ;
16:50:46 : Side: Uedson: boneco ta tramendo que porra e essa
16:50:55 : Side: [GHOST]Nesquiki: tomou um dano forte
16:50:58 : Side: [GHOST]Nesquiki: usa painkiller
16:50:59 : Side: Yoshima: quando vao implementar botao pra trocar de arma?
16:51:02 : Side: [B.A.C] NetWork: AIDS
16:51:09 : Side: Uedson: aids?
16:51:11 : Side: Theuf: ç
16:51:16 : Side: [B.A.C] NetWork: s
16:51:16 : Side: Uedson: porra pra que fui comer aquela zumbi
16:51:25 : Side: Yoshima: ç nao muda arma n
16:51:32 : Side: [B.A.C] NetWork: pode ser sifilis ou gonorreia tambe'm
16:51:35 : Side: Yoshima: eu to com um machado e n consigo colocar ele na mao
16:51:38 : Side: [GHOST]Nesquiki: cara ta bugado nesse mod
16:51:46 : Side: Yoshima: tenho que dropar tudo no chao pra poder usar o machado
16:51:52 : Side: [GHOST]Nesquiki: vai nos controles do arma e seleciona padrão arma3 ou amr 2
16:51:55 : Side: Theuf: vou pra balota , cherno so tem camper e casa explodindo sozinha kkk
16:51:56 : Side: [GHOST]Nesquiki: arma 2*
16:52:18 : Side: [GHOST]Nesquiki: tiro é o que não falta no aero
16:52:26 : Side: [GHOST]Nesquiki: nego lá está com o cu pegando fogo
16:52:56 : Side: Theuf: e essa neblina?
16:53:06 : Side: Theuf: infinita kk
16:53:40 : Side: Uedson: Achei uma base vou bate na porta e pedi agua 
16:53:54 : Command: O.P D4V1D: kkkk
16:54:08 : Side: PETRUS: se vai e receber bala
16:54:10 : Side: PETRUS: kkkkkkk
16:54:58 : Side: Uedson: tomara que seja alguém boa que more la
16:55:15 : Side: Uedson: alguem bom
16:55:28 : Side: Yoshima: pq eu to sendo kickado?
16:55:35 : Side: [GHOST]Nesquiki: alguém sabe dizer que os spawns de veiculos é no memso local do mod dayz?
16:55:43 : Command: O.P D4V1D: n
16:55:51 : Side: Uedson: porra acho nem um chevete
16:56:09 : Side: Revoltz Luke: isso nao é exile nao fi
16:56:16 : Side: Revoltz Luke: eu achei um carro por ai...
16:56:19 : Direct: Nathan: mata ai mano
16:56:21 : Side: Revoltz Luke: mas tem que concertar
16:56:22 : Side: Uedson: porra mano agora que tu avisa
16:56:24 : Side: Revoltz Luke: consertar 
16:56:54 : Side: Uedson: achei um carro
16:56:56 : Side: Uedson: kk
16:57:44 : Side: Uedson: como conserta
16:57:53 : Side: Uedson: ta sem 1 roda mas a roda ta no bau kk
16:59:01 : Side: Uedson: ae como conserta carro?
16:59:07 : Side: Theuf: cara falo q ia me matar na fire station to ate agr e nada dele kkk
16:59:35 : Side: PETRUS: klkkkkkkkkkkkkkkk nem to ae
16:59:47 : Side: Theuf: n foi so vc kkk
16:59:51 : Side: O.P D4V1D: matei um cara agora na mata me chamou de hack pq ?
16:59:53 : Side: Uedson: como conserta essa bosta
17:00:06 : Side: [GHOST]Nesquiki: precisa de tollbox acho
17:00:22 : Side: Yoshima: bah em vei
17:00:27 : Side: Yoshima: o jogo ta idendico o dayz sa
17:00:34 : Side: Vinicius: nao
17:00:37 : Side: Yoshima: servidor me kickando toda hora e aparece um cara teleportando e me mata
17:00:39 : Side: Vinicius: ta melhor infelizmente
17:00:41 : Side: Yoshima: identico
17:00:43 : Side: Yoshima: auehauehauehauhe
17:00:54 : Side: O.P D4V1D: eu q te matei q teleportando oq 
17:00:56 : Side: O.P D4V1D: kkkk 
17:01:01 : Side: Yoshima: vc passou
17:01:02 : Side: Theuf: go pvp cherno negada
17:01:03 : Side: Yoshima: 20 vezes
17:01:07 : Side: Yoshima: por dentro de mim
17:01:08 : Side: Uedson: o carro ta sem 1 roda:
17:01:14 : Side: Uedson: mas a roda ta na bau
17:01:15 : Side: Yoshima: ai eu atirei e du nada eu tomei um monte de tiro
17:01:17 : Side: Yoshima: auehauheuahe
17:01:18 : Side: O.P D4V1D: vc ta com 236 de ping filho kkkkkkkk
17:01:29 : Side: O.P D4V1D: eu q te matei
17:01:29 : Side: Yoshima: padrao
17:01:49 : Side: Vinicius: tinha que ter mais servidores desse mod heim
17:01:53 : Side: O.P D4V1D: vc ta com 236 de ping atirou em mim eu virei e te matei, escutei vc chorar chamando de hack
17:01:54 : Side: Vinicius: achei ele mt bom
17:01:59 : Side: PETRUS: para de chora yoshima
17:02:05 : Side: Yoshima: eu chamei de hack
17:02:08 : Side: Yoshima: ta bom mesmo
17:02:14 : Side: Yoshima: mentiroso lixo
17:02:20 : Side: O.P D4V1D: eu escutei vc falar kkkk
17:02:23 : Side: PETRUS: chora mano
17:02:26 : Side: Yoshima: eu falei ~ que bugado~
17:02:28 : Side: O.P D4V1D: vc falou no voip assim q morreu
17:02:30 : Side: PETRUS: o kra nem e hack vc e q e rui,
17:02:38 : Side: Yoshima: cala boca initul
17:02:40 : Side: Yoshima: inutil
17:02:41 : Side: O.P D4V1D: vc ta com 236 de ping filho.. lagado è vc
17:02:45 : Side: Theuf: tudo viado
17:02:46 : Side: Vinicius: olocoooooo chamo de lixo
17:02:48 : Side: PETRUS: inutil e tu q ta morto kkkkkkkkkkk
17:03:00 : Side: Yoshima: vsf bando de crianca do caralho
17:03:06 : Side: O.P D4V1D: kkk o cara ta com quase 250 de ping kkkkk e eu sou o lagado
17:03:11 : Side: PETRUS: eu criança
17:03:18 : Side: Theuf: culpa é da dilma
17:03:20 : Side: PETRUS: quem chorando ae e vvc
17:03:23 : Side: PETRUS: kkk
17:03:46 : Side: O.P D4V1D: vc volta quando ter uma internet decente com quase 250 de ping todos sao hack pra vc
17:03:59 : Side: Yoshima: meu deus ccara vc ta falando ainda cala boca seu imundo
17:04:05 : Group: [SNIPER.S] ExtViper: /killmne
17:04:07 : Side: O.P D4V1D: kkkkkk
17:04:11 : Side: O.P D4V1D: morto n fala entao xiu
17:04:18 : Side: PETRUS: kkkkkkk vdd
17:04:27 : Side: Yoshima: akkkkk akakaka deois babaca
17:04:29 : Side: Vinicius: olocoooooooooooooooooooooooo
17:04:44 : Side: PETRUS: principalmente quando o morto e um bosta
17:04:45 : Side: Yoshima: ve se cresce anormal
17:04:56 : Side: Theuf: o primeiro em cherno ja foi kd vcs gente
17:05:04 : Side: Joao: AERO
17:05:09 : Side: Joao: VEM AERO
17:05:15 : Side: Joao: NINGUEM DOMINA
17:05:18 : Side: O.P D4V1D: vc ta com 243 de ping e 12 de Desync ai morre e me chama de bugado kkkk wtf
17:05:24 : Side: Theuf: mt longe, preguiça
17:05:30 : Side: Yoshima: carlaho seu filha da puta
17:05:37 : Side: Yoshima: eu falei "QUE BUGADO"
17:05:46 : Side: Yoshima: vai toma no olho do cu que cara chato do caralho
17:05:49 : Side: Yoshima: se foder
17:05:50 : Side: O.P D4V1D: eu escutei teu choro
17:05:55 : Side: Joao: MT LONGE PRA TU MURRER NE KKK
17:06:03 : Side: Yoshima: a pega na pingola e mama se foder
17:06:04 : Side: Joao: VEM MORRER GLR
17:06:09 : Side: Theuf: isso, agr precisa falar em caps n ^^
17:06:26 : Side: O.P D4V1D: kkkk vai la.. 279 de ping agora kkk
17:08:40 : Side: ZelokoBR: POPARA TREIS DIA PRA MATA O CARA ATIRA NO MORRE
17:09:03 : Side: Yoshima: carai maluco sao tudo retardado desse server
17:09:22 : Side: PETRUS: contando com tigo
17:09:22 : Side: O.P D4V1D: entao quita carinha.. com esse teu ping vc n vai longe mesmo
17:09:41 : Side: O.P D4V1D: \\\
17:15:14 : Side: [SEAL]Travecodameianoite: alguem da grupo ?
17:16:17 : Side: [SEAL]Travecodameianoite: como faço grpo aqui 
17:16:27 : Command: O.P D4V1D: press U
17:17:23 : Direct: Nash: 3
17:17:35 : Direct: Nash: Hi
17:18:39 : Side: [SEAL]Travecodameianoite: alguem da grupo ?
17:19:06 : Side: Habibi Mustafa: `-`
17:24:00 : Side: Theuf: qual botao q pula muro??
17:24:21 : Side: Nash: I'm stuck in an invisible wall
17:27:33 : Direct: Nash: Hi
17:30:25 : Side: Theuf: que delicia usar lee enfield como sniper dnv *-*
17:31:39 : Side: Whisner: ta matando em 1 tiro?
17:31:54 : Side: Theuf: derruba em 1, mais sao 2 pra matar no corpo, na cabeça 1 so
17:32:08 : Side: Whisner: tendeu
17:32:21 : Side: Theuf: mais pegou no peito cai na hr, nem pensa kkk
17:32:26 : Side: Whisner: KK
17:32:28 : Side: Whisner: tlg
17:32:42 : Side: Theuf: queria q tivesse mais player --'
17:32:52 : Side: Whisner: nao acho ninguem
17:34:15 : Side: Whisner: ae theuz
17:34:19 : Side: Theuf: oi
17:34:25 : Side: Whisner: ;theuf'
17:34:32 : Side: Whisner: passa steam ae
17:34:43 : Side: Theuf: mesmo nome
17:35:00 : Side: Nash: How do you respawn?
17:35:16 : Group: Stone: /suicide
17:40:23 : Side: Revoltz Luke: SIM
17:40:31 : Side: Theuf: posso te matar?
17:40:37 : Side: Revoltz Luke: PODE
17:40:40 : Side: Revoltz Luke: MATA AI VAI
17:40:41 : Side: Revoltz Luke: CUZAO
17:40:45 : Side: Theuf: vem pra fire
17:46:25 : Side: Vini: orra finalmente consegui logar o/
17:46:56 : Side: Heisenbergn: Entrei hoje também
17:47:02 : Side: Heisenbergn: é bom o server mesmo?
17:47:15 : Side: Vini: tava com uns mod ativados na raiz do arma 3 que tava fudendo 
17:47:21 : Side: Vini: tao falando que ta top o mod
17:47:52 : Side: Heisenbergn: dahora saudades do mod do arma 2
17:48:22 : Side: UchidaBR: como usa bandagem ?
17:48:29 : Command: Matsuheusu: como se mata?
17:48:31 : Side: Habibi Mustafa: 2 click
17:48:37 : Side: Matsuheusu: como se mata?
17:48:43 : Side: UchidaBR: blw
17:48:45 : Side: UchidaBR: vlw
17:49:03 : Side: Matsuheusu: como se mata?
17:49:20 : Side: Fabricio Motta: os cara mata agente peladinho
17:49:24 : Side: Fabricio Motta: pra que mesmo???
17:49:36 : Side: Fabricio Motta: aqui nao conta kill seus burro
17:50:19 : Side: Vini: nao tem trader ne
17:50:43 : Side: Fabricio Motta: nao ne doido.
17:50:47 : Side: Revoltz Luke: ou, me explica uma coisa?
17:50:52 : Side: Revoltz Luke: pq vcs querem matar todo mundo?
17:51:08 : Side: Fabricio Motta: os cara mata agente sem nada
17:51:11 : Side: Vini: eu me incarno me fazer missao e matar bot
17:51:14 : Side: Fabricio Motta: ate sem mochila
17:51:33 : Side: kawai: essas missao ta dando muita arma 
17:51:37 : Side: kawai: pode ser assim nao
17:51:42 : Side: kawai: ja ta ficando lixeira
17:51:48 : Side: Vini: assim que eh bom
17:51:52 : Side: Vini: ai rola putaria na missao
17:51:58 : Side: Vini: quem quiser pvp vai pra la
17:52:01 : Side: kawai: vai jogar king of hill então
17:52:03 : Side: Heisenbergn: sons dos zumbis tão cabreiros kk
17:52:05 : Side: Revoltz Luke: aqui nao é survival nao
17:52:13 : Side: Revoltz Luke: os caras te matam achando que e wasteland
17:52:32 : Group: COGSabara: ;WWWWWWWEEEEE 
17:52:35 : Side: Vini: da pra fazer base de boa neh?
17:52:40 : Side: Vini: ou nem
17:52:43 : Side: jonathan: da
17:52:55 : Side: jonathan: mais e FODA pra karai
17:53:13 : Side: Vini: mas precisa arranjar territorio?
17:53:30 : Side: Revoltz Luke: SE EU TIVESSE A MISSAO, ABRIA UM SV DISSO DAQUI ROLE PLAY
17:53:33 : Group: Mongol: /suicide
17:53:43 : Side: [SEAL]Travecodameianoite: ALGUEM DA GRUPO AI 
17:53:55 : Side: Revoltz Luke: VC É ALIADO DO SNIPER SEAL?
17:54:18 : Side: [SEAL]Travecodameianoite: EU ?
17:54:21 : Side: Revoltz Luke: SIM
17:54:30 : Side: [SEAL]Travecodameianoite: EU NÃO AS VEZES JOGAMOS JUNTOS 
17:54:40 : Side: [SEAL]Travecodameianoite: NÃO TENHO NADA CONTRA NEM À FAVOR
17:54:58 : Side: Revoltz Luke: AH SIM
17:57:20 : Side: Vini: aff
17:57:27 : Side: Vini: fui kickado e perdi tudo que tinha
18:00:18 : Side: Matsuheusu: alguem em kamyshovo?
18:00:22 : Side: [SEAL]Travecodameianoite: como troca de arma
18:00:30 : Side: [SEAL]Travecodameianoite: alguem ja descobriu ?
18:10:55 : Side: Revoltz Luke: KKKKKKKKKKKKKKKKKK
18:11:00 : Side: Revoltz Luke: ATIRANDO EM MIM NASCI AGORA
18:11:02 : Side: Revoltz Luke: E ERROU TUDO
18:16:02 : Direct: Vini: oi
18:16:28 : Group: TaTaRiN: ./suicide
18:23:09 : Group: Fyodor Okhlopkov: /suiside
18:23:49 : Side: Revoltz Luke: eae admin, blz?
18:24:30 : Side: Revoltz Luke: que vacuo admin
18:24:38 : Side: Mateuus: CALMA CARA
18:24:44 : Side: Revoltz Luke: oi admin tudo bem
18:24:45 : Side: Mateuus: TAVA LOGANDO AINDA
18:24:56 : Side: Mateuus: QUER ME DÁ É?
18:24:57 : Side: Revoltz Luke: admin a missao é publica?
18:25:04 : Side: Mateuus: sim
18:25:08 : Side: kawai: po matheus esse mapa ta pequeno pra muita gente
18:25:08 : Side: Habibi Mustafa: particular '-'
18:25:18 : Side: Revoltz Luke: posso hostear ela em server meu?
18:25:23 : Command: O.P D4V1D: logico q a missao e publica
18:25:30 : Side: Mateuus: 252² é pequeno ?
18:25:39 : Direct: Joao: n
18:25:40 : Side: kawai: po cara juro pra tu
18:25:42 : Side: Revoltz Luke: nao sei se vcs sabem, mas para hostear uma missao decentemente, nao é so pegar ela no appdatas nao
18:25:45 : Side: kawai: tem muita gente
18:25:56 : Side: kawai: ou da uma nerfada de arma nas missão
18:25:59 : Side: Mateuus: Revoltz entendi, não o serverFiles não é publico
18:26:18 : Side: spAnnii: esta muito facil de acha arma nesse jogo, tem que coloca bem hard
18:26:26 : Side: kawai: que é arma de mais ai fica uma cabeçada de pelado toda hora correndo pra missao
18:26:29 : Side: Mateuus: kawai colocamos as missões mas estamos trabalhando nos loot que vai dropar dela ainda
18:26:40 : Side: kawai: to ligado
18:26:54 : Side: kawai: pq tipo ta meio sem nexo ela ta em umas areas muito cheias de pessoa
18:26:59 : Side: Vini: se me permite opinar.. coloca mais item para contruir base(survival) e menos armas
18:27:04 : Side: kawai: tinha q colocar em locais afastados
18:27:15 : Side: Revoltz Luke: como que começa uma construção, precisa de machado é?
18:27:17 : Side: kawai: essa parada ai
18:27:29 : Side: Fabricio Motta: VERDADE
18:27:30 : Command: O.P D4V1D: alt B para ver oq precisa
18:27:38 : Side: Mateuus: Vini o problema que nçao tem muito itens de construção ainda, mas logo o sistema de construção vai parece mais com o do Exile
18:27:43 : Side: Mateuus: e do DayZ Origins
18:27:44 : Side: Fabricio Motta: KKKK ACHEI UMA M1014 NA COZINHA
18:27:54 : Side: Revoltz Luke: como consigo wallboard?
18:28:04 : Side: JhonnyWalker: ta de parabéns o mod, claro que como ja foi dito esta sendo melhorado mas de comejo ja agrada bastante, parabens pra equipe
18:28:09 : Side: kawai: po matheus pq vc nao bota o primeiro mapa que o mod começou?
18:28:18 : Side: kawai: era mais massa mano
18:28:21 : Side: Revoltz Luke: qual mapa era?
18:28:30 : Side: kawai: o chernarus é pqno de mais
18:28:33 : Side: Mateuus: é menor aquele mapa e tem pouca cidade
18:28:38 : Side: Mateuus: Chernarus é 252²
18:28:41 : Side: kawai: eu nao lembro o mapa
18:28:48 : Side: Mateuus: Altis não é mapa para DayZ
18:29:02 : Side: kawai: eu sei mais mesmo assim tem gente em todo lugar eu nao sou o primeiro a falar isso
18:29:08 : Side: Fabricio Motta: esseker era mais massa mesmo
18:29:24 : Side: Revoltz Luke: altis nao é mapa nem pra life
18:29:30 : Side: Revoltz Luke: altis é pra fazer porra nenhuma
18:29:38 : Side: Revoltz Luke: wasteland la é chato
18:29:40 : Side: Revoltz Luke: stratis é melhor
18:29:42 : Side: Fabricio Motta: to enjuado de chernaru no DayZ
18:29:58 : Side: kawai: cara na minha opniao e na de uma galera ai tinha que ser só primeira pessoa e colocar menos armas
18:29:59 : Side: Mateuus: por enquanto vamos está apenas no Chernarus
18:30:14 : Side: spAnnii: servidor tinha que se RP
18:30:16 : Side: kawai: é muita arma a todo momento
18:30:38 : Side: Mateuus: agora ta dificil de achar armas
18:30:45 : Side: kawai: nao ta nao kkk
18:30:50 : Side: Mateuus: Armas boas só em zona militares
18:30:54 : Side: kawai: vai la em vybor pra tu ver
18:30:55 : Side: Mateuus: o resto é a missão que da
18:31:01 : Side: Revoltz Luke: oq é essa temperatura?
18:31:02 : Side: Vini: mas ja da pra fazer base?
18:31:04 : Side: Revoltz Luke: e como deixa ela boa?
18:31:16 : Side: kawai: mais isso que to falando a missao ta dando arma de mais
18:31:22 : Side: TOTS: FALECEU
18:31:25 : Side: TOTS: KKK
18:31:30 : Side: kawai: vai em vybor q vc vai entender o que eu to falando
18:31:34 : Side: Mateuus: vamos arruma isso no proximo update
18:31:41 : Side: kawai: da um pulinho la 
18:31:52 : Side: kawai: e tinha que voltar com aquela caralhada de zumba
18:31:58 : Side: kawai: pra ficar hard
18:32:09 : Side: kawai: pq só pvp nao tem graça
18:32:20 : Side: Mateuus: zumbi de mais da muito lag no servidor
18:32:30 : Side: kawai: po antes nao tava
18:32:34 : Side: kawai: pelo menos pra mim
18:32:42 : Side: kawai: agora o fps ta uma bosta
18:32:46 : Side: kawai: ta 26
18:32:55 : Side: kawai: ai tem dia que ta 40 50 fps
18:33:03 : Side: Revoltz Luke: aqui ta 30 ...
18:33:07 : Side: Revoltz Luke: normalmente jogo a 60
18:33:09 : Side: Revoltz Luke: qualquer server
18:33:20 : Side: kawai: eu nem to em cidade grande e ta travado assim
18:33:37 : Side: jesse: TO A 20 FPS
18:33:43 : Side: kawai: eu tava conversando com uma galera ai
18:33:52 : Side: kawai: o mapa chernarus do arma 2 é bugado
18:33:58 : Side: jesse: com uma gtx 960 4 gb
18:34:09 : Side: kawai: o esseker é o que menos trava
18:34:18 : Side: Mateuus: já disse ainda não vamos trocar de mapa
18:34:22 : Side: kawai: nem quando o server era no altis era travado assim
18:34:32 : Group: wenddel: ta travando mt msm 
18:34:36 : Side: ACASSIO: Tem alguma maneira de se matar mais facil
18:34:46 : Side: Revoltz Luke: digita barra
18:34:46 : Side: Fyodor Okhlopkov: como q ataca com o machadao?
18:34:49 : Side: Revoltz Luke: suicidio
18:34:50 : Side: kawai: so to dando uma opniao pq tem gente pacas reclamando disso
18:34:54 : Side: Revoltz Luke: em ingles
18:35:11 : Side: kawai: impossivel de entrar numa cidade e trocar tiro
18:35:15 : Side: kawai: nem da
18:35:57 : Global: wenddel: ta mt travado msm
18:36:40 : Side: kawai: to falando po eu to dentro da minha base em stary sabor e ta  com 19 de fps
18:36:49 : Side: Mateuus: Vamos está arrumando essa questão do FPS hoje
18:36:54 : Side: kawai: como que troca tiro assim?
18:36:57 : Side: Fyodor Okhlopkov: como q a
18:36:59 : Side: kawai: po agradeço matheus pprt
18:37:06 : Side: Fyodor Okhlopkov: como ataca com o machado?
18:37:10 : Side: kawai: o que de pra ajudar tamo ai
18:37:17 : Side: Vini: e veiculos? vai rolar?
18:37:24 : Side: kawai: ja tem veiculo cara
18:37:28 : Side: Mateuus: tem mais de 60 veiculos no mapa
18:37:30 : Side: kawai: to com 2 aqui
18:37:36 : Side: Vini: mal, nao sabia
18:37:58 : Side: Vini: seria bom uma trader =X
18:38:07 : Side: Lucas: como q pula muro?
18:38:11 : Side: Mateuus: :/
18:38:14 : Side: kawai: aperta spaço
18:38:22 : Side: Revoltz Luke: trader? se quiser trade joga exile
18:38:23 : Side: Revoltz Luke: porra
18:38:25 : Side: TOTS: tem como eu ver quem eu matei e qual player me matou?
18:38:30 : Side: Revoltz Luke: quer zoar o negocio
18:38:50 : Side: KROBOTT: kkkk
18:38:52 : Side: Vini: tu deve ter o dia todo pra jogar e farmar, eu nao
18:38:57 : Side: Mateuus: TOTS não sabemos que vamos fazer sobre isso ainda
18:39:00 : Side: kawai: cara servidor tem que ficar hard core mano
18:39:04 : Side: Fyodor Okhlopkov: como q ataca com o machado galera ?
18:39:06 : Side: kawai: em primeira pessoa
18:39:20 : Side: TOTS: vlw
18:39:25 : Side: kawai: ai matheus outra parada é que ta demorando muito a morrer cara
18:39:44 : Side: kawai: tu descarrega 30 bala na cara do maluco e nao morre nem pelo caralho kkkkk
18:39:48 : Side: KROBOTT: isso eh vdd
18:39:54 : Side: kawai: o cara desmaia te mata e nao morre
18:41:51 : Side: kawai: matheus se colocar outro gerador dentro da base almenta os slots?
18:41:58 : Side: Mateuus: N
18:42:49 : Side: Revoltz Luke: se eu cair no chão e ficar deitado, eu consigo levantar?
18:42:54 : Side: Revoltz Luke: por tiro?
18:43:00 : Side: kawai: sim
18:43:06 : Side: Revoltz Luke: demora?
18:43:07 : Side: kawai: tem que esperar
18:43:12 : Side: kawai: demorar sim
18:47:08 : Side: kawai: troco m320 por caixas de prego
18:47:36 : Direct: Vini: ei vc deitado ai no ultimo andar kkkk
18:49:57 : Side: Revoltz Luke: atras da parede é?
18:50:18 : Side: Revoltz Luke: pegando camper com arma boa é facil, vou começar a fazer isso
18:50:48 : Side: Habibi Mustafa: faz `-`dahora ... legal .. uhul
18:51:13 : Side: GreYFoX: GALERA O JOGO e lagado msm ?
18:51:39 : Side: wenddel: nao tava assim nao mano 
18:51:40 : Side: gabriel: tem veiculo?
18:54:18 : Side: Vini: porra, pra todo lugar que eu vou tem tiro
18:54:22 : Side: Biel: AAA
18:55:01 : Side: Habibi Mustafa: carinha da torre do aero e ruinzao
18:55:06 : Side: Habibi Mustafa: to aqui parado e nao acerta
18:55:42 : Side: Habibi Mustafa: destitiuå
18:55:43 : Side: Habibi Mustafa: ?
18:55:46 : Side: Habibi Mustafa: kjjj
19:00:02 : Side: kawai: meu jesus de nazaré o fdps nao ta dando mano satanas com labachurias de malafaia
19:00:36 : Side: badrasta: ta ruim o fps pra ti tb?
19:00:42 : Group: Revoltz Luke: /SUCIDE
19:00:49 : Side: kawai: porra ruim é apelido
19:01:06 : Side: badrasta: pensei que o problema era comigo
19:01:19 : Side: kawai: até os comandos estão atrasados
19:01:19 : Side: badrasta: pq tava liso até ontem
19:01:26 : Global: wenddel: acho que todo mundo ta assim
19:01:37 : Global: wenddel: pois e ate ontem tava de boa
19:01:40 : Side: Vini: aqui ta de boa... vai nas configuracoes e diminui o range de visao
19:02:00 : Side: kawai: duvido que eu abaixo pra menos de 2000
19:02:07 : Side: ALEPALACE: O problema e o pc da xuxa de vcs to com 50 fps e variando pra 30
19:02:12 : Side: kawai: o meu pega de boa em qualquer outro mod
19:02:19 : Side: Revoltz Luke: LOOT EM AREA MILITAR É MELHOR?
19:02:44 : Side: Vini: adm falou q sim
19:03:14 : Side: badrasta: até ontem tava liso, hoje tá horrivel
19:03:29 : Side: Biel: mano q lag eh essse
19:03:31 : Group: jesse: vdd
19:03:32 : Side: Biel: 20fps?????
19:03:34 : Side: Biel: porra
19:03:35 : Side: jesse: vdd
19:03:41 : Side: jesse: ta foda
19:04:12 : Side: jesse: tipo to no meio do nada e msm assim ta baixo
19:04:50 : Side: kawai: mano na realidade esse mapa é uma bosta
19:05:15 : Side: kawai: e o ping tambem nao ta legal
19:05:45 : Side: Revoltz Luke: TEM GENTE QUE SO RECLAMA TB
19:05:53 : Side: Revoltz Luke: FAZ DONATE PRO ADM AI
19:05:56 : Side: Revoltz Luke: QUE DAI DA PRA PEGAR UM BR
19:05:57 : Side: badrasta: tenso, man. nao posso mais jogar dayz por causa do direct x 11, esse mod era minha esperança
19:06:03 : Side: Revoltz Luke: ELE TA PAGANDO PRA VC JOGAR E VC RECLAMA
19:06:24 : Side: kawai: eu vo pagar filho acompanho o mod a muito tempo
19:06:30 : Side: kawai: so nao recebi ainda
19:07:08 : Side: kawai: pqp mano desisto 10 de fps
19:07:13 : Side: ACASSIO: PVP ELETRO GOGOGO
19:07:47 : Side: Revoltz Luke: ACASSIO VC É DO CAPITAL?
19:07:51 : Side: Revoltz Luke: LIFE
19:07:53 : Side: Revoltz Luke: JA JOGOU LA
19:07:55 : Side: Al Qaeda: JA TO AQUI O ZE BUCETA 
19:07:58 : Side: ACASSIO: Naum
19:08:17 : Side: jesse: caralho o fps ta horrivel mds
19:08:38 : Side: kawai: se puxar long range em cherno é capas do pc explodir
19:08:43 : Side: Al Qaeda: CADE OS CUZAO DE ELEKTRO PRA TROCA BALA AQUI
19:09:04 : Side: Brother: Eita! 
19:09:52 : Side: Revoltz Luke: admin
19:09:54 : Side: Revoltz Luke: matei o cara
19:09:56 : Side: Revoltz Luke: e ele deslogou
19:10:00 : Side: Revoltz Luke: e o corpo dele sumiu
19:10:01 : Side: Revoltz Luke: porra
19:10:22 : Side: Revoltz Luke: assim nao da mano
19:10:24 : Side: kawai: olha isso mano deixei as configuraçoes na mais lixosa de toda tudo desativado e o fps ta 20 kkkkkkkkkkkkkkk
19:10:29 : Side: kawai: se loko
19:10:43 : Side: Al Qaeda: PC LIXO
19:11:04 : Side: Hazard: krl hj mais cedo tava lisinho
19:11:12 : Side: kawai: é po engraçado lixo so nesse mod né
19:11:25 : Side: Hazard: mas o mod e foda
19:11:27 : Side: kawai: até no king of hill que é pau torando no altis nao é assim
19:11:41 : Side: kawai: o mod é  maneiro pa garai
19:13:17 : Side: JhonnyWalker: o mod é novo, galera tem q ter paciencia tbm, adms estao arrumando devagar, br é foda, quer td na hora
19:13:21 : Direct: Nash: Hi
19:13:42 : Side: kawai: mais é que quando o mod lanço a muito tempo a tras era melhor mano
19:13:51 : Side: kawai: e era em outro mapa rodava liso
19:13:57 : Side: Revoltz Luke: oi firm
19:14:28 : Side: Firm TheSync: eae
19:15:52 : Side: Al Qaeda: AF OLHA ISOS
19:16:28 : Side: Iceman: есть русские?
19:18:39 : Side: kawai: BOM JOGO AI GALERA TO SAINDO AQUI ESPERAR O ADM ATUALIZAR PQ TA DANDO NAO
19:18:44 : Side: kawai: FUI
19:18:59 : Command: Hazard: /
19:19:13 : Side: Hazard: so vai resolver resentando server
19:19:42 : Side: kawai: SERVER RESETO AGORA POCO
19:19:54 : Side: kawai: EU TO JOGANDO EM CAMERA LENTA
19:20:01 : Side: Al Qaeda: NEGO CAGAO FOGE DA TRETA
19:20:03 : Side: Hazard: vish 
19:20:32 : Side: Hazard: deve ser a maquina q ta rodando o server entao
19:20:49 : Side: kawai: O PING TA ALTO DE MAIS
19:21:14 : Side: |[MDA]|iguinho0br: coé ta a 10 fps 
19:21:21 : Side: |[MDA]|iguinho0br: comassim
19:21:24 : Side: [HTS] Bacon: diminui a configuração
19:21:29 : Side: Hazard: acho q ta td mundo 10 fps
19:22:17 : Side: kawai: porra eu ja botei a configuração na mais baixa possivel e desativei o que dava e nao mudou merda nenhuma
19:22:30 : Side: |[MDA]|iguinho0br: exatamente
19:23:14 : Side: [HTS] Bacon: e seu campo de visao como ta?
19:23:35 : Side: kawai: nem se abaixar a resoluçao adianta kkk
19:24:22 : Side: kawai: fui
19:24:43 : Side: GuuzRA: geral com 10 FPS?
19:25:08 : Side: Al Qaeda: SS
19:36:25 : Side: Lopreste: fps ta uma delicia.. nosssa --'
19:42:42 : Side: JhonnyWalker: ó o loganz na area ai
19:43:16 : Side: Guust: algum br ai? cara pq meu jogo ta lagado?
19:43:27 : Side: [SEAL] Ra s: meu tbm rlx
19:43:33 : Side: [SEAL] Ra s: so 
19:43:39 : Side: [CST]CeccoGamer: 1 logada do dia ele fica uns 2 min assim só esperar
19:43:50 : Side: [HTS] Bacon: aqui ta de boa o fps
19:43:55 : Side: [HTS] Bacon: 56 na cidade
19:46:16 : Side: Dieguez: continua sem loot essa bosta?
19:46:20 : Side: Lopreste: algum adm on?
19:46:49 : Side: Lopreste: deixei minha base com a porta fechada, loguei agora a porta aberta... Como isso é possivel?
19:46:54 : Side: Lopreste: Tem como dar um help algum adm?!?!?!
19:47:03 : Side: Ale25: algun argentino para hacer amistad ?
19:49:08 : Side: acojunior: demorei um tempao pra achar uma pistola ai o server reinicia e some com ela
19:49:28 : Side: [HTS] Bacon: kkkk
19:49:35 : Side: [HTS] Bacon: que tiraço de linx
19:49:55 : Side: Erison: ta de linx ?
19:50:30 : Side: [HTS] Bacon: nem
19:50:35 : Side: [HTS] Bacon: o cara morreu na minha frente
19:51:11 : Side: Erison: quem ta de linx ? fala ai so pra min ser seu fã kkkkk
19:51:39 : Side: [HTS] Bacon: é alguem perto do aeroporto
19:52:02 : Side: Lopreste: ALGUM ADM ON
19:52:23 : Side: Hazard: fps voltou ao normal
19:54:45 : Side: Hazard: n acho nada pra beber vo morre KK
19:56:02 : Side: Hazard: do dois passos desmaio
19:56:29 : Side: Hazard: oh o logan ai
20:01:30 : Side: Erison: alguem sabe oq é ou ja achou um CASESUIT?
20:01:52 : Side: Erison: SUITCASE
20:02:30 : Side: Rafael: pra comer ter de rodo agora pra beber ta triste
20:03:12 : Side: Hazard: morri de sede KKK
20:03:22 : Side: Erison: ja ta comun isso
20:14:51 : Side: ZelokoBR: O MATHEUS VC PODERIA POR A MIRINHA PRA QUEM GOSTA DE JOGAR EM 3 CAMERA
20:43:21 : Side: IDM Rev0ltZ: ACEITA GRUPO AI SANTO, SOU EU O MANO LUKE
20:44:07 : Side: Santo Cristo: to alone hoje mano deixa pra proxima  quandpo arruma meu mic
20:44:13 : Side: IDM Rev0ltZ: BLZ
20:44:23 : Side: Santo Cristo: se ta lugado q e nois
20:44:33 : Side: IDM Rev0ltZ: xD
20:46:57 : Side: ZelokoBR: poderia term mira praquem gosta  de joga em terceira pessoa 
20:47:06 : Side: FuzileiroBrody: concordo
20:47:31 : Side: IDM Rev0ltZ: tb acho, so jogo em terceira
20:48:14 : Group: ZelokoBR: mata peladim e facio noob
20:48:57 : Side: ZelokoBR: mata peladim e facio ne noob
20:49:34 : Side: Lopreste: achei facil matar os noob em airfield
20:57:00 : Side: [1ºBIT]BATISTA: o cara desconquito na minha frente
20:58:08 : Side: ZelokoBR: TA IGUAL CS ISTO AQUI
21:18:58 : Side: ZelokoBR: KKK NAO MORRE TADE BRINCADERA 
21:19:15 : Side: Firm TheSync: CEGO.
21:20:05 : Direct: FuzileiroBrody: .
21:21:53 : Side: ZelokoBR: TIDEI DOIS TIROS DE 12 NAO MORRE MIDA UM TIRO DE PISTOLINHA ME DESMAIA HAM
21:46:15 : Side: CachoeRa: alguem pra juntar?
21:46:27 : Side: alexandre: nos
21:46:40 : Side: CachoeRa: onde?
21:47:09 : Side: Darksidebr: alguem pra ajudar 
21:47:24 : Side: Darksidebr: como trocar a arma
21:47:26 : Side: juninho McCoy: bora juta
21:47:59 : Side: CachoeRa: onde cara?
21:48:03 : Side: CachoeRa: só falar
21:48:03 : Side: doente: tbm to afim de se juntar
21:48:04 : Side: alexandre: como manda grupo
21:48:07 : Side: Darksidebr: nao entendi o octrl+ boton 18
21:48:08 : Side: doente: ruimzao jogar solo
21:48:21 : Side: FDs-Henrique: galera como troca de arma nesse mod?
21:48:22 : Side: juninho McCoy: estou saindo de  elektro
21:48:37 : Side: CachoeRa: alexandre
21:48:40 : Side: CachoeRa: esta aonde?
21:48:45 : Side: alexandre: airfild
21:48:50 : Side: juninho McCoy: tem aguem em eletro
21:48:51 : Side: alexandre: como cria grupo
21:48:59 : Side: FDs-Henrique: alguem me explica como troca de arma?
21:49:00 : Direct: PitBull: falae
21:49:10 : Direct: PitBull: ME OUVE?
21:49:17 : Direct: CachoeRa: eae
21:49:20 : Direct: CachoeRa: blz?
21:49:28 : Direct: PitBull: suave
21:49:30 : Direct: PitBull: hehe
21:49:35 : Direct: CachoeRa: bora colar junto?
21:49:40 : Direct: CachoeRa: tenho amigo nõa
21:49:41 : Direct: CachoeRa: to solo
21:49:42 : Side: juninho McCoy: tiroteio aki
21:49:47 : Direct: PitBull: to indo pra cidade arrumar uma arma, quer vir junto?
21:49:52 : Side: FDs-Henrique: ALGUEM SABE COMO TROCA DE ARMA?
21:49:59 : Direct: CachoeRa: bora
21:50:14 : Direct: PitBull: perai
21:50:22 : Side: juninho McCoy: rola o escrodo do mause
21:50:23 : Direct: CachoeRa: estamos perto de onde?
21:50:24 : Side: Firm TheSync: coloca o proe config do controle em opcoes para arma 3
21:50:38 : Direct: PitBull: vc tem ts?
21:50:43 : Direct: CachoeRa: sim
21:50:44 : Direct: PitBull: entra no nosso ts
21:50:45 : Side: Gustavo: manda gru[p
21:50:47 : Direct: PitBull: peri
21:50:48 : Side: Gustavo: /
21:50:49 : Direct: CachoeRa: manda ip
21:50:50 : Command: Gustavo: ..
21:50:51 : Direct: PitBull: vo manda ip
21:51:08 : Direct: PitBull: ca19.ts3.cloud:3182
21:51:11 : Direct: PitBull: ca19.ts3.cloud:3182
21:51:17 : Direct: CachoeRa: marca
21:51:30 : Direct: PitBull: como assim?
21:51:37 : Side: juninho McCoy: bora joga junto
21:51:48 : Side: FDs-Henrique: E DEPOIS 
21:52:20 : Side: Firm TheSync: dps rola o scroll do mouse
21:52:29 : Direct: CachoeRa: to la
21:53:10 : Direct: PitBull: segue
22:05:39 : Group: Ghsi15: opa
22:05:58 : Group: KROBOTT: ae
22:06:22 : Group: Ghsi15: ta bem estilo dayz mod neh?
22:07:06 : Group: Ghsi15: to correndo ai
22:09:45 : Side: Vito: tem carro nesse mod?
22:09:54 : Side: [CST]TangoDown: tenho 2
22:09:56 : Side: jonathan: s
22:10:03 : Side: Vito: vlw
22:10:20 : Side: kawai: ai tu é um merda mesmo em
22:10:26 : Side: [CST]TangoDown: ?
22:10:34 : Side: jonathan: tem como guardar itens sem base?
22:10:35 : Group: KROBOTT: chega aqui tem loot 
22:10:46 : Side: [CST]TangoDown: tem
22:11:09 : Group: Ghsi15: TO CORRENDO AI
22:13:41 : Group: KROBOTT: tiro em mim 
22:14:04 : Group: Ghsi15: to correndo o maximo
22:14:13 : Group: Ghsi15: mas to sem nada
22:14:40 : Group: Ghsi15: vo tentar pegar alguma arma aqui
22:14:50 : Group: Ghsi15: ou tu tem alguma coisa pra mim?
22:19:12 : Group: KROBOTT: /KILL
22:21:22 : Group: GuuzRA: ainda ta lagado nos 20 fps?
22:22:37 : Side: [CST]TangoDown: alguem conseguiu fazer missao? (Completar)
22:29:00 : Group: rafaimpisa: boa viado
22:30:41 : Group: rafaimpisa: entao to na entrada de berezino quero ver se consigo fazer a misssao
22:33:53 : Group: rafaimpisa: ta por onde ton?
22:36:22 : Side: [HTS] Bacon: é normal sumi intes ?
22:36:40 : Group: kawai: n
22:36:44 : Side: kawai: nao
22:36:55 : Side: Texugo: nao pode guardar arma na mochila com item acoplado
22:37:06 : Side: [HTS] Bacon: do armario mesmo
22:37:27 : Side: Iury: pq  para mim aparece contruções do arma 3 ?? deveria ser igual a chernarus???
22:37:47 : Side: M1 Garant: pq vc ta jogando arma 3
22:37:52 : Side: [HTS] Bacon: engraçado achei uma linx guardei ela no armario .. agr ela desapareceu
22:37:57 : Side: [CST]CeccoGamer: tem varias construcoes
22:38:13 : Side: Texugo: ;
22:38:32 : Side: [HTS] Bacon: linx com mira LRPS e 5 balas
22:38:33 : Side: Iury: não sem zua 
22:39:17 : Side: Iury: como que pula ???
22:39:39 : Side: YUGIHN: V
22:39:48 : Command: pank: ;
22:39:53 : Side: [HTS] Bacon: algum admin online ?
22:39:55 : Side: pank: com pula muro
22:39:58 : Side: YUGIHN: OU VC pode configura pra escala tbm
22:40:45 : Side: Camilo: como que eu troco de arma
22:40:50 : Side: YUGIHN: ç
22:41:38 : Side: -[Sow]-Mr*Crazy: galera tem helicrash ou algum luger que tenha mais armas e recursos???
22:42:17 : Side: M1 Garant: o que quer dizer quando minha tela fica branca ?
22:42:18 : Side: YUGIHN: sim tem helicrash e varios lugares com armas e itens boms 
22:42:37 : Side: -[Sow]-Mr*Crazy: obrigado pelas informacoes
22:47:29 : Side: LcZ: ng mem eletro? :/
22:47:42 : Side: [CST]TangoDown: parou o kick? LcZ
22:48:06 : Side: [HTS] Bacon: algum admin on ?
22:48:14 : Side: LcZ: paraaaaaar nao parou, mas depois que reinstalei tudo é os esquema que tu falou mesmo, é a internet qeu da umas oscilada
22:48:31 : Side: LcZ: antes era direto e por wrong signature for file
22:49:03 : Side: Texugo: e por causa das casas do apex
22:49:13 : Side: Texugo: eles vao remover
22:49:22 : Side: Texugo: para de reclamar no server e vai ler a comunidade
22:49:38 : Side: alexandre: como cura perna quebrada
22:49:41 : Side: LcZ: quem ta reclamando irmão?
22:49:45 : Side: Texugo: morphina
22:49:53 : Side: alexandre: e se nao tiver
22:50:06 : Side: jesse: se mata
22:50:39 : Side: alexandre: te jeito nao otro jeito de arrumar perna
22:51:18 : Side: kawai: TU É ENDIGENA CARA?
22:54:52 : Group: rafaimpisa: VAMOS PRA BASE MINHA ESPOSA TA COM DOR DE CABEÇA ENTAO NEM VOUI FALAR
22:56:27 : Group: rafaimpisa: SIM
22:56:47 : Group: rafaimpisa: MARA
22:58:04 : Side: DougBaster: gente os itens pra fazer toll box n ta dropando ou é impressao  minha
22:58:20 : Group: rafaimpisa: HELI
22:59:44 : Group: rafaimpisa: VOLTEI Vamos no heli
23:00:12 : Side: [HTS] Bacon: nossa mlk deslogo pra nao morrer
23:00:15 : Side: [HTS] Bacon: slc
23:01:32 : Group: rafaimpisa: ja pegaram
23:01:43 : Group: rafaimpisa: tecla insert corre sozinho
23:01:57 : Group: rafaimpisa: vamos prp aeroporto
23:02:34 : Group: rafaimpisa: LENDOOOOOOOOOO
23:02:38 : Side: kawai: é um merda mesmo né cara vai ficar camperando a missao sem fazer
23:02:40 : Group: rafaimpisa: TO SEM BALA
23:02:48 : Side: kawai: é um bosta
23:02:59 : Side: DougBaster: missao mais uma desculpa pra camperar
23:02:59 : Group: rafaimpisa: SIM NAO POSSO FALAR
23:03:10 : Side: DougBaster: cara n tem vida
23:03:15 : Group: rafaimpisa: TO SEM BALA
23:03:23 : Side: kawai: gostaria que fossem tomar no cu os campers só isso
23:03:24 : Group: rafaimpisa: JA PEGARAM ANTES DE MM
23:03:42 : Side: kawai: o cara ta peladinho so com uma metralha camperando a porra da missao
23:03:56 : Side: DougBaster: psé mas os que camperam hj sao os q choram amnha
23:03:56 : Side: [HTS] Bacon: eu nao tava camperando nao lixo
23:04:06 : Side: [HTS] Bacon: to fazendo ela aqui
23:04:11 : Side: kawai: é meu pau que tava ai camperando né
23:04:17 : Side: HarD: всеи привет
23:04:17 : Side: [HTS] Bacon: lixao 
23:04:17 : Side: kawai: ta po
23:04:20 : Side: kawai: ta sim
23:04:21 : Side: [HTS] Bacon: deslogo pq?
23:04:25 : Side: [HTS] Bacon: deslogo pra nao da o loot?
23:04:29 : Side: [HTS] Bacon: lixao do krl
23:04:31 : Side: kawai: 4 horas de missao e mato um oot
23:04:47 : Side: [HTS] Bacon: pq tu deslogo ?
23:04:48 : Side: Darksidebr: anao fia da puta nao deixava
23:04:59 : Side: [HTS] Bacon: deslogo pra nao da o loot?
23:05:01 : Side: kawai: que deslogo o que o bossal
23:05:09 : Side: CachoeRa: quem acabou de morrer ae?
23:05:09 : Side: [HTS] Bacon: engraçado seu loot sumiu
23:05:11 : Side: [HTS] Bacon: kkk
23:05:14 : Side: PitBull: ou vc faz a missao ou rapa dai
23:05:17 : Side: kawai: quando morre vai pro menu seu animal
23:05:21 : Side: CachoeRa: tava de blusa azul 
23:05:22 : Group: rafaimpisa: TOM COM SHIFT VC MARCA NO MAPA PRA SE COLOCALIZAR
23:05:30 : Side: CachoeRa: e de lee enfield
23:05:31 : Group: rafaimpisa: E E U TO SEM BALA VIU
23:05:38 : Side: kawai: mlk burro
23:05:46 : Side: kawai: e 
23:06:00 : Side: [HTS] Bacon: tabom manow joga seu jogo ae
23:06:18 : Side: kawai: e outra o loot só some para as outras pessoas  pq pra quem morreu ele continua la
23:06:32 : Side: kawai: 4 horas na missao um boot morto kkkkkkkkkkkk
23:06:36 : Side: kawai: se é bom mesmo em
23:06:46 : Side: [HTS] Bacon: kkkk retardado
23:06:50 : Side: [HTS] Bacon: acabei de chegar la
23:06:53 : Side: [HTS] Bacon: kkkkk
23:06:56 : Group: rafaimpisa: BLZ
23:07:04 : Side: kawai: então como que tu fala que tava fazendo
23:07:12 : Side: kawai: vai la fazer porra
23:07:12 : Side: jonathan: entao e proibido camp.
23:07:12 : Side: [HTS] Bacon: fui fazer..
23:07:29 : Group: rafaimpisa: ESSE MOD E BR Q TA FAZENDO
23:07:32 : Side: Darksidebr: vai logo porra faz a missao so to esperando vc termina
23:07:39 : Side: [HTS] Bacon: tenho culpa se voce e burro e nao sabe olha pros lados?
23:07:49 : Side: kawai: nao olha pros lados 
23:07:54 : Side: kawai: kkkkkk
23:07:59 : Side: kawai: mano tu é tosco
23:08:03 : Side: kawai: olhei tudo
23:08:07 : Side: [HTS] Bacon: kkkk
23:08:11 : Side: [HTS] Bacon: ta bom manow
23:08:17 : Side: [HTS] Bacon: joga seu jogo
23:08:18 : Group: rafaimpisa: trampo bem feito de br
23:08:26 : Group: rafaimpisa: apeta pag up
23:08:27 : Side: kawai: quando eu fui prestar atençaõ nos boot e vc viu ai tu sai da moita la de cima do morro
23:09:00 : Side: kawai: faz a missao ai mano mata mais um boot pra dizer que tentou pelo menos
23:09:13 : Side: Darksidebr: vai logo termina pra mod nois pegar o loot
23:09:17 : Side: [HTS] Bacon: eu morri pra player la
23:09:18 : Side: Darksidebr: seu
23:09:27 : Side: kawai: kkkkkk
23:09:34 : Side: Darksidebr: kkkkk
23:10:01 : Side: [HTS] Bacon: kkk
23:10:06 : Side: [HTS] Bacon: nao fui pra pegar loot mesmo
23:10:12 : Side: [HTS] Bacon: loot tenho de monte na base
23:10:18 : Side: kawai: é fds
23:10:37 : Side: Darksidebr:  ta fazendo o q ai entao
23:10:47 : Side: [HTS] Bacon: e da sua conta/
23:10:50 : Side: [HTS] Bacon: ?:
23:11:04 : Side: [HTS] Bacon: acho que nao ne
23:11:18 : Side: KROBOTT: tem como pegar agua na bica ??
23:11:22 : Side: Darksidebr:  se ergue a kbça ja era
23:11:24 : Side: [HTS] Bacon: nao
23:11:45 : Side: PitBull: bora fazer a missao galera
23:11:48 : Side: PitBull: 25 min
23:11:53 : Group: rafaimpisa: TONNNNNN
23:12:00 : Group: rafaimpisa: DEITA PLAYER
23:12:06 : Group: rafaimpisa: A TENDA VERDE
23:12:14 : Group: rafaimpisa: SIM
23:12:34 : Group: rafaimpisa: WWWWWWWWWWWWWWWWWWWWWWWWWWWWWWWWWWW
23:14:45 : Group: rafaimpisa: ACHOQ DESLOGOU
23:15:44 : Side: -[Sow]-Mr*Crazy: to notando que o serve ta ficando anoite, demora muito pra ficar de dia de novo??
23:15:52 : Side: Klinsmann: Iae galera !
23:15:54 : Side: kawai: vai resetar
23:16:03 : Side: kawai: nunca fica a noite
23:16:10 : Side: Galex: ALGUM CLAN AE RECRUTANDO
23:16:16 : Group: rafaimpisa: TON ACHEO BALA DE 7,
23:16:23 : Side: Galex: TENHO 4K DE HORAS
23:16:25 : Group: rafaimpisa: 7,62
23:16:53 : Side: Sniper Z : tem nada....
23:16:59 : Side: jonathan: e o bichao memo em
23:17:25 : Group: rafaimpisa: PORRA MINHA BOLSA SUMIU
23:17:58 : Group: rafaimpisa: O A PISTOLA
23:18:24 : Group: rafaimpisa: SEM BALA SKSKSKSKSK
23:20:37 : Side: -[Sow]-Mr*Crazy: galera voceis nao tem nocao da satisfacao que eu to em jogar esse mod
23:20:47 : Side: -[Sow]-Mr*Crazy: tanta saudades do dayz do arma 2
23:21:22 : Side: zoi: tb comecei agora ja to achando foda aindo jogo arma 2 dayz foda
23:26:44 : Side: -[Sow]-Mr*Crazy: pow galera kde a base militar de Novy sobor??? PISADA tirar kkkk
23:30:23 : Side: [SEAL]GeneralMitocondria: como bebeer agua?
23:31:13 : Side: DougBaster: falta quanto pro restart
