00:00:52 : Rcon client logging in
﻿00:00:52 : RCon admin #0 (127.0.0.1:51511) logged in
﻿00:02:12 : RCon admin #0: (Global) This server auto restarts 4 times per day, 06:00, 12:00, 18:00 and 00:00
﻿00:17:12 : RCon admin #0: (Global) This server auto restarts 4 times per day, 06:00, 12:00, 18:00 and 00:00
﻿00:32:12 : RCon admin #0: (Global) This server auto restarts 4 times per day, 06:00, 12:00, 18:00 and 00:00
﻿00:47:12 : RCon admin #0: (Global) This server auto restarts 4 times per day, 06:00, 12:00, 18:00 and 00:00
﻿01:02:12 : RCon admin #0: (Global) This server auto restarts 4 times per day, 06:00, 12:00, 18:00 and 00:00
﻿01:17:12 : RCon admin #0: (Global) This server auto restarts 4 times per day, 06:00, 12:00, 18:00 and 00:00
﻿01:32:12 : RCon admin #0: (Global) This server auto restarts 4 times per day, 06:00, 12:00, 18:00 and 00:00
﻿01:47:12 : RCon admin #0: (Global) This server auto restarts 4 times per day, 06:00, 12:00, 18:00 and 00:00
﻿02:02:12 : RCon admin #0: (Global) This server auto restarts 4 times per day, 06:00, 12:00, 18:00 and 00:00
﻿02:17:12 : RCon admin #0: (Global) This server auto restarts 4 times per day, 06:00, 12:00, 18:00 and 00:00
﻿02:32:12 : RCon admin #0: (Global) This server auto restarts 4 times per day, 06:00, 12:00, 18:00 and 00:00
﻿02:47:12 : RCon admin #0: (Global) This server auto restarts 4 times per day, 06:00, 12:00, 18:00 and 00:00
﻿03:02:12 : RCon admin #0: (Global) This server auto restarts 4 times per day, 06:00, 12:00, 18:00 and 00:00
﻿03:17:12 : RCon admin #0: (Global) This server auto restarts 4 times per day, 06:00, 12:00, 18:00 and 00:00
﻿03:32:12 : RCon admin #0: (Global) This server auto restarts 4 times per day, 06:00, 12:00, 18:00 and 00:00
﻿03:47:12 : RCon admin #0: (Global) This server auto restarts 4 times per day, 06:00, 12:00, 18:00 and 00:00
﻿04:02:12 : RCon admin #0: (Global) This server auto restarts 4 times per day, 06:00, 12:00, 18:00 and 00:00
﻿04:17:12 : RCon admin #0: (Global) This server auto restarts 4 times per day, 06:00, 12:00, 18:00 and 00:00
﻿04:32:12 : RCon admin #0: (Global) This server auto restarts 4 times per day, 06:00, 12:00, 18:00 and 00:00
﻿04:47:12 : RCon admin #0: (Global) This server auto restarts 4 times per day, 06:00, 12:00, 18:00 and 00:00
﻿05:02:12 : RCon admin #0: (Global) This server auto restarts 4 times per day, 06:00, 12:00, 18:00 and 00:00
﻿05:17:12 : RCon admin #0: (Global) This server auto restarts 4 times per day, 06:00, 12:00, 18:00 and 00:00
﻿05:32:12 : RCon admin #0: (Global) This server auto restarts 4 times per day, 06:00, 12:00, 18:00 and 00:00
﻿05:47:12 : RCon admin #0: (Global) This server auto restarts 4 times per day, 06:00, 12:00, 18:00 and 00:00
﻿05:50:00 : RCon admin #0: (Global) The server will auto restart in 10 minutes.
﻿05:55:00 : RCon admin #0: (Global) The server will auto restart in 5 minutes.
﻿05:55:25 : RCon admin #0: (Global) The server will auto restart in 5 minutes.
﻿05:55:50 : RCon admin #0: (Global) The server will auto restart in 5 minutes.
﻿05:56:15 : RCon admin #0: (Global) The server will auto restart in 5 minutes.
﻿05:56:40 : RCon admin #0: (Global) The server will auto restart in 5 minutes.
﻿05:57:05 : RCon admin #0: (Global) The server will auto restart in 5 minutes.
﻿05:59:00 : RCon admin #0: (Global) The server will auto restart in 60 seconds.
﻿06:00:51 : Rcon client logging in
﻿06:00:51 : RCon admin #0 (127.0.0.1:57350) logged in
﻿06:02:11 : RCon admin #0: (Global) This server auto restarts 4 times per day, 06:00, 12:00, 18:00 and 00:00
﻿06:17:11 : RCon admin #0: (Global) This server auto restarts 4 times per day, 06:00, 12:00, 18:00 and 00:00
﻿06:32:11 : RCon admin #0: (Global) This server auto restarts 4 times per day, 06:00, 12:00, 18:00 and 00:00
﻿06:47:11 : RCon admin #0: (Global) This server auto restarts 4 times per day, 06:00, 12:00, 18:00 and 00:00
﻿07:02:11 : RCon admin #0: (Global) This server auto restarts 4 times per day, 06:00, 12:00, 18:00 and 00:00
﻿07:17:11 : RCon admin #0: (Global) This server auto restarts 4 times per day, 06:00, 12:00, 18:00 and 00:00
﻿07:32:11 : RCon admin #0: (Global) This server auto restarts 4 times per day, 06:00, 12:00, 18:00 and 00:00
﻿07:43:50 : Player #0 nicolò (79.13.61.191:2304) connected
﻿07:43:51 : Player #0 nicolò - GUID: d223f93bc88ba3a1a880510c7945db25
﻿07:43:52 : Verified GUID (d223f93bc88ba3a1a880510c7945db25) of player #0 nicolò
﻿07:43:54 : Starting with Arma 3 1.58 all server admins will have to define a dedicated port in BEServer.cfg in order to be able to use BE RCon. Please see https://www.battleye.com/support/documentation/ for details.
﻿07:44:48 : Player #1 [Yakuza] R@kyeR (5.83.124.100:2304) connected
﻿07:44:50 : Player #1 [Yakuza] R@kyeR - GUID: adfa18df8c628458098ce7cf3d7a8655
﻿07:44:57 : Verified GUID (adfa18df8c628458098ce7cf3d7a8655) of player #1 [Yakuza] R@kyeR
﻿07:47:11 : RCon admin #0: (Global) This server auto restarts 4 times per day, 06:00, 12:00, 18:00 and 00:00
﻿07:50:10 : Player #2 [Yakuza]Prokick (148.3.103.227:2304) connected
﻿07:50:13 : Player #2 [Yakuza]Prokick - GUID: e5dbd6aabd382ac90a1e5e3b079be236
﻿07:50:14 : Verified GUID (e5dbd6aabd382ac90a1e5e3b079be236) of player #2 [Yakuza]Prokick
﻿07:51:03 : Player #3 will-jam (109.159.8.12:2304) connected
﻿07:51:04 : Player #3 will-jam - GUID: 2e25da64364d896ea104ed34c455af9b
﻿07:51:04 : Verified GUID (2e25da64364d896ea104ed34c455af9b) of player #3 will-jam
﻿07:55:55 : Player #0 nicolò (d223f93bc88ba3a1a880510c7945db25) has been kicked by BattlEye: Client not responding
﻿07:57:03 : Player #0 nicolò (79.19.108.41:2304) connected
﻿07:57:05 : Player #0 nicolò - GUID: d223f93bc88ba3a1a880510c7945db25
﻿07:57:05 : Verified GUID (d223f93bc88ba3a1a880510c7945db25) of player #0 nicolò
﻿08:02:11 : RCon admin #0: (Global) This server auto restarts 4 times per day, 06:00, 12:00, 18:00 and 00:00
﻿08:03:43 : Player #2 [Yakuza]Prokick disconnected
﻿08:04:59 : Player #2 [Yakuza]Prokick (148.3.103.227:2304) connected
﻿08:05:02 : Player #2 [Yakuza]Prokick - GUID: e5dbd6aabd382ac90a1e5e3b079be236
﻿08:05:03 : Verified GUID (e5dbd6aabd382ac90a1e5e3b079be236) of player #2 [Yakuza]Prokick
﻿08:17:11 : RCon admin #0: (Global) This server auto restarts 4 times per day, 06:00, 12:00, 18:00 and 00:00
﻿08:17:51 : Player #3 will-jam disconnected
﻿08:32:11 : RCon admin #0: (Global) This server auto restarts 4 times per day, 06:00, 12:00, 18:00 and 00:00
﻿08:43:54 : Starting with Arma 3 1.58 all server admins will have to define a dedicated port in BEServer.cfg in order to be able to use BE RCon. Please see https://www.battleye.com/support/documentation/ for details.
﻿08:47:11 : RCon admin #0: (Global) This server auto restarts 4 times per day, 06:00, 12:00, 18:00 and 00:00
﻿08:47:16 : Player #2 [Yakuza]Prokick disconnected
﻿09:02:11 : RCon admin #0: (Global) This server auto restarts 4 times per day, 06:00, 12:00, 18:00 and 00:00
﻿09:17:11 : RCon admin #0: (Global) This server auto restarts 4 times per day, 06:00, 12:00, 18:00 and 00:00
﻿09:23:06 : Player #0 nicolò disconnected
﻿09:23:12 : Player #1 [Yakuza] R@kyeR disconnected
﻿09:32:11 : RCon admin #0: (Global) This server auto restarts 4 times per day, 06:00, 12:00, 18:00 and 00:00
﻿09:47:11 : RCon admin #0: (Global) This server auto restarts 4 times per day, 06:00, 12:00, 18:00 and 00:00
﻿10:02:11 : RCon admin #0: (Global) This server auto restarts 4 times per day, 06:00, 12:00, 18:00 and 00:00
﻿10:17:11 : RCon admin #0: (Global) This server auto restarts 4 times per day, 06:00, 12:00, 18:00 and 00:00
﻿10:32:11 : RCon admin #0: (Global) This server auto restarts 4 times per day, 06:00, 12:00, 18:00 and 00:00
﻿10:47:11 : RCon admin #0: (Global) This server auto restarts 4 times per day, 06:00, 12:00, 18:00 and 00:00
﻿11:02:11 : RCon admin #0: (Global) This server auto restarts 4 times per day, 06:00, 12:00, 18:00 and 00:00
﻿11:17:11 : RCon admin #0: (Global) This server auto restarts 4 times per day, 06:00, 12:00, 18:00 and 00:00
﻿11:32:11 : RCon admin #0: (Global) This server auto restarts 4 times per day, 06:00, 12:00, 18:00 and 00:00
﻿11:47:11 : RCon admin #0: (Global) This server auto restarts 4 times per day, 06:00, 12:00, 18:00 and 00:00
﻿11:50:00 : RCon admin #0: (Global) The server will auto restart in 10 minutes.
﻿11:55:00 : RCon admin #0: (Global) The server will auto restart in 5 minutes.
﻿11:55:25 : RCon admin #0: (Global) The server will auto restart in 5 minutes.
﻿11:55:50 : RCon admin #0: (Global) The server will auto restart in 5 minutes.
﻿11:56:15 : RCon admin #0: (Global) The server will auto restart in 5 minutes.
﻿11:56:40 : RCon admin #0: (Global) The server will auto restart in 5 minutes.
﻿11:57:05 : RCon admin #0: (Global) The server will auto restart in 5 minutes.
﻿11:59:00 : RCon admin #0: (Global) The server will auto restart in 60 seconds.
﻿12:00:52 : Rcon client logging in
﻿12:00:52 : RCon admin #0 (127.0.0.1:56150) logged in
﻿12:02:12 : RCon admin #0: (Global) This server auto restarts 4 times per day, 06:00, 12:00, 18:00 and 00:00
﻿12:17:12 : RCon admin #0: (Global) This server auto restarts 4 times per day, 06:00, 12:00, 18:00 and 00:00
﻿12:32:12 : RCon admin #0: (Global) This server auto restarts 4 times per day, 06:00, 12:00, 18:00 and 00:00
﻿12:47:12 : RCon admin #0: (Global) This server auto restarts 4 times per day, 06:00, 12:00, 18:00 and 00:00
﻿13:02:12 : RCon admin #0: (Global) This server auto restarts 4 times per day, 06:00, 12:00, 18:00 and 00:00
﻿13:17:12 : RCon admin #0: (Global) This server auto restarts 4 times per day, 06:00, 12:00, 18:00 and 00:00
﻿13:32:12 : RCon admin #0: (Global) This server auto restarts 4 times per day, 06:00, 12:00, 18:00 and 00:00
﻿13:47:12 : RCon admin #0: (Global) This server auto restarts 4 times per day, 06:00, 12:00, 18:00 and 00:00
﻿14:02:12 : RCon admin #0: (Global) This server auto restarts 4 times per day, 06:00, 12:00, 18:00 and 00:00
﻿14:17:12 : RCon admin #0: (Global) This server auto restarts 4 times per day, 06:00, 12:00, 18:00 and 00:00
﻿14:32:12 : RCon admin #0: (Global) This server auto restarts 4 times per day, 06:00, 12:00, 18:00 and 00:00
﻿14:47:12 : RCon admin #0: (Global) This server auto restarts 4 times per day, 06:00, 12:00, 18:00 and 00:00
﻿15:02:12 : RCon admin #0: (Global) This server auto restarts 4 times per day, 06:00, 12:00, 18:00 and 00:00
﻿15:17:12 : RCon admin #0: (Global) This server auto restarts 4 times per day, 06:00, 12:00, 18:00 and 00:00
﻿15:32:12 : RCon admin #0: (Global) This server auto restarts 4 times per day, 06:00, 12:00, 18:00 and 00:00
﻿15:47:12 : RCon admin #0: (Global) This server auto restarts 4 times per day, 06:00, 12:00, 18:00 and 00:00
﻿16:02:12 : RCon admin #0: (Global) This server auto restarts 4 times per day, 06:00, 12:00, 18:00 and 00:00
﻿16:17:12 : RCon admin #0: (Global) This server auto restarts 4 times per day, 06:00, 12:00, 18:00 and 00:00
﻿16:32:12 : RCon admin #0: (Global) This server auto restarts 4 times per day, 06:00, 12:00, 18:00 and 00:00
﻿16:47:12 : RCon admin #0: (Global) This server auto restarts 4 times per day, 06:00, 12:00, 18:00 and 00:00
﻿17:02:12 : RCon admin #0: (Global) This server auto restarts 4 times per day, 06:00, 12:00, 18:00 and 00:00
﻿17:17:12 : RCon admin #0: (Global) This server auto restarts 4 times per day, 06:00, 12:00, 18:00 and 00:00
﻿17:32:12 : RCon admin #0: (Global) This server auto restarts 4 times per day, 06:00, 12:00, 18:00 and 00:00
﻿17:47:12 : RCon admin #0: (Global) This server auto restarts 4 times per day, 06:00, 12:00, 18:00 and 00:00
﻿17:50:00 : RCon admin #0: (Global) The server will auto restart in 10 minutes.
﻿17:55:00 : RCon admin #0: (Global) The server will auto restart in 5 minutes.
﻿17:55:25 : RCon admin #0: (Global) The server will auto restart in 5 minutes.
﻿17:55:50 : RCon admin #0: (Global) The server will auto restart in 5 minutes.
﻿17:56:15 : RCon admin #0: (Global) The server will auto restart in 5 minutes.
﻿17:56:40 : RCon admin #0: (Global) The server will auto restart in 5 minutes.
﻿17:57:05 : RCon admin #0: (Global) The server will auto restart in 5 minutes.
﻿17:59:00 : RCon admin #0: (Global) The server will auto restart in 60 seconds.
﻿18:00:51 : Rcon client logging in
﻿18:00:51 : RCon admin #0 (127.0.0.1:59223) logged in
﻿18:02:11 : RCon admin #0: (Global) This server auto restarts 4 times per day, 06:00, 12:00, 18:00 and 00:00
﻿18:17:11 : RCon admin #0: (Global) This server auto restarts 4 times per day, 06:00, 12:00, 18:00 and 00:00
﻿18:32:11 : RCon admin #0: (Global) This server auto restarts 4 times per day, 06:00, 12:00, 18:00 and 00:00
﻿18:47:11 : RCon admin #0: (Global) This server auto restarts 4 times per day, 06:00, 12:00, 18:00 and 00:00
﻿18:57:58 : Player #0 Rémi (70.82.31.160:2304) connected
﻿18:57:59 : Player #0 Rémi - GUID: e61bf28b8b5de61d40c865be729ab7c5
﻿18:57:59 : Verified GUID (e61bf28b8b5de61d40c865be729ab7c5) of player #0 Rémi
﻿18:58:02 : Starting with Arma 3 1.58 all server admins will have to define a dedicated port in BEServer.cfg in order to be able to use BE RCon. Please see https://www.battleye.com/support/documentation/ for details.
﻿19:02:11 : RCon admin #0: (Global) This server auto restarts 4 times per day, 06:00, 12:00, 18:00 and 00:00
﻿19:04:01 : Player #1 Ben (136.224.214.227:2304) connected
﻿19:04:02 : Player #1 Ben - GUID: f3deca28c52e4ab9bdf8df24fdd74774
﻿19:04:03 : Verified GUID (f3deca28c52e4ab9bdf8df24fdd74774) of player #1 Ben
﻿19:05:11 : Player #1 Ben disconnected
﻿19:17:11 : RCon admin #0: (Global) This server auto restarts 4 times per day, 06:00, 12:00, 18:00 and 00:00
﻿19:30:42 : Player #1 rewsd (24.154.153.239:2304) connected
﻿19:30:45 : Player #1 rewsd - GUID: 6487bf0490d2287e70f1f5ef9a9c4d7e
﻿19:30:45 : Verified GUID (6487bf0490d2287e70f1f5ef9a9c4d7e) of player #1 rewsd
﻿19:30:49 : Player #1 rewsd disconnected
﻿19:32:11 : RCon admin #0: (Global) This server auto restarts 4 times per day, 06:00, 12:00, 18:00 and 00:00
﻿19:37:15 : Player #1 kip (108.253.25.22:2304) connected
﻿19:37:17 : Player #1 kip - GUID: 82e63dcebd316adbabf2ae62ca0b8571
﻿19:37:17 : Verified GUID (82e63dcebd316adbabf2ae62ca0b8571) of player #1 kip
﻿19:47:11 : RCon admin #0: (Global) This server auto restarts 4 times per day, 06:00, 12:00, 18:00 and 00:00
﻿19:57:49 : Player #0 Rémi disconnected
﻿19:58:02 : Starting with Arma 3 1.58 all server admins will have to define a dedicated port in BEServer.cfg in order to be able to use BE RCon. Please see https://www.battleye.com/support/documentation/ for details.
﻿20:02:11 : RCon admin #0: (Global) This server auto restarts 4 times per day, 06:00, 12:00, 18:00 and 00:00
﻿20:17:11 : RCon admin #0: (Global) This server auto restarts 4 times per day, 06:00, 12:00, 18:00 and 00:00
﻿20:32:11 : RCon admin #0: (Global) This server auto restarts 4 times per day, 06:00, 12:00, 18:00 and 00:00
﻿20:47:11 : RCon admin #0: (Global) This server auto restarts 4 times per day, 06:00, 12:00, 18:00 and 00:00
﻿20:48:14 : Player #1 kip disconnected
﻿21:02:11 : RCon admin #0: (Global) This server auto restarts 4 times per day, 06:00, 12:00, 18:00 and 00:00
﻿21:17:11 : RCon admin #0: (Global) This server auto restarts 4 times per day, 06:00, 12:00, 18:00 and 00:00
﻿21:32:11 : RCon admin #0: (Global) This server auto restarts 4 times per day, 06:00, 12:00, 18:00 and 00:00
﻿21:47:11 : RCon admin #0: (Global) This server auto restarts 4 times per day, 06:00, 12:00, 18:00 and 00:00
﻿22:02:11 : RCon admin #0: (Global) This server auto restarts 4 times per day, 06:00, 12:00, 18:00 and 00:00
﻿22:17:11 : RCon admin #0: (Global) This server auto restarts 4 times per day, 06:00, 12:00, 18:00 and 00:00
﻿22:32:11 : RCon admin #0: (Global) This server auto restarts 4 times per day, 06:00, 12:00, 18:00 and 00:00
﻿22:47:11 : RCon admin #0: (Global) This server auto restarts 4 times per day, 06:00, 12:00, 18:00 and 00:00
﻿23:02:11 : RCon admin #0: (Global) This server auto restarts 4 times per day, 06:00, 12:00, 18:00 and 00:00
﻿23:17:11 : RCon admin #0: (Global) This server auto restarts 4 times per day, 06:00, 12:00, 18:00 and 00:00
﻿23:32:11 : RCon admin #0: (Global) This server auto restarts 4 times per day, 06:00, 12:00, 18:00 and 00:00
﻿23:47:11 : RCon admin #0: (Global) This server auto restarts 4 times per day, 06:00, 12:00, 18:00 and 00:00
﻿23:50:00 : RCon admin #0: (Global) The server will auto restart in 10 minutes.
﻿23:54:28 : Player #0 RangerGuy24 (75.17.113.185:2304) connected
﻿23:54:29 : Player #0 RangerGuy24 - GUID: fdcab8d8b940d07ade5087c78a04416e
﻿23:54:30 : Verified GUID (fdcab8d8b940d07ade5087c78a04416e) of player #0 RangerGuy24
﻿23:54:32 : Starting with Arma 3 1.58 all server admins will have to define a dedicated port in BEServer.cfg in order to be able to use BE RCon. Please see https://www.battleye.com/support/documentation/ for details.
﻿23:55:00 : RCon admin #0: (Global) The server will auto restart in 5 minutes.
﻿23:55:25 : RCon admin #0: (Global) The server will auto restart in 5 minutes.
﻿23:55:50 : RCon admin #0: (Global) The server will auto restart in 5 minutes.
﻿23:56:15 : RCon admin #0: (Global) The server will auto restart in 5 minutes.
﻿23:56:40 : RCon admin #0: (Global) The server will auto restart in 5 minutes.
﻿23:56:48 : Player #0 RangerGuy24 disconnected
﻿23:57:05 : RCon admin #0: (Global) The server will auto restart in 5 minutes.
﻿23:59:00 : RCon admin #0: (Global) The server will auto restart in 60 seconds.
