00:00:51 : Rcon client logging in
﻿00:00:51 : RCon admin #0 (127.0.0.1:58786) logged in
﻿00:02:11 : RCon admin #0: (Global) This server auto restarts 4 times per day, 06:00, 12:00, 18:00 and 00:00
﻿00:17:11 : RCon admin #0: (Global) This server auto restarts 4 times per day, 06:00, 12:00, 18:00 and 00:00
﻿00:32:11 : RCon admin #0: (Global) This server auto restarts 4 times per day, 06:00, 12:00, 18:00 and 00:00
﻿00:47:11 : RCon admin #0: (Global) This server auto restarts 4 times per day, 06:00, 12:00, 18:00 and 00:00
﻿01:02:11 : RCon admin #0: (Global) This server auto restarts 4 times per day, 06:00, 12:00, 18:00 and 00:00
﻿01:17:11 : RCon admin #0: (Global) This server auto restarts 4 times per day, 06:00, 12:00, 18:00 and 00:00
﻿01:32:11 : RCon admin #0: (Global) This server auto restarts 4 times per day, 06:00, 12:00, 18:00 and 00:00
﻿01:47:11 : RCon admin #0: (Global) This server auto restarts 4 times per day, 06:00, 12:00, 18:00 and 00:00
﻿02:02:11 : RCon admin #0: (Global) This server auto restarts 4 times per day, 06:00, 12:00, 18:00 and 00:00
﻿02:17:11 : RCon admin #0: (Global) This server auto restarts 4 times per day, 06:00, 12:00, 18:00 and 00:00
﻿02:32:11 : RCon admin #0: (Global) This server auto restarts 4 times per day, 06:00, 12:00, 18:00 and 00:00
﻿02:32:41 : Player #0 Stubby (50.142.208.11:2304) connected
﻿02:32:42 : Player #0 Stubby - GUID: 7d0a34e887fb5eca5e556643d05cff93
﻿02:32:43 : Verified GUID (7d0a34e887fb5eca5e556643d05cff93) of player #0 Stubby
﻿02:32:45 : Starting with Arma 3 1.58 all server admins will have to define a dedicated port in BEServer.cfg in order to be able to use BE RCon. Please see https://www.battleye.com/support/documentation/ for details.
﻿02:33:00 : Player #1 KANE (96.61.168.10:2304) connected
﻿02:33:02 : Player #1 KANE - GUID: 85162fe282a14930090f882096e5da34
﻿02:33:02 : Verified GUID (85162fe282a14930090f882096e5da34) of player #1 KANE
﻿02:35:01 : Player #0 Stubby disconnected
﻿02:35:42 : Player #1 KANE disconnected
﻿02:47:11 : RCon admin #0: (Global) This server auto restarts 4 times per day, 06:00, 12:00, 18:00 and 00:00
﻿03:02:11 : RCon admin #0: (Global) This server auto restarts 4 times per day, 06:00, 12:00, 18:00 and 00:00
﻿03:17:11 : RCon admin #0: (Global) This server auto restarts 4 times per day, 06:00, 12:00, 18:00 and 00:00
﻿03:32:11 : RCon admin #0: (Global) This server auto restarts 4 times per day, 06:00, 12:00, 18:00 and 00:00
﻿03:47:11 : RCon admin #0: (Global) This server auto restarts 4 times per day, 06:00, 12:00, 18:00 and 00:00
﻿04:02:11 : RCon admin #0: (Global) This server auto restarts 4 times per day, 06:00, 12:00, 18:00 and 00:00
﻿04:17:11 : RCon admin #0: (Global) This server auto restarts 4 times per day, 06:00, 12:00, 18:00 and 00:00
﻿04:32:11 : RCon admin #0: (Global) This server auto restarts 4 times per day, 06:00, 12:00, 18:00 and 00:00
﻿04:47:11 : RCon admin #0: (Global) This server auto restarts 4 times per day, 06:00, 12:00, 18:00 and 00:00
﻿05:02:11 : RCon admin #0: (Global) This server auto restarts 4 times per day, 06:00, 12:00, 18:00 and 00:00
﻿05:17:11 : RCon admin #0: (Global) This server auto restarts 4 times per day, 06:00, 12:00, 18:00 and 00:00
﻿05:32:11 : RCon admin #0: (Global) This server auto restarts 4 times per day, 06:00, 12:00, 18:00 and 00:00
﻿05:47:11 : RCon admin #0: (Global) This server auto restarts 4 times per day, 06:00, 12:00, 18:00 and 00:00
﻿05:50:00 : RCon admin #0: (Global) The server will auto restart in 10 minutes.
﻿05:55:00 : RCon admin #0: (Global) The server will auto restart in 5 minutes.
﻿05:55:25 : RCon admin #0: (Global) The server will auto restart in 5 minutes.
﻿05:55:50 : RCon admin #0: (Global) The server will auto restart in 5 minutes.
﻿05:56:15 : RCon admin #0: (Global) The server will auto restart in 5 minutes.
﻿05:56:40 : RCon admin #0: (Global) The server will auto restart in 5 minutes.
﻿05:57:05 : RCon admin #0: (Global) The server will auto restart in 5 minutes.
﻿05:59:00 : RCon admin #0: (Global) The server will auto restart in 60 seconds.
﻿06:00:52 : Rcon client logging in
﻿06:00:52 : RCon admin #0 (127.0.0.1:49896) logged in
﻿06:02:12 : RCon admin #0: (Global) This server auto restarts 4 times per day, 06:00, 12:00, 18:00 and 00:00
﻿06:17:12 : RCon admin #0: (Global) This server auto restarts 4 times per day, 06:00, 12:00, 18:00 and 00:00
﻿06:32:12 : RCon admin #0: (Global) This server auto restarts 4 times per day, 06:00, 12:00, 18:00 and 00:00
﻿06:47:12 : RCon admin #0: (Global) This server auto restarts 4 times per day, 06:00, 12:00, 18:00 and 00:00
﻿07:02:12 : RCon admin #0: (Global) This server auto restarts 4 times per day, 06:00, 12:00, 18:00 and 00:00
﻿07:17:12 : RCon admin #0: (Global) This server auto restarts 4 times per day, 06:00, 12:00, 18:00 and 00:00
﻿07:32:12 : RCon admin #0: (Global) This server auto restarts 4 times per day, 06:00, 12:00, 18:00 and 00:00
﻿07:47:12 : RCon admin #0: (Global) This server auto restarts 4 times per day, 06:00, 12:00, 18:00 and 00:00
﻿08:02:12 : RCon admin #0: (Global) This server auto restarts 4 times per day, 06:00, 12:00, 18:00 and 00:00
﻿08:17:12 : RCon admin #0: (Global) This server auto restarts 4 times per day, 06:00, 12:00, 18:00 and 00:00
﻿08:32:12 : RCon admin #0: (Global) This server auto restarts 4 times per day, 06:00, 12:00, 18:00 and 00:00
﻿08:47:12 : RCon admin #0: (Global) This server auto restarts 4 times per day, 06:00, 12:00, 18:00 and 00:00
﻿09:02:12 : RCon admin #0: (Global) This server auto restarts 4 times per day, 06:00, 12:00, 18:00 and 00:00
﻿09:17:12 : RCon admin #0: (Global) This server auto restarts 4 times per day, 06:00, 12:00, 18:00 and 00:00
﻿09:32:12 : RCon admin #0: (Global) This server auto restarts 4 times per day, 06:00, 12:00, 18:00 and 00:00
﻿09:47:12 : RCon admin #0: (Global) This server auto restarts 4 times per day, 06:00, 12:00, 18:00 and 00:00
﻿10:02:12 : RCon admin #0: (Global) This server auto restarts 4 times per day, 06:00, 12:00, 18:00 and 00:00
﻿10:17:12 : RCon admin #0: (Global) This server auto restarts 4 times per day, 06:00, 12:00, 18:00 and 00:00
﻿10:32:12 : RCon admin #0: (Global) This server auto restarts 4 times per day, 06:00, 12:00, 18:00 and 00:00
﻿10:47:12 : RCon admin #0: (Global) This server auto restarts 4 times per day, 06:00, 12:00, 18:00 and 00:00
﻿11:02:12 : RCon admin #0: (Global) This server auto restarts 4 times per day, 06:00, 12:00, 18:00 and 00:00
﻿11:17:12 : RCon admin #0: (Global) This server auto restarts 4 times per day, 06:00, 12:00, 18:00 and 00:00
﻿11:32:12 : RCon admin #0: (Global) This server auto restarts 4 times per day, 06:00, 12:00, 18:00 and 00:00
﻿11:47:12 : RCon admin #0: (Global) This server auto restarts 4 times per day, 06:00, 12:00, 18:00 and 00:00
﻿11:50:00 : RCon admin #0: (Global) The server will auto restart in 10 minutes.
﻿11:52:38 : Player #0 [FBA] -Crawseer_ (186.212.40.193:2304) connected
﻿11:52:40 : Player #0 [FBA] -Crawseer_ - GUID: b0e97cae7ba661fe4d128e998aba3440
﻿11:52:41 : Verified GUID (b0e97cae7ba661fe4d128e998aba3440) of player #0 [FBA] -Crawseer_
﻿11:52:42 : Starting with Arma 3 1.58 all server admins will have to define a dedicated port in BEServer.cfg in order to be able to use BE RCon. Please see https://www.battleye.com/support/documentation/ for details.
﻿11:55:00 : RCon admin #0: (Global) The server will auto restart in 5 minutes.
﻿11:55:25 : RCon admin #0: (Global) The server will auto restart in 5 minutes.
﻿11:55:50 : RCon admin #0: (Global) The server will auto restart in 5 minutes.
﻿11:56:15 : RCon admin #0: (Global) The server will auto restart in 5 minutes.
﻿11:56:40 : RCon admin #0: (Global) The server will auto restart in 5 minutes.
﻿11:57:05 : RCon admin #0: (Global) The server will auto restart in 5 minutes.
﻿11:58:20 : Player #1 TF88 Dracul (192.149.109.214:2304) connected
﻿11:58:22 : Player #1 TF88 Dracul - GUID: 3a175a03e49a380b4e2145178fec566e
﻿11:58:24 : Verified GUID (3a175a03e49a380b4e2145178fec566e) of player #1 TF88 Dracul
﻿11:59:00 : RCon admin #0: (Global) The server will auto restart in 60 seconds.
﻿12:00:51 : Rcon client logging in
﻿12:00:51 : RCon admin #0 (127.0.0.1:63640) logged in
﻿12:02:11 : RCon admin #0: (Global) This server auto restarts 4 times per day, 06:00, 12:00, 18:00 and 00:00
﻿12:02:46 : Player #0 [FBA] -Crawseer_ (186.212.40.193:2304) connected
﻿12:02:48 : Player #0 [FBA] -Crawseer_ - GUID: b0e97cae7ba661fe4d128e998aba3440
﻿12:02:49 : Verified GUID (b0e97cae7ba661fe4d128e998aba3440) of player #0 [FBA] -Crawseer_
﻿12:02:50 : Starting with Arma 3 1.58 all server admins will have to define a dedicated port in BEServer.cfg in order to be able to use BE RCon. Please see https://www.battleye.com/support/documentation/ for details.
﻿12:07:21 : Player #0 [FBA] -Crawseer_ disconnected
﻿12:17:11 : RCon admin #0: (Global) This server auto restarts 4 times per day, 06:00, 12:00, 18:00 and 00:00
﻿12:32:11 : RCon admin #0: (Global) This server auto restarts 4 times per day, 06:00, 12:00, 18:00 and 00:00
﻿12:47:11 : RCon admin #0: (Global) This server auto restarts 4 times per day, 06:00, 12:00, 18:00 and 00:00
﻿13:02:11 : RCon admin #0: (Global) This server auto restarts 4 times per day, 06:00, 12:00, 18:00 and 00:00
﻿13:17:11 : RCon admin #0: (Global) This server auto restarts 4 times per day, 06:00, 12:00, 18:00 and 00:00
﻿13:32:11 : RCon admin #0: (Global) This server auto restarts 4 times per day, 06:00, 12:00, 18:00 and 00:00
﻿13:47:11 : RCon admin #0: (Global) This server auto restarts 4 times per day, 06:00, 12:00, 18:00 and 00:00
﻿14:02:11 : RCon admin #0: (Global) This server auto restarts 4 times per day, 06:00, 12:00, 18:00 and 00:00
﻿14:17:11 : RCon admin #0: (Global) This server auto restarts 4 times per day, 06:00, 12:00, 18:00 and 00:00
﻿14:32:11 : RCon admin #0: (Global) This server auto restarts 4 times per day, 06:00, 12:00, 18:00 and 00:00
﻿14:47:11 : RCon admin #0: (Global) This server auto restarts 4 times per day, 06:00, 12:00, 18:00 and 00:00
﻿14:54:52 : Player #0 [CST]SlvSantos (131.72.172.195:2304) connected
﻿14:54:55 : Player #0 [CST]SlvSantos - GUID: 8a1ca575a823965e0a36d3b79b47a893
﻿14:54:55 : Verified GUID (8a1ca575a823965e0a36d3b79b47a893) of player #0 [CST]SlvSantos
﻿14:54:56 : Starting with Arma 3 1.58 all server admins will have to define a dedicated port in BEServer.cfg in order to be able to use BE RCon. Please see https://www.battleye.com/support/documentation/ for details.
﻿14:57:04 : Player #0 [CST]SlvSantos disconnected
﻿14:57:15 : Player #0 [CST]SlvSantos (131.72.172.195:2304) connected
﻿14:57:17 : Player #0 [CST]SlvSantos - GUID: 8a1ca575a823965e0a36d3b79b47a893
﻿14:57:17 : Verified GUID (8a1ca575a823965e0a36d3b79b47a893) of player #0 [CST]SlvSantos
﻿15:02:11 : RCon admin #0: (Global) This server auto restarts 4 times per day, 06:00, 12:00, 18:00 and 00:00
﻿15:04:23 : Player #0 [CST]SlvSantos disconnected
﻿15:17:11 : RCon admin #0: (Global) This server auto restarts 4 times per day, 06:00, 12:00, 18:00 and 00:00
﻿15:17:39 : Lost Connection!
﻿15:17:39 : Closing socket & exiting!
﻿15:18:28 : Rcon client logging in
﻿15:18:28 : RCon admin #0 (127.0.0.1:50591) logged in
﻿15:19:48 : RCon admin #0: (Global) This server auto restarts 4 times per day, 06:00, 12:00, 18:00 and 00:00
﻿15:34:48 : RCon admin #0: (Global) This server auto restarts 4 times per day, 06:00, 12:00, 18:00 and 00:00
﻿15:49:48 : RCon admin #0: (Global) This server auto restarts 4 times per day, 06:00, 12:00, 18:00 and 00:00
﻿15:56:54 : Player #0 [CST]Fernandes (186.241.9.37:2304) connected
﻿15:56:55 : Player #0 [CST]Fernandes - GUID: d5749be0d0e584866add1e0c4349ae82
﻿15:56:56 : Verified GUID (d5749be0d0e584866add1e0c4349ae82) of player #0 [CST]Fernandes
﻿15:56:58 : Starting with Arma 3 1.58 all server admins will have to define a dedicated port in BEServer.cfg in order to be able to use BE RCon. Please see https://www.battleye.com/support/documentation/ for details.
﻿16:04:48 : RCon admin #0: (Global) This server auto restarts 4 times per day, 06:00, 12:00, 18:00 and 00:00
﻿16:17:38 : Player #0 [CST]Fernandes disconnected
﻿16:19:48 : RCon admin #0: (Global) This server auto restarts 4 times per day, 06:00, 12:00, 18:00 and 00:00
﻿16:34:48 : RCon admin #0: (Global) This server auto restarts 4 times per day, 06:00, 12:00, 18:00 and 00:00
﻿16:35:20 : Player #0 DragonHunter (71.40.71.4:62115) connected
﻿16:35:21 : Player #0 DragonHunter - GUID: 2601ef2c7e931f786fca95ff6a44558d
﻿16:35:22 : Verified GUID (2601ef2c7e931f786fca95ff6a44558d) of player #0 DragonHunter
﻿16:36:53 : Player #0 DragonHunter disconnected
﻿16:49:48 : RCon admin #0: (Global) This server auto restarts 4 times per day, 06:00, 12:00, 18:00 and 00:00
﻿17:04:48 : RCon admin #0: (Global) This server auto restarts 4 times per day, 06:00, 12:00, 18:00 and 00:00
﻿17:19:48 : RCon admin #0: (Global) This server auto restarts 4 times per day, 06:00, 12:00, 18:00 and 00:00
﻿17:34:48 : RCon admin #0: (Global) This server auto restarts 4 times per day, 06:00, 12:00, 18:00 and 00:00
﻿17:43:52 : Player #0 Jeremiah (65.124.75.50:2304) connected
﻿17:43:56 : Player #1 Kelton (178.76.135.176:2304) connected
﻿17:43:57 : Starting with Arma 3 1.58 all server admins will have to define a dedicated port in BEServer.cfg in order to be able to use BE RCon. Please see https://www.battleye.com/support/documentation/ for details.
﻿17:43:59 : Player #1 Kelton - GUID: 825c376571439d8d89bfbe3f6bff6660
﻿17:43:59 : Verified GUID (825c376571439d8d89bfbe3f6bff6660) of player #1 Kelton
﻿17:44:00 : Player #0 Jeremiah - GUID: 14abb6d46c92afae4f50a2ba0ce767bc
﻿17:44:01 : Verified GUID (14abb6d46c92afae4f50a2ba0ce767bc) of player #0 Jeremiah
﻿17:48:34 : Player #0 Jeremiah disconnected
﻿17:49:03 : Player #0 Jeremiah (65.124.75.50:2304) connected
﻿17:49:05 : Player #0 Jeremiah - GUID: 14abb6d46c92afae4f50a2ba0ce767bc
﻿17:49:06 : Verified GUID (14abb6d46c92afae4f50a2ba0ce767bc) of player #0 Jeremiah
﻿17:49:38 : Player #1 Kelton disconnected
﻿17:49:48 : RCon admin #0: (Global) This server auto restarts 4 times per day, 06:00, 12:00, 18:00 and 00:00
﻿17:50:00 : RCon admin #0: (Global) The server will auto restart in 10 minutes.
﻿17:50:55 : Player #1 Kelton (178.76.135.176:2304) connected
﻿17:50:57 : Player #1 Kelton - GUID: 825c376571439d8d89bfbe3f6bff6660
﻿17:50:57 : Verified GUID (825c376571439d8d89bfbe3f6bff6660) of player #1 Kelton
﻿17:51:39 : Player #0 Jeremiah disconnected
﻿17:53:45 : Player #1 Kelton disconnected
﻿17:55:00 : RCon admin #0: (Global) The server will auto restart in 5 minutes.
﻿17:55:25 : RCon admin #0: (Global) The server will auto restart in 5 minutes.
﻿17:55:50 : RCon admin #0: (Global) The server will auto restart in 5 minutes.
﻿17:56:15 : RCon admin #0: (Global) The server will auto restart in 5 minutes.
﻿17:56:40 : RCon admin #0: (Global) The server will auto restart in 5 minutes.
﻿17:57:05 : RCon admin #0: (Global) The server will auto restart in 5 minutes.
﻿17:59:00 : RCon admin #0: (Global) The server will auto restart in 60 seconds.
﻿18:00:50 : Rcon client logging in
﻿18:00:50 : RCon admin #0 (127.0.0.1:60932) logged in
﻿18:02:10 : RCon admin #0: (Global) This server auto restarts 4 times per day, 06:00, 12:00, 18:00 and 00:00
﻿18:17:10 : RCon admin #0: (Global) This server auto restarts 4 times per day, 06:00, 12:00, 18:00 and 00:00
﻿18:32:10 : RCon admin #0: (Global) This server auto restarts 4 times per day, 06:00, 12:00, 18:00 and 00:00
﻿18:33:41 : Player #0 [CST]SlvSantos (131.72.172.195:2304) connected
﻿18:33:45 : Starting with Arma 3 1.58 all server admins will have to define a dedicated port in BEServer.cfg in order to be able to use BE RCon. Please see https://www.battleye.com/support/documentation/ for details.
﻿18:33:46 : Player #0 [CST]SlvSantos - GUID: 8a1ca575a823965e0a36d3b79b47a893
﻿18:33:46 : Verified GUID (8a1ca575a823965e0a36d3b79b47a893) of player #0 [CST]SlvSantos
﻿18:36:01 : Player #0 [CST]SlvSantos disconnected
﻿18:36:11 : Player #0 [CST]SlvSantos (131.72.172.195:2304) connected
﻿18:36:13 : Player #0 [CST]SlvSantos - GUID: 8a1ca575a823965e0a36d3b79b47a893
﻿18:36:14 : Verified GUID (8a1ca575a823965e0a36d3b79b47a893) of player #0 [CST]SlvSantos
﻿18:36:14 : Player #1 [CST]Fernandes (186.241.9.37:2304) connected
﻿18:36:16 : Player #1 [CST]Fernandes - GUID: d5749be0d0e584866add1e0c4349ae82
﻿18:36:16 : Verified GUID (d5749be0d0e584866add1e0c4349ae82) of player #1 [CST]Fernandes
﻿18:37:09 : Player #0 [CST]SlvSantos disconnected
﻿18:42:00 : Player #0 [CST]SlvSantos (131.72.172.195:2304) connected
﻿18:42:02 : Player #0 [CST]SlvSantos - GUID: 8a1ca575a823965e0a36d3b79b47a893
﻿18:42:03 : Verified GUID (8a1ca575a823965e0a36d3b79b47a893) of player #0 [CST]SlvSantos
﻿18:44:36 : Player #0 [CST]SlvSantos disconnected
﻿18:45:02 : Lost Connection!
﻿18:45:02 : Closing socket & exiting!
﻿18:45:53 : Rcon client logging in
﻿18:45:53 : RCon admin #0 (127.0.0.1:57216) logged in
﻿18:46:42 : Player #0 [CST]TangoDown (189.105.126.246:2304) connected
﻿18:46:44 : Player #0 [CST]TangoDown - GUID: 6f8b5e99741f23cf28ac2eafe8555195
﻿18:46:45 : Verified GUID (6f8b5e99741f23cf28ac2eafe8555195) of player #0 [CST]TangoDown
﻿18:46:46 : Starting with Arma 3 1.58 all server admins will have to define a dedicated port in BEServer.cfg in order to be able to use BE RCon. Please see https://www.battleye.com/support/documentation/ for details.
﻿18:47:13 : RCon admin #0: (Global) This server auto restarts 4 times per day, 06:00, 12:00, 18:00 and 00:00
﻿18:48:15 : Player #1 [CST]SlvSantos (131.72.172.195:2304) connected
﻿18:48:18 : Player #1 [CST]SlvSantos - GUID: 8a1ca575a823965e0a36d3b79b47a893
﻿18:48:18 : Verified GUID (8a1ca575a823965e0a36d3b79b47a893) of player #1 [CST]SlvSantos
﻿18:51:35 : Player #1 [CST]SlvSantos disconnected
﻿18:51:40 : Lost Connection!
﻿18:51:40 : Closing socket & exiting!
﻿18:52:30 : Rcon client logging in
﻿18:52:30 : RCon admin #0 (127.0.0.1:54850) logged in
﻿18:52:48 : Player #0 [CST]TangoDown (189.105.126.246:2304) connected
﻿18:52:49 : Player #0 [CST]TangoDown - GUID: 6f8b5e99741f23cf28ac2eafe8555195
﻿18:52:50 : Verified GUID (6f8b5e99741f23cf28ac2eafe8555195) of player #0 [CST]TangoDown
﻿18:52:52 : Starting with Arma 3 1.58 all server admins will have to define a dedicated port in BEServer.cfg in order to be able to use BE RCon. Please see https://www.battleye.com/support/documentation/ for details.
﻿18:53:50 : RCon admin #0: (Global) This server auto restarts 4 times per day, 06:00, 12:00, 18:00 and 00:00
﻿18:55:06 : Lost Connection!
﻿18:55:06 : Closing socket & exiting!
﻿18:55:55 : Rcon client logging in
﻿18:55:55 : RCon admin #0 (127.0.0.1:57905) logged in
﻿18:56:11 : Player #0 [CST]TangoDown (189.105.126.246:2304) connected
﻿18:56:13 : Player #0 [CST]TangoDown - GUID: 6f8b5e99741f23cf28ac2eafe8555195
﻿18:56:13 : Verified GUID (6f8b5e99741f23cf28ac2eafe8555195) of player #0 [CST]TangoDown
﻿18:56:16 : Starting with Arma 3 1.58 all server admins will have to define a dedicated port in BEServer.cfg in order to be able to use BE RCon. Please see https://www.battleye.com/support/documentation/ for details.
﻿18:56:46 : Player #1 [CST]SlvSantos (131.72.172.195:2304) connected
﻿18:56:48 : Player #1 [CST]SlvSantos - GUID: 8a1ca575a823965e0a36d3b79b47a893
﻿18:56:48 : Verified GUID (8a1ca575a823965e0a36d3b79b47a893) of player #1 [CST]SlvSantos
﻿18:57:15 : RCon admin #0: (Global) This server auto restarts 4 times per day, 06:00, 12:00, 18:00 and 00:00
﻿18:59:24 : Lost Connection!
﻿18:59:24 : Closing socket & exiting!
