00:00:51 : Rcon client logging in
﻿00:00:51 : RCon admin #0 (127.0.0.1:51150) logged in
﻿00:02:11 : RCon admin #0: (Global) This server auto restarts 4 times per day, 06:00, 12:00, 18:00 and 00:00
﻿00:17:11 : RCon admin #0: (Global) This server auto restarts 4 times per day, 06:00, 12:00, 18:00 and 00:00
﻿00:32:11 : RCon admin #0: (Global) This server auto restarts 4 times per day, 06:00, 12:00, 18:00 and 00:00
﻿00:47:11 : RCon admin #0: (Global) This server auto restarts 4 times per day, 06:00, 12:00, 18:00 and 00:00
﻿01:02:11 : RCon admin #0: (Global) This server auto restarts 4 times per day, 06:00, 12:00, 18:00 and 00:00
﻿01:17:11 : RCon admin #0: (Global) This server auto restarts 4 times per day, 06:00, 12:00, 18:00 and 00:00
﻿01:32:11 : RCon admin #0: (Global) This server auto restarts 4 times per day, 06:00, 12:00, 18:00 and 00:00
﻿01:47:11 : RCon admin #0: (Global) This server auto restarts 4 times per day, 06:00, 12:00, 18:00 and 00:00
﻿02:02:11 : RCon admin #0: (Global) This server auto restarts 4 times per day, 06:00, 12:00, 18:00 and 00:00
﻿02:17:11 : RCon admin #0: (Global) This server auto restarts 4 times per day, 06:00, 12:00, 18:00 and 00:00
﻿02:32:11 : RCon admin #0: (Global) This server auto restarts 4 times per day, 06:00, 12:00, 18:00 and 00:00
﻿02:47:11 : RCon admin #0: (Global) This server auto restarts 4 times per day, 06:00, 12:00, 18:00 and 00:00
﻿03:02:11 : RCon admin #0: (Global) This server auto restarts 4 times per day, 06:00, 12:00, 18:00 and 00:00
﻿03:17:11 : RCon admin #0: (Global) This server auto restarts 4 times per day, 06:00, 12:00, 18:00 and 00:00
﻿03:32:11 : RCon admin #0: (Global) This server auto restarts 4 times per day, 06:00, 12:00, 18:00 and 00:00
﻿03:47:11 : RCon admin #0: (Global) This server auto restarts 4 times per day, 06:00, 12:00, 18:00 and 00:00
﻿04:02:11 : RCon admin #0: (Global) This server auto restarts 4 times per day, 06:00, 12:00, 18:00 and 00:00
﻿04:17:11 : RCon admin #0: (Global) This server auto restarts 4 times per day, 06:00, 12:00, 18:00 and 00:00
﻿04:32:11 : RCon admin #0: (Global) This server auto restarts 4 times per day, 06:00, 12:00, 18:00 and 00:00
﻿04:47:11 : RCon admin #0: (Global) This server auto restarts 4 times per day, 06:00, 12:00, 18:00 and 00:00
﻿05:02:11 : RCon admin #0: (Global) This server auto restarts 4 times per day, 06:00, 12:00, 18:00 and 00:00
﻿05:17:11 : RCon admin #0: (Global) This server auto restarts 4 times per day, 06:00, 12:00, 18:00 and 00:00
﻿05:32:11 : RCon admin #0: (Global) This server auto restarts 4 times per day, 06:00, 12:00, 18:00 and 00:00
﻿05:47:11 : RCon admin #0: (Global) This server auto restarts 4 times per day, 06:00, 12:00, 18:00 and 00:00
﻿05:50:00 : RCon admin #0: (Global) The server will auto restart in 10 minutes.
﻿05:55:00 : RCon admin #0: (Global) The server will auto restart in 5 minutes.
﻿05:55:25 : RCon admin #0: (Global) The server will auto restart in 5 minutes.
﻿05:55:50 : RCon admin #0: (Global) The server will auto restart in 5 minutes.
﻿05:56:15 : RCon admin #0: (Global) The server will auto restart in 5 minutes.
﻿05:56:40 : RCon admin #0: (Global) The server will auto restart in 5 minutes.
﻿05:57:05 : RCon admin #0: (Global) The server will auto restart in 5 minutes.
﻿05:59:00 : RCon admin #0: (Global) The server will auto restart in 60 seconds.
﻿06:01:21 : Rcon client logging in
﻿06:01:21 : RCon admin #0 (127.0.0.1:60695) logged in
﻿06:02:41 : RCon admin #0: (Global) This server auto restarts 4 times per day, 06:00, 12:00, 18:00 and 00:00
﻿06:17:41 : RCon admin #0: (Global) This server auto restarts 4 times per day, 06:00, 12:00, 18:00 and 00:00
﻿06:32:41 : RCon admin #0: (Global) This server auto restarts 4 times per day, 06:00, 12:00, 18:00 and 00:00
﻿06:47:41 : RCon admin #0: (Global) This server auto restarts 4 times per day, 06:00, 12:00, 18:00 and 00:00
﻿07:02:41 : RCon admin #0: (Global) This server auto restarts 4 times per day, 06:00, 12:00, 18:00 and 00:00
﻿07:17:41 : RCon admin #0: (Global) This server auto restarts 4 times per day, 06:00, 12:00, 18:00 and 00:00
﻿07:32:41 : RCon admin #0: (Global) This server auto restarts 4 times per day, 06:00, 12:00, 18:00 and 00:00
﻿07:47:41 : RCon admin #0: (Global) This server auto restarts 4 times per day, 06:00, 12:00, 18:00 and 00:00
﻿08:02:41 : RCon admin #0: (Global) This server auto restarts 4 times per day, 06:00, 12:00, 18:00 and 00:00
﻿08:17:41 : RCon admin #0: (Global) This server auto restarts 4 times per day, 06:00, 12:00, 18:00 and 00:00
﻿08:32:41 : RCon admin #0: (Global) This server auto restarts 4 times per day, 06:00, 12:00, 18:00 and 00:00
﻿08:47:41 : RCon admin #0: (Global) This server auto restarts 4 times per day, 06:00, 12:00, 18:00 and 00:00
﻿09:02:41 : RCon admin #0: (Global) This server auto restarts 4 times per day, 06:00, 12:00, 18:00 and 00:00
﻿09:17:41 : RCon admin #0: (Global) This server auto restarts 4 times per day, 06:00, 12:00, 18:00 and 00:00
﻿09:32:41 : RCon admin #0: (Global) This server auto restarts 4 times per day, 06:00, 12:00, 18:00 and 00:00
﻿09:47:41 : RCon admin #0: (Global) This server auto restarts 4 times per day, 06:00, 12:00, 18:00 and 00:00
﻿10:02:41 : RCon admin #0: (Global) This server auto restarts 4 times per day, 06:00, 12:00, 18:00 and 00:00
﻿10:17:41 : RCon admin #0: (Global) This server auto restarts 4 times per day, 06:00, 12:00, 18:00 and 00:00
﻿10:32:41 : RCon admin #0: (Global) This server auto restarts 4 times per day, 06:00, 12:00, 18:00 and 00:00
﻿10:47:41 : RCon admin #0: (Global) This server auto restarts 4 times per day, 06:00, 12:00, 18:00 and 00:00
﻿11:02:41 : RCon admin #0: (Global) This server auto restarts 4 times per day, 06:00, 12:00, 18:00 and 00:00
﻿11:17:41 : RCon admin #0: (Global) This server auto restarts 4 times per day, 06:00, 12:00, 18:00 and 00:00
﻿11:32:41 : RCon admin #0: (Global) This server auto restarts 4 times per day, 06:00, 12:00, 18:00 and 00:00
﻿11:47:41 : RCon admin #0: (Global) This server auto restarts 4 times per day, 06:00, 12:00, 18:00 and 00:00
﻿11:50:00 : RCon admin #0: (Global) The server will auto restart in 10 minutes.
﻿11:55:00 : RCon admin #0: (Global) The server will auto restart in 5 minutes.
﻿11:55:25 : RCon admin #0: (Global) The server will auto restart in 5 minutes.
﻿11:55:50 : RCon admin #0: (Global) The server will auto restart in 5 minutes.
﻿11:56:15 : RCon admin #0: (Global) The server will auto restart in 5 minutes.
﻿11:56:40 : RCon admin #0: (Global) The server will auto restart in 5 minutes.
﻿11:57:05 : RCon admin #0: (Global) The server will auto restart in 5 minutes.
﻿11:59:00 : RCon admin #0: (Global) The server will auto restart in 60 seconds.
﻿12:00:49 : Rcon client logging in
﻿12:00:49 : RCon admin #0 (127.0.0.1:52471) logged in
﻿12:02:09 : RCon admin #0: (Global) This server auto restarts 4 times per day, 06:00, 12:00, 18:00 and 00:00
﻿12:17:09 : RCon admin #0: (Global) This server auto restarts 4 times per day, 06:00, 12:00, 18:00 and 00:00
﻿12:32:09 : RCon admin #0: (Global) This server auto restarts 4 times per day, 06:00, 12:00, 18:00 and 00:00
﻿12:47:09 : RCon admin #0: (Global) This server auto restarts 4 times per day, 06:00, 12:00, 18:00 and 00:00
﻿13:02:09 : RCon admin #0: (Global) This server auto restarts 4 times per day, 06:00, 12:00, 18:00 and 00:00
﻿13:17:09 : RCon admin #0: (Global) This server auto restarts 4 times per day, 06:00, 12:00, 18:00 and 00:00
﻿13:32:09 : RCon admin #0: (Global) This server auto restarts 4 times per day, 06:00, 12:00, 18:00 and 00:00
﻿13:47:09 : RCon admin #0: (Global) This server auto restarts 4 times per day, 06:00, 12:00, 18:00 and 00:00
﻿14:02:09 : RCon admin #0: (Global) This server auto restarts 4 times per day, 06:00, 12:00, 18:00 and 00:00
﻿14:17:09 : RCon admin #0: (Global) This server auto restarts 4 times per day, 06:00, 12:00, 18:00 and 00:00
﻿14:32:09 : RCon admin #0: (Global) This server auto restarts 4 times per day, 06:00, 12:00, 18:00 and 00:00
﻿14:47:09 : RCon admin #0: (Global) This server auto restarts 4 times per day, 06:00, 12:00, 18:00 and 00:00
﻿15:02:09 : RCon admin #0: (Global) This server auto restarts 4 times per day, 06:00, 12:00, 18:00 and 00:00
﻿15:17:09 : RCon admin #0: (Global) This server auto restarts 4 times per day, 06:00, 12:00, 18:00 and 00:00
﻿15:32:09 : RCon admin #0: (Global) This server auto restarts 4 times per day, 06:00, 12:00, 18:00 and 00:00
﻿15:47:09 : RCon admin #0: (Global) This server auto restarts 4 times per day, 06:00, 12:00, 18:00 and 00:00
﻿16:02:09 : RCon admin #0: (Global) This server auto restarts 4 times per day, 06:00, 12:00, 18:00 and 00:00
﻿16:17:09 : RCon admin #0: (Global) This server auto restarts 4 times per day, 06:00, 12:00, 18:00 and 00:00
﻿16:32:09 : RCon admin #0: (Global) This server auto restarts 4 times per day, 06:00, 12:00, 18:00 and 00:00
﻿16:47:09 : RCon admin #0: (Global) This server auto restarts 4 times per day, 06:00, 12:00, 18:00 and 00:00
﻿17:02:09 : RCon admin #0: (Global) This server auto restarts 4 times per day, 06:00, 12:00, 18:00 and 00:00
﻿17:17:09 : RCon admin #0: (Global) This server auto restarts 4 times per day, 06:00, 12:00, 18:00 and 00:00
﻿17:32:09 : RCon admin #0: (Global) This server auto restarts 4 times per day, 06:00, 12:00, 18:00 and 00:00
﻿17:47:09 : RCon admin #0: (Global) This server auto restarts 4 times per day, 06:00, 12:00, 18:00 and 00:00
﻿17:50:00 : RCon admin #0: (Global) The server will auto restart in 10 minutes.
﻿17:55:00 : RCon admin #0: (Global) The server will auto restart in 5 minutes.
﻿17:55:25 : RCon admin #0: (Global) The server will auto restart in 5 minutes.
﻿17:55:50 : RCon admin #0: (Global) The server will auto restart in 5 minutes.
﻿17:56:15 : RCon admin #0: (Global) The server will auto restart in 5 minutes.
﻿17:56:40 : RCon admin #0: (Global) The server will auto restart in 5 minutes.
﻿17:57:05 : RCon admin #0: (Global) The server will auto restart in 5 minutes.
﻿17:59:00 : RCon admin #0: (Global) The server will auto restart in 60 seconds.
﻿18:00:50 : Rcon client logging in
﻿18:00:50 : RCon admin #0 (127.0.0.1:57263) logged in
﻿18:02:10 : RCon admin #0: (Global) This server auto restarts 4 times per day, 06:00, 12:00, 18:00 and 00:00
﻿18:17:10 : RCon admin #0: (Global) This server auto restarts 4 times per day, 06:00, 12:00, 18:00 and 00:00
﻿18:32:10 : RCon admin #0: (Global) This server auto restarts 4 times per day, 06:00, 12:00, 18:00 and 00:00
﻿18:47:10 : RCon admin #0: (Global) This server auto restarts 4 times per day, 06:00, 12:00, 18:00 and 00:00
﻿19:02:10 : RCon admin #0: (Global) This server auto restarts 4 times per day, 06:00, 12:00, 18:00 and 00:00
﻿19:17:10 : RCon admin #0: (Global) This server auto restarts 4 times per day, 06:00, 12:00, 18:00 and 00:00
﻿19:32:10 : RCon admin #0: (Global) This server auto restarts 4 times per day, 06:00, 12:00, 18:00 and 00:00
﻿19:47:10 : RCon admin #0: (Global) This server auto restarts 4 times per day, 06:00, 12:00, 18:00 and 00:00
﻿20:02:10 : RCon admin #0: (Global) This server auto restarts 4 times per day, 06:00, 12:00, 18:00 and 00:00
﻿20:17:10 : RCon admin #0: (Global) This server auto restarts 4 times per day, 06:00, 12:00, 18:00 and 00:00
﻿20:32:10 : RCon admin #0: (Global) This server auto restarts 4 times per day, 06:00, 12:00, 18:00 and 00:00
﻿20:47:10 : RCon admin #0: (Global) This server auto restarts 4 times per day, 06:00, 12:00, 18:00 and 00:00
﻿21:02:10 : RCon admin #0: (Global) This server auto restarts 4 times per day, 06:00, 12:00, 18:00 and 00:00
﻿21:17:10 : RCon admin #0: (Global) This server auto restarts 4 times per day, 06:00, 12:00, 18:00 and 00:00
﻿21:30:02 : Player #0 ayy lmao (68.203.91.251:2304) connected
﻿21:30:04 : Player #0 ayy lmao - GUID: ebfb9adb8e9d2627cfdf89667408800f
﻿21:30:04 : Verified GUID (ebfb9adb8e9d2627cfdf89667408800f) of player #0 ayy lmao
﻿21:30:08 : Starting with Arma 3 1.58 all server admins will have to define a dedicated port in BEServer.cfg in order to be able to use BE RCon. Please see https://www.battleye.com/support/documentation/ for details.
﻿21:30:14 : Player #1 [RHWK]CHURCH (69.121.86.117:2304) connected
﻿21:30:16 : Player #1 [RHWK]CHURCH - GUID: b12f86c0d201e90ac08afd14e2af4b8b
﻿21:30:16 : Verified GUID (b12f86c0d201e90ac08afd14e2af4b8b) of player #1 [RHWK]CHURCH
﻿21:30:22 : Player #1 [RHWK]CHURCH disconnected
﻿21:31:51 : Player #0 ayy lmao disconnected
﻿21:32:10 : RCon admin #0: (Global) This server auto restarts 4 times per day, 06:00, 12:00, 18:00 and 00:00
﻿21:47:10 : RCon admin #0: (Global) This server auto restarts 4 times per day, 06:00, 12:00, 18:00 and 00:00
﻿22:02:10 : RCon admin #0: (Global) This server auto restarts 4 times per day, 06:00, 12:00, 18:00 and 00:00
﻿22:17:10 : RCon admin #0: (Global) This server auto restarts 4 times per day, 06:00, 12:00, 18:00 and 00:00
﻿22:32:10 : RCon admin #0: (Global) This server auto restarts 4 times per day, 06:00, 12:00, 18:00 and 00:00
﻿22:47:10 : RCon admin #0: (Global) This server auto restarts 4 times per day, 06:00, 12:00, 18:00 and 00:00
﻿23:02:10 : RCon admin #0: (Global) This server auto restarts 4 times per day, 06:00, 12:00, 18:00 and 00:00
﻿23:17:10 : RCon admin #0: (Global) This server auto restarts 4 times per day, 06:00, 12:00, 18:00 and 00:00
﻿23:32:10 : RCon admin #0: (Global) This server auto restarts 4 times per day, 06:00, 12:00, 18:00 and 00:00
﻿23:47:10 : RCon admin #0: (Global) This server auto restarts 4 times per day, 06:00, 12:00, 18:00 and 00:00
﻿23:50:00 : RCon admin #0: (Global) The server will auto restart in 10 minutes.
﻿23:55:00 : RCon admin #0: (Global) The server will auto restart in 5 minutes.
﻿23:55:25 : RCon admin #0: (Global) The server will auto restart in 5 minutes.
﻿23:55:50 : RCon admin #0: (Global) The server will auto restart in 5 minutes.
﻿23:56:15 : RCon admin #0: (Global) The server will auto restart in 5 minutes.
﻿23:56:40 : RCon admin #0: (Global) The server will auto restart in 5 minutes.
﻿23:57:05 : RCon admin #0: (Global) The server will auto restart in 5 minutes.
﻿23:59:00 : RCon admin #0: (Global) The server will auto restart in 60 seconds.
