00:52:47 : Rcon client logging in
﻿00:52:47 : RCon admin #0 (127.0.0.1:52418) logged in
﻿00:54:07 : RCon admin #0: (Global) This server auto restarts 4 times per day, 06:00, 12:00, 18:00 and 00:00
﻿00:56:28 : Player #0 [CST]TangoDown (187.127.132.123:2304) connected
﻿00:56:32 : Player #0 [CST]TangoDown - GUID: 6f8b5e99741f23cf28ac2eafe8555195
﻿00:56:32 : Verified GUID (6f8b5e99741f23cf28ac2eafe8555195) of player #0 [CST]TangoDown
﻿00:56:33 : Starting with Arma 3 1.58 all server admins will have to define a dedicated port in BEServer.cfg in order to be able to use BE RCon. Please see https://www.battleye.com/support/documentation/ for details.
﻿00:58:37 : Player #0 [CST]TangoDown disconnected
﻿00:58:37 : Player #1 [CST]TangoDown (187.127.132.123:2304) connected
﻿00:58:45 : Player #1 [CST]TangoDown disconnected
﻿00:59:16 : Player #0 [CST]TangoDown (187.127.132.123:2304) connected
﻿00:59:17 : Player #0 [CST]TangoDown disconnected
﻿00:59:25 : Player #0 [CST]TangoDown (187.127.132.123:2304) connected
﻿00:59:28 : Player #0 [CST]TangoDown - GUID: 6f8b5e99741f23cf28ac2eafe8555195
﻿00:59:28 : Verified GUID (6f8b5e99741f23cf28ac2eafe8555195) of player #0 [CST]TangoDown
﻿01:02:45 : Player #0 [CST]TangoDown disconnected
﻿01:04:56 : Player #0 [CST]TangoDown (187.127.132.123:2304) connected
﻿01:05:00 : Player #0 [CST]TangoDown - GUID: 6f8b5e99741f23cf28ac2eafe8555195
﻿01:05:00 : Verified GUID (6f8b5e99741f23cf28ac2eafe8555195) of player #0 [CST]TangoDown
﻿01:09:07 : RCon admin #0: (Global) This server auto restarts 4 times per day, 06:00, 12:00, 18:00 and 00:00
﻿01:11:31 : Player #1 CaboCorrupto. (181.222.57.196:2304) connected
﻿01:11:33 : Player #1 CaboCorrupto. - GUID: 718943bbbb54b87a46aeec089f531340
﻿01:11:33 : Verified GUID (718943bbbb54b87a46aeec089f531340) of player #1 CaboCorrupto.
﻿01:24:07 : RCon admin #0: (Global) This server auto restarts 4 times per day, 06:00, 12:00, 18:00 and 00:00
﻿01:33:48 : Player #2 Joe Casper (76.102.75.60:2304) connected
﻿01:33:49 : Player #2 Joe Casper - GUID: ea6de9a96d08bd4057bbe100fd14d2ce
﻿01:33:50 : Verified GUID (ea6de9a96d08bd4057bbe100fd14d2ce) of player #2 Joe Casper
﻿01:34:49 : Player #3 CaboCotoco. (187.21.118.217:2304) connected
﻿01:34:51 : Player #3 CaboCotoco. - GUID: d1c53d9263f851d85de3605a42065e4e
﻿01:34:52 : Verified GUID (d1c53d9263f851d85de3605a42065e4e) of player #3 CaboCotoco.
﻿01:36:53 : Player #2 Joe Casper disconnected
﻿01:37:46 : Player #2 Joe Casper (76.102.75.60:2304) connected
﻿01:37:48 : Player #2 Joe Casper disconnected
﻿01:39:07 : RCon admin #0: (Global) This server auto restarts 4 times per day, 06:00, 12:00, 18:00 and 00:00
﻿01:48:59 : Player #0 [CST]TangoDown disconnected
﻿01:54:07 : RCon admin #0: (Global) This server auto restarts 4 times per day, 06:00, 12:00, 18:00 and 00:00
﻿01:56:33 : Starting with Arma 3 1.58 all server admins will have to define a dedicated port in BEServer.cfg in order to be able to use BE RCon. Please see https://www.battleye.com/support/documentation/ for details.
﻿02:07:46 : Player #0 SiKn Phoenix (107.139.124.47:2304) connected
﻿02:07:48 : Player #0 SiKn Phoenix - GUID: 37bf49cb1c322896592869858e940372
﻿02:07:48 : Verified GUID (37bf49cb1c322896592869858e940372) of player #0 SiKn Phoenix
﻿02:09:07 : RCon admin #0: (Global) This server auto restarts 4 times per day, 06:00, 12:00, 18:00 and 00:00
﻿02:24:07 : RCon admin #0: (Global) This server auto restarts 4 times per day, 06:00, 12:00, 18:00 and 00:00
﻿02:39:07 : RCon admin #0: (Global) This server auto restarts 4 times per day, 06:00, 12:00, 18:00 and 00:00
﻿02:40:09 : Player #1 CaboCorrupto. disconnected
﻿02:40:51 : Player #3 CaboCotoco. disconnected
﻿02:41:07 : Player #0 SiKn Phoenix disconnected
﻿02:54:07 : RCon admin #0: (Global) This server auto restarts 4 times per day, 06:00, 12:00, 18:00 and 00:00
﻿03:09:07 : RCon admin #0: (Global) This server auto restarts 4 times per day, 06:00, 12:00, 18:00 and 00:00
﻿03:24:07 : RCon admin #0: (Global) This server auto restarts 4 times per day, 06:00, 12:00, 18:00 and 00:00
﻿03:39:07 : RCon admin #0: (Global) This server auto restarts 4 times per day, 06:00, 12:00, 18:00 and 00:00
﻿03:54:07 : RCon admin #0: (Global) This server auto restarts 4 times per day, 06:00, 12:00, 18:00 and 00:00
﻿04:09:07 : RCon admin #0: (Global) This server auto restarts 4 times per day, 06:00, 12:00, 18:00 and 00:00
﻿04:17:13 : Player #0 Kyle Baker (205.142.150.3:2304) connected
﻿04:17:14 : Player #0 Kyle Baker - GUID: 700b6a4aa84bc9d83988cbd10e82b2d0
﻿04:17:15 : Verified GUID (700b6a4aa84bc9d83988cbd10e82b2d0) of player #0 Kyle Baker
﻿04:17:17 : Starting with Arma 3 1.58 all server admins will have to define a dedicated port in BEServer.cfg in order to be able to use BE RCon. Please see https://www.battleye.com/support/documentation/ for details.
﻿04:21:27 : Player #1 (HTS) darkbatisu (200.175.81.221:2304) connected
﻿04:21:32 : Player #1 (HTS) darkbatisu - GUID: 2e77aad0b32a9f53274d18d2824aeaec
﻿04:21:32 : Verified GUID (2e77aad0b32a9f53274d18d2824aeaec) of player #1 (HTS) darkbatisu
﻿04:24:07 : RCon admin #0: (Global) This server auto restarts 4 times per day, 06:00, 12:00, 18:00 and 00:00
﻿04:26:52 : Player #0 Kyle Baker disconnected
﻿04:31:08 : Player #1 (HTS) darkbatisu disconnected
﻿04:39:07 : RCon admin #0: (Global) This server auto restarts 4 times per day, 06:00, 12:00, 18:00 and 00:00
﻿04:54:07 : RCon admin #0: (Global) This server auto restarts 4 times per day, 06:00, 12:00, 18:00 and 00:00
﻿05:09:07 : RCon admin #0: (Global) This server auto restarts 4 times per day, 06:00, 12:00, 18:00 and 00:00
﻿05:11:39 : Player #0 ||B.O.P.E|| Eazy-E (138.36.35.49:3592) connected
﻿05:11:43 : Player #0 ||B.O.P.E|| Eazy-E - GUID: 767a741d5f52707b83e9e312c8ece24a
﻿05:11:44 : Verified GUID (767a741d5f52707b83e9e312c8ece24a) of player #0 ||B.O.P.E|| Eazy-E
﻿05:11:55 : Player #0 ||B.O.P.E|| Eazy-E disconnected
﻿05:20:11 : Player #0 Dk (138.36.35.49:3652) connected
﻿05:20:13 : Player #0 Dk - GUID: 767a741d5f52707b83e9e312c8ece24a
﻿05:20:13 : Verified GUID (767a741d5f52707b83e9e312c8ece24a) of player #0 Dk
﻿05:20:15 : Starting with Arma 3 1.58 all server admins will have to define a dedicated port in BEServer.cfg in order to be able to use BE RCon. Please see https://www.battleye.com/support/documentation/ for details.
﻿05:23:24 : Player #0 Dk disconnected
﻿05:24:07 : RCon admin #0: (Global) This server auto restarts 4 times per day, 06:00, 12:00, 18:00 and 00:00
﻿05:39:07 : RCon admin #0: (Global) This server auto restarts 4 times per day, 06:00, 12:00, 18:00 and 00:00
﻿05:50:00 : RCon admin #0: (Global) The server will auto restart in 10 minutes.
﻿05:54:07 : RCon admin #0: (Global) This server auto restarts 4 times per day, 06:00, 12:00, 18:00 and 00:00
﻿05:55:00 : RCon admin #0: (Global) The server will auto restart in 5 minutes.
﻿05:55:25 : RCon admin #0: (Global) The server will auto restart in 5 minutes.
﻿05:55:50 : RCon admin #0: (Global) The server will auto restart in 5 minutes.
﻿05:56:15 : RCon admin #0: (Global) The server will auto restart in 5 minutes.
﻿05:56:40 : RCon admin #0: (Global) The server will auto restart in 5 minutes.
﻿05:57:05 : RCon admin #0: (Global) The server will auto restart in 5 minutes.
﻿05:59:00 : RCon admin #0: (Global) The server will auto restart in 60 seconds.
﻿06:00:49 : Rcon client logging in
﻿06:00:51 : RCon admin #0 (127.0.0.1:57510) logged in
﻿06:02:10 : RCon admin #0: (Global) This server auto restarts 4 times per day, 06:00, 12:00, 18:00 and 00:00
﻿06:17:10 : RCon admin #0: (Global) This server auto restarts 4 times per day, 06:00, 12:00, 18:00 and 00:00
﻿06:32:10 : RCon admin #0: (Global) This server auto restarts 4 times per day, 06:00, 12:00, 18:00 and 00:00
﻿06:47:10 : RCon admin #0: (Global) This server auto restarts 4 times per day, 06:00, 12:00, 18:00 and 00:00
﻿07:02:10 : RCon admin #0: (Global) This server auto restarts 4 times per day, 06:00, 12:00, 18:00 and 00:00
﻿07:17:10 : RCon admin #0: (Global) This server auto restarts 4 times per day, 06:00, 12:00, 18:00 and 00:00
﻿07:32:10 : RCon admin #0: (Global) This server auto restarts 4 times per day, 06:00, 12:00, 18:00 and 00:00
﻿07:42:02 : Player #0 PC Gamer (179.199.192.133:2304) connected
﻿07:42:04 : Player #0 PC Gamer - GUID: 9eb24f8bf200b8703f2b3adbf87b9622
﻿07:42:05 : Verified GUID (9eb24f8bf200b8703f2b3adbf87b9622) of player #0 PC Gamer
﻿07:42:06 : Starting with Arma 3 1.58 all server admins will have to define a dedicated port in BEServer.cfg in order to be able to use BE RCon. Please see https://www.battleye.com/support/documentation/ for details.
﻿07:47:10 : RCon admin #0: (Global) This server auto restarts 4 times per day, 06:00, 12:00, 18:00 and 00:00
﻿07:56:37 : Player #1 [F.A.B] GCervo (189.7.134.44:61396) connected
﻿07:56:39 : Player #1 [F.A.B] GCervo - GUID: e078202b2acffa7808c7e191bc73222f
﻿07:56:40 : Verified GUID (e078202b2acffa7808c7e191bc73222f) of player #1 [F.A.B] GCervo
﻿07:57:15 : Player #2 [F.A.B] Gustavo (189.7.134.44:62465) connected
﻿07:57:16 : Player #2 [F.A.B] Gustavo - GUID: b20365ec040757bf821ff602192d8aba
﻿07:58:28 : Verified GUID (b20365ec040757bf821ff602192d8aba) of player #2 [F.A.B] Gustavo
﻿07:58:46 : Player #3 [F.A.B] Eduardo (189.7.134.44:62112) connected
﻿07:58:48 : Player #3 [F.A.B] Eduardo - GUID: 878c140dca4d26598f7e820a654db525
﻿07:59:50 : Verified GUID (878c140dca4d26598f7e820a654db525) of player #3 [F.A.B] Eduardo
﻿08:02:10 : RCon admin #0: (Global) This server auto restarts 4 times per day, 06:00, 12:00, 18:00 and 00:00
﻿08:17:10 : RCon admin #0: (Global) This server auto restarts 4 times per day, 06:00, 12:00, 18:00 and 00:00
﻿08:28:52 : Player #4 Sébastien (64.229.54.226:2304) connected
﻿08:28:54 : Player #4 Sébastien - GUID: a7d5138441149d2d41d92dbf8db46558
﻿08:28:54 : Verified GUID (a7d5138441149d2d41d92dbf8db46558) of player #4 Sébastien
﻿08:29:51 : Player #4 Sébastien disconnected
﻿08:32:10 : RCon admin #0: (Global) This server auto restarts 4 times per day, 06:00, 12:00, 18:00 and 00:00
﻿08:42:06 : Starting with Arma 3 1.58 all server admins will have to define a dedicated port in BEServer.cfg in order to be able to use BE RCon. Please see https://www.battleye.com/support/documentation/ for details.
﻿08:47:10 : RCon admin #0: (Global) This server auto restarts 4 times per day, 06:00, 12:00, 18:00 and 00:00
﻿09:02:10 : RCon admin #0: (Global) This server auto restarts 4 times per day, 06:00, 12:00, 18:00 and 00:00
﻿09:10:44 : Player #1 [F.A.B] GCervo disconnected
﻿09:12:07 : Player #1 [mB]_MaLaRe. (177.94.21.6:2304) connected
﻿09:12:09 : Player #1 [mB]_MaLaRe. - GUID: 9a9f0fbdabb3cdce9991f4baee5e173d
﻿09:12:18 : Verified GUID (9a9f0fbdabb3cdce9991f4baee5e173d) of player #1 [mB]_MaLaRe.
﻿09:17:10 : RCon admin #0: (Global) This server auto restarts 4 times per day, 06:00, 12:00, 18:00 and 00:00
﻿09:30:02 : Player #4 JaggerGawn (41.13.136.15:44032) connected
﻿09:30:03 : Player #4 JaggerGawn - GUID: 681badf67d93d2b62212a6080b0621ab
﻿09:30:04 : Verified GUID (681badf67d93d2b62212a6080b0621ab) of player #4 JaggerGawn
﻿09:30:08 : Player #4 JaggerGawn disconnected
﻿09:32:10 : RCon admin #0: (Global) This server auto restarts 4 times per day, 06:00, 12:00, 18:00 and 00:00
﻿09:39:17 : Player #4 ABU AZRAEL (177.134.83.242:2304) connected
﻿09:39:19 : Player #4 ABU AZRAEL - GUID: 20dd7f611e08955aa8add401ca48f4b9
﻿09:39:19 : Verified GUID (20dd7f611e08955aa8add401ca48f4b9) of player #4 ABU AZRAEL
﻿09:39:30 : Player #4 ABU AZRAEL disconnected
﻿09:41:51 : Player #4 Vlad Gorny (81.141.136.226:2304) connected
﻿09:41:53 : Player #4 Vlad Gorny - GUID: 3eb208b6c2120f2544b6aac038001bc2
﻿09:41:53 : Verified GUID (3eb208b6c2120f2544b6aac038001bc2) of player #4 Vlad Gorny
﻿09:42:06 : Starting with Arma 3 1.58 all server admins will have to define a dedicated port in BEServer.cfg in order to be able to use BE RCon. Please see https://www.battleye.com/support/documentation/ for details.
﻿09:47:10 : RCon admin #0: (Global) This server auto restarts 4 times per day, 06:00, 12:00, 18:00 and 00:00
﻿10:02:10 : RCon admin #0: (Global) This server auto restarts 4 times per day, 06:00, 12:00, 18:00 and 00:00
﻿10:03:53 : Player #4 Vlad Gorny disconnected
﻿10:06:56 : Player #3 [F.A.B] Eduardo disconnected
﻿10:08:20 : Player #2 [F.A.B] Gustavo disconnected
﻿10:09:15 : Player #0 PC Gamer disconnected
﻿10:17:10 : RCon admin #0: (Global) This server auto restarts 4 times per day, 06:00, 12:00, 18:00 and 00:00
﻿10:32:10 : RCon admin #0: (Global) This server auto restarts 4 times per day, 06:00, 12:00, 18:00 and 00:00
﻿10:42:06 : Starting with Arma 3 1.58 all server admins will have to define a dedicated port in BEServer.cfg in order to be able to use BE RCon. Please see https://www.battleye.com/support/documentation/ for details.
﻿10:47:10 : RCon admin #0: (Global) This server auto restarts 4 times per day, 06:00, 12:00, 18:00 and 00:00
﻿10:49:19 : Player #1 [mB]_MaLaRe. disconnected
﻿11:02:10 : RCon admin #0: (Global) This server auto restarts 4 times per day, 06:00, 12:00, 18:00 and 00:00
﻿11:17:10 : RCon admin #0: (Global) This server auto restarts 4 times per day, 06:00, 12:00, 18:00 and 00:00
﻿11:32:10 : RCon admin #0: (Global) This server auto restarts 4 times per day, 06:00, 12:00, 18:00 and 00:00
﻿11:47:10 : RCon admin #0: (Global) This server auto restarts 4 times per day, 06:00, 12:00, 18:00 and 00:00
﻿11:50:00 : RCon admin #0: (Global) The server will auto restart in 10 minutes.
﻿11:52:21 : Player #0 Rodrigo (179.189.169.214:65247) connected
﻿11:52:23 : Player #0 Rodrigo - GUID: b14aff551b993b35da7ece4a43af9af8
﻿11:52:24 : Verified GUID (b14aff551b993b35da7ece4a43af9af8) of player #0 Rodrigo
﻿11:52:26 : Starting with Arma 3 1.58 all server admins will have to define a dedicated port in BEServer.cfg in order to be able to use BE RCon. Please see https://www.battleye.com/support/documentation/ for details.
﻿11:52:45 : Player #1 Tekpiix (191.190.249.198:2304) connected
﻿11:52:47 : Player #1 Tekpiix - GUID: 9341588a7434f06edfafdf5ff0abee6c
﻿11:52:47 : Verified GUID (9341588a7434f06edfafdf5ff0abee6c) of player #1 Tekpiix
﻿11:55:00 : RCon admin #0: (Global) The server will auto restart in 5 minutes.
﻿11:55:25 : RCon admin #0: (Global) The server will auto restart in 5 minutes.
﻿11:55:50 : RCon admin #0: (Global) The server will auto restart in 5 minutes.
﻿11:56:15 : RCon admin #0: (Global) The server will auto restart in 5 minutes.
﻿11:56:21 : Could not connect to BE Master
﻿11:56:21 : Update attempt failed
﻿11:56:40 : RCon admin #0: (Global) The server will auto restart in 5 minutes.
﻿11:57:05 : RCon admin #0: (Global) The server will auto restart in 5 minutes.
﻿11:59:00 : RCon admin #0: (Global) The server will auto restart in 60 seconds.
﻿12:01:21 : Rcon client logging in
﻿12:01:21 : RCon admin #0 (127.0.0.1:52978) logged in
﻿12:02:41 : RCon admin #0: (Global) This server auto restarts 4 times per day, 06:00, 12:00, 18:00 and 00:00
﻿12:07:59 : Player #0 Tekpiix (191.190.249.198:2304) connected
﻿12:08:00 : Player #0 Tekpiix - GUID: 9341588a7434f06edfafdf5ff0abee6c
﻿12:08:01 : Verified GUID (9341588a7434f06edfafdf5ff0abee6c) of player #0 Tekpiix
﻿12:08:03 : Starting with Arma 3 1.58 all server admins will have to define a dedicated port in BEServer.cfg in order to be able to use BE RCon. Please see https://www.battleye.com/support/documentation/ for details.
﻿12:08:44 : Player #1 Rodrigo (179.189.169.214:50111) connected
﻿12:08:46 : Player #1 Rodrigo - GUID: b14aff551b993b35da7ece4a43af9af8
﻿12:08:46 : Verified GUID (b14aff551b993b35da7ece4a43af9af8) of player #1 Rodrigo
﻿12:10:07 : Player #2 PC Gamer (179.199.192.133:2304) connected
﻿12:10:09 : Player #2 PC Gamer - GUID: 9eb24f8bf200b8703f2b3adbf87b9622
﻿12:10:09 : Verified GUID (9eb24f8bf200b8703f2b3adbf87b9622) of player #2 PC Gamer
﻿12:10:31 : Player #3 dylan (187.20.67.77:2304) connected
﻿12:10:33 : Player #3 dylan - GUID: a0cce7e2832a7b0cb4b7c50f9154d6f3
﻿12:10:33 : Verified GUID (a0cce7e2832a7b0cb4b7c50f9154d6f3) of player #3 dylan
﻿12:17:41 : RCon admin #0: (Global) This server auto restarts 4 times per day, 06:00, 12:00, 18:00 and 00:00
﻿12:32:41 : RCon admin #0: (Global) This server auto restarts 4 times per day, 06:00, 12:00, 18:00 and 00:00
﻿12:37:34 : Player #2 PC Gamer disconnected
﻿12:37:41 : Player #3 dylan disconnected
﻿12:47:41 : RCon admin #0: (Global) This server auto restarts 4 times per day, 06:00, 12:00, 18:00 and 00:00
﻿12:49:45 : Could not connect to BE Master
﻿12:49:45 : Update attempt failed
﻿13:02:41 : RCon admin #0: (Global) This server auto restarts 4 times per day, 06:00, 12:00, 18:00 and 00:00
﻿13:08:03 : Starting with Arma 3 1.58 all server admins will have to define a dedicated port in BEServer.cfg in order to be able to use BE RCon. Please see https://www.battleye.com/support/documentation/ for details.
﻿13:17:41 : RCon admin #0: (Global) This server auto restarts 4 times per day, 06:00, 12:00, 18:00 and 00:00
﻿13:22:57 : Player #1 Rodrigo (b14aff551b993b35da7ece4a43af9af8) has been kicked by BattlEye: Client not responding
﻿13:23:34 : Player #1 Rodrigo (179.189.169.214:50111) connected
﻿13:23:45 : Player #1 Rodrigo - GUID: b14aff551b993b35da7ece4a43af9af8
﻿13:23:46 : Verified GUID (b14aff551b993b35da7ece4a43af9af8) of player #1 Rodrigo
﻿13:32:41 : RCon admin #0: (Global) This server auto restarts 4 times per day, 06:00, 12:00, 18:00 and 00:00
﻿13:47:41 : RCon admin #0: (Global) This server auto restarts 4 times per day, 06:00, 12:00, 18:00 and 00:00
﻿14:02:41 : RCon admin #0: (Global) This server auto restarts 4 times per day, 06:00, 12:00, 18:00 and 00:00
﻿14:08:03 : Starting with Arma 3 1.58 all server admins will have to define a dedicated port in BEServer.cfg in order to be able to use BE RCon. Please see https://www.battleye.com/support/documentation/ for details.
﻿14:17:41 : RCon admin #0: (Global) This server auto restarts 4 times per day, 06:00, 12:00, 18:00 and 00:00
﻿14:32:41 : RCon admin #0: (Global) This server auto restarts 4 times per day, 06:00, 12:00, 18:00 and 00:00
﻿14:47:41 : RCon admin #0: (Global) This server auto restarts 4 times per day, 06:00, 12:00, 18:00 and 00:00
﻿15:02:41 : RCon admin #0: (Global) This server auto restarts 4 times per day, 06:00, 12:00, 18:00 and 00:00
﻿15:08:03 : Starting with Arma 3 1.58 all server admins will have to define a dedicated port in BEServer.cfg in order to be able to use BE RCon. Please see https://www.battleye.com/support/documentation/ for details.
﻿15:17:41 : RCon admin #0: (Global) This server auto restarts 4 times per day, 06:00, 12:00, 18:00 and 00:00
﻿15:32:41 : RCon admin #0: (Global) This server auto restarts 4 times per day, 06:00, 12:00, 18:00 and 00:00
﻿15:47:41 : RCon admin #0: (Global) This server auto restarts 4 times per day, 06:00, 12:00, 18:00 and 00:00
﻿16:02:41 : RCon admin #0: (Global) This server auto restarts 4 times per day, 06:00, 12:00, 18:00 and 00:00
﻿16:08:03 : Starting with Arma 3 1.58 all server admins will have to define a dedicated port in BEServer.cfg in order to be able to use BE RCon. Please see https://www.battleye.com/support/documentation/ for details.
﻿16:17:41 : RCon admin #0: (Global) This server auto restarts 4 times per day, 06:00, 12:00, 18:00 and 00:00
﻿16:32:41 : RCon admin #0: (Global) This server auto restarts 4 times per day, 06:00, 12:00, 18:00 and 00:00
﻿16:47:41 : RCon admin #0: (Global) This server auto restarts 4 times per day, 06:00, 12:00, 18:00 and 00:00
﻿16:57:05 : Player #1 Rodrigo disconnected
﻿16:57:25 : Player #0 Tekpiix disconnected
﻿17:02:41 : RCon admin #0: (Global) This server auto restarts 4 times per day, 06:00, 12:00, 18:00 and 00:00
﻿17:17:41 : RCon admin #0: (Global) This server auto restarts 4 times per day, 06:00, 12:00, 18:00 and 00:00
﻿17:32:41 : RCon admin #0: (Global) This server auto restarts 4 times per day, 06:00, 12:00, 18:00 and 00:00
﻿17:47:41 : RCon admin #0: (Global) This server auto restarts 4 times per day, 06:00, 12:00, 18:00 and 00:00
﻿17:50:00 : RCon admin #0: (Global) The server will auto restart in 10 minutes.
﻿17:55:00 : RCon admin #0: (Global) The server will auto restart in 5 minutes.
﻿17:55:25 : RCon admin #0: (Global) The server will auto restart in 5 minutes.
﻿17:55:50 : RCon admin #0: (Global) The server will auto restart in 5 minutes.
﻿17:56:15 : RCon admin #0: (Global) The server will auto restart in 5 minutes.
﻿17:56:40 : RCon admin #0: (Global) The server will auto restart in 5 minutes.
﻿17:57:05 : RCon admin #0: (Global) The server will auto restart in 5 minutes.
﻿17:59:00 : RCon admin #0: (Global) The server will auto restart in 60 seconds.
﻿18:00:49 : Rcon client logging in
﻿18:00:49 : RCon admin #0 (127.0.0.1:59102) logged in
﻿18:02:09 : RCon admin #0: (Global) This server auto restarts 4 times per day, 06:00, 12:00, 18:00 and 00:00
﻿18:17:09 : RCon admin #0: (Global) This server auto restarts 4 times per day, 06:00, 12:00, 18:00 and 00:00
﻿18:32:09 : RCon admin #0: (Global) This server auto restarts 4 times per day, 06:00, 12:00, 18:00 and 00:00
﻿18:47:09 : RCon admin #0: (Global) This server auto restarts 4 times per day, 06:00, 12:00, 18:00 and 00:00
﻿19:02:09 : RCon admin #0: (Global) This server auto restarts 4 times per day, 06:00, 12:00, 18:00 and 00:00
﻿19:17:09 : RCon admin #0: (Global) This server auto restarts 4 times per day, 06:00, 12:00, 18:00 and 00:00
﻿19:32:09 : RCon admin #0: (Global) This server auto restarts 4 times per day, 06:00, 12:00, 18:00 and 00:00
﻿19:47:09 : RCon admin #0: (Global) This server auto restarts 4 times per day, 06:00, 12:00, 18:00 and 00:00
﻿20:02:09 : RCon admin #0: (Global) This server auto restarts 4 times per day, 06:00, 12:00, 18:00 and 00:00
﻿20:03:05 : Player #0 [CST]Algodoal (177.191.207.125:2304) connected
﻿20:03:08 : Player #0 [CST]Algodoal - GUID: 1a6d4fe89a61a4c5e5d7a06865b0e245
﻿20:03:08 : Verified GUID (1a6d4fe89a61a4c5e5d7a06865b0e245) of player #0 [CST]Algodoal
﻿20:03:10 : Starting with Arma 3 1.58 all server admins will have to define a dedicated port in BEServer.cfg in order to be able to use BE RCon. Please see https://www.battleye.com/support/documentation/ for details.
﻿20:17:09 : RCon admin #0: (Global) This server auto restarts 4 times per day, 06:00, 12:00, 18:00 and 00:00
﻿20:23:33 : Player #1 Joe Casper (76.102.75.60:2304) connected
﻿20:23:35 : Player #1 Joe Casper disconnected
﻿20:25:41 : Player #0 [CST]Algodoal disconnected
﻿20:32:09 : RCon admin #0: (Global) This server auto restarts 4 times per day, 06:00, 12:00, 18:00 and 00:00
﻿20:47:09 : RCon admin #0: (Global) This server auto restarts 4 times per day, 06:00, 12:00, 18:00 and 00:00
﻿21:02:09 : RCon admin #0: (Global) This server auto restarts 4 times per day, 06:00, 12:00, 18:00 and 00:00
﻿21:13:50 : Player #0 [CST]Fernandes (186.241.9.37:2304) connected
﻿21:13:51 : Player #0 [CST]Fernandes - GUID: d5749be0d0e584866add1e0c4349ae82
﻿21:13:52 : Verified GUID (d5749be0d0e584866add1e0c4349ae82) of player #0 [CST]Fernandes
﻿21:13:54 : Starting with Arma 3 1.58 all server admins will have to define a dedicated port in BEServer.cfg in order to be able to use BE RCon. Please see https://www.battleye.com/support/documentation/ for details.
﻿21:17:09 : RCon admin #0: (Global) This server auto restarts 4 times per day, 06:00, 12:00, 18:00 and 00:00
﻿21:22:05 : Player #0 [CST]Fernandes disconnected
﻿21:32:09 : RCon admin #0: (Global) This server auto restarts 4 times per day, 06:00, 12:00, 18:00 and 00:00
