00:00:52 : Rcon client logging in
﻿00:00:52 : RCon admin #0 (127.0.0.1:53745) logged in
﻿00:02:12 : RCon admin #0: (Global) This server auto restarts 4 times per day, 06:00, 12:00, 18:00 and 00:00
﻿00:17:12 : RCon admin #0: (Global) This server auto restarts 4 times per day, 06:00, 12:00, 18:00 and 00:00
﻿00:32:12 : RCon admin #0: (Global) This server auto restarts 4 times per day, 06:00, 12:00, 18:00 and 00:00
﻿00:47:12 : RCon admin #0: (Global) This server auto restarts 4 times per day, 06:00, 12:00, 18:00 and 00:00
﻿01:02:12 : RCon admin #0: (Global) This server auto restarts 4 times per day, 06:00, 12:00, 18:00 and 00:00
﻿01:17:12 : RCon admin #0: (Global) This server auto restarts 4 times per day, 06:00, 12:00, 18:00 and 00:00
﻿01:32:12 : RCon admin #0: (Global) This server auto restarts 4 times per day, 06:00, 12:00, 18:00 and 00:00
﻿01:47:12 : RCon admin #0: (Global) This server auto restarts 4 times per day, 06:00, 12:00, 18:00 and 00:00
﻿02:02:12 : RCon admin #0: (Global) This server auto restarts 4 times per day, 06:00, 12:00, 18:00 and 00:00
﻿02:17:12 : RCon admin #0: (Global) This server auto restarts 4 times per day, 06:00, 12:00, 18:00 and 00:00
﻿02:32:12 : RCon admin #0: (Global) This server auto restarts 4 times per day, 06:00, 12:00, 18:00 and 00:00
﻿02:47:12 : RCon admin #0: (Global) This server auto restarts 4 times per day, 06:00, 12:00, 18:00 and 00:00
﻿03:02:12 : RCon admin #0: (Global) This server auto restarts 4 times per day, 06:00, 12:00, 18:00 and 00:00
﻿03:17:12 : RCon admin #0: (Global) This server auto restarts 4 times per day, 06:00, 12:00, 18:00 and 00:00
﻿03:32:12 : RCon admin #0: (Global) This server auto restarts 4 times per day, 06:00, 12:00, 18:00 and 00:00
﻿03:47:12 : RCon admin #0: (Global) This server auto restarts 4 times per day, 06:00, 12:00, 18:00 and 00:00
﻿04:02:12 : RCon admin #0: (Global) This server auto restarts 4 times per day, 06:00, 12:00, 18:00 and 00:00
﻿04:17:12 : RCon admin #0: (Global) This server auto restarts 4 times per day, 06:00, 12:00, 18:00 and 00:00
﻿04:32:12 : RCon admin #0: (Global) This server auto restarts 4 times per day, 06:00, 12:00, 18:00 and 00:00
﻿04:47:12 : RCon admin #0: (Global) This server auto restarts 4 times per day, 06:00, 12:00, 18:00 and 00:00
﻿05:02:12 : RCon admin #0: (Global) This server auto restarts 4 times per day, 06:00, 12:00, 18:00 and 00:00
﻿05:17:12 : RCon admin #0: (Global) This server auto restarts 4 times per day, 06:00, 12:00, 18:00 and 00:00
﻿05:32:12 : RCon admin #0: (Global) This server auto restarts 4 times per day, 06:00, 12:00, 18:00 and 00:00
﻿05:47:12 : RCon admin #0: (Global) This server auto restarts 4 times per day, 06:00, 12:00, 18:00 and 00:00
﻿05:50:00 : RCon admin #0: (Global) The server will auto restart in 10 minutes.
﻿05:55:00 : RCon admin #0: (Global) The server will auto restart in 5 minutes.
﻿05:55:25 : RCon admin #0: (Global) The server will auto restart in 5 minutes.
﻿05:55:50 : RCon admin #0: (Global) The server will auto restart in 5 minutes.
﻿05:56:15 : RCon admin #0: (Global) The server will auto restart in 5 minutes.
﻿05:56:40 : RCon admin #0: (Global) The server will auto restart in 5 minutes.
﻿05:57:05 : RCon admin #0: (Global) The server will auto restart in 5 minutes.
﻿05:59:00 : RCon admin #0: (Global) The server will auto restart in 60 seconds.
﻿06:00:51 : Rcon client logging in
﻿06:00:51 : RCon admin #0 (127.0.0.1:54880) logged in
﻿06:02:11 : RCon admin #0: (Global) This server auto restarts 4 times per day, 06:00, 12:00, 18:00 and 00:00
﻿06:17:11 : RCon admin #0: (Global) This server auto restarts 4 times per day, 06:00, 12:00, 18:00 and 00:00
﻿06:32:11 : RCon admin #0: (Global) This server auto restarts 4 times per day, 06:00, 12:00, 18:00 and 00:00
﻿06:47:11 : RCon admin #0: (Global) This server auto restarts 4 times per day, 06:00, 12:00, 18:00 and 00:00
﻿07:02:11 : RCon admin #0: (Global) This server auto restarts 4 times per day, 06:00, 12:00, 18:00 and 00:00
﻿07:17:11 : RCon admin #0: (Global) This server auto restarts 4 times per day, 06:00, 12:00, 18:00 and 00:00
﻿07:32:11 : RCon admin #0: (Global) This server auto restarts 4 times per day, 06:00, 12:00, 18:00 and 00:00
﻿07:47:11 : RCon admin #0: (Global) This server auto restarts 4 times per day, 06:00, 12:00, 18:00 and 00:00
﻿08:02:11 : RCon admin #0: (Global) This server auto restarts 4 times per day, 06:00, 12:00, 18:00 and 00:00
﻿08:17:11 : RCon admin #0: (Global) This server auto restarts 4 times per day, 06:00, 12:00, 18:00 and 00:00
﻿08:32:11 : RCon admin #0: (Global) This server auto restarts 4 times per day, 06:00, 12:00, 18:00 and 00:00
﻿08:47:11 : RCon admin #0: (Global) This server auto restarts 4 times per day, 06:00, 12:00, 18:00 and 00:00
﻿09:02:11 : RCon admin #0: (Global) This server auto restarts 4 times per day, 06:00, 12:00, 18:00 and 00:00
﻿09:17:11 : RCon admin #0: (Global) This server auto restarts 4 times per day, 06:00, 12:00, 18:00 and 00:00
﻿09:32:11 : RCon admin #0: (Global) This server auto restarts 4 times per day, 06:00, 12:00, 18:00 and 00:00
﻿09:47:11 : RCon admin #0: (Global) This server auto restarts 4 times per day, 06:00, 12:00, 18:00 and 00:00
﻿10:02:11 : RCon admin #0: (Global) This server auto restarts 4 times per day, 06:00, 12:00, 18:00 and 00:00
﻿10:08:31 : Player #0 User (84.109.115.91:2304) connected
﻿10:08:33 : Player #0 User - GUID: db40c77eb4a12b27b5f7299db16d8846
﻿10:08:34 : Verified GUID (db40c77eb4a12b27b5f7299db16d8846) of player #0 User
﻿10:08:36 : Starting with Arma 3 1.58 all server admins will have to define a dedicated port in BEServer.cfg in order to be able to use BE RCon. Please see https://www.battleye.com/support/documentation/ for details.
﻿10:08:47 : Player #0 User disconnected
﻿10:17:11 : RCon admin #0: (Global) This server auto restarts 4 times per day, 06:00, 12:00, 18:00 and 00:00
﻿10:32:11 : RCon admin #0: (Global) This server auto restarts 4 times per day, 06:00, 12:00, 18:00 and 00:00
﻿10:47:11 : RCon admin #0: (Global) This server auto restarts 4 times per day, 06:00, 12:00, 18:00 and 00:00
﻿11:02:11 : RCon admin #0: (Global) This server auto restarts 4 times per day, 06:00, 12:00, 18:00 and 00:00
﻿11:17:11 : RCon admin #0: (Global) This server auto restarts 4 times per day, 06:00, 12:00, 18:00 and 00:00
﻿11:32:11 : RCon admin #0: (Global) This server auto restarts 4 times per day, 06:00, 12:00, 18:00 and 00:00
﻿11:47:11 : RCon admin #0: (Global) This server auto restarts 4 times per day, 06:00, 12:00, 18:00 and 00:00
﻿11:50:00 : RCon admin #0: (Global) The server will auto restart in 10 minutes.
﻿11:55:00 : RCon admin #0: (Global) The server will auto restart in 5 minutes.
﻿11:55:25 : RCon admin #0: (Global) The server will auto restart in 5 minutes.
﻿11:55:50 : RCon admin #0: (Global) The server will auto restart in 5 minutes.
﻿11:56:15 : RCon admin #0: (Global) The server will auto restart in 5 minutes.
﻿11:56:40 : RCon admin #0: (Global) The server will auto restart in 5 minutes.
﻿11:57:05 : RCon admin #0: (Global) The server will auto restart in 5 minutes.
﻿11:59:00 : RCon admin #0: (Global) The server will auto restart in 60 seconds.
﻿12:00:51 : Rcon client logging in
﻿12:00:51 : RCon admin #0 (127.0.0.1:57317) logged in
﻿12:02:11 : RCon admin #0: (Global) This server auto restarts 4 times per day, 06:00, 12:00, 18:00 and 00:00
﻿12:17:11 : RCon admin #0: (Global) This server auto restarts 4 times per day, 06:00, 12:00, 18:00 and 00:00
﻿12:32:11 : RCon admin #0: (Global) This server auto restarts 4 times per day, 06:00, 12:00, 18:00 and 00:00
﻿12:47:11 : RCon admin #0: (Global) This server auto restarts 4 times per day, 06:00, 12:00, 18:00 and 00:00
﻿13:02:11 : RCon admin #0: (Global) This server auto restarts 4 times per day, 06:00, 12:00, 18:00 and 00:00
﻿13:17:11 : RCon admin #0: (Global) This server auto restarts 4 times per day, 06:00, 12:00, 18:00 and 00:00
﻿13:32:11 : RCon admin #0: (Global) This server auto restarts 4 times per day, 06:00, 12:00, 18:00 and 00:00
﻿13:47:11 : RCon admin #0: (Global) This server auto restarts 4 times per day, 06:00, 12:00, 18:00 and 00:00
﻿14:02:11 : RCon admin #0: (Global) This server auto restarts 4 times per day, 06:00, 12:00, 18:00 and 00:00
﻿14:17:11 : RCon admin #0: (Global) This server auto restarts 4 times per day, 06:00, 12:00, 18:00 and 00:00
﻿14:32:11 : RCon admin #0: (Global) This server auto restarts 4 times per day, 06:00, 12:00, 18:00 and 00:00
﻿14:38:24 : Player #0 That Guy (69.145.129.73:2304) connected
﻿14:38:25 : Player #0 That Guy - GUID: c0937b53325085f696ea6b3a3184ae91
﻿14:38:26 : Verified GUID (c0937b53325085f696ea6b3a3184ae91) of player #0 That Guy
﻿14:38:29 : Starting with Arma 3 1.58 all server admins will have to define a dedicated port in BEServer.cfg in order to be able to use BE RCon. Please see https://www.battleye.com/support/documentation/ for details.
﻿14:38:31 : Player #0 That Guy disconnected
﻿14:47:11 : RCon admin #0: (Global) This server auto restarts 4 times per day, 06:00, 12:00, 18:00 and 00:00
﻿15:02:11 : RCon admin #0: (Global) This server auto restarts 4 times per day, 06:00, 12:00, 18:00 and 00:00
﻿15:17:11 : RCon admin #0: (Global) This server auto restarts 4 times per day, 06:00, 12:00, 18:00 and 00:00
﻿15:32:11 : RCon admin #0: (Global) This server auto restarts 4 times per day, 06:00, 12:00, 18:00 and 00:00
﻿15:47:11 : RCon admin #0: (Global) This server auto restarts 4 times per day, 06:00, 12:00, 18:00 and 00:00
﻿16:02:11 : RCon admin #0: (Global) This server auto restarts 4 times per day, 06:00, 12:00, 18:00 and 00:00
﻿16:17:11 : RCon admin #0: (Global) This server auto restarts 4 times per day, 06:00, 12:00, 18:00 and 00:00
﻿16:32:11 : RCon admin #0: (Global) This server auto restarts 4 times per day, 06:00, 12:00, 18:00 and 00:00
﻿16:47:11 : RCon admin #0: (Global) This server auto restarts 4 times per day, 06:00, 12:00, 18:00 and 00:00
﻿17:02:11 : RCon admin #0: (Global) This server auto restarts 4 times per day, 06:00, 12:00, 18:00 and 00:00
﻿17:17:11 : RCon admin #0: (Global) This server auto restarts 4 times per day, 06:00, 12:00, 18:00 and 00:00
﻿17:32:11 : RCon admin #0: (Global) This server auto restarts 4 times per day, 06:00, 12:00, 18:00 and 00:00
﻿17:47:11 : RCon admin #0: (Global) This server auto restarts 4 times per day, 06:00, 12:00, 18:00 and 00:00
﻿17:50:00 : RCon admin #0: (Global) The server will auto restart in 10 minutes.
﻿17:51:29 : Player #0 Rémi (70.82.31.160:2304) connected
﻿17:51:31 : Player #0 Rémi - GUID: e61bf28b8b5de61d40c865be729ab7c5
﻿17:51:31 : Verified GUID (e61bf28b8b5de61d40c865be729ab7c5) of player #0 Rémi
﻿17:51:34 : Starting with Arma 3 1.58 all server admins will have to define a dedicated port in BEServer.cfg in order to be able to use BE RCon. Please see https://www.battleye.com/support/documentation/ for details.
﻿17:55:00 : RCon admin #0: (Global) The server will auto restart in 5 minutes.
﻿17:55:25 : RCon admin #0: (Global) The server will auto restart in 5 minutes.
﻿17:55:50 : RCon admin #0: (Global) The server will auto restart in 5 minutes.
﻿17:56:15 : RCon admin #0: (Global) The server will auto restart in 5 minutes.
﻿17:56:40 : RCon admin #0: (Global) The server will auto restart in 5 minutes.
﻿17:57:05 : RCon admin #0: (Global) The server will auto restart in 5 minutes.
﻿17:58:21 : Player #0 Rémi disconnected
﻿17:59:00 : RCon admin #0: (Global) The server will auto restart in 60 seconds.
﻿18:01:20 : Rcon client logging in
﻿18:01:20 : RCon admin #0 (127.0.0.1:56174) logged in
﻿18:02:41 : RCon admin #0: (Global) This server auto restarts 4 times per day, 06:00, 12:00, 18:00 and 00:00
﻿18:17:41 : RCon admin #0: (Global) This server auto restarts 4 times per day, 06:00, 12:00, 18:00 and 00:00
﻿18:32:20 : Player #0 [GHOST] Foca no Jogo (191.191.26.99:2304) connected
﻿18:32:22 : Player #0 [GHOST] Foca no Jogo - GUID: eb62df060220c2b8708d54ad15f28ca5
﻿18:32:22 : Verified GUID (eb62df060220c2b8708d54ad15f28ca5) of player #0 [GHOST] Foca no Jogo
﻿18:32:24 : Starting with Arma 3 1.58 all server admins will have to define a dedicated port in BEServer.cfg in order to be able to use BE RCon. Please see https://www.battleye.com/support/documentation/ for details.
﻿18:32:41 : RCon admin #0: (Global) This server auto restarts 4 times per day, 06:00, 12:00, 18:00 and 00:00
﻿18:47:41 : RCon admin #0: (Global) This server auto restarts 4 times per day, 06:00, 12:00, 18:00 and 00:00
﻿18:49:41 : Player #1 Craig Harisson (189.30.96.19:2304) connected
﻿18:49:43 : Player #1 Craig Harisson - GUID: a65908a29b006c6e59d543f2ada643c3
﻿18:49:44 : Verified GUID (a65908a29b006c6e59d543f2ada643c3) of player #1 Craig Harisson
﻿18:49:49 : Player #1 Craig Harisson disconnected
﻿18:49:53 : Player #1 Ryan Nowak (68.196.121.3:2304) connected
﻿18:49:55 : Player #1 Ryan Nowak - GUID: 1c9c44d5c7788f47f75cf493700ef7dd
﻿18:49:55 : Verified GUID (1c9c44d5c7788f47f75cf493700ef7dd) of player #1 Ryan Nowak
﻿19:02:41 : RCon admin #0: (Global) This server auto restarts 4 times per day, 06:00, 12:00, 18:00 and 00:00
﻿19:08:37 : Player #1 Ryan Nowak disconnected
﻿19:16:25 : Player #1 Rémi (70.82.31.160:2304) connected
﻿19:16:27 : Player #1 Rémi - GUID: e61bf28b8b5de61d40c865be729ab7c5
﻿19:16:27 : Verified GUID (e61bf28b8b5de61d40c865be729ab7c5) of player #1 Rémi
﻿19:17:41 : RCon admin #0: (Global) This server auto restarts 4 times per day, 06:00, 12:00, 18:00 and 00:00
﻿19:24:59 : Player #0 [GHOST] Foca no Jogo disconnected
﻿19:29:53 : Player #1 Rémi disconnected
﻿19:30:17 : Player #0 Ghost Sniper (68.203.91.251:2304) connected
﻿19:30:19 : Player #0 Ghost Sniper - GUID: ebfb9adb8e9d2627cfdf89667408800f
﻿19:30:19 : Verified GUID (ebfb9adb8e9d2627cfdf89667408800f) of player #0 Ghost Sniper
﻿19:32:24 : Starting with Arma 3 1.58 all server admins will have to define a dedicated port in BEServer.cfg in order to be able to use BE RCon. Please see https://www.battleye.com/support/documentation/ for details.
﻿19:32:41 : RCon admin #0: (Global) This server auto restarts 4 times per day, 06:00, 12:00, 18:00 and 00:00
﻿19:37:21 : Player #0 Ghost Sniper disconnected
﻿19:47:41 : RCon admin #0: (Global) This server auto restarts 4 times per day, 06:00, 12:00, 18:00 and 00:00
﻿20:01:17 : Player #0 RangerGuy24 (75.17.113.185:2304) connected
﻿20:01:19 : Player #0 RangerGuy24 - GUID: fdcab8d8b940d07ade5087c78a04416e
﻿20:01:19 : Verified GUID (fdcab8d8b940d07ade5087c78a04416e) of player #0 RangerGuy24
﻿20:02:41 : RCon admin #0: (Global) This server auto restarts 4 times per day, 06:00, 12:00, 18:00 and 00:00
﻿20:09:47 : Player #0 RangerGuy24 disconnected
﻿20:17:41 : RCon admin #0: (Global) This server auto restarts 4 times per day, 06:00, 12:00, 18:00 and 00:00
﻿20:32:41 : RCon admin #0: (Global) This server auto restarts 4 times per day, 06:00, 12:00, 18:00 and 00:00
﻿20:47:41 : RCon admin #0: (Global) This server auto restarts 4 times per day, 06:00, 12:00, 18:00 and 00:00
﻿21:02:41 : RCon admin #0: (Global) This server auto restarts 4 times per day, 06:00, 12:00, 18:00 and 00:00
﻿21:17:41 : RCon admin #0: (Global) This server auto restarts 4 times per day, 06:00, 12:00, 18:00 and 00:00
﻿21:32:41 : RCon admin #0: (Global) This server auto restarts 4 times per day, 06:00, 12:00, 18:00 and 00:00
﻿21:47:41 : RCon admin #0: (Global) This server auto restarts 4 times per day, 06:00, 12:00, 18:00 and 00:00
﻿22:02:41 : RCon admin #0: (Global) This server auto restarts 4 times per day, 06:00, 12:00, 18:00 and 00:00
﻿22:17:41 : RCon admin #0: (Global) This server auto restarts 4 times per day, 06:00, 12:00, 18:00 and 00:00
﻿22:32:41 : RCon admin #0: (Global) This server auto restarts 4 times per day, 06:00, 12:00, 18:00 and 00:00
﻿22:47:41 : RCon admin #0: (Global) This server auto restarts 4 times per day, 06:00, 12:00, 18:00 and 00:00
﻿22:58:31 : Player #0 Atomic Grizzly (222.152.6.173:2304) connected
﻿22:58:36 : Starting with Arma 3 1.58 all server admins will have to define a dedicated port in BEServer.cfg in order to be able to use BE RCon. Please see https://www.battleye.com/support/documentation/ for details.
﻿22:58:36 : Player #0 Atomic Grizzly disconnected
﻿22:59:32 : Player #0 Atomic Grizzly (222.152.6.173:2304) connected
﻿22:59:35 : Player #0 Atomic Grizzly - GUID: 30eefb24da0fe0f43e5dfd211452579e
﻿22:59:35 : Verified GUID (30eefb24da0fe0f43e5dfd211452579e) of player #0 Atomic Grizzly
﻿22:59:39 : Player #1 tsc2001 (101.167.173.122:40079) connected
﻿22:59:40 : Player #2 Jonathan Zemo (203.190.207.2:2304) connected
﻿22:59:41 : Player #1 tsc2001 - GUID: 04265f0d0ecb17425a911f04065b486e
﻿22:59:41 : Verified GUID (04265f0d0ecb17425a911f04065b486e) of player #1 tsc2001
﻿22:59:44 : Player #2 Jonathan Zemo - GUID: baa6f8faaf2bad30e5469da59efc8d91
﻿22:59:44 : Verified GUID (baa6f8faaf2bad30e5469da59efc8d91) of player #2 Jonathan Zemo
﻿23:00:25 : Player #3 Atomic Grizzly (2) (222.152.6.173:2316) connected
﻿23:00:27 : Player #3 Atomic Grizzly (2) disconnected
﻿23:00:43 : Player #3 Solution (124.177.143.216:2754) connected
﻿23:00:49 : Player #3 Solution disconnected
﻿23:00:49 : Player #0 Atomic Grizzly disconnected
﻿23:01:33 : Player #0 Atomic Grizzly (222.152.6.173:2304) connected
﻿23:01:35 : Player #0 Atomic Grizzly - GUID: 30eefb24da0fe0f43e5dfd211452579e
﻿23:01:35 : Verified GUID (30eefb24da0fe0f43e5dfd211452579e) of player #0 Atomic Grizzly
﻿23:01:58 : Player #0 Atomic Grizzly disconnected
﻿23:01:59 : Player #0 Atomic Grizzly (222.152.6.173:2316) connected
﻿23:02:02 : Player #0 Atomic Grizzly - GUID: 30eefb24da0fe0f43e5dfd211452579e
﻿23:02:02 : Verified GUID (30eefb24da0fe0f43e5dfd211452579e) of player #0 Atomic Grizzly
﻿23:02:41 : RCon admin #0: (Global) This server auto restarts 4 times per day, 06:00, 12:00, 18:00 and 00:00
﻿23:03:52 : Player #3 Solution (124.177.143.216:2754) connected
﻿23:03:53 : Player #1 tsc2001 disconnected
﻿23:03:55 : Player #3 Solution - GUID: d0a14e7f755dc7b3b0b4d7c5eeb06e7b
﻿23:03:55 : Verified GUID (d0a14e7f755dc7b3b0b4d7c5eeb06e7b) of player #3 Solution
﻿23:04:25 : Player #1 tsc2001 (101.167.173.122:40079) connected
﻿23:04:27 : Player #1 tsc2001 - GUID: 04265f0d0ecb17425a911f04065b486e
﻿23:04:27 : Verified GUID (04265f0d0ecb17425a911f04065b486e) of player #1 tsc2001
﻿23:05:43 : Player #4 Solution (2) (124.177.143.216:2304) connected
﻿23:05:44 : Player #4 Solution (2) disconnected
﻿23:07:44 : Player #1 tsc2001 disconnected
﻿23:08:48 : Player #1 tsc2001 (101.167.173.122:40079) connected
﻿23:08:50 : Player #1 tsc2001 - GUID: 04265f0d0ecb17425a911f04065b486e
﻿23:08:50 : Verified GUID (04265f0d0ecb17425a911f04065b486e) of player #1 tsc2001
﻿23:08:59 : Player #1 tsc2001 disconnected
﻿23:09:27 : Player #2 Jonathan Zemo disconnected
﻿23:09:49 : Player #0 Atomic Grizzly disconnected
﻿23:09:55 : Player #3 Solution disconnected
﻿23:17:41 : RCon admin #0: (Global) This server auto restarts 4 times per day, 06:00, 12:00, 18:00 and 00:00
﻿23:31:47 : Player #0 Sergeant Gilbert (184.160.63.2:2304) connected
﻿23:31:49 : Player #0 Sergeant Gilbert - GUID: 3c89f76e37cf3891a85a3491b427d697
﻿23:31:50 : Verified GUID (3c89f76e37cf3891a85a3491b427d697) of player #0 Sergeant Gilbert
﻿23:32:17 : Player #0 Sergeant Gilbert disconnected
﻿23:32:41 : RCon admin #0: (Global) This server auto restarts 4 times per day, 06:00, 12:00, 18:00 and 00:00
﻿23:47:41 : RCon admin #0: (Global) This server auto restarts 4 times per day, 06:00, 12:00, 18:00 and 00:00
﻿23:50:00 : RCon admin #0: (Global) The server will auto restart in 10 minutes.
﻿23:55:00 : RCon admin #0: (Global) The server will auto restart in 5 minutes.
﻿23:55:25 : RCon admin #0: (Global) The server will auto restart in 5 minutes.
﻿23:55:50 : RCon admin #0: (Global) The server will auto restart in 5 minutes.
﻿23:56:15 : RCon admin #0: (Global) The server will auto restart in 5 minutes.
﻿23:56:40 : RCon admin #0: (Global) The server will auto restart in 5 minutes.
﻿23:57:05 : RCon admin #0: (Global) The server will auto restart in 5 minutes.
﻿23:59:00 : RCon admin #0: (Global) The server will auto restart in 60 seconds.
