00:00:52 : Rcon client logging in
﻿00:00:52 : RCon admin #0 (127.0.0.1:65485) logged in
﻿00:02:12 : RCon admin #0: (Global) This server auto restarts 4 times per day, 06:00, 12:00, 18:00 and 00:00
﻿00:17:12 : RCon admin #0: (Global) This server auto restarts 4 times per day, 06:00, 12:00, 18:00 and 00:00
﻿00:32:12 : RCon admin #0: (Global) This server auto restarts 4 times per day, 06:00, 12:00, 18:00 and 00:00
﻿00:47:12 : RCon admin #0: (Global) This server auto restarts 4 times per day, 06:00, 12:00, 18:00 and 00:00
﻿01:02:12 : RCon admin #0: (Global) This server auto restarts 4 times per day, 06:00, 12:00, 18:00 and 00:00
﻿01:17:12 : RCon admin #0: (Global) This server auto restarts 4 times per day, 06:00, 12:00, 18:00 and 00:00
﻿01:32:12 : RCon admin #0: (Global) This server auto restarts 4 times per day, 06:00, 12:00, 18:00 and 00:00
﻿01:47:12 : RCon admin #0: (Global) This server auto restarts 4 times per day, 06:00, 12:00, 18:00 and 00:00
﻿02:02:12 : RCon admin #0: (Global) This server auto restarts 4 times per day, 06:00, 12:00, 18:00 and 00:00
﻿02:17:12 : RCon admin #0: (Global) This server auto restarts 4 times per day, 06:00, 12:00, 18:00 and 00:00
﻿02:32:12 : RCon admin #0: (Global) This server auto restarts 4 times per day, 06:00, 12:00, 18:00 and 00:00
﻿02:47:12 : RCon admin #0: (Global) This server auto restarts 4 times per day, 06:00, 12:00, 18:00 and 00:00
﻿03:02:12 : RCon admin #0: (Global) This server auto restarts 4 times per day, 06:00, 12:00, 18:00 and 00:00
﻿03:17:12 : RCon admin #0: (Global) This server auto restarts 4 times per day, 06:00, 12:00, 18:00 and 00:00
﻿03:32:12 : RCon admin #0: (Global) This server auto restarts 4 times per day, 06:00, 12:00, 18:00 and 00:00
﻿03:47:12 : RCon admin #0: (Global) This server auto restarts 4 times per day, 06:00, 12:00, 18:00 and 00:00
﻿04:02:12 : RCon admin #0: (Global) This server auto restarts 4 times per day, 06:00, 12:00, 18:00 and 00:00
﻿04:17:12 : RCon admin #0: (Global) This server auto restarts 4 times per day, 06:00, 12:00, 18:00 and 00:00
﻿04:32:12 : RCon admin #0: (Global) This server auto restarts 4 times per day, 06:00, 12:00, 18:00 and 00:00
﻿04:47:12 : RCon admin #0: (Global) This server auto restarts 4 times per day, 06:00, 12:00, 18:00 and 00:00
﻿05:02:12 : RCon admin #0: (Global) This server auto restarts 4 times per day, 06:00, 12:00, 18:00 and 00:00
﻿05:17:12 : RCon admin #0: (Global) This server auto restarts 4 times per day, 06:00, 12:00, 18:00 and 00:00
﻿05:32:12 : RCon admin #0: (Global) This server auto restarts 4 times per day, 06:00, 12:00, 18:00 and 00:00
﻿05:47:12 : RCon admin #0: (Global) This server auto restarts 4 times per day, 06:00, 12:00, 18:00 and 00:00
﻿05:50:00 : RCon admin #0: (Global) The server will auto restart in 10 minutes.
﻿05:55:00 : RCon admin #0: (Global) The server will auto restart in 5 minutes.
﻿05:55:25 : RCon admin #0: (Global) The server will auto restart in 5 minutes.
﻿05:55:50 : RCon admin #0: (Global) The server will auto restart in 5 minutes.
﻿05:56:15 : RCon admin #0: (Global) The server will auto restart in 5 minutes.
﻿05:56:40 : RCon admin #0: (Global) The server will auto restart in 5 minutes.
﻿05:57:05 : RCon admin #0: (Global) The server will auto restart in 5 minutes.
﻿05:59:00 : RCon admin #0: (Global) The server will auto restart in 60 seconds.
﻿06:00:51 : Rcon client logging in
﻿06:00:51 : RCon admin #0 (127.0.0.1:65227) logged in
﻿06:02:12 : RCon admin #0: (Global) This server auto restarts 4 times per day, 06:00, 12:00, 18:00 and 00:00
﻿06:17:12 : RCon admin #0: (Global) This server auto restarts 4 times per day, 06:00, 12:00, 18:00 and 00:00
﻿06:32:12 : RCon admin #0: (Global) This server auto restarts 4 times per day, 06:00, 12:00, 18:00 and 00:00
﻿06:47:12 : RCon admin #0: (Global) This server auto restarts 4 times per day, 06:00, 12:00, 18:00 and 00:00
﻿07:02:12 : RCon admin #0: (Global) This server auto restarts 4 times per day, 06:00, 12:00, 18:00 and 00:00
﻿07:17:12 : RCon admin #0: (Global) This server auto restarts 4 times per day, 06:00, 12:00, 18:00 and 00:00
﻿07:32:12 : RCon admin #0: (Global) This server auto restarts 4 times per day, 06:00, 12:00, 18:00 and 00:00
﻿07:47:12 : RCon admin #0: (Global) This server auto restarts 4 times per day, 06:00, 12:00, 18:00 and 00:00
﻿08:02:12 : RCon admin #0: (Global) This server auto restarts 4 times per day, 06:00, 12:00, 18:00 and 00:00
﻿08:17:12 : RCon admin #0: (Global) This server auto restarts 4 times per day, 06:00, 12:00, 18:00 and 00:00
﻿08:32:12 : RCon admin #0: (Global) This server auto restarts 4 times per day, 06:00, 12:00, 18:00 and 00:00
﻿08:47:12 : RCon admin #0: (Global) This server auto restarts 4 times per day, 06:00, 12:00, 18:00 and 00:00
﻿09:02:12 : RCon admin #0: (Global) This server auto restarts 4 times per day, 06:00, 12:00, 18:00 and 00:00
﻿09:17:12 : RCon admin #0: (Global) This server auto restarts 4 times per day, 06:00, 12:00, 18:00 and 00:00
﻿09:32:12 : RCon admin #0: (Global) This server auto restarts 4 times per day, 06:00, 12:00, 18:00 and 00:00
﻿09:47:12 : RCon admin #0: (Global) This server auto restarts 4 times per day, 06:00, 12:00, 18:00 and 00:00
﻿10:02:12 : RCon admin #0: (Global) This server auto restarts 4 times per day, 06:00, 12:00, 18:00 and 00:00
﻿10:17:12 : RCon admin #0: (Global) This server auto restarts 4 times per day, 06:00, 12:00, 18:00 and 00:00
﻿10:32:12 : RCon admin #0: (Global) This server auto restarts 4 times per day, 06:00, 12:00, 18:00 and 00:00
﻿10:47:12 : RCon admin #0: (Global) This server auto restarts 4 times per day, 06:00, 12:00, 18:00 and 00:00
﻿11:02:12 : RCon admin #0: (Global) This server auto restarts 4 times per day, 06:00, 12:00, 18:00 and 00:00
﻿11:17:12 : RCon admin #0: (Global) This server auto restarts 4 times per day, 06:00, 12:00, 18:00 and 00:00
﻿11:32:12 : RCon admin #0: (Global) This server auto restarts 4 times per day, 06:00, 12:00, 18:00 and 00:00
﻿11:47:12 : RCon admin #0: (Global) This server auto restarts 4 times per day, 06:00, 12:00, 18:00 and 00:00
﻿11:50:00 : RCon admin #0: (Global) The server will auto restart in 10 minutes.
﻿11:55:00 : RCon admin #0: (Global) The server will auto restart in 5 minutes.
﻿11:55:25 : RCon admin #0: (Global) The server will auto restart in 5 minutes.
﻿11:55:50 : RCon admin #0: (Global) The server will auto restart in 5 minutes.
﻿11:56:15 : RCon admin #0: (Global) The server will auto restart in 5 minutes.
﻿11:56:40 : RCon admin #0: (Global) The server will auto restart in 5 minutes.
﻿11:57:05 : RCon admin #0: (Global) The server will auto restart in 5 minutes.
﻿11:59:00 : RCon admin #0: (Global) The server will auto restart in 60 seconds.
﻿12:00:49 : Rcon client logging in
﻿12:00:49 : RCon admin #0 (127.0.0.1:64203) logged in
﻿12:02:10 : RCon admin #0: (Global) This server auto restarts 4 times per day, 06:00, 12:00, 18:00 and 00:00
﻿12:17:10 : RCon admin #0: (Global) This server auto restarts 4 times per day, 06:00, 12:00, 18:00 and 00:00
﻿12:32:10 : RCon admin #0: (Global) This server auto restarts 4 times per day, 06:00, 12:00, 18:00 and 00:00
﻿12:47:10 : RCon admin #0: (Global) This server auto restarts 4 times per day, 06:00, 12:00, 18:00 and 00:00
﻿13:02:10 : RCon admin #0: (Global) This server auto restarts 4 times per day, 06:00, 12:00, 18:00 and 00:00
﻿13:17:10 : RCon admin #0: (Global) This server auto restarts 4 times per day, 06:00, 12:00, 18:00 and 00:00
﻿13:32:10 : RCon admin #0: (Global) This server auto restarts 4 times per day, 06:00, 12:00, 18:00 and 00:00
﻿13:47:10 : RCon admin #0: (Global) This server auto restarts 4 times per day, 06:00, 12:00, 18:00 and 00:00
﻿14:02:10 : RCon admin #0: (Global) This server auto restarts 4 times per day, 06:00, 12:00, 18:00 and 00:00
﻿14:17:10 : RCon admin #0: (Global) This server auto restarts 4 times per day, 06:00, 12:00, 18:00 and 00:00
﻿14:32:10 : RCon admin #0: (Global) This server auto restarts 4 times per day, 06:00, 12:00, 18:00 and 00:00
﻿14:47:10 : RCon admin #0: (Global) This server auto restarts 4 times per day, 06:00, 12:00, 18:00 and 00:00
﻿15:02:10 : RCon admin #0: (Global) This server auto restarts 4 times per day, 06:00, 12:00, 18:00 and 00:00
﻿15:17:10 : RCon admin #0: (Global) This server auto restarts 4 times per day, 06:00, 12:00, 18:00 and 00:00
﻿15:32:10 : RCon admin #0: (Global) This server auto restarts 4 times per day, 06:00, 12:00, 18:00 and 00:00
﻿15:47:10 : RCon admin #0: (Global) This server auto restarts 4 times per day, 06:00, 12:00, 18:00 and 00:00
﻿16:02:10 : RCon admin #0: (Global) This server auto restarts 4 times per day, 06:00, 12:00, 18:00 and 00:00
﻿16:17:10 : RCon admin #0: (Global) This server auto restarts 4 times per day, 06:00, 12:00, 18:00 and 00:00
﻿16:32:10 : RCon admin #0: (Global) This server auto restarts 4 times per day, 06:00, 12:00, 18:00 and 00:00
﻿16:35:23 : Player #0 [ViruZ]Slv_ (131.72.172.195:2304) connected
﻿16:35:25 : Player #0 [ViruZ]Slv_ - GUID: 8a1ca575a823965e0a36d3b79b47a893
﻿16:35:26 : Verified GUID (8a1ca575a823965e0a36d3b79b47a893) of player #0 [ViruZ]Slv_
﻿16:35:28 : Starting with Arma 3 1.58 all server admins will have to define a dedicated port in BEServer.cfg in order to be able to use BE RCon. Please see https://www.battleye.com/support/documentation/ for details.
﻿16:47:10 : RCon admin #0: (Global) This server auto restarts 4 times per day, 06:00, 12:00, 18:00 and 00:00
﻿17:02:10 : RCon admin #0: (Global) This server auto restarts 4 times per day, 06:00, 12:00, 18:00 and 00:00
﻿17:17:10 : RCon admin #0: (Global) This server auto restarts 4 times per day, 06:00, 12:00, 18:00 and 00:00
﻿17:30:03 : Player #1 ABAT - Banjo (191.249.143.224:2304) connected
﻿17:30:05 : Player #1 ABAT - Banjo - GUID: a8e1bc809aee5a17c2cff2081050cfa4
﻿17:30:06 : Verified GUID (a8e1bc809aee5a17c2cff2081050cfa4) of player #1 ABAT - Banjo
﻿17:32:10 : RCon admin #0: (Global) This server auto restarts 4 times per day, 06:00, 12:00, 18:00 and 00:00
﻿17:35:28 : Starting with Arma 3 1.58 all server admins will have to define a dedicated port in BEServer.cfg in order to be able to use BE RCon. Please see https://www.battleye.com/support/documentation/ for details.
﻿17:47:10 : RCon admin #0: (Global) This server auto restarts 4 times per day, 06:00, 12:00, 18:00 and 00:00
﻿17:50:00 : RCon admin #0: (Global) The server will auto restart in 10 minutes.
﻿17:51:44 : Player #1 ABAT - Banjo disconnected
﻿17:55:00 : RCon admin #0: (Global) The server will auto restart in 5 minutes.
﻿17:55:25 : RCon admin #0: (Global) The server will auto restart in 5 minutes.
﻿17:55:50 : RCon admin #0: (Global) The server will auto restart in 5 minutes.
﻿17:56:15 : RCon admin #0: (Global) The server will auto restart in 5 minutes.
﻿17:56:40 : RCon admin #0: (Global) The server will auto restart in 5 minutes.
﻿17:57:05 : RCon admin #0: (Global) The server will auto restart in 5 minutes.
﻿17:59:00 : RCon admin #0: (Global) The server will auto restart in 60 seconds.
﻿18:00:49 : Rcon client logging in
﻿18:00:49 : RCon admin #0 (127.0.0.1:64858) logged in
﻿18:02:09 : RCon admin #0: (Global) This server auto restarts 4 times per day, 06:00, 12:00, 18:00 and 00:00
﻿18:13:23 : Player #0 [ViruZ]Slv_ (131.72.172.195:2304) connected
﻿18:13:25 : Player #0 [ViruZ]Slv_ - GUID: 8a1ca575a823965e0a36d3b79b47a893
﻿18:13:25 : Verified GUID (8a1ca575a823965e0a36d3b79b47a893) of player #0 [ViruZ]Slv_
﻿18:13:28 : Starting with Arma 3 1.58 all server admins will have to define a dedicated port in BEServer.cfg in order to be able to use BE RCon. Please see https://www.battleye.com/support/documentation/ for details.
﻿18:13:54 : Player #1 [mB]_MaLaRe. (177.94.21.6:2304) connected
﻿18:13:56 : Player #1 [mB]_MaLaRe. - GUID: 9a9f0fbdabb3cdce9991f4baee5e173d
﻿18:14:04 : Verified GUID (9a9f0fbdabb3cdce9991f4baee5e173d) of player #1 [mB]_MaLaRe.
﻿18:16:31 : Player #2 [HTS] Alasteir-s2 (177.13.42.6:57238) connected
﻿18:16:34 : Player #2 [HTS] Alasteir-s2 - GUID: 1278935bca81b7515c56e49e78782573
﻿18:16:35 : Verified GUID (1278935bca81b7515c56e49e78782573) of player #2 [HTS] Alasteir-s2
﻿18:17:01 : Player #2 [HTS] Alasteir-s2 disconnected
﻿18:17:09 : RCon admin #0: (Global) This server auto restarts 4 times per day, 06:00, 12:00, 18:00 and 00:00
﻿18:17:16 : Player #2 [HTS] Alasteir-s2 (177.13.42.6:57238) connected
﻿18:17:18 : Player #2 [HTS] Alasteir-s2 - GUID: 1278935bca81b7515c56e49e78782573
﻿18:17:19 : Player #3 [CST]Algodoal (177.191.207.125:2304) connected
﻿18:17:19 : Verified GUID (1278935bca81b7515c56e49e78782573) of player #2 [HTS] Alasteir-s2
﻿18:17:22 : Player #3 [CST]Algodoal - GUID: 1a6d4fe89a61a4c5e5d7a06865b0e245
﻿18:17:22 : Verified GUID (1a6d4fe89a61a4c5e5d7a06865b0e245) of player #3 [CST]Algodoal
﻿18:22:51 : RCon admin #0: (To [HTS] Alasteir-s2) Do not use Global chat. Warnings left:4
﻿18:22:59 : RCon admin #0: (To [HTS] Alasteir-s2) Do not use Global chat. Warnings left:3
﻿18:23:02 : RCon admin #0: (To [HTS] Alasteir-s2) Do not use Global chat. Warnings left:2
﻿18:23:12 : RCon admin #0: (To [HTS] Alasteir-s2) Do not use Global chat. Warnings left:1
﻿18:23:18 : RCon admin #0: (To [CST]Algodoal) Do not use Group chat. Warnings left:8
﻿18:23:28 : RCon admin #0: (To [mB]_MaLaRe.) Do not use Global chat. Warnings left:4
﻿18:23:29 : RCon admin #0: (To [CST]Algodoal) Do not use Global chat. Warnings left:4
﻿18:23:38 : RCon admin #0: (To [HTS] Alasteir-s2) Do not use Global chat. No Warnings left, Next Global message will result in kick
﻿18:23:40 : Player #2 [HTS] Alasteir-s2 (1278935bca81b7515c56e49e78782573) has been kicked by BattlEye: Admin Kick (BEC : Violation of global chat restriction)
﻿18:23:45 : RCon admin #0: (To [mB]_MaLaRe.) Do not use Global chat. Warnings left:3
﻿18:24:03 : Player #2 [HTS] Alasteir-s2 (177.13.42.6:57238) connected
﻿18:24:04 : Player #2 [HTS] Alasteir-s2 - GUID: 1278935bca81b7515c56e49e78782573
﻿18:24:06 : Verified GUID (1278935bca81b7515c56e49e78782573) of player #2 [HTS] Alasteir-s2
﻿18:25:44 : RCon admin #0: (To [mB]_MaLaRe.) Do not use Global chat. Warnings left:2
﻿18:25:56 : RCon admin #0: (To [ViruZ]Slv_) Do not use Group chat. Warnings left:8
﻿18:25:59 : RCon admin #0: (To [HTS] Alasteir-s2) Do not use Side chat. Warnings left:6
﻿18:26:06 : RCon admin #0: (To [ViruZ]Slv_) Do not use Side chat. Warnings left:6
﻿18:26:15 : RCon admin #0: (To [ViruZ]Slv_) Do not use Side chat. Warnings left:5
﻿18:26:31 : RCon admin #0: (To [HTS] Alasteir-s2) Do not use Side chat. Warnings left:5
﻿18:26:37 : RCon admin #0: (To [ViruZ]Slv_) Do not use Side chat. Warnings left:4
﻿18:28:34 : Player #3 [CST]Algodoal disconnected
﻿18:30:03 : RCon admin #0: (To [mB]_MaLaRe.) Only use Ascii on chat. Warnings left:2
﻿18:30:03 : RCon admin #0: (To [mB]_MaLaRe.) Do not use Global chat. Warnings left:1
﻿18:30:14 : RCon admin #0: (To [ViruZ]Slv_) Do not use Side chat. Warnings left:3
﻿18:32:09 : RCon admin #0: (Global) This server auto restarts 4 times per day, 06:00, 12:00, 18:00 and 00:00
﻿18:33:25 : RCon admin #0: (To [HTS] Alasteir-s2) Do not use Side chat. Warnings left:4
﻿18:33:53 : RCon admin #0: (To [ViruZ]Slv_) Do not use Side chat. Warnings left:2
﻿18:34:37 : Player #3 ABAT - Banjo (191.249.143.224:2304) connected
﻿18:34:39 : Player #3 ABAT - Banjo - GUID: a8e1bc809aee5a17c2cff2081050cfa4
﻿18:34:39 : Verified GUID (a8e1bc809aee5a17c2cff2081050cfa4) of player #3 ABAT - Banjo
﻿18:35:20 : Player #3 ABAT - Banjo disconnected
﻿18:36:16 : Player #3 Banjo (191.249.143.224:2304) connected
﻿18:36:18 : Player #3 Banjo - GUID: a8e1bc809aee5a17c2cff2081050cfa4
﻿18:36:19 : Verified GUID (a8e1bc809aee5a17c2cff2081050cfa4) of player #3 Banjo
﻿18:39:07 : Player #1 [mB]_MaLaRe. disconnected
﻿18:39:11 : Player #1 [CST]Algodoal (177.191.207.125:2304) connected
﻿18:39:13 : Player #1 [CST]Algodoal - GUID: 1a6d4fe89a61a4c5e5d7a06865b0e245
﻿18:39:14 : Verified GUID (1a6d4fe89a61a4c5e5d7a06865b0e245) of player #1 [CST]Algodoal
﻿18:40:18 : Player #4 Jheimison (179.255.149.14:2304) connected
﻿18:40:21 : Player #4 Jheimison - GUID: 15c49e6a9b856fd4b121cfe0f6c19330
﻿18:40:22 : Verified GUID (15c49e6a9b856fd4b121cfe0f6c19330) of player #4 Jheimison
﻿18:47:09 : RCon admin #0: (Global) This server auto restarts 4 times per day, 06:00, 12:00, 18:00 and 00:00
﻿18:50:57 : RCon admin #0: (To [HTS] Alasteir-s2) Do not use Side chat. Warnings left:3
﻿18:51:01 : RCon admin #0: (To [HTS] Alasteir-s2) Do not use Side chat. Warnings left:2
﻿18:51:07 : RCon admin #0: (To [ViruZ]Slv_) Do not use Side chat. Warnings left:1
﻿18:51:23 : RCon admin #0: (To Banjo) Do not use Global chat. Warnings left:4
﻿18:51:27 : RCon admin #0: (To [ViruZ]Slv_) Do not use Side chat. No Warnings left, Next Side message will result in kick
﻿18:51:41 : RCon admin #0: (To [HTS] Alasteir-s2) Do not use Side chat. Warnings left:1
﻿18:53:48 : Player #5 PC Gamer (179.199.192.133:2304) connected
﻿18:53:50 : Player #5 PC Gamer - GUID: 9eb24f8bf200b8703f2b3adbf87b9622
﻿18:53:51 : Verified GUID (9eb24f8bf200b8703f2b3adbf87b9622) of player #5 PC Gamer
﻿18:54:17 : Player #5 PC Gamer disconnected
﻿18:54:27 : Player #5 CLIENTE (186.221.148.241:26764) connected
﻿18:54:29 : Player #5 CLIENTE - GUID: 0d392c9c8413590097b7ea04ef797a36
﻿18:54:29 : Verified GUID (0d392c9c8413590097b7ea04ef797a36) of player #5 CLIENTE
﻿18:58:13 : Player #6 DiegoRJ (179.199.192.133:2304) connected
﻿18:58:15 : Player #6 DiegoRJ - GUID: 9eb24f8bf200b8703f2b3adbf87b9622
﻿18:58:15 : Verified GUID (9eb24f8bf200b8703f2b3adbf87b9622) of player #6 DiegoRJ
﻿18:58:39 : RCon admin #0: (To CLIENTE) Do not use Global chat. Warnings left:4
﻿18:58:55 : RCon admin #0: (To Banjo) Do not use Global chat. Warnings left:3
﻿18:59:00 : Player #1 [CST]Algodoal disconnected
﻿19:01:21 : RCon admin #0: (To CLIENTE) Only use Ascii on chat. Warnings left:2
﻿19:01:21 : RCon admin #0: (To CLIENTE) Do not use Global chat. Warnings left:3
﻿19:01:56 : RCon admin #0: (To Banjo) Do not use Global chat. Warnings left:2
﻿19:02:08 : RCon admin #0: (To CLIENTE) Do not use Global chat. Warnings left:2
﻿19:02:09 : RCon admin #0: (To DiegoRJ) Do not use Global chat. Warnings left:4
﻿19:02:09 : RCon admin #0: (Global) This server auto restarts 4 times per day, 06:00, 12:00, 18:00 and 00:00
﻿19:02:23 : RCon admin #0: (To CLIENTE) Do not use Global chat. Warnings left:1
﻿19:02:32 : RCon admin #0: (To DiegoRJ) Do not use Global chat. Warnings left:3
﻿19:02:44 : RCon admin #0: (To CLIENTE) Do not use Global chat. No Warnings left, Next Global message will result in kick
﻿19:02:48 : RCon admin #0: (To Banjo) Only use Ascii on chat. Warnings left:2
﻿19:02:48 : RCon admin #0: (To Banjo) Do not use Side chat. Warnings left:6
﻿19:02:49 : RCon admin #0: (To DiegoRJ) Do not use Global chat. Warnings left:2
﻿19:02:59 : Player #0 [ViruZ]Slv_ (8a1ca575a823965e0a36d3b79b47a893) has been kicked by BattlEye: Admin Kick (BEC : Violation of side chat restriction)
﻿19:03:03 : Player #5 CLIENTE (0d392c9c8413590097b7ea04ef797a36) has been kicked by BattlEye: Admin Kick (BEC : Violation of global chat restriction)
﻿19:03:14 : Player #0 CLIENTE (186.221.148.241:26764) connected
﻿19:03:16 : Player #0 CLIENTE - GUID: 0d392c9c8413590097b7ea04ef797a36
﻿19:03:16 : Verified GUID (0d392c9c8413590097b7ea04ef797a36) of player #0 CLIENTE
﻿19:03:27 : RCon admin #0: (To Banjo) Do not use Side chat. Warnings left:5
﻿19:03:36 : RCon admin #0: (To DiegoRJ) Do not use Global chat. Warnings left:1
﻿19:03:58 : RCon admin #0: (To CLIENTE) Do not use Group chat. Warnings left:8
﻿19:04:32 : RCon admin #0: (To DiegoRJ) Do not use Group chat. Warnings left:8
﻿19:04:46 : Player #2 [HTS] Alasteir-s2 disconnected
﻿19:05:09 : RCon admin #0: (To CLIENTE) Do not use Group chat. Warnings left:7
﻿19:05:40 : RCon admin #0: (To CLIENTE) Do not use Group chat. Warnings left:6
﻿19:06:07 : RCon admin #0: (To CLIENTE) Do not use Group chat. Warnings left:5
﻿19:06:15 : RCon admin #0: (To DiegoRJ) Do not use Group chat. Warnings left:7
﻿19:06:20 : RCon admin #0: (To CLIENTE) Do not use Group chat. Warnings left:4
﻿19:06:36 : Player #1 [HTS] Alasteir-s2 (177.13.42.6:57238) connected
﻿19:06:38 : Player #1 [HTS] Alasteir-s2 - GUID: 1278935bca81b7515c56e49e78782573
﻿19:06:39 : Verified GUID (1278935bca81b7515c56e49e78782573) of player #1 [HTS] Alasteir-s2
﻿19:06:53 : RCon admin #0: (To DiegoRJ) Do not use Group chat. Warnings left:6
﻿19:07:00 : RCon admin #0: (To DiegoRJ) Only use Ascii on chat. Warnings left:2
﻿19:07:00 : RCon admin #0: (To DiegoRJ) Do not use Group chat. Warnings left:5
﻿19:07:05 : RCon admin #0: (To CLIENTE) Do not use Group chat. Warnings left:3
﻿19:07:08 : Player #2 iProzinhoRJ (187.15.162.183:2304) connected
﻿19:07:10 : Player #2 iProzinhoRJ - GUID: df284062e16b856e9d1b769fd613f1c7
﻿19:07:10 : Verified GUID (df284062e16b856e9d1b769fd613f1c7) of player #2 iProzinhoRJ
﻿19:07:28 : RCon admin #0: (To DiegoRJ) Do not use Group chat. Warnings left:4
﻿19:07:34 : Player #5 J.Lucas (186.228.120.92:2304) connected
﻿19:07:36 : Player #5 J.Lucas - GUID: 6e8246e3ca19e5b046fb8a24cc1f4871
﻿19:07:36 : Verified GUID (6e8246e3ca19e5b046fb8a24cc1f4871) of player #5 J.Lucas
﻿19:08:03 : RCon admin #0: (To CLIENTE) Do not use Group chat. Warnings left:2
﻿19:09:01 : Player #7 sobreviventerbr (187.15.188.238:2304) connected
﻿19:09:03 : Player #7 sobreviventerbr - GUID: 082fc56c4a7689d00418f9dedc1387dc
﻿19:09:03 : Verified GUID (082fc56c4a7689d00418f9dedc1387dc) of player #7 sobreviventerbr
﻿19:09:42 : RCon admin #0: (To DiegoRJ) Do not use Group chat. Warnings left:3
﻿19:09:57 : RCon admin #0: (To CLIENTE) Do not use Group chat. Warnings left:1
﻿19:10:27 : Player #8 [CST]TangoDown (187.127.132.123:2304) connected
﻿19:10:32 : Player #8 [CST]TangoDown - GUID: 6f8b5e99741f23cf28ac2eafe8555195
﻿19:10:32 : Verified GUID (6f8b5e99741f23cf28ac2eafe8555195) of player #8 [CST]TangoDown
﻿19:13:24 : RCon admin #0: (To DiegoRJ) Do not use Group chat. Warnings left:2
﻿19:13:28 : Starting with Arma 3 1.58 all server admins will have to define a dedicated port in BEServer.cfg in order to be able to use BE RCon. Please see https://www.battleye.com/support/documentation/ for details.
﻿19:13:32 : RCon admin #0: (To DiegoRJ) Do not use Group chat. Warnings left:1
﻿19:13:55 : Player #9 [ViruZ]Slv_ (131.72.172.195:2304) connected
﻿19:13:57 : Player #9 [ViruZ]Slv_ - GUID: 8a1ca575a823965e0a36d3b79b47a893
﻿19:13:57 : Verified GUID (8a1ca575a823965e0a36d3b79b47a893) of player #9 [ViruZ]Slv_
﻿19:15:17 : RCon admin #0: (To DiegoRJ) Do not use Group chat. No Warnings left, Next Group message will result in kick
﻿19:15:19 : Player #9 [ViruZ]Slv_ disconnected
﻿19:15:21 : Player #6 DiegoRJ (9eb24f8bf200b8703f2b3adbf87b9622) has been kicked by BattlEye: Admin Kick (BEC : Violation of group chat restriction)
﻿19:15:31 : Player #6 [ViruZ]Slv_ (131.72.172.195:2304) connected
﻿19:15:32 : Player #9 DiegoRJ (179.199.192.133:2304) connected
﻿19:15:33 : Player #6 [ViruZ]Slv_ - GUID: 8a1ca575a823965e0a36d3b79b47a893
﻿19:15:34 : Verified GUID (8a1ca575a823965e0a36d3b79b47a893) of player #6 [ViruZ]Slv_
﻿19:15:34 : Player #9 DiegoRJ - GUID: 9eb24f8bf200b8703f2b3adbf87b9622
﻿19:15:34 : Verified GUID (9eb24f8bf200b8703f2b3adbf87b9622) of player #9 DiegoRJ
﻿19:15:43 : Player #9 DiegoRJ disconnected
﻿19:16:13 : Player #9 DiegoRJ (179.199.192.133:2304) connected
﻿19:16:14 : Player #9 DiegoRJ - GUID: 9eb24f8bf200b8703f2b3adbf87b9622
﻿19:16:15 : Verified GUID (9eb24f8bf200b8703f2b3adbf87b9622) of player #9 DiegoRJ
﻿19:17:09 : RCon admin #0: (Global) This server auto restarts 4 times per day, 06:00, 12:00, 18:00 and 00:00
﻿19:17:39 : RCon admin #0: (To DiegoRJ) Do not use Global chat. Warnings left:4
﻿19:18:11 : RCon admin #0: (To CLIENTE) Do not use Global chat. Warnings left:4
﻿19:19:18 : RCon admin #0: (To CLIENTE) Do not use Global chat. Warnings left:3
﻿19:20:06 : RCon admin #0: (To DiegoRJ) Do not use Group chat. Warnings left:8
﻿19:21:59 : Player #10 [SEAL] Rodrigues (201.149.97.54:2304) connected
﻿19:22:01 : Player #10 [SEAL] Rodrigues - GUID: fbdc0991e770e20b169894863ece6b2f
﻿19:22:04 : Verified GUID (fbdc0991e770e20b169894863ece6b2f) of player #10 [SEAL] Rodrigues
﻿19:22:41 : RCon admin #0: (To DiegoRJ) Do not use Group chat. Warnings left:7
﻿19:24:14 : Player #3 Banjo disconnected
﻿19:24:52 : Player #3 [CST]Algodoal (177.191.207.125:2304) connected
﻿19:24:53 : RCon admin #0: (To DiegoRJ) Do not use Group chat. Warnings left:6
﻿19:24:54 : Player #3 [CST]Algodoal - GUID: 1a6d4fe89a61a4c5e5d7a06865b0e245
﻿19:24:55 : Verified GUID (1a6d4fe89a61a4c5e5d7a06865b0e245) of player #3 [CST]Algodoal
﻿19:27:03 : RCon admin #0: (To DiegoRJ) Do not use Group chat. Warnings left:5
﻿19:27:21 : RCon admin #0: (To iProzinhoRJ) Do not use Group chat. Warnings left:8
﻿19:28:47 : RCon admin #0: (To DiegoRJ) Do not use Group chat. Warnings left:4
﻿19:32:09 : RCon admin #0: (Global) This server auto restarts 4 times per day, 06:00, 12:00, 18:00 and 00:00
﻿19:33:20 : Player #5 J.Lucas disconnected
﻿19:34:23 : Player #5 Galaxy (104.186.63.18:2304) connected
﻿19:34:25 : Player #5 Galaxy - GUID: 5efe60412fe01959e2851c4910efcdda
﻿19:34:25 : Verified GUID (5efe60412fe01959e2851c4910efcdda) of player #5 Galaxy
﻿19:36:29 : Player #11 [GHOST] PH_Ganiza (179.180.161.84:2304) connected
﻿19:36:31 : Player #11 [GHOST] PH_Ganiza - GUID: bcc106fdab45dd3ec16d258c3f1af31d
﻿19:36:31 : Verified GUID (bcc106fdab45dd3ec16d258c3f1af31d) of player #11 [GHOST] PH_Ganiza
﻿19:36:37 : Player #12 Adolph McTitler (24.57.211.32:2304) connected
﻿19:36:40 : Player #12 Adolph McTitler - GUID: 375af2bb96a0fb1df87020b3c0eec5ef
﻿19:36:40 : Verified GUID (375af2bb96a0fb1df87020b3c0eec5ef) of player #12 Adolph McTitler
﻿19:40:04 : Player #13 [GHOST] Foca no Jogo (191.191.26.99:2304) connected
﻿19:40:06 : Player #13 [GHOST] Foca no Jogo - GUID: eb62df060220c2b8708d54ad15f28ca5
﻿19:40:07 : Verified GUID (eb62df060220c2b8708d54ad15f28ca5) of player #13 [GHOST] Foca no Jogo
﻿19:41:44 : Player #5 Galaxy disconnected
﻿19:41:56 : Player #5 Henry (70.177.149.120:2304) connected
﻿19:41:57 : Player #5 Henry - GUID: 45a83fd506abbab2d8c6852bdf20d8bf
﻿19:41:57 : Verified GUID (45a83fd506abbab2d8c6852bdf20d8bf) of player #5 Henry
﻿19:43:23 : Player #14 [4SQUAD] Wendel (201.158.20.66:2304) connected
﻿19:43:26 : Player #14 [4SQUAD] Wendel - GUID: 479ad4576cbd95874eea2cd252e6cc8d
﻿19:43:27 : Verified GUID (479ad4576cbd95874eea2cd252e6cc8d) of player #14 [4SQUAD] Wendel
﻿19:44:43 : Player #10 [SEAL] Rodrigues disconnected
﻿19:44:48 : Player #10 Galaxy (104.186.63.18:2304) connected
﻿19:44:50 : Player #10 Galaxy - GUID: 5efe60412fe01959e2851c4910efcdda
﻿19:44:50 : Verified GUID (5efe60412fe01959e2851c4910efcdda) of player #10 Galaxy
﻿19:45:30 : Player #5 Henry disconnected
﻿19:45:33 : Player #10 Galaxy disconnected
﻿19:47:09 : RCon admin #0: (Global) This server auto restarts 4 times per day, 06:00, 12:00, 18:00 and 00:00
﻿19:47:43 : Player #12 Adolph McTitler disconnected
﻿19:48:09 : RCon admin #0: (To iProzinhoRJ) Do not use Group chat. Warnings left:7
﻿19:48:52 : RCon admin #0: (To DiegoRJ) Do not use Group chat. Warnings left:3
﻿19:49:15 : RCon admin #0: (To iProzinhoRJ) Do not use Group chat. Warnings left:6
﻿19:49:24 : Player #5 [GHOST]Nesquiki (191.190.127.105:2304) connected
﻿19:49:27 : Player #5 [GHOST]Nesquiki - GUID: 1bb3715038d59f2524c23a4eda5ad795
﻿19:49:27 : Verified GUID (1bb3715038d59f2524c23a4eda5ad795) of player #5 [GHOST]Nesquiki
﻿19:51:59 : Player #1 [HTS] Alasteir-s2 disconnected
﻿19:51:59 : Player #10 [HTS] Alasteir-s2 (177.13.42.6:57238) connected
﻿19:52:06 : Player #10 [HTS] Alasteir-s2 disconnected
﻿19:52:10 : Player #1 [HTS] Alasteir-s2 (177.13.42.6:57238) connected
﻿19:52:12 : Player #1 [HTS] Alasteir-s2 - GUID: 1278935bca81b7515c56e49e78782573
﻿19:52:14 : Verified GUID (1278935bca81b7515c56e49e78782573) of player #1 [HTS] Alasteir-s2
﻿19:54:09 : RCon admin #0: (To DiegoRJ) Do not use Group chat. Warnings left:2
﻿19:54:28 : RCon admin #0: (To iProzinhoRJ) Do not use Group chat. Warnings left:5
﻿19:54:40 : RCon admin #0: (To DiegoRJ) Do not use Group chat. Warnings left:1
﻿19:56:09 : Player #10 [GHOST] Thomas (179.55.98.201:2304) connected
﻿19:56:11 : Player #10 [GHOST] Thomas - GUID: 054e71e1cbbe2adf3d136a782b93011b
﻿19:56:11 : Verified GUID (054e71e1cbbe2adf3d136a782b93011b) of player #10 [GHOST] Thomas
﻿19:57:15 : Player #12 Adam (24.253.134.212:2304) connected
﻿19:57:17 : Player #12 Adam - GUID: a0768221ad8163981d99d91124227b0e
﻿19:57:18 : Verified GUID (a0768221ad8163981d99d91124227b0e) of player #12 Adam
﻿19:58:26 : Player #11 [GHOST] PH_Ganiza disconnected
﻿19:58:39 : Player #14 [4SQUAD] Wendel disconnected
﻿19:59:05 : Player #11 Potato (67.171.125.231:2304) connected
﻿19:59:06 : Player #11 Potato disconnected
﻿19:59:49 : Player #7 sobreviventerbr disconnected
﻿19:59:50 : RCon admin #0: (To [HTS] Alasteir-s2) Only use Ascii on chat. Warnings left:2
﻿19:59:50 : RCon admin #0: (To [HTS] Alasteir-s2) Do not use Global chat. Warnings left:4
﻿20:00:26 : Player #7 J.Lucas (186.228.120.92:2304) connected
﻿20:00:29 : Player #7 J.Lucas - GUID: 6e8246e3ca19e5b046fb8a24cc1f4871
﻿20:00:29 : Verified GUID (6e8246e3ca19e5b046fb8a24cc1f4871) of player #7 J.Lucas
﻿20:01:55 : Player #11 [GHOST] PH_Ganiza (179.180.161.84:2304) connected
﻿20:01:57 : Player #11 [GHOST] PH_Ganiza - GUID: bcc106fdab45dd3ec16d258c3f1af31d
﻿20:01:58 : Verified GUID (bcc106fdab45dd3ec16d258c3f1af31d) of player #11 [GHOST] PH_Ganiza
﻿20:02:09 : RCon admin #0: (Global) This server auto restarts 4 times per day, 06:00, 12:00, 18:00 and 00:00
﻿20:03:36 : Player #12 Adam disconnected
﻿20:03:47 : Player #12 [mB]_MaLaRe. (177.94.21.6:2304) connected
﻿20:03:49 : Player #12 [mB]_MaLaRe. - GUID: 9a9f0fbdabb3cdce9991f4baee5e173d
﻿20:03:52 : Verified GUID (9a9f0fbdabb3cdce9991f4baee5e173d) of player #12 [mB]_MaLaRe.
﻿20:05:19 : Player #14 Hex (187.114.207.35:50812) connected
﻿20:05:21 : Player #14 Hex - GUID: bd3571130928d9229e20c968338cf92c
﻿20:05:22 : Verified GUID (bd3571130928d9229e20c968338cf92c) of player #14 Hex
﻿20:12:43 : RCon admin #0: (To [HTS] Alasteir-s2) Do not use Global chat. Warnings left:3
﻿20:12:47 : RCon admin #0: (To [HTS] Alasteir-s2) Do not use Global chat. Warnings left:2
﻿20:13:28 : Starting with Arma 3 1.58 all server admins will have to define a dedicated port in BEServer.cfg in order to be able to use BE RCon. Please see https://www.battleye.com/support/documentation/ for details.
﻿20:13:38 : Player #4 Jheimison disconnected
﻿20:15:08 : Player #1 [HTS] Alasteir-s2 disconnected
﻿20:16:37 : Player #1 [TB¨S] Rafael Bugonio (187.74.10.234:2304) connected
﻿20:16:38 : Player #1 [TB¨S] Rafael Bugonio - GUID: 22138e20794e2f202c02b1002c55c92c
﻿20:16:43 : Player #4 [GHOST]Zezinho (179.223.148.54:2304) connected
﻿20:16:44 : Player #4 [GHOST]Zezinho - GUID: a2ea0c5a4f67f3d537a5256ecf28ed3e
﻿20:16:45 : Verified GUID (a2ea0c5a4f67f3d537a5256ecf28ed3e) of player #4 [GHOST]Zezinho
﻿20:16:46 : Verified GUID (22138e20794e2f202c02b1002c55c92c) of player #1 [TB¨S] Rafael Bugonio
﻿20:17:09 : RCon admin #0: (Global) This server auto restarts 4 times per day, 06:00, 12:00, 18:00 and 00:00
﻿20:19:16 : Player #12 [mB]_MaLaRe. disconnected
﻿20:23:53 : Player #12 Juliano Soares (177.41.181.27:2304) connected
﻿20:23:55 : Player #12 Juliano Soares - GUID: 6c8c246896204691e76022816826c804
﻿20:23:56 : Verified GUID (6c8c246896204691e76022816826c804) of player #12 Juliano Soares
﻿20:25:31 : Player #12 Juliano Soares disconnected
﻿20:26:38 : Player #8 [CST]TangoDown disconnected
﻿20:26:51 : Player #8 [CST]TangoDown (187.127.132.123:2304) connected
﻿20:26:52 : Player #8 [CST]TangoDown - GUID: 6f8b5e99741f23cf28ac2eafe8555195
﻿20:26:53 : Verified GUID (6f8b5e99741f23cf28ac2eafe8555195) of player #8 [CST]TangoDown
﻿20:28:50 : Player #12 [GHOST] Jack_Tequila (179.211.179.68:26260) connected
﻿20:28:52 : Player #12 [GHOST] Jack_Tequila - GUID: 6dae75cbba5130d3cebc6dc32aa692c7
﻿20:28:52 : Verified GUID (6dae75cbba5130d3cebc6dc32aa692c7) of player #12 [GHOST] Jack_Tequila
﻿20:29:44 : Player #4 [GHOST]Zezinho disconnected
﻿20:29:45 : Player #4 [4SQUAD] Wendel (201.158.20.66:2304) connected
﻿20:29:48 : Player #4 [4SQUAD] Wendel - GUID: 479ad4576cbd95874eea2cd252e6cc8d
﻿20:29:48 : Verified GUID (479ad4576cbd95874eea2cd252e6cc8d) of player #4 [4SQUAD] Wendel
﻿20:29:51 : Player #10 [GHOST] Thomas disconnected
﻿20:30:02 : Player #5 [GHOST]Nesquiki disconnected
﻿20:30:06 : Player #12 [GHOST] Jack_Tequila disconnected
﻿20:30:13 : Player #4 [4SQUAD] Wendel disconnected
﻿20:30:37 : Player #11 [GHOST] PH_Ganiza disconnected
﻿20:30:55 : Player #13 [GHOST] Foca no Jogo disconnected
﻿20:32:09 : RCon admin #0: (Global) This server auto restarts 4 times per day, 06:00, 12:00, 18:00 and 00:00
﻿20:32:34 : RCon admin #0: (To [TB¨S] Rafael Bugonio) Do not use Group chat. Warnings left:8
﻿20:33:43 : RCon admin #0: (To CLIENTE) Do not use Group chat. No Warnings left, Next Group message will result in kick
﻿20:35:47 : Player #4 Juliano Soares (177.41.181.27:2304) connected
﻿20:35:50 : Player #4 Juliano Soares - GUID: 6c8c246896204691e76022816826c804
﻿20:35:51 : Verified GUID (6c8c246896204691e76022816826c804) of player #4 Juliano Soares
﻿20:35:54 : Player #4 Juliano Soares disconnected
﻿20:36:19 : Player #8 [CST]TangoDown disconnected
﻿20:38:06 : Player #4 Juliano Soares (177.41.181.27:2304) connected
﻿20:38:12 : Player #4 Juliano Soares - GUID: 6c8c246896204691e76022816826c804
﻿20:38:12 : Verified GUID (6c8c246896204691e76022816826c804) of player #4 Juliano Soares
﻿20:38:15 : Player #6 [ViruZ]Slv_ disconnected
﻿20:38:32 : Player #3 [CST]Algodoal disconnected
﻿20:41:01 : Player #3 Mars (65.93.26.235:2304) connected
﻿20:41:03 : Player #3 Mars - GUID: 957b0f16ceef2e7095613a30ab135fef
﻿20:41:03 : Verified GUID (957b0f16ceef2e7095613a30ab135fef) of player #3 Mars
﻿20:41:22 : Player #4 Juliano Soares disconnected
﻿20:41:57 : Player #4 Juliano Soares (177.41.181.27:2304) connected
﻿20:41:58 : Player #4 Juliano Soares - GUID: 6c8c246896204691e76022816826c804
﻿20:41:59 : Verified GUID (6c8c246896204691e76022816826c804) of player #4 Juliano Soares
﻿20:43:09 : Player #5 KillBill (136.169.127.96:2304) connected
﻿20:43:11 : Player #5 KillBill - GUID: 2487c3e5b4b7f62dd9626b369ae30591
﻿20:43:11 : Verified GUID (2487c3e5b4b7f62dd9626b369ae30591) of player #5 KillBill
﻿20:44:39 : Player #3 Mars disconnected
﻿20:45:54 : Player #4 Juliano Soares disconnected
﻿20:47:09 : RCon admin #0: (Global) This server auto restarts 4 times per day, 06:00, 12:00, 18:00 and 00:00
﻿20:51:07 : Player #3 Lucas.net (187.41.146.121:2304) connected
﻿20:51:09 : Player #3 Lucas.net - GUID: f10a90fe7978952e48b5d42da30223b9
﻿20:51:09 : Verified GUID (f10a90fe7978952e48b5d42da30223b9) of player #3 Lucas.net
﻿20:54:35 : Player #4 [SEAL] Rodrigues (201.149.97.54:2304) connected
﻿20:54:37 : Player #4 [SEAL] Rodrigues - GUID: fbdc0991e770e20b169894863ece6b2f
﻿20:54:42 : Verified GUID (fbdc0991e770e20b169894863ece6b2f) of player #4 [SEAL] Rodrigues
﻿20:55:58 : Player #6 [SEAL] MaKaBrO (177.143.233.17:2304) connected
﻿20:56:00 : Player #6 [SEAL] MaKaBrO - GUID: 8a9aeb5ca8da7ece9cc08be00d3c796a
﻿20:56:02 : Verified GUID (8a9aeb5ca8da7ece9cc08be00d3c796a) of player #6 [SEAL] MaKaBrO
﻿20:56:18 : Player #8 Juliano Soares (177.41.181.27:2304) connected
﻿20:56:20 : Player #8 Juliano Soares - GUID: 6c8c246896204691e76022816826c804
﻿20:56:58 : Verified GUID (6c8c246896204691e76022816826c804) of player #8 Juliano Soares
﻿20:59:43 : Player #0 CLIENTE (0d392c9c8413590097b7ea04ef797a36) has been kicked by BattlEye: Admin Kick (BEC : Violation of group chat restriction)
﻿20:59:47 : Player #0 CLIENTE (186.221.148.241:26764) connected
﻿20:59:49 : Player #0 CLIENTE - GUID: 0d392c9c8413590097b7ea04ef797a36
﻿20:59:49 : Verified GUID (0d392c9c8413590097b7ea04ef797a36) of player #0 CLIENTE
﻿21:02:09 : RCon admin #0: (Global) This server auto restarts 4 times per day, 06:00, 12:00, 18:00 and 00:00
﻿21:02:27 : Player #7 J.Lucas disconnected
﻿21:02:54 : Player #8 Juliano Soares disconnected
﻿21:03:07 : Player #7 Juliano Soares (177.41.181.27:2304) connected
﻿21:03:09 : Player #7 Juliano Soares - GUID: 6c8c246896204691e76022816826c804
﻿21:03:10 : Verified GUID (6c8c246896204691e76022816826c804) of player #7 Juliano Soares
﻿21:05:24 : RCon admin #0: (To DiegoRJ) Do not use Group chat. No Warnings left, Next Group message will result in kick
﻿21:08:14 : Player #7 Juliano Soares disconnected
﻿21:08:38 : RCon admin #0: (To Hex) Do not use Global chat. Warnings left:4
﻿21:09:56 : Player #7 [CST]Fernandes (186.241.9.37:2304) connected
﻿21:09:58 : Player #7 [CST]Fernandes - GUID: d5749be0d0e584866add1e0c4349ae82
﻿21:09:59 : Verified GUID (d5749be0d0e584866add1e0c4349ae82) of player #7 [CST]Fernandes
﻿21:10:20 : Player #0 CLIENTE disconnected
﻿21:10:22 : Player #9 DiegoRJ disconnected
﻿21:11:04 : Player #0 [MrB]Choque (189.58.72.20:2304) connected
﻿21:11:05 : Player #0 [MrB]Choque - GUID: 26990063b3bfee6603c5ad88e500a677
﻿21:11:06 : Verified GUID (26990063b3bfee6603c5ad88e500a677) of player #0 [MrB]Choque
﻿21:13:28 : Starting with Arma 3 1.58 all server admins will have to define a dedicated port in BEServer.cfg in order to be able to use BE RCon. Please see https://www.battleye.com/support/documentation/ for details.
﻿21:14:10 : Player #2 iProzinhoRJ disconnected
﻿21:16:07 : Player #2 John Lewis (107.13.11.188:2319) connected
﻿21:16:14 : Player #2 John Lewis disconnected
﻿21:16:21 : Player #2 John Lewis (107.13.11.188:2319) connected
﻿21:16:23 : Player #2 John Lewis - GUID: 3fa3051c1191a256c8f617b983e1c24d
﻿21:16:23 : Verified GUID (3fa3051c1191a256c8f617b983e1c24d) of player #2 John Lewis
﻿21:16:44 : RCon admin #0: (To John Lewis) Do not use Lobby chat. Warnings left:29
﻿21:17:09 : RCon admin #0: (Global) This server auto restarts 4 times per day, 06:00, 12:00, 18:00 and 00:00
﻿21:21:49 : Player #0 [MrB]Choque disconnected
﻿21:22:05 : Player #0 [MrB]Choque (189.58.72.20:2304) connected
﻿21:22:07 : Player #0 [MrB]Choque - GUID: 26990063b3bfee6603c5ad88e500a677
﻿21:22:07 : Verified GUID (26990063b3bfee6603c5ad88e500a677) of player #0 [MrB]Choque
﻿21:23:47 : Player #8 Nolen (184.61.118.197:2304) connected
﻿21:23:49 : Player #8 Nolen - GUID: 0001468d941b1ff5cf538ae96c2cf236
﻿21:23:49 : Verified GUID (0001468d941b1ff5cf538ae96c2cf236) of player #8 Nolen
﻿21:25:52 : Player #9 ABU AZRAEL (177.134.83.242:2304) connected
﻿21:25:53 : Player #9 ABU AZRAEL - GUID: 20dd7f611e08955aa8add401ca48f4b9
﻿21:25:54 : Verified GUID (20dd7f611e08955aa8add401ca48f4b9) of player #9 ABU AZRAEL
﻿21:26:01 : Player #10 [FBA] -Crawseer_ (177.16.117.142:2304) connected
﻿21:26:03 : Player #10 [FBA] -Crawseer_ - GUID: b0e97cae7ba661fe4d128e998aba3440
﻿21:26:07 : Verified GUID (b0e97cae7ba661fe4d128e998aba3440) of player #10 [FBA] -Crawseer_
﻿21:26:23 : Player #0 [MrB]Choque disconnected
﻿21:30:15 : Player #0 CaçAdor (187.73.68.112:27772) connected
﻿21:30:17 : Player #0 CaçAdor - GUID: 19c6c60dc5b2ef27941af6a0ab8cc8a2
﻿21:30:18 : Verified GUID (19c6c60dc5b2ef27941af6a0ab8cc8a2) of player #0 CaçAdor
﻿21:30:53 : RCon admin #0: (To [SEAL] Rodrigues) Do not use Global chat. Warnings left:4
﻿21:31:03 : RCon admin #0: (To John Lewis) Do not use Global chat. Warnings left:4
﻿21:31:06 : RCon admin #0: (To [SEAL] Rodrigues) Do not use Side chat. Warnings left:6
﻿21:31:11 : RCon admin #0: (To [SEAL] MaKaBrO) Do not use Global chat. Warnings left:4
﻿21:31:23 : RCon admin #0: (To ABU AZRAEL) Do not use Global chat. Warnings left:4
﻿21:31:29 : RCon admin #0: (To [SEAL] Rodrigues) Do not use Side chat. Warnings left:5
﻿21:31:31 : RCon admin #0: (To Hex) Do not use Side chat. Warnings left:6
﻿21:31:37 : RCon admin #0: (To [SEAL] Rodrigues) Do not use Side chat. Warnings left:4
﻿21:31:39 : RCon admin #0: (To [SEAL] Rodrigues) Do not use Side chat. Warnings left:3
﻿21:31:40 : RCon admin #0: (To Hex) Do not use Side chat. Warnings left:5
﻿21:31:52 : Player #5 KillBill disconnected
﻿21:32:09 : RCon admin #0: (Global) This server auto restarts 4 times per day, 06:00, 12:00, 18:00 and 00:00
﻿21:33:07 : RCon admin #0: (To [SEAL] Rodrigues) Do not use Side chat. Warnings left:2
﻿21:33:22 : Player #9 ABU AZRAEL disconnected
﻿21:33:45 : RCon admin #0: (To Hex) Do not use Side chat. Warnings left:4
﻿21:34:02 : RCon admin #0: (To Lucas.net) Do not use Side chat. Warnings left:6
﻿21:34:04 : RCon admin #0: (To [SEAL] MaKaBrO) Do not use Side chat. Warnings left:6
﻿21:34:19 : RCon admin #0: (To CaçAdor) Do not use Side chat. Warnings left:6
﻿21:34:19 : RCon admin #0: (To [SEAL] Rodrigues) Do not use Side chat. Warnings left:1
﻿21:34:24 : Player #5 WilliaN_BMX (187.113.141.207:2304) connected
﻿21:34:26 : Player #5 WilliaN_BMX - GUID: 38d525bdd444b7551f17c9428e23094d
﻿21:34:26 : Verified GUID (38d525bdd444b7551f17c9428e23094d) of player #5 WilliaN_BMX
﻿21:34:28 : Player #1 [TB¨S] Rafael Bugonio disconnected
﻿21:34:29 : RCon admin #0: (To CaçAdor) Do not use Side chat. Warnings left:5
﻿21:34:31 : Player #1 [CST]TangoDown (187.127.132.123:2304) connected
﻿21:34:34 : RCon admin #0: (To [SEAL] Rodrigues) Do not use Side chat. No Warnings left, Next Side message will result in kick
﻿21:34:35 : Player #1 [CST]TangoDown - GUID: 6f8b5e99741f23cf28ac2eafe8555195
﻿21:34:35 : Verified GUID (6f8b5e99741f23cf28ac2eafe8555195) of player #1 [CST]TangoDown
﻿21:34:57 : RCon admin #0: (To CaçAdor) Do not use Side chat. Warnings left:4
﻿21:35:01 : RCon admin #0: (To CaçAdor) Do not use Side chat. Warnings left:3
﻿21:35:03 : RCon admin #0: (To Lucas.net) Do not use Side chat. Warnings left:5
﻿21:35:06 : RCon admin #0: (To John Lewis) Do not use Side chat. Warnings left:6
﻿21:35:18 : Player #4 [SEAL] Rodrigues (fbdc0991e770e20b169894863ece6b2f) has been kicked by BattlEye: Admin Kick (BEC : Violation of side chat restriction)
﻿21:35:23 : RCon admin #0: (To CaçAdor) Do not use Side chat. Warnings left:2
﻿21:35:33 : RCon admin #0: (To John Lewis) Do not use Side chat. Warnings left:5
﻿21:35:50 : Player #2 John Lewis disconnected
﻿21:35:55 : Player #2 [SEAL] Rodrigues (201.149.97.54:2304) connected
﻿21:35:57 : Player #2 [SEAL] Rodrigues - GUID: fbdc0991e770e20b169894863ece6b2f
﻿21:35:58 : Verified GUID (fbdc0991e770e20b169894863ece6b2f) of player #2 [SEAL] Rodrigues
﻿21:37:38 : Player #4 Ramon (177.93.134.4:26512) connected
﻿21:37:40 : Player #4 Ramon - GUID: 3f6fefb48f9b83a1ae23442f1068c592
﻿21:37:40 : Verified GUID (3f6fefb48f9b83a1ae23442f1068c592) of player #4 Ramon
﻿21:38:56 : Player #9 YUGI (179.55.91.221:56002) connected
﻿21:38:57 : Player #9 YUGI - GUID: 0cbcdf3eb429d5d7dd5c01a8768a2448
﻿21:38:58 : Verified GUID (0cbcdf3eb429d5d7dd5c01a8768a2448) of player #9 YUGI
﻿21:39:36 : Player #14 Hex disconnected
﻿21:39:40 : RCon admin #0: (To CaçAdor) Do not use Side chat. Warnings left:1
﻿21:40:13 : RCon admin #0: (To CaçAdor) Do not use Side chat. No Warnings left, Next Side message will result in kick
﻿21:40:38 : RCon admin #0: (To [CST]Fernandes) Only use Ascii on chat. Warnings left:2
﻿21:40:38 : RCon admin #0: (To [CST]Fernandes) Do not use Side chat. Warnings left:6
﻿21:40:46 : Player #0 CaçAdor (19c6c60dc5b2ef27941af6a0ab8cc8a2) has been kicked by BattlEye: Admin Kick (BEC : Violation of side chat restriction)
﻿21:40:56 : Player #0 CaçAdor (187.73.68.112:27772) connected
﻿21:40:57 : Player #0 CaçAdor - GUID: 19c6c60dc5b2ef27941af6a0ab8cc8a2
﻿21:40:58 : Verified GUID (19c6c60dc5b2ef27941af6a0ab8cc8a2) of player #0 CaçAdor
﻿21:41:30 : RCon admin #0: (To CaçAdor) Do not use Side chat. Warnings left:6
﻿21:43:14 : RCon admin #0: (To [SEAL] MaKaBrO) Do not use Global chat. Warnings left:3
﻿21:43:26 : RCon admin #0: (To CaçAdor) Do not use Global chat. Warnings left:4
﻿21:43:47 : RCon admin #0: (To CaçAdor) Do not use Global chat. Warnings left:3
﻿21:43:47 : RCon admin #0: (To [CST]TangoDown) Do not use Global chat. Warnings left:4
﻿21:44:00 : RCon admin #0: (To [CST]TangoDown) Do not use Side chat. Warnings left:6
﻿21:44:16 : RCon admin #0: (To CaçAdor) Only use Ascii on chat. Warnings left:2
﻿21:44:16 : RCon admin #0: (To CaçAdor) Do not use Global chat. Warnings left:2
﻿21:44:29 : RCon admin #0: (To [CST]TangoDown) Do not use Side chat. Warnings left:5
﻿21:44:55 : RCon admin #0: (To [SEAL] Rodrigues) Do not use Side chat. Warnings left:6
﻿21:45:25 : Player #8 Nolen disconnected
﻿21:47:05 : Rcon client logging in
﻿21:47:05 : RCon admin #1 (127.0.0.1:49440) logged in
﻿21:47:57 : RCon admin #1: (To [CST]Fernandes) Only use Ascii on chat. Warnings left:2
﻿21:48:15 : Player #8 KillBill (136.169.127.96:2304) connected
﻿21:48:17 : Player #8 KillBill - GUID: 2487c3e5b4b7f62dd9626b369ae30591
﻿21:48:17 : Verified GUID (2487c3e5b4b7f62dd9626b369ae30591) of player #8 KillBill
﻿21:48:26 : RCon admin #1: (Global) This server auto restarts 4 times per day, 06:00, 12:00, 18:00 and 00:00
﻿21:48:27 : Player #8 KillBill disconnected
﻿21:50:07 : Player #8 Pokemon (136.169.127.96:2304) connected
﻿21:50:09 : Player #8 Pokemon - GUID: 2487c3e5b4b7f62dd9626b369ae30591
﻿21:50:09 : Verified GUID (2487c3e5b4b7f62dd9626b369ae30591) of player #8 Pokemon
﻿21:52:23 : Player #11 ABU AZRAEL (177.134.83.242:2304) connected
﻿21:52:25 : Player #11 ABU AZRAEL - GUID: 20dd7f611e08955aa8add401ca48f4b9
﻿21:52:25 : Verified GUID (20dd7f611e08955aa8add401ca48f4b9) of player #11 ABU AZRAEL
﻿21:52:38 : Player #12 Galaxy (104.186.63.18:2304) connected
﻿21:52:40 : Player #12 Galaxy - GUID: 5efe60412fe01959e2851c4910efcdda
﻿21:52:40 : Verified GUID (5efe60412fe01959e2851c4910efcdda) of player #12 Galaxy
﻿21:53:25 : Player #13 Hex (177.75.79.202:52466) connected
﻿21:53:27 : Player #13 Hex - GUID: bd3571130928d9229e20c968338cf92c
﻿21:53:27 : Verified GUID (bd3571130928d9229e20c968338cf92c) of player #13 Hex
﻿21:54:54 : RCon admin #1: (To [CST]TangoDown) Only use Ascii on chat. Warnings left:2
﻿21:55:01 : Player #12 Galaxy disconnected
﻿21:56:20 : Player #8 Pokemon disconnected
﻿21:57:49 : Player #8 Galaxy (104.186.63.18:2304) connected
﻿21:57:51 : Player #8 Galaxy - GUID: 5efe60412fe01959e2851c4910efcdda
﻿21:57:51 : Verified GUID (5efe60412fe01959e2851c4910efcdda) of player #8 Galaxy
﻿21:57:55 : Player #13 Hex disconnected
﻿22:02:49 : Player #10 [FBA] -Crawseer_ (b0e97cae7ba661fe4d128e998aba3440) has been kicked by BattlEye: Client not responding
﻿22:03:26 : RCon admin #1: (Global) This server auto restarts 4 times per day, 06:00, 12:00, 18:00 and 00:00
﻿22:06:01 : Player #10 [FBA] -Crawseer_ (201.86.21.34:2304) connected
﻿22:06:04 : Player #10 [FBA] -Crawseer_ - GUID: b0e97cae7ba661fe4d128e998aba3440
﻿22:06:05 : Verified GUID (b0e97cae7ba661fe4d128e998aba3440) of player #10 [FBA] -Crawseer_
﻿22:06:50 : Player #12 Kolabo (181.222.221.132:2304) connected
﻿22:06:52 : Player #12 Kolabo - GUID: d4d04436f683091fca4c38ac38bf8400
﻿22:06:53 : Verified GUID (d4d04436f683091fca4c38ac38bf8400) of player #12 Kolabo
﻿22:13:28 : Starting with Arma 3 1.58 all server admins will have to define a dedicated port in BEServer.cfg in order to be able to use BE RCon. Please see https://www.battleye.com/support/documentation/ for details.
﻿22:13:53 : Player #4 Ramon disconnected
﻿22:16:57 : Player #4 Logan (98.209.230.125:2304) connected
﻿22:17:00 : Player #4 Logan - GUID: 453ca17ffc664355071a75fda05c0555
﻿22:17:00 : Verified GUID (453ca17ffc664355071a75fda05c0555) of player #4 Logan
﻿22:18:26 : RCon admin #1: (Global) This server auto restarts 4 times per day, 06:00, 12:00, 18:00 and 00:00
﻿22:19:30 : Player #8 Galaxy disconnected
﻿22:20:32 : Player #8 [FBA] EduuTr (177.83.249.54:2304) connected
﻿22:20:34 : Player #8 [FBA] EduuTr - GUID: afe39c63a8d16f0719d7ac9f81a3f5bf
﻿22:20:36 : Verified GUID (afe39c63a8d16f0719d7ac9f81a3f5bf) of player #8 [FBA] EduuTr
﻿22:24:37 : Player #13 valdim (187.12.243.114:44404) connected
﻿22:24:41 : Player #13 valdim - GUID: 4f2ed212a70337e7b6b2362f0568cdac
﻿22:24:42 : Verified GUID (4f2ed212a70337e7b6b2362f0568cdac) of player #13 valdim
﻿22:24:46 : Player #4 Logan disconnected
﻿22:30:45 : Player #13 valdim disconnected
﻿22:31:51 : Player #4 Banjo (191.249.143.224:2304) connected
﻿22:31:54 : Player #4 Banjo - GUID: a8e1bc809aee5a17c2cff2081050cfa4
﻿22:31:55 : Verified GUID (a8e1bc809aee5a17c2cff2081050cfa4) of player #4 Banjo
﻿22:32:44 : Player #13 Ramon (177.93.134.4:26512) connected
﻿22:32:46 : Player #13 Ramon - GUID: 3f6fefb48f9b83a1ae23442f1068c592
﻿22:32:46 : Verified GUID (3f6fefb48f9b83a1ae23442f1068c592) of player #13 Ramon
﻿22:33:26 : RCon admin #1: (Global) This server auto restarts 4 times per day, 06:00, 12:00, 18:00 and 00:00
﻿22:36:03 : Player #14 Thamyrys (186.228.97.181:2304) connected
﻿22:36:05 : Player #14 Thamyrys - GUID: 5871b98f881cb9a901ee06d4f669b046
﻿22:36:05 : Verified GUID (5871b98f881cb9a901ee06d4f669b046) of player #14 Thamyrys
﻿22:37:27 : Player #8 [FBA] EduuTr (afe39c63a8d16f0719d7ac9f81a3f5bf) has been kicked by BattlEye: Client not responding
﻿22:37:55 : Player #8 [FBA] EduuTr (177.83.249.54:2304) connected
﻿22:37:57 : Player #8 [FBA] EduuTr - GUID: afe39c63a8d16f0719d7ac9f81a3f5bf
﻿22:37:57 : Player #15 [SEAL] Th_Sniper (170.0.143.225:2304) connected
﻿22:37:58 : Verified GUID (afe39c63a8d16f0719d7ac9f81a3f5bf) of player #8 [FBA] EduuTr
﻿22:37:59 : Player #15 [SEAL] Th_Sniper - GUID: 1fa36acab7fbdb5dbc06d87f9c736099
﻿22:38:00 : Verified GUID (1fa36acab7fbdb5dbc06d87f9c736099) of player #15 [SEAL] Th_Sniper
﻿22:38:25 : Player #14 Thamyrys disconnected
﻿22:39:55 : Player #13 Ramon disconnected
﻿22:43:06 : Player #0 CaçAdor disconnected
﻿22:43:26 : Player #0 [ViruZ]Slv_ (131.72.172.195:2304) connected
﻿22:43:28 : Player #0 [ViruZ]Slv_ - GUID: 8a1ca575a823965e0a36d3b79b47a893
﻿22:43:29 : Verified GUID (8a1ca575a823965e0a36d3b79b47a893) of player #0 [ViruZ]Slv_
﻿22:43:45 : Player #0 [ViruZ]Slv_ disconnected
﻿22:44:10 : Player #0 [CST]SlvSantos (131.72.172.195:2304) connected
﻿22:44:12 : Player #0 [CST]SlvSantos - GUID: 8a1ca575a823965e0a36d3b79b47a893
﻿22:44:12 : Verified GUID (8a1ca575a823965e0a36d3b79b47a893) of player #0 [CST]SlvSantos
﻿22:46:51 : Player #15 [SEAL] Th_Sniper disconnected
﻿22:48:26 : RCon admin #1: (Global) This server auto restarts 4 times per day, 06:00, 12:00, 18:00 and 00:00
﻿22:49:23 : Player #12 Kolabo disconnected
﻿22:49:26 : Player #12 [SEAL] Th_Sniper (170.0.143.225:2304) connected
﻿22:49:27 : Player #12 [SEAL] Th_Sniper - GUID: 1fa36acab7fbdb5dbc06d87f9c736099
﻿22:49:28 : Verified GUID (1fa36acab7fbdb5dbc06d87f9c736099) of player #12 [SEAL] Th_Sniper
﻿22:51:11 : Player #10 [FBA] -Crawseer_ disconnected
﻿22:57:16 : Player #4 Banjo disconnected
﻿22:58:18 : Player #5 WilliaN_BMX (38d525bdd444b7551f17c9428e23094d) has been kicked by BattlEye: Client not responding
﻿22:59:23 : Player #4 WilliaN_BMX (187.113.141.29:2304) connected
﻿22:59:24 : Player #4 WilliaN_BMX - GUID: 38d525bdd444b7551f17c9428e23094d
﻿22:59:25 : Verified GUID (38d525bdd444b7551f17c9428e23094d) of player #4 WilliaN_BMX
﻿23:03:23 : Player #5 [SEAL] Bixuuu (201.2.218.86:2304) connected
﻿23:03:25 : Player #5 [SEAL] Bixuuu - GUID: d0ebae000ac08c90215d83c6cf64cfed
﻿23:03:25 : Verified GUID (d0ebae000ac08c90215d83c6cf64cfed) of player #5 [SEAL] Bixuuu
﻿23:03:26 : RCon admin #1: (Global) This server auto restarts 4 times per day, 06:00, 12:00, 18:00 and 00:00
﻿23:05:40 : Player #10 [SEAL] MDK ´´ *.* `` (138.36.58.6:2304) connected
﻿23:05:46 : Player #10 [SEAL] MDK ´´ *.* `` - GUID: 17c7e809127c627eb6f47605e4766b5e
﻿23:05:53 : Player #11 ABU AZRAEL disconnected
﻿23:05:54 : Verified GUID (17c7e809127c627eb6f47605e4766b5e) of player #10 [SEAL] MDK ´´ *.* ``
﻿23:07:49 : Player #8 [FBA] EduuTr disconnected
﻿23:12:09 : Player #12 [SEAL] Th_Sniper disconnected
﻿23:13:28 : Starting with Arma 3 1.58 all server admins will have to define a dedicated port in BEServer.cfg in order to be able to use BE RCon. Please see https://www.battleye.com/support/documentation/ for details.
﻿23:14:06 : Player #10 [SEAL] MDK ´´ *.* `` disconnected
﻿23:14:56 : Player #2 [SEAL] Rodrigues disconnected
﻿23:16:49 : Player #6 [SEAL] MaKaBrO disconnected
﻿23:18:26 : RCon admin #1: (Global) This server auto restarts 4 times per day, 06:00, 12:00, 18:00 and 00:00
﻿23:18:33 : Player #3 Lucas.net disconnected
﻿23:19:10 : Player #5 [SEAL] Bixuuu disconnected
﻿23:20:19 : Player #4 WilliaN_BMX disconnected
﻿23:23:26 : Player #2 [SEAL] GregoryBR (201.46.175.44:2304) connected
﻿23:23:28 : Player #2 [SEAL] GregoryBR - GUID: da4aeec0d07ca21fb74e47316059cd30
﻿23:23:29 : Verified GUID (da4aeec0d07ca21fb74e47316059cd30) of player #2 [SEAL] GregoryBR
﻿23:25:02 : Player #2 [SEAL] GregoryBR disconnected
﻿23:30:13 : Player #9 YUGI disconnected
﻿23:30:24 : Player #2 YUGI (179.55.91.221:56002) connected
﻿23:30:26 : Player #2 YUGI - GUID: 0cbcdf3eb429d5d7dd5c01a8768a2448
﻿23:30:26 : Verified GUID (0cbcdf3eb429d5d7dd5c01a8768a2448) of player #2 YUGI
﻿23:33:26 : RCon admin #1: (Global) This server auto restarts 4 times per day, 06:00, 12:00, 18:00 and 00:00
﻿23:34:01 : Player #3 Sébastien (64.229.54.226:2304) connected
﻿23:34:03 : Player #3 Sébastien - GUID: a7d5138441149d2d41d92dbf8db46558
﻿23:34:03 : Verified GUID (a7d5138441149d2d41d92dbf8db46558) of player #3 Sébastien
﻿23:35:39 : Player #3 Sébastien disconnected
﻿23:35:55 : Player #3 Sébastien (64.229.54.226:2304) connected
﻿23:35:56 : Player #3 Sébastien - GUID: a7d5138441149d2d41d92dbf8db46558
﻿23:35:56 : Verified GUID (a7d5138441149d2d41d92dbf8db46558) of player #3 Sébastien
﻿23:36:02 : Player #3 Sébastien disconnected
﻿23:36:42 : Player #3 Sébastien (64.229.54.226:2304) connected
﻿23:36:44 : Player #3 Sébastien - GUID: a7d5138441149d2d41d92dbf8db46558
﻿23:36:45 : Verified GUID (a7d5138441149d2d41d92dbf8db46558) of player #3 Sébastien
﻿23:37:29 : Player #3 Sébastien disconnected
﻿23:38:51 : Player #0 [CST]SlvSantos disconnected
﻿23:38:57 : Player #7 [CST]Fernandes disconnected
﻿23:39:41 : Player #1 [CST]TangoDown disconnected
﻿23:41:33 : Player #2 YUGI disconnected
﻿23:44:33 : Player #0 [GHOST] PH_Ganiza (179.180.161.84:2314) connected
﻿23:44:35 : Player #0 [GHOST] PH_Ganiza - GUID: bcc106fdab45dd3ec16d258c3f1af31d
﻿23:44:35 : Verified GUID (bcc106fdab45dd3ec16d258c3f1af31d) of player #0 [GHOST] PH_Ganiza
﻿23:45:23 : Player #1 [GHOST] Foca no Jogo (191.191.26.99:2304) connected
﻿23:45:25 : Player #1 [GHOST] Foca no Jogo - GUID: eb62df060220c2b8708d54ad15f28ca5
﻿23:45:26 : Verified GUID (eb62df060220c2b8708d54ad15f28ca5) of player #1 [GHOST] Foca no Jogo
﻿23:47:29 : Player #1 [GHOST] Foca no Jogo disconnected
﻿23:48:26 : RCon admin #1: (Global) This server auto restarts 4 times per day, 06:00, 12:00, 18:00 and 00:00
﻿23:50:00 : RCon admin #1: (Global) The server will auto restart in 10 minutes.
﻿23:55:00 : RCon admin #1: (Global) The server will auto restart in 5 minutes.
﻿23:55:25 : RCon admin #1: (Global) The server will auto restart in 5 minutes.
﻿23:55:50 : RCon admin #1: (Global) The server will auto restart in 5 minutes.
﻿23:56:15 : RCon admin #1: (Global) The server will auto restart in 5 minutes.
﻿23:56:40 : RCon admin #1: (Global) The server will auto restart in 5 minutes.
﻿23:57:05 : RCon admin #1: (Global) The server will auto restart in 5 minutes.
﻿23:59:00 : RCon admin #1: (Global) The server will auto restart in 60 seconds.
