18:22:51 : Global: [HTS] Alasteir-s2: kkkkk
18:22:59 : Global: [HTS] Alasteir-s2: cara silenciado da MK200
18:23:02 : Global: [HTS] Alasteir-s2: 1200
18:23:12 : Global: [HTS] Alasteir-s2: PARTIU FAZER DINHEIRO
18:23:18 : Group: [CST]Algodoal: ;
18:23:28 : Global: [mB]_MaLaRe.: crl quanto??
18:23:29 : Global: [CST]Algodoal: aqui e hardcore bom dmais
18:23:38 : Global: [HTS] Alasteir-s2: VAI SE BOM 
18:23:40 : Global: [HTS] Alasteir-s2: O SERVIDO
18:23:45 : Global: [mB]_MaLaRe.: e o server ta lisinho
18:25:44 : Global: [mB]_MaLaRe.: 15k uma linx :3
18:25:55 : Group: [ViruZ]Slv_: ;
18:25:59 : Side: [HTS] Alasteir-s2: kk
18:26:06 : Side: [ViruZ]Slv_: TO FAZENDO GRANA
18:26:15 : Side: [ViruZ]Slv_: RAPIDAO FIZ 200.000
18:26:31 : Side: [HTS] Alasteir-s2: ta vendendo drogas
18:26:37 : Side: [ViruZ]Slv_: BOT TA DROPANDO GRANA
18:30:03 : Global: [mB]_MaLaRe.: será q nas missões dá designator?
18:30:14 : Side: [ViruZ]Slv_: NAO SEI CARA
18:33:25 : Side: [HTS] Alasteir-s2: gg
18:33:53 : Side: [ViruZ]Slv_: PQ
18:50:57 : Side: [HTS] Alasteir-s2: kkkkkk
18:51:00 : Side: [HTS] Alasteir-s2: susto
18:51:07 : Side: [ViruZ]Slv_: KKKK
18:51:23 : Global: Banjo: caramba... 5 players e se encontraram , kkkk
18:51:27 : Side: [ViruZ]Slv_: NEGO TA PEITANDO DE QUADRICICULO
18:51:41 : Side: [HTS] Alasteir-s2: kk
18:58:39 : Global: CLIENTE: gente o maximo da visao e 2k?
18:58:55 : Global: Banjo: acho que sim
19:01:21 : Global: CLIENTE: pq eu marco no mapa e ta sumindo a distançia do objetivo?
19:01:56 : Global: Banjo: os admins que colocaram isso... pra  aparecer de novo entra e sai do mapa.
19:02:07 : Global: CLIENTE: ata entendi
19:02:09 : Global: DiegoRJ: alguem ai querendo forma TEAN??
19:02:23 : Global: CLIENTE: eu
19:02:32 : Global: DiegoRJ: tem TS RC ou skyper?
19:02:44 : Global: CLIENTE: eu tenho mas to sem micro
19:02:48 : Side: Banjo: aqui, ecebi dois avisos já pra não escrever no chat global, kkk
19:02:49 : Global: DiegoRJ: tem oq ?
19:02:59 : Side: [ViruZ]Slv_: ESCREVE NO SIDE
19:03:03 : Global: CLIENTE: skype
19:03:27 : Side: Banjo: deu tb, kkk
19:03:36 : Global: DiegoRJ: manda ai seu skyper
19:03:58 : Group: CLIENTE: manda o seu ai
19:04:32 : Group: DiegoRJ: diihesandra add ae
19:05:09 : Group: CLIENTE: manda de novo
19:05:40 : Group: CLIENTE: ??
19:06:07 : Group: CLIENTE: man?
19:06:15 : Group: DiegoRJ: adicionouy
19:06:20 : Group: CLIENTE: manda denovo
19:06:53 : Group: DiegoRJ: eu tava la no skyper 
19:07:00 : Group: DiegoRJ: esperando sua solicitação 
19:07:05 : Group: CLIENTE: manda o seu skype de novo
19:07:28 : Group: DiegoRJ: diihesandra
19:08:02 : Group: CLIENTE: aceita la
19:09:42 : Group: DiegoRJ: indo pra cavala
19:09:57 : Group: CLIENTE:  se fica falando pelo chat vai da kik ja chego aviso aqui
19:13:24 : Group: DiegoRJ: cliente compra arma e vamos fazer missao 
19:13:32 : Group: DiegoRJ: com esse eli ai pra pega armas
19:15:17 : Group: DiegoRJ: chega ai 
19:15:21 : Group: DiegoRJ: vamos fazer missao
19:17:39 : Global: DiegoRJ: rafael ou cliente manda grupo
19:18:10 : Global: CLIENTE: ja mandei
19:19:18 : Global: CLIENTE: compra uma mira aqui pra mim pf
19:20:06 : Group: DiegoRJ: cade o helli
19:22:41 : Group: DiegoRJ: vamos
19:24:53 : Group: DiegoRJ: polsa um pouco long ok
19:27:03 : Group: DiegoRJ: rafael fala seu kyper
19:27:21 : Group: iProzinhoRJ: rafaelfudeloco
19:28:47 : Group: DiegoRJ: me aceita la skyper pra cria o grupo
19:48:09 : Group: iProzinhoRJ: diego
19:48:52 : Group: DiegoRJ: OI TO INDO AI TO COM 50MIL
19:49:15 : Group: iProzinhoRJ: como
19:54:09 : Group: DiegoRJ: VO DEPOSITA SE NAO VO PERDE TUDO MAN
19:54:28 : Group: iProzinhoRJ: onde pegoud
19:54:40 : Group: DiegoRJ: MISSAO
19:59:50 : Global: [HTS] Alasteir-s2: não ta muito sobrevivente não em
20:12:43 : Global: [HTS] Alasteir-s2: vai toma no cu co9mo assim
20:12:46 : Global: [HTS] Alasteir-s2: puxa o titan
20:32:34 : Group: [TB¨S] Rafael Bugonio: mic bugou
20:33:43 : Group: CLIENTE: gente e impossivel fazer missao sem arma
20:59:42 : Group: CLIENTE: foi eu
21:05:24 : Group: DiegoRJ: me mataro 
21:08:37 : Global: Hex: belo hack ae hein
21:16:44 : Group: John Lewis: \
21:30:53 : Global: [SEAL] Rodrigues: FDP HACKER
21:31:03 : Global: John Lewis: I just want to say hi
21:31:06 : Side: [SEAL] Rodrigues: ADM ON
21:31:11 : Global: [SEAL] MaKaBrO: HACKER ON
21:31:23 : Global: ABU AZRAEL: POr?
21:31:29 : Side: [SEAL] Rodrigues: ADM ON
21:31:31 : Side: Hex: esse arrombado do killbill ta de hack
21:31:37 : Side: [SEAL] Rodrigues: CARA NAO MORRE
21:31:39 : Side: [SEAL] Rodrigues: FDP
21:31:40 : Side: Hex: tomou 50 tiro de .50 na cara
21:33:07 : Side: [SEAL] Rodrigues: KKKKK O CARA SPAWNO TANK AKI
21:33:45 : Side: Hex: o killbill ou tem outro hacker tb
21:34:01 : Side: Lucas.net: tem outro
21:34:04 : Side: [SEAL] MaKaBrO: TEM UM HACKER AKI COM NOIS
21:34:19 : Side: CaçAdor: rodrigues e makabro aki kkkkkkkk
21:34:19 : Side: [SEAL] Rodrigues: TEM OUTRO PORRA
21:34:29 : Side: CaçAdor: cade o carioca o bixuu ...
21:34:34 : Side: [SEAL] Rodrigues: HAHAHAHAHAH OH SHIR
21:34:56 : Side: CaçAdor: cade o carioca?
21:35:00 : Side: CaçAdor: o bixuuu ...
21:35:03 : Side: Lucas.net: no RIO ?
21:35:06 : Side: John Lewis: english
21:35:18 : Side: [SEAL] Rodrigues: yep
21:35:22 : Side: CaçAdor: manda grupo
21:35:33 : Side: John Lewis: bye
21:39:40 : Side: CaçAdor: tem como fazer grupo aki nao?
21:40:13 : Side: CaçAdor: rodrigues manda grupo ae
21:40:38 : Side: [CST]Fernandes: tem sim,no menu tem a opção
21:40:46 : Side: CaçAdor: manda grupo ae 
21:41:30 : Side: CaçAdor: aff
21:43:14 : Global: [SEAL] MaKaBrO: TEM TITAN PRA VENDER MAIS NAO TEM MISSIL    LOL
21:43:26 : Global: CaçAdor: kkkkkkkkkkkkk
21:43:47 : Global: CaçAdor: pode nem falar aki que bosta ...
21:43:47 : Global: [CST]TangoDown: fiz duas missoes hoje tenho
21:44:00 : Side: [CST]TangoDown: as duas tinham missel
21:44:16 : Global: CaçAdor: aki é expulso  so de falar no global , por que tem entao
21:44:28 : Side: [CST]TangoDown: O rodrigo ligou o server ontem cara
21:44:55 : Side: [SEAL] Rodrigues: poxa c ara entrou o hacker ai nos avisou e nada de ban
21:47:57 : Side: [CST]Fernandes: o chat foi arrumado já,quando restartar vai estar certinho
21:48:03 : Global: [CST]Fernandes: adsasd
21:48:23 : Side: [SEAL] Rodrigues: Fernandes so uma dica
21:48:53 : Side: [SEAL] Rodrigues: coloca blufor e opfor , geralmente a maioria so querem servidores do tipo
21:49:21 : Side: [SEAL] Rodrigues: nao do meu caso , mas os novatos e etc
21:50:08 : Side: [CST]Fernandes: sim,vou passar sua dica pro adm,,valeu bem provavel que ele coloque mesmo
21:50:51 : Side: [SEAL] Rodrigues: mas e serio cara , tem muitos que so entram pra jogar em blufor e opfor por falta de amigos ou de grupo
21:50:58 : Side: [SEAL] Rodrigues: a maioria sao novatos e tals
21:51:39 : Side: [CST]TangoDown: Ele fez aqui na ideia de ser tipo um Clan Wars taligo
21:51:46 : Side: [CST]TangoDown: taligado
21:51:47 : Side: [SEAL] Rodrigues: sim
21:52:25 : Side: [SEAL] Rodrigues: cara eu entendi , mas vai ser meio chato e meio dificil fica do jeito que ele quer
21:52:44 : Side: [CST]TangoDown: vcs participam do arma 3 brasil?
21:52:49 : Side: [SEAL] Rodrigues: sim
21:52:57 : Side: [SEAL] Rodrigues: eu que chamei uns amigos pra entrar aki
21:53:04 : Side: [SEAL] Rodrigues: ate agora so o makabro entrou
21:53:07 : Side: [SEAL] Rodrigues: eu vi la o post
21:53:12 : Side: [CST]TangoDown: legal ja jogamos contra vcs
21:53:17 : Side: [CST]TangoDown: no CK2
21:53:18 : Side: [SEAL] Rodrigues: no c2k
21:53:19 : Side: [CST]TangoDown: c2k
21:53:27 : Side: [SEAL] Rodrigues: sim eu lembro
21:53:41 : Side: [SEAL] Rodrigues: nao sei se voce jogou logo no inicio do servidor c2k
21:53:51 : Side: [CST]TangoDown: eu programei o inicio do c2k
21:53:58 : Side: [CST]TangoDown: junto do flick
21:54:03 : Side: [SEAL] Rodrigues: teve uma epoca
21:54:13 : Side: [SEAL] Rodrigues: que era do independetes
21:54:27 : Side: [SEAL] Rodrigues: nao lotava . dai em seguida ele colocou o blufor e opfor
21:54:32 : Side: [SEAL] Rodrigues: o servidor lotava
21:54:40 : Side: [SEAL] Rodrigues: dai ele comecou a resetar o servidor
21:54:46 : Side: [SEAL] Rodrigues: pow 3 vezes ele resetou
21:54:51 : Side: [SEAL] Rodrigues: perdeu a graca
21:54:54 : Side: [CST]TangoDown: pois é
21:54:58 : Side: [SEAL] Rodrigues: hoje nao lota
21:55:06 : Side: Hex: galera o hack voltou
21:55:09 : Side: Hex: ta com nick de pokemon
21:55:28 : Side: Hex: to seguindo esse fdp pela steam e pedindo pra banir ele de tudo quanto e servidor
21:55:31 : Side: [SEAL] Rodrigues: como eu disse se voce colocar o blufor e opfor com certeza vai dar alta em player
21:55:31 : Side: Hex: esse arrombado
21:55:48 : Side: [SEAL] Rodrigues: rsrs
21:55:51 : Side: [CST]TangoDown: voui fazer
21:55:52 : Side: [SEAL] Rodrigues: e cara saiu mano
21:56:00 : Side: [SEAL] Rodrigues: ele spawno um jato
21:56:04 : Side: [SEAL] Rodrigues: dai explodiu
21:56:05 : Side: Hex: killbill =  pokemon
21:56:19 : Side: Hex: to com o perfil da steam dele e seguindo
21:56:24 : Side: Hex: olha
21:56:26 : Side: Hex: ta vendo
21:56:34 : Side: CaçAdor: uhuuu aeeeeeeeeeeeeeeeeeee
21:56:38 : Side: Hex: ja foi ban de 3 server, deve ta puto cmg ele
21:56:46 : Side: [SEAL] Rodrigues: o bom dele e que nao matou nos
21:56:49 : Side: [SEAL] Rodrigues: ele ficou de boa
21:56:59 : Side: Ramon: QUANDO FALARAM QUE O SERVIDOR ERA HARDCORE N'AO ESTAVAM BRINCANDO
21:57:03 : Side: Hex: ja comigo foi ao contrario
21:57:07 : Side: [FBA] -Crawseer_: Rodrigues, por gentileza colocar um ATM aqui na GS que estou...
21:57:15 : Side: [SEAL] Rodrigues: mas tbm gastei minhas municoes do meu hunter armado
21:57:43 : Side: [SEAL] Rodrigues: como assim mano
21:57:59 : Side: [FBA] -Crawseer_: Aqui nesta GS tem que ter um ATM no minimo
21:58:09 : Side: [SEAL] Rodrigues: sou adm nao mano
22:00:48 : Side: Ramon: ALGUEM ESTA USANDO PROCESS LASSO E PARK CONTROL
22:01:00 : Side: CaçAdor: ?
22:01:01 : Side: [CST]TangoDown: Eu park control
22:01:34 : Side: Ramon: To numa faixa de 45 fps memoria ram esta explodindo
22:01:53 : Side: [CST]TangoDown: qts gb ram?
22:02:05 : Side: Ramon: 6 gb
22:02:23 : Side: [CST]TangoDown: pouco em mano... deve ta certo sim
22:02:31 : Side: Ramon: valeu
22:21:58 : Side: [FBA] EduuTr: qual q eh das parada?
22:22:01 : Side: [FBA] EduuTr: manda grupo
22:22:10 : Side: [FBA] -Crawseer_: TS
22:22:19 : Side: [FBA] -Crawseer_: 158.69.18.12
22:22:20 : Side: [FBA] EduuTr: tah bugando pra mim
22:22:23 : Side: [FBA] EduuTr: belee
22:25:35 : Side: CaçAdor: CORREU PQ?
22:30:41 : Global: ABU AZRAEL: Qual o limite de grana no ATM?
22:31:31 : Group: CaçAdor: vendi a arma pensando q aki era gun
22:33:06 : Group: CaçAdor: aff
22:33:14 : Group: CaçAdor: esbarrei no muro e ja morri
22:33:20 : Group: CaçAdor: revive ai
22:34:09 : Group: CaçAdor: fala
22:34:23 : Group: CaçAdor: vlw mano
22:42:58 : Group: CaçAdor: vo sair aki flw ae
22:43:01 : Group: CaçAdor: ate amanha
22:43:06 : Group: [SEAL] Rodrigues: FLW
22:51:03 : Side: [FBA] -Crawseer_: vou falar com stivi e maisvelho
22:51:05 : Side: [FBA] -Crawseer_: ;)
22:51:30 : Side: Lucas.net: CHORO ?
22:51:37 : Side: [SEAL] MaKaBrO: WHAT?
23:05:26 : Side: [SEAL] Bixuuu: th
23:05:55 : Side: [SEAL] Bixuuu: grupo
23:14:45 : Group: [SEAL] Bixuuu: puxa eu la
23:14:48 : Group: [SEAL] Bixuuu: n tenho permissao
