15:44:58 : Side: Kammazo: as coisas q eu vi la no canal do youtube ja ta no jogo ?
15:45:09 : Side: [CST]TangoDown: o q vc viu?
15:45:12 : Side: Mateuus: sim
15:45:22 : Side: Jhon McFLY: MATEUS
15:45:30 : Side: Kammazo: reparar carro, entrar em algumas casa q antes na dava
15:45:33 : Side: Mateuus: Ctrl B
15:45:43 : Side: Jhon McFLY: ANTIGAMENTE TINHA COMO VC PEGAR CARNE DOS ANIMAIS AINDA TEM ?
15:45:50 : Side: Mateuus: sim tem
15:45:56 : Side: Pacifico: ainda tem
15:45:59 : Side: Pacifico: mata ele
15:46:05 : Side: Jhon McFLY: ONTEM EU TENTEI  E NAO CONSEGUI
15:46:10 : Side: Pacifico: quando vc chegar perto aperta T
15:46:21 : Side: Jhon McFLY: a
15:46:22 : Side: Pacifico: ;mas tem que ta com a faca no inventario
15:46:30 : Side: Pacifico: ai rola scrool do mouse e da gut
15:46:33 : Side: Jhon McFLY: faltou apertar t
15:46:52 : Side: Kammazo: hj mesmo tentei pegar carne de uma cabra e nao consigui
15:47:16 : Side: Jhon McFLY: mateus uma coisa q eu vi
15:47:27 : Side: Jhon McFLY: q quando vc vai pegar a faca no chao
15:47:48 : Side: Kammazo: ela some se pegar no espaço
15:47:49 : Side: Jhon McFLY: se vc clicar com o botao direito a faca ela some
15:47:59 : Side: Mateuus: vamos arrumar isso
15:48:03 : Side: Jhon McFLY: vc tem que arastar para o inventario
15:48:41 : Side: Kammazo: qual faca é pra pega a carne ?
15:49:09 : Side: Jhon McFLY: so tem um tipo de faca
15:49:26 : Side: Kammazo: a militar ?
15:49:36 : Side: [CST]TangoDown: tem
15:49:41 : Side: [CST]TangoDown: nos 2 aeroportos
15:50:32 : Side: Kammazo: de noite deve ser mt loco
15:52:18 : Side: Santos: ae mateuus blz..pra reportar bug, no face ou na steam na aba discussoes?
15:52:57 : Side: Mateuus: Por Enquanto na Steam
15:53:03 : Side: Mateuus: o no Facenook
15:53:06 : Side: Mateuus: Facebook
15:53:12 : Side: Santos: ok
15:53:49 : Side: Kammazo: como pega o machado
15:57:50 : Side: Kammazo: nao to conseguindo pega o machado
15:59:11 : Side: Kammazo: alguem pode ajuda ?
16:05:10 : Side: Kammazo: como pega o machado ???
16:05:43 : Side: Jhon McFLY: vc pode achar nos celeiros
16:06:06 : Side: Kammazo: ja tenho ele mas nao consigo pegar na mao
16:06:46 : Side: Jhon McFLY: vc ta usando a configuraocao apex ?
16:07:10 : Side: Kammazo: tenho a dlc mas nao sei se to usando a configuração
16:07:11 : Side: Jhon McFLY: que para pegar a arma vc tem que apertar 1 2 3 ?
16:07:27 : Side: Kammazo: aqui nao ta dando
16:07:33 : Side: Kammazo: no westeland é
16:07:46 : Side: Jhon McFLY: vc tem que mudar par arma 3 normal
16:07:57 : Side: Kammazo: nao da
16:08:10 : Side: Jhon McFLY: vc tem que sar do server para isso
16:08:41 : Side: Kammazo: como muda ?
16:08:50 : Side: Jhon McFLY: vai nas configuracoes de controle
16:09:11 : Side: Jhon McFLY: depois clica em pre-configuracao
16:09:15 : Side: Kammazo: ata chei
16:09:18 : Side: Kammazo: vlw vo fazer
16:09:54 : Side: Jhon McFLY: ai vai ter la arma2 arma 3 e arma 3apex e so vc clicar em arma 3
16:11:22 : Side: Kammazo: ja mudei e agora ?
16:11:31 : Side: Jhon McFLY: roda o scrow
16:11:36 : Side: Kammazo: Consegui vlw
16:11:54 : Side: Jhon McFLY: 10 reias q vc esta me devendo agora.
16:12:03 : Side: Kammazo: ah blz
16:15:44 : Side: Kammazo: so progresso aqui ja consegui um bone e um oculos
16:15:59 : Side: Santos: kkkkkkkkkk
16:16:13 : Side: Kammazo: kkkw
16:16:44 : Side: [CST]Fernandes: o melhor lugar para loots e em bombeiros e zonas militares
16:17:09 : Side: Kammazo: vlw
16:17:19 : Side: Kammazo: para de sangra sozinho ?
16:22:16 : Side: Jhon McFLY: O tiro ta comendo em kebabino em.
16:22:40 : Side: Santos: kkkkk...kabanino
16:22:42 : Side: Jhon McFLY: Kabanino*
16:28:32 : Side: Santos: se me ver apontando a arma pra voce nao me mate sou friendly
16:28:34 : Side: Santos: kkk
16:42:47 : Side: Santos: servidor lotado de gente armada e meu voneco vai morrer de sede vtnc
16:43:17 : Side: Jhon McFLY: nao achou nada ?
16:43:34 : Side: Santos: agora só
16:43:54 : Side: Kammazo: ta dando sede bem rapido
16:44:17 : Side: Jhon McFLY: me passa suas cordenadas se vc morrer eu aproveito seu loot :)
16:44:35 : Side: Santos: kkk
16:44:38 : Side: Santos: corvo
16:45:05 : Side: Jhon McFLY: cara hoje ta bem melhor que ontem qem questao de bebida e comida
16:45:41 : Side: Kammazo: pra que server o  serrote, hammer, e wrech
16:45:56 : Side: Jhon McFLY: pra fazer os crafts
16:46:16 : Side: Pacifico: clika no botao com os dois martes lo seu inventario
17:19:42 : Side: Kammazo: como abre o craft de itens ?
17:19:51 : Side: Pacifico: inventario
17:19:58 : Side: Pacifico: clika nos dois martelos
17:28:03 : Side: Santo Cristo: eai vanderlei
17:28:53 : Side: Kammazo: logan ?
17:29:06 : Side: Santo Cristo: /vanderlei
17:31:31 : Side: [CST]Fernandes: alguém ai ja achou carro?
17:31:40 : Side: Rec.Gaz: eu n
17:31:41 : Side: Kammazo: eu nao
17:31:51 : Side: BrOrleans: eu
17:31:55 : Side: BrOrleans: não
17:32:00 : Side: [CST]Fernandes: eu já kkkkk
17:32:17 : Side: Rec.Gaz: carro de mod ou normal do arma?
17:32:17 : Side: [CST]Fernandes: uma brasília kkkkkk
17:32:21 : Side: Rec.Gaz: kkkkkkkkk
17:32:28 : Side: [CST]Fernandes: de mod
17:33:01 : Side: [CST]Fernandes: .pelo que vejo nesse mod, nao esperem passear de ifrit e hunter nao kkkk
17:33:17 : Side: Rec.Gaz: ai que [e bom
17:33:22 : Side: [CST]Fernandes: ISSO MESMO, 
17:33:32 : Side: BrOrleans: viruz ta mais pra origin do que pra exile
17:34:00 : Side: Jhon McFLY: tem que por um limite de carros
17:34:08 : Side: [CST]Fernandes: BRASILIA 86 SEMINOVA 
17:34:18 : Side: Rec.Gaz: da uma carona pra nois uashaus
17:34:20 : Side: BrOrleans: pampa
17:34:25 : Side: Mateuus: vamos arrumar os carros aindas
17:34:26 : Side: Jhon McFLY: tipo 15 corros 3 barcos e 1 heli
17:34:28 : Side: Kammazo: tenho uma lee enfield quer trocar ??
17:34:29 : Side: BrOrleans: pra vcs levarem na raseira kk
17:34:39 : Side: [CST]Fernandes: PNEUS MEIA VIDA,TO PEDINDO 5 K   MAS TEM CONVERSA
17:34:41 : Side: Pacifico: AIN QUE DELICIA
17:35:01 : Side: Mateuus: De Onde da Praia Grande você é ?
17:35:04 : Side: Kammazo: 5k ? para eu gosto de correr 7 km
17:35:20 : Side: [CST]Fernandes: SO OS VIDROS QUE ESTÃO MEIO "BALEADOS", SE É QUE VOCÊS ME ENTENDEM
17:35:42 : Side: Rec.Gaz: kkkk
17:36:34 : Side: [CST]Fernandes: ACABEI DE PASSAR POR RICK GRIMMMES DO TWD AQUI
17:36:49 : Side: Kammazo: kkk
17:42:53 : Side: Kammazo: tem helicrash ?
17:42:56 : Side: Mateuus: SIM
17:42:59 : Side: Jhon McFLY: sim
17:43:20 : Side: Mateuus: VAMOS COLOCAR MISSÃO HOJE A NOITE E VER SE ARRUMAMOS ESSES CARROS
17:44:45 : Side: Jhon McFLY: mateus tem restart auto ?
17:44:53 : Side: Mateuus: Sim
17:45:00 : Side: Jhon McFLY: que horas ?
17:45:07 : Side: Mateuus: pera ae acho que não vou arruma ainda
17:46:08 : Side: Kammazo: helicrash rendeu uhuuuuuu
17:46:36 : Side: Jhon McFLY: onde ?
17:47:01 : Side: Kammazo: posto ipiranga
17:47:17 : Side: Kammazo: perto de gvozndo
17:47:17 : Side: Jhon McFLY: nossa que cuzzao
17:47:30 : Side: Kammazo: gvozdno
17:47:42 : Side: Mateuus: to pescando!
17:47:48 : Side: Kammazo: kkk nao sobrou nada
17:47:50 : Side: BrOrleans: kkkkk esse ai nunca jogou dayz?
17:49:11 : Side: Kammazo: scope na enfield nunca vi
17:49:59 : Side: Santos: a
17:51:19 : Side: HugoNinjaMaster: melee funciona nos zumbis?
17:51:27 : Side: [CST]TangoDown: So o machado
17:51:29 : Side: Jhon McFLY: so machado
17:51:34 : Side: HugoNinjaMaster: ok vlw
17:51:38 : Side: Mateuus: MAIS O MENOS TEMOS QUE ARRUMA O RECUO AINDA
17:52:58 : Side: Kammazo: ja tao de heli ?
17:53:07 : Side: [CST]TangoDown: tenho um carro na base
17:53:34 : Command: Mateuus: .
17:53:39 : Side: Mateuus: Heli Crash
17:53:46 : Side: Rec.Gaz: quem tava dando tiro 
17:53:54 : Side: Kammazo: varios ?
17:54:05 : Side: Rec.Gaz: bastante
17:54:08 : Side: Kammazo: eu
17:54:18 : Side: Kammazo: sou friendly kkk
17:54:23 : Side: Rec.Gaz: e nois!
17:54:36 : Side: Kammazo: vamo grupo ?
17:54:39 : Side: Rec.Gaz: sou friendly ate achar alguem que n e
17:54:47 : Side: Rec.Gaz: bora to no ts com o orleans
17:54:55 : Side: Kammazo: passa o ts ai
17:55:18 : Side: Rec.Gaz: ts3.sobrevivente.com chegss
17:56:55 : Side: [CST]Fernandes: ORLEANS,DEIXA EU PEGAR ESSA 7.62 QUE VOCE NAO VAI MAIS PRECISAR KKKKK
17:57:06 : Side: BrOrleans: vai mano
17:57:52 : Side: HugoNinjaMaster: zumbis do demonio pqp UAHSuhAS
17:59:03 : Command: Jhon McFLY: de noite o zumbi da um cagaco do carai
17:59:24 : Side: Jhon McFLY: de noite o zumbi da um cagaco do carai.
17:59:25 : Side: HugoNinjaMaster: imagino, porra dei 10 tiros e nao morreu o zumbi
18:00:04 : Side: HugoNinjaMaster: legal que tem um monte mas são muito rapidos
18:00:21 : Side: [CST]Fernandes: OS CARAS NA MALANDRAGEM ACHANDO QUE IAM LEVAR O CORCEL2 NA CARA DURA KKKKKK
18:00:23 : Side: Amtec: oi pessoal
18:00:41 : Side: Amtec: tou curtindo
18:00:42 : Side: HugoNinjaMaster: yo
18:00:54 : Side: [CST]Fernandes: OI AMTEC
18:00:57 : Side: Amtec: melhor ViruZ em Chernarus
18:01:06 : Side: Amtec: oi manos
18:01:13 : Side: Rec.Gaz: e aii
18:01:21 : Side: Jhon McFLY: se vc precisar desses carros para dar fuga ta fudido.
18:01:27 : Side: Amtec: vai rolar uma Live  no canal do Tuga um dia destes
18:01:35 : Side: [CST]Fernandes: KKKKK VERDADE
18:01:36 : Side: Amtec: kkkk
18:01:37 : Side: Jhon McFLY: uma lata velha do carai
18:01:44 : Side: HugoNinjaMaster: tem como ver fome e sede?
18:01:56 : Side: Mateuus: Pode deixa que vou divulgar nas Paginas
18:02:00 : Side: Mateuus: Inventory
18:02:08 : Side: HugoNinjaMaster: vlw
18:02:17 : Side: [CST]Fernandes: MAS TA QUITADO, MELHOR QUE ANDAR COM CARRO DO ANO E TODO FINANCIADO K
18:02:32 : Side: [CST]Fernandes: KKKKK
18:02:54 : Side: Jhon McFLY: achou um lada ?
18:03:28 : Side: Mateuus: chama a mamae chama o Papai
18:05:15 : Side: Kammazo: meu boneco ta tossindo igual uma loco oq q toma
18:05:39 : Side: Mateuus: Antibiotico
18:06:46 : Side: Amtec: caraca nao consigo tirar a arma das costas como faço?
18:09:50 : Side: Jhon McFLY: vc tem que mudar a pre config dos controles para arma 3 normal
18:10:01 : Side: Jhon McFLY: vc deve estar usando a apex
18:10:26 : Side: Kammazo: nao ouve o jhon depois ele fica cobrando 10 reais kkkk
18:10:37 : Side: Jhon McFLY: kkkkk
18:12:08 : Side: Santo Cristo: qual eo botao pra coorre  sozinho
18:12:16 : Side: Rec.Gaz: INSERT
18:12:24 : Side: Santo Cristo: valeu
18:12:28 : Side: Mateuus: Tecla HOME tem informação
18:13:42 : Side: HugoNinjaMaster: ta de parabens o modder
18:13:56 : Side: Santo Cristo: como faco pra  saber onde  esta meu corpo pq morri pra zunbi ninja
18:14:12 : Side: Rec.Gaz: kkk tem que saber aonde esta
18:14:23 : Side: Santo Cristo: nao marca 
18:14:33 : Side: Santo Cristo: nao conheco esse mapa
18:14:37 : Side: Vander: fala mateus
18:14:49 : Side: Vander: vai ter misao
18:15:15 : Side: Kammazo: Area 51 ia ser mt bom
18:16:58 : Side: HugoNinjaMaster: como troca de arma por favor?
18:18:19 : Side: Jhon McFLY: tem que mudar a pre configuracao dos controles para arma 3 normal
18:18:25 : Side: Santo Cristo: estrobol do mouse 
18:18:30 : Side: Amtec: como faço isso
18:18:31 : Side: HugoNinjaMaster: vlw
18:19:50 : Side: Amtec: fica no do Arma3 Apex
18:20:41 : Side: HugoNinjaMaster: e onde muda?
18:21:42 : Side: Kammazo: ESC>CONFIGURAR>CONTROLES>PRE.CONFIG>ARMA 3>OK>OK
18:22:07 : Side: HugoNinjaMaster: vlw Kamm
18:27:05 : Side: Kammazo: o gaz disse q tem como subi nas casa como faz ?
18:27:24 : Side: ZelokoBR: boa tarde galera
18:27:27 : Side: [CST]Fernandes: SIM,CONFIGURE O INHANCED MOVIMENT
18:27:40 : Side: Pacifico: ;boa
18:27:58 : Side: Kammazo: ja ta mais so da um pulinho xoxo kk
18:28:29 : Side: [CST]Fernandes: NADA,VOCE PODE PULAR MUROS E SUBIR EM ALGUMAS CASAS 
18:28:41 : Side: Kammazo: ata 
18:28:45 : Side: Kammazo: deu certo vlw
18:28:59 : Side: [CST]Fernandes: JA ME AJUDOU MUITO EM PVP NAS VERSOES ANTERIORES
18:30:05 : Side: HugoNinjaMaster: da pra beber agua das fontes, lagos? ou precisa garrafa?
18:32:07 : Side: ZelokoBR: serve caiu
18:32:47 : Side: HugoNinjaMaster: aqui nao
18:33:07 : Side: Amtec: encontrei helicrash full loot
18:35:06 : Side: Kammazo: quem é o aeroporto ?
18:35:17 : Side: Kammazo: perto de vybor 
18:37:45 : Side: HugoNinjaMaster: tem aquelas moto cross no server?
18:38:32 : Side: Dahlem: boa tarde senhores
18:38:45 : Side: HugoNinjaMaster: tarde
18:38:59 : Side: Pvt. Dias: dahlem dahlem?
18:44:46 : Side: Kammazo: ta faltando um carro pra carrega as coisa 
18:45:10 : Side: Pacifico: coloca na barraca
18:45:10 : Side: Mateuus: VAMOS ARRUMA JÁ JÁ
18:45:31 : Side: Kammazo: ta sem carro ?
18:46:23 : Side: Mateuus: Vou deixa o um Carro em alguma cidade ai
18:46:46 : Side: Jhon McFLY: mateus
18:47:08 : Side: Jhon McFLY: as paredes de madeira nao da para varar ?
18:47:54 : Side: Pvt. Dias: adm porque fui expulso do jogo?
18:49:10 : Side: Kammazo: ahhhh morri bugado na parede
18:49:40 : Side: Pvt. Dias: adm ta ai?
18:50:33 : Side: HugoNinjaMaster: silenciador nao serve pra zumbi?
18:50:45 : Side: Jhon McFLY: nao
18:50:51 : Side: HugoNinjaMaster: q pena
18:52:24 : Side: HugoNinjaMaster: esse healing. e so ficar parado?
18:52:36 : Side: Jhon McFLY: s
18:52:41 : Side: HugoNinjaMaster: vlw
18:59:01 : Side: Santo Cristo: alguem afim de joga juntos
18:59:18 : Side: Kammazo: entra no ts 
18:59:26 : Side: Kammazo: ts3.sobreviventes.com
19:06:03 : Side: Kammazo: morre pra player vai mas morre bugado em parede é 100%
19:14:23 : Side: Kammazo: corpo de player demora pra sumi ?
19:14:35 : Side: Jhon McFLY: s
19:20:00 : Side: Pvt. Dias: cansado de tanto corre de zumbi
19:20:20 : Side: Santo Cristo: zumbi tudo e maratonista
19:20:32 : Side: Kammazo: como alguem falou ai esse jogo é simulação de corrida
19:20:37 : Side: Santos: morrer [e opcao
19:20:45 : Side: [CST]Fernandes: KKKK 
19:20:48 : Side: Santos: loganz seu lindo
19:20:50 : Side: Pvt. Dias: pior de tudo [e que eles n'ao param. eles te seguem pro resto da `vida` deles kkkkkk
19:21:24 : Side: Santo Cristo: nao sou o langan mano  
19:21:36 : Side: Santos: ta bom.....mente pra mim
19:21:38 : Side: Santo Cristo: so gosto de legiao urbana tbm
19:21:40 : Side: [CST]Fernandes: UMA DICA,PROCURE SEMPRE SE MOVER AGUACHADO QUE DIMINUI A CHANCE DOS ZUMBIS TE VEREM
19:22:01 : Side: HugoNinjaMaster: vlw
19:22:02 : Side: Pvt. Dias: diminuir a chance deles me verem. kkkkkkkkkkkkkkkk
19:22:06 : Side: Santos: vai mentir pra um inscrito nha nha nha
19:22:34 : Side: Santos: abra;o pro C
19:23:48 : Side: HugoNinjaMaster: comida tambem recupera vida que nem no mod?
19:23:56 : Side: Santo Cristo: sim
19:24:05 : Side: HugoNinjaMaster: vlw
19:24:06 : Side: Pvt. Dias: pra mim nao ta recuperando nao 
19:24:31 : Side: HugoNinjaMaster: pode ser pq é pouco, no mod era bem baixo o recover
19:24:34 : Side: Kammazo: recupera bem devagar
19:24:44 : Side: Pvt. Dias: a entendi
19:24:59 : Side: Kammazo: de vez em quando aparece na perte de cima da tela HEALING
19:25:18 : Side: Pvt. Dias: ja atravessei 3 cidades e to com 2 zumbis que nao saem da minha cola kkkkkkkkkkkk
19:25:31 : Side: Kammazo: zig zag entre arvores ajuda
19:25:41 : Side: Santos: pessoal ta mais afim de pvp ou pvz?
19:25:44 : Side: HugoNinjaMaster: vdd
19:25:52 : Side: Pvt. Dias: estamos em shernarus meu amor. aqui quase nao tem arvore kkkkkk
19:25:54 : Side: HugoNinjaMaster: eu sou sempre pelo pvZ
19:26:05 : Side: Santos: sou dessa tbem
19:26:08 : Side: Kammazo: ai corre ne meu parceiro
19:26:10 : Side: Pvt. Dias: eu tb preciso pvz
19:26:18 : Side: Santos: pra saber e nao matar os brothers
19:26:20 : Side: Kammazo: eu trbm prefiro pvz
19:26:42 : Side: Pvt. Dias: afinal se for pra matar vamo pra outro mod kkkkk
19:26:47 : Side: Dahlem: hahahaha
19:26:50 : Side: Santos: kk
19:27:08 : Side: HugoNinjaMaster: vdd
19:27:30 : Side: HugoNinjaMaster: tinha que ter areas especifocas pra pvp
19:27:31 : Side: Pvt. Dias: quero 1 caroooooooooooooooooooooooooooo
19:27:42 : Side: Pvt. Dias: carro carro carro carro carro carro não aguento mais correr
19:28:00 : Side: HugoNinjaMaster: bike ja ajudava
19:28:10 : Side: Pvt. Dias: to ouvindo uns pipoco frenetico
19:28:20 : Side: Pvt. Dias: por favor nao atirem mim sou da paz
19:28:44 : Side: Santos: ajuda ae 
19:28:44 : Side: HugoNinjaMaster: noite dificulta o zumbi de ver tmb?
19:28:52 : Side: Santos: to cheio de zoombies aqui
19:29:03 : Side: Santos: bora ali no helicrash
19:29:25 : Side: Pvt. Dias: onde vcs estao vamos junta
19:29:36 : Side: Santos: airfield
19:29:49 : Side: Santos: pvz lembra
19:29:50 : Side: Kammazo: quem ta no aeroporto grandao perto de vybor atirando ?
19:30:02 : Side: Santos: eu
19:30:08 : Side: Pvt. Dias: to chegando ae.  
19:30:10 : Side: Kammazo: to aqui nao me mata blz ?
19:30:20 : Side: Santos: to de boa...bora lootear
19:30:26 : Side: Kammazo: ta aonde ?
19:30:26 : Side: HugoNinjaMaster: esse ai se chama airfield
19:31:13 : Side: Pvt. Dias: qual botao pra trocar de arma meu Deus 
19:31:16 : Side: Kammazo: munição ta sobrando ai em santos
19:31:19 : Side: Pvt. Dias: nao consigo trocar de arma
19:31:22 : Side: Santos: kkk
19:31:24 : Side: HugoNinjaMaster: roda do mouse
19:31:25 : Side: Kammazo: cedilha
19:31:27 : Side: Santos: arma tbem
19:31:29 : Side: Kammazo: ou roda o mouse
19:31:48 : Side: Santos: so falta o mar pra poder usar minha roupa de mergulho
19:32:10 : Side: HugoNinjaMaster: kkkkk
19:32:22 : Side: Pvt. Dias: nao consigo trocar arma de jeito nem um
19:32:31 : Side: Pvt. Dias: nem com scroll
19:32:39 : Side: Santos: hugo s[o tem uma arma aqui ...pode pegar ela
19:32:43 : Side: HugoNinjaMaster: tem q trocar pra arma 3 no options
19:32:53 : Side: HugoNinjaMaster: vixi vlw mano mas eu to longe de tudo uahsuhas
19:33:00 : Side: Kammazo: vai nas config do controle e muda as pre config pra arma 3
19:33:05 : Side: Pvt. Dias: ja fi isso mesmo assim nada
19:33:32 : Side: HugoNinjaMaster: tenta reconectar
19:34:11 : Side: Santos: quem vai no helicrash do airfield tem 2 armas ali
19:35:41 : Side: Kammazo: sera q uma hora os zumbi acaba ?
19:36:05 : Side: Pvt. Dias: onde aqui na base vcs estao estou aqui
19:36:07 : Side: Santos: se andar abaixado eles n'ao te escutam e veem dai te deixam
19:36:21 : Side: Kammazo: se ficar matando eu falo
19:39:15 : Side: DougBaster: boa noite como pego o machado
19:39:35 : Side: HugoNinjaMaster: ja trocou pra arma 3 os controles?
19:39:47 : Side: DougBaster: nao
19:39:57 : Side: DougBaster: ta na conf padrao
19:40:15 : Side: HugoNinjaMaster: ta tu vai ter que desconectar, ir no options controles e pre alguma coisa
19:40:24 : Side: HugoNinjaMaster: e acabo de matar a lara croft zumbi
19:40:26 : Side: DougBaster: ha ok
19:40:35 : Side: DougBaster: kkk
19:40:36 : Side: Santos: kkkkk
19:41:01 : Side: HugoNinjaMaster: vai rolar uma necrofilia xD
19:41:25 : Side: HugoNinjaMaster: aff ta faltando uma teta. larguei de mao
19:41:30 : Side: Santos: kkkk;eu deitava em cima
19:42:36 : Side: DougBaster: vlw cara te amo
19:42:40 : Side: HugoNinjaMaster: haha
19:42:49 : Side: DougBaster: tava no apex
19:43:04 : Side: HugoNinjaMaster: passei por isso tmb
19:43:11 : Side: HugoNinjaMaster: té mais galera o/
19:43:22 : Side: Dahlem: flw
19:43:27 : Side: DougBaster: flw irmao
19:44:30 : Side: Dahlem: nao da pra criar grupo ne?
19:44:43 : Side: Kammazo: da
19:44:46 : Side: Kammazo: aperta U
19:45:24 : Side: Dahlem: hahahaha mas nao se ve xD , ou tem que estar perto?
19:45:33 : Side: Kammazo: tem q ta perto
19:46:14 : Side: Dahlem: muito obrigado mano
19:48:33 : Side: Pvt. Dias: aqui ta aparecendo um osso 
19:48:40 : Side: Pvt. Dias: como fa;o pra curar ele?
19:48:41 : Side: Kammazo: quebro a perna
19:48:45 : Side: DougBaster: morfina
19:48:48 : Side: Kammazo: morphine 
19:48:51 : Side: Kammazo: raro
19:49:10 : Side: DougBaster: n lott é facil em hospital n é ??
19:49:35 : Side: Pvt. Dias: so foi vc falar que eu achei uma aqui kkkkkkkkkkkk
19:49:43 : Side: Santos: largoooo
19:51:48 : Side: DougBaster: ai mds ta ficando noite partiu fica cego
19:55:56 : Side: Kammazo: aceita grupo santos
19:57:02 : Side: Dahlem: como acende a lanterna
19:57:10 : Side: DougBaster: l
19:57:16 : Side: [CST]Fernandes: L
19:57:26 : Side: Dahlem: ¬¬ sou muito burro
19:57:32 : Side: Dahlem: hahahahah obrigado
19:57:57 : Side: DougBaster: um ajuda o outro ué
19:58:11 : Side: Dahlem: sim sim 
19:59:34 : Side: Dahlem: oooooooo merda
20:10:06 : Side: Mateuus: Sim vai te Heli
20:10:16 : Side: PiccoMito: vlw
20:10:33 : Group: Jhon McFLY: w
20:13:20 : Side: Mateuus: Faz Grupo no 'U'
20:17:05 : Side: Lopreste: tem chat all.. sdds disso
20:18:44 : Direct: Mateuus: CTRL + b
20:21:04 : Direct: Mateuus: coloca o gerador
20:21:50 : Side: Santos: tem heli no server?
20:21:59 : Side: kawai: sim
20:22:06 : Side: Santos: lol
20:22:14 : Direct: Mateuus: passa o ts3 de voce que vou mostrar melhor
20:30:33 : Side: Patolino: oláaaa
20:30:54 : Side: Mateuus: Patooooooo na na na na
20:31:10 : Side: Lopreste: Ta foda... tem mt zumbi
20:31:23 : Side: Patolino: assim q é baum
20:33:09 : Side: DougBaster: faça bom uso dos meus itens
20:33:58 : Side: kawai: acho que vc se deu mal amigo
20:34:16 : Side: DougBaster: so queria agua
20:34:17 : Side: Santos: pior...nao sei se e pra mim ...mmas tem razao
20:34:22 : Side: DougBaster: mas fazer oq
20:34:33 : Side: DougBaster: tu tava em electro
20:34:37 : Side: kawai: é pro pico micco
20:34:50 : Side: Lopreste: qm ta em cherno
20:34:52 : Side: Lopreste: ta porra..
20:38:02 : Direct: Patolino: OI
20:38:06 : Direct: Mateuus: nao ta saindo voz
20:38:37 : Direct: Patolino: NAO SEI PQ NAO TA SAINDO
20:38:40 : Direct: Patolino: bugou
20:38:42 : Direct: Patolino: tma no cu
20:38:45 : Direct: Mateuus: kkk
20:38:52 : Direct: Mateuus: flw vou arruma uns negocios
20:39:03 : Direct: Patolino: lixo
20:43:11 : Side: HardMAnRS: e ai pato manda grupo ai filho
20:45:09 : Side: Mateuus: Heli Já tem é que falta colocar ainda
20:49:04 : Side: HardMAnRS: salve matheus
20:52:48 : Side: Mateuus: Armas Raras e Etc... por que não ta configurado ainda
20:53:06 : Side: kawai: sempre tem um merdinha camperando
20:53:32 : Side: PiccoMito: chora
20:53:59 : Side: Mateuus: ;
20:54:00 : Side: kawai: e quem disse que eu morri  ou algo do tipo
20:54:10 : Side: PiccoMito: falei pra n reclamar simples
20:54:27 : Side: kawai: tome otario campera mais
20:55:16 : Direct: Patolino: oi
20:55:24 : Direct: Patolino: meu mic bugo por um acaso
20:55:35 : Direct: Patolino: vou em matar
20:55:38 : Direct: Patolino: tem nada aqui perto
20:57:34 : Side: Kammazo: PVP ou PVZ ?
21:05:50 : Side: Kammazo: pra fazer um machado para pegar madeira voce precisa de madeira
21:12:44 : Side: kawai: ei hackisera
21:12:46 : Side: DougBaster: como cata scrap metal
21:12:57 : Side: kawai: ta vendo atraves da parede filho
21:13:52 : Side: Kammazo: nao da pra enche o bagui de agua nesses negocio que tem na cidade ?
21:14:24 : Side: 2Ten.JohnPrice: como eu uso a faca para cortar o animal
21:14:35 : Side: Kammazo: tbm quero sabe
21:15:00 : Side: [CST]TangoDown: da gut depois aperta T
21:15:10 : Side: [CST]TangoDown: mata e depois aperta T
21:15:35 : Side: Kammazo: tem como pega medeira sem o machado ?
21:17:46 : Side: [HAMAS]NightHunter: convide-me
21:20:10 : Side: Kammazo: pedir um machado é pedir demais ?
21:23:12 : Global: [CST]CeccoGamer: AVALA  VIADOOO
21:47:05 : Side: ZelokoBR: corre c nao zubi mata kkkkkkkkkkk
21:53:37 : Side: MAUS: como troca de arma?
21:53:54 : Side: kawai: no meu é o ''Ç'''
21:54:10 : Side: MAUS: vlw obrigado
21:54:15 : Side: -[Sow]-SobreviventeX: Tem como correr sozinho ?
21:54:24 : Side: [CST]TangoDown: insert
21:54:41 : Side: -[Sow]-SobreviventeX: Vlw tango vc [e foda
21:54:58 : Side: -[Sow]-SobreviventeX: Meu dedo j[a estava atrofiando aqui
22:00:35 : Side: -[Sow]-SobreviventeX: Para puxar a arma os atalhos 1 2 3 estao funfando ?
22:05:13 : Side: DougBaster: igor acc grupo
22:06:03 : Side: DougBaster: igor ta na cidade ja
22:07:44 : Global: DougBaster: igor ta ae
22:11:20 : Side: DougBaster: Aonde pego scrap metal
22:22:40 : Side: Brother: Boa noite! 
22:23:09 : Side: [CST]YouRMadrugA: Atirando em desmaiado
22:23:37 : Side: Cenci: caras
22:23:50 : Side: Cenci: Como faco para mudar entre primaria e secundaria?
22:24:14 : Side: [CST]CeccoGamer: 1  2  3
22:26:18 : Side: Cenci: outra duvida
22:26:28 : Side: [CST]TangoDown: aperta HOME
22:26:33 : Side: Cenci: esses veiculos nos mapas, sao veiculos mesmo ou pontos de onibus
22:26:45 : Side: Cenci: oh
22:26:52 : Side: Cenci: valeu
22:30:55 : Side: Cenci: Bem, agora que eu sei criar grupos faltam só os amigos.
22:49:11 : Side: jesse: mds o que foi isso
22:49:19 : Side: jesse: caiu um carro encima de min
22:49:22 : Side: Bob Lee Swagger: hack eu acho morri tbm
22:49:24 : Side: [CST]TangoDown: aqui tbm
22:49:30 : Side: [CST]TangoDown: mas to vivao
22:49:36 : Side: Odin: de mim tbm
22:49:50 : Side: Mateuus: Desculpa ai, estou fazendo teste para adicionar os carros
22:49:58 : Side: Cenci: LOL
22:50:06 : Side: Mateuus: eu jumento executei Global
22:50:10 : Side: jesse: percebi kkkk
22:50:19 : Side: WoLoKo: kkkk
22:50:20 : Side: Cenci: nao temos carros ainda?
22:50:22 : Side: Mateuus: foi mal ai
22:50:29 : Side: jesse: de boas
22:50:29 : Side: WoLoKo: tem sim
22:50:36 : Side: Mateuus: Já já vamos adicionar
22:50:38 : Side: kawai: po adm tentou me assasinar mais eu fui rapido esquivei e peguei o carro
22:50:44 : Side: WoLoKo: kkkk
22:50:50 : Side: jesse: só levei um susto tipo do nada um carro caiu emcima de min
22:51:06 : Side: Cenci: muito bom o server, god que saudades do dayz antigao 
22:51:21 : Side: kawai: vc vai addd helicoptero tambem adm?
22:51:23 : Side: Bob Lee Swagger: pior
22:52:33 : Side: Cenci: helicopteros tem também?
22:52:43 : Side: Mateuus: sim
22:52:54 : Side: kawai: po adm manda um diluvio de carros ai de novo
22:53:05 : Side: kawai: maior pernada até la em cima do mapa
22:56:17 : Side: kawai: PO ADM ARRUMA O ZUMBI AI TA QUASE DANDO ONE HIT KILL
22:56:26 : Side: Cenci: aqui nao
22:56:35 : Side: kawai: NAO SAO TODOS
22:56:35 : Side: [CST]TangoDown: to matando no machado
22:56:57 : Side: [CST]TangoDown: so o gordao q ta foda
22:57:01 : Side: Odin: parceiro colou itens no carro e o carro sumiu kkk
22:57:22 : Side: [CST]TangoDown: essa historia ai [e boa hein
22:57:49 : Side: [CST]YouRMadrugA: Nice Fanfic
22:58:57 : Side: kawai: ADM PRA QUE SERVE O RADIO FM
22:59:10 : Group: [CST]CeccoGamer: ..
22:59:19 : Side: [CST]TangoDown: ouvir modao
22:59:23 : Side: [CST]TangoDown: restart
22:59:32 : Side: [CST]TangoDown: nx zero
22:59:39 : Side: jesse: prefiro me matar
22:59:41 : Side: Bob Lee Swagger: safadao
22:59:46 : Side: Odin: AQUI SERVE PRA OUVIR FM VALE VERDE
22:59:58 : Side: [CST]TangoDown: todas essa bandas boas da geracao Y
23:01:10 : Side: Cenci: ainda nao entendi como trocar de arma
23:01:14 : Side: Cenci: god
23:03:53 : Side: Cenci: como faço pra pegar o machado na mao, mim ajudem :c
23:04:20 : Side: Thiago: aperta 1 ou 2
23:04:28 : Side: Thiago: ou roda a bolinha do mouse
23:04:33 : Side: Cenci: nenhum dos dois da
23:05:49 : Side: Cenci: /
23:15:36 : Side: kawai: JA COLOCOU OS CARROS ADM
23:15:42 : Side: kawai: ?
23:16:08 : Side: Texugo: provavel que sim
23:43:29 : Side: ALISSON: pq to sendo kikado 
23:44:02 : Side: ONNE: nao sei
23:44:16 : Side: kawai: VC NAO VC NAO É DIGNO DE JOGAR O MOD
23:44:20 : Side: kawai: KKKKKKKKKKKKKKKKKKKK
23:44:44 : Side: ALISSON: WHY
23:45:06 : Side: [CST]YouRMadrugA: Somente os de coraçã ocorrompido podem jogar
23:45:30 : Side: ALISSON: NOSSA Q LOCO
23:45:33 : Side: ALISSON: IGUAL DAYZ MOD
23:50:05 : Side: Polizzo: Como troca a arma?
23:58:12 : Side: Will: como muda de arma?
23:58:26 : Side: kawai: O MEU É NO ''Ç''
23:58:41 : Side: Will: vlw mano
