01:28:28 : Global: CaboCorrupto.: to
01:29:07 : Global: CaboCorrupto.: copiou?
01:34:04 : Group: CaboCorrupto.: W
01:37:05 : Group: CaboCotoco.: ;;
01:46:25 : Global: CaboCorrupto.: booa demro
02:39:05 : Group: CaboCorrupto.: AFF
02:39:09 : Group: CaboCorrupto.: AFF
02:39:40 : Global: CaboCotoco.: QUE ISSO 
02:39:45 : Global: CaboCorrupto.: FALO]
02:39:48 : Global: CaboCotoco.: ADM?
02:40:18 : Global: CaboCotoco.: QUANTO AT
08:01:08 : Global: PC Gamer: algum ae pra grupo ?
08:01:26 : Global: [F.A.B] Gustavo: nos ja estamos em grupo :)
08:01:39 : Global: PC Gamer: posso me junta a vcs
08:02:03 : Global: PC Gamer: vcs estão usando ts RC ou skyper?
08:03:54 : Global: PC Gamer: tem ts
08:03:58 : Group: [F.A.B] Gustavo: nao
08:04:03 : Group: [F.A.B] Gustavo: estamos na mesma sala aqui
08:04:11 : Group: [F.A.B] Gustavo: nao podemos usar ts
08:04:26 : Global: PC Gamer: nada pra se comunicar?
08:04:41 : Group: [F.A.B] GCervo: texto
08:05:35 : Group: PC Gamer: de boa
08:07:41 : Group: PC Gamer: to perto de vcs 
08:08:18 : Group: [F.A.B] Gustavo: bora tentar missao
08:08:35 : Group: PC Gamer: vamos
08:11:42 : Group: PC Gamer: vamos fazer qual missao
08:11:49 : Group: [F.A.B] GCervo: lav
08:15:08 : Group: [F.A.B] Eduardo: ja ta em posiçao?
08:16:34 : Group: PC Gamer: eduardo
08:16:40 : Group: PC Gamer: tem arma aqui no carro quer?
08:16:49 : Group: [F.A.B] Eduardo: eu tenho
08:16:50 : Group: [F.A.B] Eduardo: vlw
08:18:42 : Group: PC Gamer: como eu processo de missao aqui ?
08:18:54 : Group: PC Gamer: pega os carros e arma e divide o dinheiro ?
08:21:33 : Group: PC Gamer: vou por F.B.A no nick tbm
08:21:41 : Group: [F.A.B] Gustavo: nao nao
08:27:44 : Group: [F.A.B] Gustavo: vamos ter que arrombar o carro da missao
08:27:47 : Group: [F.A.B] Gustavo: para vender ele
08:27:49 : Group: [F.A.B] Gustavo: ta trancado
08:28:12 : Group: [F.A.B] Gustavo: 10k um toolkit
08:28:14 : Group: [F.A.B] Gustavo: fudeu
08:28:28 : Group: [F.A.B] Gustavo: alguem se mata e entra de engenheiro
08:28:29 : Group: [F.A.B] Gustavo: hahaha
08:28:35 : Group: PC Gamer: calma 
08:28:38 : Group: PC Gamer: eu tenho aqui
08:28:50 : Group: [F.A.B] Gustavo: gui achou um
08:30:10 : Group: [F.A.B] Gustavo: comprei um beacon
08:30:10 : Group: PC Gamer: conseguio?
08:30:24 : Group: [F.A.B] Gustavo: ta arrombando
08:30:38 : Group: PC Gamer: deixa pra por o beacon em cavala 
08:31:03 : Group: [F.A.B] Gustavo: vou levar o beacon junto
08:31:06 : Group: [F.A.B] Gustavo: para as missao
08:32:48 : Group: [F.A.B] Gustavo: pc gamer
08:32:51 : Group: [F.A.B] Gustavo: pega aqui no chao
08:33:34 : Group: PC Gamer: vamos em qual missao agr
08:34:05 : Group: [F.A.B] Gustavo: deu 20 mil o carro
08:34:34 : Group: [F.A.B] GCervo: esperar nascer uma
08:34:38 : Group: PC Gamer: aqui pra vender vc tenq coloca loked no carro ?
08:34:50 : Group: [F.A.B] Gustavo: voiu em laka comprar uma mira
08:36:46 : Group: [F.A.B] GCervo: que pc tu tem ai pc gamer
08:37:11 : Group: PC Gamer: pc gamer 7i 12 de ram gtx 1080
08:37:31 : Group: PC Gamer: i7 **
08:37:45 : Group: [F.A.B] GCervo: bom
08:42:38 : Group: [F.A.B] Gustavo: ja voltamos
08:47:59 : Group: [F.A.B] Gustavo: a missao deu 50k
08:48:20 : Group: [F.A.B] Eduardo: salvage deu 10k
08:48:35 : Group: [F.A.B] Gustavo: temos 60k 
08:48:40 : Group: [F.A.B] Gustavo: da 15k pra cada
08:48:43 : Group: [F.A.B] Gustavo: tamo rico
08:48:46 : Group: [F.A.B] Gustavo: ?)
08:48:47 : Group: PC Gamer: hehehe
08:48:52 : Group: [F.A.B] Gustavo: =)
08:49:02 : Group: [F.A.B] Gustavo: kkk
08:49:08 : Group: PC Gamer: kkkkk 
08:49:14 : Group: [F.A.B] GCervo: ops
08:49:25 : Group: [F.A.B] Gustavo: laka
08:49:30 : Group: [F.A.B] Gustavo: depositar e dividir a grana
08:50:52 : Group: PC Gamer: seria bom um heli agr ne pra fazer as missao
08:51:00 : Group: [F.A.B] Gustavo: imagina o presso
08:53:35 : Group: [F.A.B] Eduardo: boraaaaaaaaaaa porra
08:53:42 : Group: [F.A.B] Eduardo: aqui é bodybuilde
08:53:54 : Group: [F.A.B] Eduardo: hellcat furioso ali
09:05:34 : Group: PC Gamer: cervo me cura aqui tem med kit ae?
09:05:53 : Group: PC Gamer: vlw
09:10:14 : Group: [F.A.B] GCervo: vou nessa
09:10:35 : Group: [F.A.B] GCervo: abraco camigol camigol
09:12:19 : Global: [F.A.B] Gustavo: bora vender as caixas
09:12:27 : Global: [F.A.B] Gustavo: e dividir a grana
09:19:43 : Group: [F.A.B] Gustavo: deu 40k as caixas 
09:19:47 : Group: [F.A.B] Gustavo: ja que o guilherme saiu
09:19:55 : Group: [F.A.B] Gustavo: vamos dividir em 3
09:20:03 : Group: PC Gamer: :D
09:20:03 : Group: [F.A.B] Gustavo: 13k pra cada
09:21:16 : Group: [F.A.B] Gustavo: bora pegar um carro e ir em terisa depositar
09:21:29 : Group: [F.A.B] Gustavo: gg
09:25:45 : Group: [F.A.B] Gustavo: pegar uma agua aqui
09:26:49 : Group: PC Gamer: viu ali
09:26:53 : Group: PC Gamer: um blindado
09:27:00 : Group: [F.A.B] Gustavo: n
09:27:10 : Group: PC Gamer: tava la na cidade
09:28:32 : Group: PC Gamer: vou joga um missel la ok
09:28:40 : Group: [F.A.B] Gustavo: naaaao
09:28:51 : Group: [F.A.B] Gustavo: o tanque
09:28:56 : Group: [F.A.B] Gustavo: é recompensa
09:29:01 : Group: PC Gamer: blz
09:29:02 : Group: [F.A.B] Eduardo: é
09:29:06 : Group: [F.A.B] Eduardo: haha
09:29:15 : Group: [F.A.B] Eduardo: daí vc ia ferrar o esquema
09:29:42 : Group: [F.A.B] Gustavo: nosso chefe ta aqjui na sala
09:29:45 : Group: [F.A.B] Gustavo: estamos afk
09:31:36 : Group: [F.A.B] Eduardo: espera um pouco
09:31:42 : Group: [F.A.B] Eduardo: ja avançamos
09:31:52 : Group: PC Gamer: ok matei ums boot la
09:32:53 : Group: [F.A.B] Gustavo: tu tem o kit de ferramentas?
09:33:07 : Group: PC Gamer: nao eu joguei fora kk
09:33:12 : Group: [F.A.B] Eduardo: nao tenho tb
09:33:21 : Group: [F.A.B] Gustavo: acho que vai ta trancado dnvo
09:33:25 : Group: [F.A.B] Eduardo: foda
09:33:30 : Group: [F.A.B] Gustavo: ai temos que procurar em zaros
09:33:39 : Group: [F.A.B] Eduardo: eu vou la procurar
09:33:52 : Group: [F.A.B] Gustavo: beleza, vou marcar um 10 aqui
09:38:46 : Group: PC Gamer: achou ?
09:39:01 : Group: [F.A.B] Eduardo: ainda nao
09:39:08 : Group: [F.A.B] Gustavo: compra la na general
09:39:11 : Group: [F.A.B] Gustavo: é mais rapido
09:43:13 : Group: [F.A.B] Gustavo: vou atirar aqui
09:43:17 : Group: [F.A.B] Gustavo: só pra testar
09:43:50 : Group: [F.A.B] Gustavo: nesse server aqui a municao normal da linx chega a 1100m
09:43:54 : Group: [F.A.B] Gustavo: no armory nao
09:48:52 : Group: PC Gamer: vcs vao compra o apex?
09:48:57 : Group: [F.A.B] Gustavo: ja tenho
09:49:05 : Group: PC Gamer: heehhe
09:49:12 : Group: PC Gamer: semana que vem eu compro o meu rs
09:49:28 : Group: [F.A.B] Gustavo: tenho apex mas prefiro o altis
09:49:33 : Group: [F.A.B] Gustavo: nao curti muito o tanoa
09:49:52 : Group: PC Gamer: serio que isso man eu tava olhando ums videos la parece ser show
09:50:53 : Group: [F.A.B] Gustavo: tenho que desconectar
09:51:57 : Group: PC Gamer: vcs sao amigo do adm?
09:52:02 : Group: [F.A.B] Gustavo: nao
09:52:06 : Group: [F.A.B] Gustavo: nos somos FAB
09:52:14 : Group: [F.A.B] Gustavo: o server é FBA
09:52:20 : Group: [F.A.B] Gustavo: kkkkk
09:52:36 : Group: PC Gamer: kkkkk
09:54:37 : Group: PC Gamer: eu tbm  vi kkkkk 
09:57:52 : Group: [F.A.B] Gustavo: ta acabando os misseis dele
09:57:54 : Group: [F.A.B] Gustavo: calma
09:58:23 : Group: [F.A.B] Gustavo: tem 24 so
09:59:13 : Group: PC Gamer: da pra estabilizar aqui ?
09:59:54 : Global: [F.A.B] Gustavo: apelao
10:01:43 : Group: PC Gamer: esse helli era dele ?
10:01:56 : Global: [F.A.B] Gustavo: sim
10:04:07 : Group: [F.A.B] Gustavo: co,mo sabia
10:04:10 : Group: [F.A.B] Gustavo: q
10:04:13 : Group: [F.A.B] Gustavo: estavamos ali
10:06:11 : Group: [F.A.B] Gustavo: te passei o valor do heli
10:06:19 : Group: PC Gamer: sim
10:06:30 : Group: [F.A.B] Eduardo: te transferi 150k tb
10:06:33 : Group: [F.A.B] Eduardo: vou ter que sair
10:06:35 : Group: [F.A.B] Eduardo: abraço
10:06:44 : Group: PC Gamer: falow
10:07:15 : Group: PC Gamer: vamos fazer oq agr?
10:07:25 : Group: [F.A.B] Gustavo: cara
10:07:30 : Group: [F.A.B] Gustavo: somos colegas de servi;o aqui
10:07:33 : Group: [F.A.B] Gustavo: chefe veio
10:07:36 : Group: [F.A.B] Gustavo: tenho que sair tbm
10:07:39 : Group: [F.A.B] Gustavo: abra;o mano
10:07:42 : Group: [F.A.B] Gustavo: ate a proxima
10:07:49 : Group: PC Gamer: vlw mano brigado pela moral ae
10:07:55 : Group: [F.A.B] Gustavo: tranquilo
10:08:04 : Group: [F.A.B] Gustavo: valeu pela mao tbm,
14:57:12 : Group: Tekpiix: dinheiro ou o meu rabo
14:57:41 : Group: Tekpiix: oi
14:57:55 : Global: Tekpiix: oi
20:23:40 : Global: [CST]Algodoal: cara como pede um carro ?
