10:48:51 : Global: CLIENTE: opa ?
10:49:07 : Global: CLIENTE: mano?
10:49:40 : Global: Stivi: e ai
10:49:51 : Global: CLIENTE: começo agora no server?
10:50:46 : Global: Stivi: sim estamos em testes ainda para corrigir  erros se ver alguma coisa errda por favor avise
10:50:58 : Global: CLIENTE: ata vc e adm 
10:51:04 : Global: CLIENTE: pra mim era player normal
10:51:19 : Global: Stivi: os preço serão corrigidos e blue for e opfor acrecidos
10:51:36 : Global: CLIENTE: preços dos itens?
10:51:53 : Global: Stivi: sim sou sim um dos
10:52:07 : Global: Stivi: sim preços dos itens estão muito caros
10:52:25 : Global: CLIENTE: estao mesmo , e tbm o dinheiro aqui e muito dificil
10:52:31 : Global: CLIENTE: tem que se um pouco mais barato
10:53:18 : Global: Stivi: sim ja vimos isso mas tem mais coisas qualquer coisa entre em nossso ts 158.69.18.12
10:53:31 : Global: CLIENTE: blz , vou salva o ip aqui
10:54:10 : Global: Stivi: blz mas viaolhando ai o banco de dados não ira mudar
10:54:28 : Global: Stivi: suas conquistas serão preservadas
10:54:47 : Global: CLIENTE: ata , qual a media de playes online de ontem?
10:56:24 : Global: Stivi:  kkkkkk começamos ontem  nosso server é para 120 players por hora ainda não temos esses numeros mas até domingo quero deixar isso redondo
10:56:44 : Global: CLIENTE: esse server aqui e bom mano 
10:56:52 : Global: CLIENTE: vou fica jogando nele
10:57:02 : Global: CLIENTE: vou aproveita que tem pouco player pra arruma dinheiro kk
10:57:18 : Global: Stivi: blz e divulgue aos colegas ai blz
10:57:32 : Global: CLIENTE: blz , te, uns 3 amigos que vao logar mais tarde
10:58:05 : Global: Stivi: ok a noite é possivel que sai do ar para correções mas é jogo rapido
10:58:17 : Global: CLIENTE: tranquilo mano
11:00:35 : Global: CLIENTE: mano uma coisa que eu acho que vcs podiam mudar e o spawn de veiculos , estao muito poucos
11:01:07 : Global: Stivi: anotado valeu
11:01:31 : Global: CLIENTE: tipo eu acho que vcs podiam aumenta um pouco ,  e tbm mudasem os spawn de itens nos veiculos , pq se tiver muito veiculo vai ter muita arma 
11:01:36 : Global: CLIENTE: ai nao e bom
11:02:32 : Global: Stivi: ok vou encaminhar a sugestão  para o pessoal de desenvolvimento a noite to anotando tudo
11:02:39 : Global: CLIENTE: ta bom mano
11:03:33 : Global: CLIENTE: nesse server vai pode ser contruido base?
11:04:23 : Global: Stivi: não sei se isso é possivel mas vou checar depois eu gosto da ideia
11:04:54 : Global: CLIENTE: seria legal , os clans contruirem suas bases 
12:08:19 : Global: CLIENTE: oiii
13:23:19 : Global: CLIENTE: IAE MANO
13:46:13 : Global: CLIENTE: iae mano
13:46:42 : Global: CLIENTE: mano?
15:33:18 : Global: (VBR)ElizeuWhite: A bohemia só fode
