00:01:14 : Global: [BBP] Campello: Aguarde
00:01:16 : Global: [BBP] Campello: hahaha
00:02:02 : Global: [BBP] GONCALVES: PODE PAH MANO FALO QUE NAO IA MATAR....PREPARA
00:02:33 : Side: [CST]TangoDown: Nao confie em ninguem nesse modo cara.
00:02:38 : Side: [CST]TangoDown: nada pessoal
00:02:42 : Global: [BBP] Campello: Mecheram com clã errado kkk
00:02:56 : Side: Polizzo: Exato
00:03:03 : Side: Polizzo: Se mexeu atira
00:03:14 : Side: Texugo: que houve?
00:09:26 : Side: kawai: QUEM TA DE HELI AI?
00:13:58 : Side: kawai: KOÉ ADM ESSES ZUMBI ONE HIT KILL CARA
00:14:03 : Side: kawai: 4 VEZ JA
00:14:08 : Side: [CST]TangoDown: kkkkk
00:14:13 : Side: Texugo: e q vc tem a cabeça grande
00:14:21 : Side: Texugo: so toma headhit
00:14:33 : Side: [CST]Fernandes: kkkkkkk
00:14:36 : Side: [CST]CeccoGamer: kkkkkkkkkkkkkkkk
00:14:50 : Side: kawai: PORRA VEM TRES ZILHOES DE ZUMBA MATO TODOS O UNICO QUE RESTA É ONE HIT
00:15:26 : Side: kawai: VO ATÉ FAZR UMA COMIDA E DEICHAR O BONECO CORRENDO
00:18:17 : Side: kawai: TA MORRENDO TODO MUNDO
00:18:32 : Side: kawai: AI QUE DELICIA
00:18:38 : Side: kawai: 3 CONTRA UM
00:18:57 : Side: kawai: MAIS UM
00:19:01 : Side: kawai: FALTA 1
00:19:09 : Side: kawai: E ACABOU O FIGHT
00:19:57 : Side: jesse: KKKK clanzinho lixo esse morre 3 pra 1
00:20:29 : Side: [CST]TangoDown: Nao sabe fazer conta
00:20:37 : Side: [CST]TangoDown: e outra
00:20:50 : Side: [CST]TangoDown: Nao sou CHico Xavier pra falar com FINADO
00:21:02 : Side: kawai: WTF
00:21:04 : Side: jesse: ta falando com quem entao?
00:21:23 : Side: jesse: solados izi
00:22:20 : Side: Thiago: tem missao nesse mod ?
00:22:24 : Side: Thiago: trade ?
00:22:39 : Side: kawai: VO ATE FAZER UMA QUEIMADA DE PNEU COM O PESSOAL DO MST E DA CUT 
00:22:45 : Side: kawai: TEM NAO MANO
00:22:46 : Side: jesse: fui abrir uma lixeira aki achei o teu clan dentro
00:23:11 : Side: [CST]TangoDown: AAAtaaa
00:23:13 : Side: [CST]TangoDown: agora lembrei
00:23:22 : Side: [CST]TangoDown: esse Jesse ai [e o carregado do clan de vcs ne
00:23:35 : Side: jesse: tenho clan não
00:23:40 : Side: jesse: otario
00:23:46 : Side: [CST]TangoDown: Kawai passa um pouco de ajuda ai pq e fraquinho demais
00:23:49 : Side: jesse: 3x1 perdeu
00:23:59 : Side: jesse: solados izi
00:24:17 : Side: [CST]TangoDown: Kawai poem a mordaca no seu cachorro nao aguento kkkk
00:24:22 : Side: kawai: ESTAVAM EM VANTAGEM E MORRERAM
00:24:30 : Side: jesse: izi d +
00:24:36 : Side: ONNE: oloco
00:24:40 : Side: ONNE: ao vivo hien!
00:25:36 : Side: jesse: izi pizy limon squizy
00:26:44 : Side: Polizzo: Tiroteio em balota ta que ta .... Vou brincar tamenm
01:25:30 : Side: DougBaster: como pega scrap metal
01:25:45 : Side: [CST]YouRMadrugA: Pega Hatchet
01:25:49 : Side: [CST]YouRMadrugA: E bate nos carros velhos
01:25:53 : Side: [CST]Fernandes: batendo nos carros velhos do mapa
01:26:01 : Side: DougBaster: vlw
01:32:28 : Side: Thiago: como faz bandagens ?
01:32:47 : Side: ONNE: eu acho que só achando mesmo
01:39:20 : Side: ONNE: onde acha machado?
01:39:51 : Global: ONNE: onde se acha machado?
01:42:03 : Side: DougBaster: MDS Q DIFICULDADE ACHAR MACHADO
01:42:13 : Side: DougBaster: desculpe o caps
01:42:18 : Side: ONNE: acabei de falar, e achei dois seguidos
01:42:20 : Side: ONNE: haha
01:42:26 : Side: ONNE: naqueles estabulos gigantes
01:42:35 : Side: DougBaster: hmm
01:42:57 : Side: DougBaster: alguem ae topa parceria tenho skype ts3
01:48:14 : Side: DougBaster: pra q serve martelo
01:48:20 : Side: [CST]YouRMadrugA: Construção
01:48:37 : Side: [CST]TangoDown: e acertar o dedai
01:48:40 : Side: [CST]TangoDown: dedao
01:48:49 : Side: DougBaster: kk
01:54:33 : Side: LeoBaka: como faz pro personagem comer??? tennho a lata e não aparece nenhuma oppção...
01:54:42 : Side: [CST]YouRMadrugA: Precisa do abridor
01:54:52 : Side: LeoBaka: tb´m tenho!!!
01:54:57 : Side: DougBaster: clica ctrl e clina na comida
01:55:02 : Side: DougBaster: clica
01:55:08 : Global: [CST]TangoDown: duplo clique na comida
01:55:36 : Side: DougBaster: oxi tava fazendo errado kk
01:56:47 : Side: LeoBaka: seilá to conseguindo não...
01:57:22 : Side: [CST]Fernandes: se voce estiver 100% alimentado nao conseguira comer mais
01:58:10 : Side: LeoBaka: não to 100%!!!
02:01:59 : Side: ONNE: carinaha que está em cima da fortaleza de Zub, tu é ruinzão pra cacete haha
02:06:57 : Side: [CST]YouRMadrugA: Acho que o atirador não era tão ruim assim...
02:16:39 : Side: ONNE: alguem no aero de balota?
02:28:21 : Side: DougBaster: q legal vo quebrar o vidro do hospitao ele cai em im
02:28:24 : Side: DougBaster: mim
02:28:49 : Side: ONNE: deu dano em vc?
02:29:16 : Side: DougBaster: s
02:29:23 : Side: DougBaster: caio o predio em mim cara
02:29:37 : Side: ONNE: o predio inteiro caiu?
02:29:40 : Side: DougBaster: s
02:29:46 : Side: DougBaster: com 1 machado
02:29:50 : Side: ONNE: depois reporta isso no grupo do face do mod
02:29:52 : Side: ONNE: haha
02:29:57 : Side: ONNE: q tragicomico
02:30:37 : Side: DougBaster: foda q tava com mts itens
02:31:22 : Side: DougBaster: onne bora parceria
02:32:01 : Side: ONNE: me add na steam
02:32:05 : Side: ONNE: to indo dormir
02:32:09 : Side: ONNE: a gente combina de jogar
02:32:14 : Side: DougBaster: ok
02:32:22 : Side: ONNE: nick na steam é ONNE
02:32:32 : Side: ONNE: tem um cara com uma pistola na foto
02:33:21 : Side: DougBaster: pronto mandei
02:37:52 : Side: DougBaster: reportei la
02:38:16 : Side: ONNE: bom
02:39:05 : Side: DougBaster: ta em balot ainda 
02:39:17 : Side: DougBaster: alguem ja achou carro
02:48:06 : Global: ONNE: opa
02:48:07 : Global: ONNE: voltei
02:48:11 : Global: ONNE: nem sei mano
02:48:14 : Global: ONNE: haha
02:49:12 : Global: ONNE: tinha uns 3 caras em cima do fortaleza de Zub
02:49:18 : Global: ONNE: a poucos minutos
02:49:23 : Global: ONNE: me viram de longe
02:49:29 : Global: ONNE: eu me aproximei pelo mato
02:49:31 : Global: ONNE: sim sim
02:49:39 : Global: ONNE: só estou comentando haha
02:50:01 : Global: ONNE: me aproximei, mas de algum jeito me sporataram, e um fdp foi atras de mim na floresta
02:50:14 : Global: ONNE: então, nem sei, faz poucas horas que esotu jogando
03:24:58 : Side: ONNE: alguem em cherno?
03:25:16 : Side: Лернер: что?
03:25:26 : Side: ONNE: sai pra lá dmitry karai
03:25:34 : Side: ONNE: hello dmitry
