08:58:48 : Global: [CST]TangoDown: fog
08:58:53 : Global: [CST]TangoDown: **
15:10:12 : Global: [NwL] John Fluffingtons: Hi
15:10:31 : Global: [NwL] John Fluffingtons: Are you the owners of the server?
15:10:46 : Global: [CST]TangoDown: This a community server
15:11:01 : Global: [NwL] John Fluffingtons: Oh
15:11:15 : Global: [NwL] John Fluffingtons: Not that popular, is it
15:11:21 : Global: [CST]TangoDown: acepting all feedback
15:11:32 : Global: [CST]TangoDown: this us first server on this made
15:11:44 : Global: [NwL] John Fluffingtons: Oh right
15:13:12 : Global: [NwL] John Fluffingtons: Cody hacking?
15:13:18 : Global: [CST]TangoDown: yes
15:13:29 : Global: [CST]TangoDown: we using infistar here
15:14:19 : Global: [NwL] John Fluffingtons: My friend is trying to install inifistar on his server but he cant
15:14:27 : Global: [NwL] John Fluffingtons: So there are lots of hackers
15:16:18 : Global: [NwL] John Fluffingtons: Well, this is gonna be hard to find you
15:16:43 : Global: [CST]TangoDown: Here we looking for a Infantary PVP
15:16:56 : Global: [CST]TangoDown: HI cost
15:17:02 : Global: [CST]TangoDown: High
15:17:11 : Global: [NwL] John Fluffingtons: What?
15:17:23 : Global: [CST]TangoDown: See
15:17:34 : Global: [CST]TangoDown: Only tanks buyed can be used
15:17:42 : Global: [NwL] John Fluffingtons: Oh
15:17:44 : Global: [NwL] John Fluffingtons: I get it
15:17:56 : Global: [CST]TangoDown: Mission tanks are locked
15:18:08 : Global: [CST]TangoDown: for no happen abuse
15:18:19 : Global: [NwL] John Fluffingtons: Oh okay
15:18:28 : Global: [NwL] John Fluffingtons: What about  jets and helis?
15:18:37 : Global: [CST]TangoDown: same
15:18:43 : Global: [CST]TangoDown: only if you buy
15:18:47 : Global: [NwL] John Fluffingtons: Cool
15:19:02 : Global: [NwL] John Fluffingtons: Where are you, I wanna get some action
15:19:20 : Global: [CST]TangoDown: going to Kavala
15:19:42 : Global: [NwL] John Fluffingtons: Meet ya there :D
15:27:59 : Global: [NwL] John Fluffingtons: Made it to Kaavala
15:28:07 : Global: [NwL] John Fluffingtons: Kavala*
15:29:06 : Global: [NwL] John Fluffingtons: Anyone in Kavala
15:30:20 : Global: [NwL] John Fluffingtons: JESUS 3 HP
15:35:03 : Global: [CST]TangoDown: man
15:35:12 : Global: [CST]TangoDown: what you using god mode
15:35:26 : Global: [NwL] John Fluffingtons: Body part hits
15:35:34 : Global: [CST]TangoDown: no damge man
15:35:41 : Global: [NwL] John Fluffingtons: ?
15:37:29 : Global: [CST]TangoDown: =/
16:26:43 : Group: [CST]TangoDown: .
